INFO - 2023-05-25 03:38:17 --> Session: Class initialized using 'CodeIgniter\Session\Handlers\FileHandler' driver.
INFO - 2023-05-25 03:47:06 --> Session: Class initialized using 'CodeIgniter\Session\Handlers\FileHandler' driver.
INFO - 2023-05-25 14:04:10 --> Session: Class initialized using 'CodeIgniter\Session\Handlers\FileHandler' driver.
INFO - 2023-05-25 14:04:19 --> Session: Class initialized using 'CodeIgniter\Session\Handlers\FileHandler' driver.
INFO - 2023-05-25 14:04:19 --> Session: Class initialized using 'CodeIgniter\Session\Handlers\FileHandler' driver.
INFO - 2023-05-25 14:04:23 --> Session: Class initialized using 'CodeIgniter\Session\Handlers\FileHandler' driver.
CRITICAL - 2023-05-25 14:04:23 --> Undefined variable $records
in APPPATH\Views\dashboard\activity.php on line 15.
 1 APPPATH\Views\dashboard\activity.php(15): CodeIgniter\Debug\Exceptions->errorHandler(2, 'Undefined variable $records', 'D:\\xampp\\htdocs\\pibg_fyp\\app\\Views\\dashboard\\activity.php', 15)
 2 SYSTEMPATH\View\View.php(213): include('D:\\xampp\\htdocs\\pibg_fyp\\app\\Views\\dashboard\\activity.php')
 3 SYSTEMPATH\View\View.php(216): CodeIgniter\View\View->CodeIgniter\View\{closure}()
 4 SYSTEMPATH\Common.php(1184): CodeIgniter\View\View->render('dashboard/activity', [], true)
 5 APPPATH\Controllers\UserController.php(69): view('dashboard/activity', [...])
 6 SYSTEMPATH\CodeIgniter.php(934): App\Controllers\UserController->activity()
 7 SYSTEMPATH\CodeIgniter.php(499): CodeIgniter\CodeIgniter->runController(Object(App\Controllers\UserController))
 8 SYSTEMPATH\CodeIgniter.php(368): CodeIgniter\CodeIgniter->handleRequest(null, Object(Config\Cache), false)
 9 FCPATH\index.php(67): CodeIgniter\CodeIgniter->run()
INFO - 2023-05-25 14:04:26 --> Session: Class initialized using 'CodeIgniter\Session\Handlers\FileHandler' driver.
INFO - 2023-05-25 14:05:29 --> Session: Class initialized using 'CodeIgniter\Session\Handlers\FileHandler' driver.
INFO - 2023-05-25 14:27:36 --> Session: Class initialized using 'CodeIgniter\Session\Handlers\FileHandler' driver.
INFO - 2023-05-25 14:27:40 --> Session: Class initialized using 'CodeIgniter\Session\Handlers\FileHandler' driver.
CRITICAL - 2023-05-25 14:27:40 --> Undefined variable $records
in APPPATH\Views\dashboard\activity.php on line 15.
 1 APPPATH\Views\dashboard\activity.php(15): CodeIgniter\Debug\Exceptions->errorHandler(2, 'Undefined variable $records', 'D:\\xampp\\htdocs\\pibg_fyp\\app\\Views\\dashboard\\activity.php', 15)
 2 SYSTEMPATH\View\View.php(213): include('D:\\xampp\\htdocs\\pibg_fyp\\app\\Views\\dashboard\\activity.php')
 3 SYSTEMPATH\View\View.php(216): CodeIgniter\View\View->CodeIgniter\View\{closure}()
 4 SYSTEMPATH\Common.php(1184): CodeIgniter\View\View->render('dashboard/activity', [], true)
 5 APPPATH\Controllers\UserController.php(69): view('dashboard/activity', [...])
 6 SYSTEMPATH\CodeIgniter.php(934): App\Controllers\UserController->activity()
 7 SYSTEMPATH\CodeIgniter.php(499): CodeIgniter\CodeIgniter->runController(Object(App\Controllers\UserController))
 8 SYSTEMPATH\CodeIgniter.php(368): CodeIgniter\CodeIgniter->handleRequest(null, Object(Config\Cache), false)
 9 FCPATH\index.php(67): CodeIgniter\CodeIgniter->run()
INFO - 2023-05-25 14:27:43 --> Session: Class initialized using 'CodeIgniter\Session\Handlers\FileHandler' driver.
INFO - 2023-05-25 14:27:55 --> Session: Class initialized using 'CodeIgniter\Session\Handlers\FileHandler' driver.
INFO - 2023-05-25 14:27:57 --> Session: Class initialized using 'CodeIgniter\Session\Handlers\FileHandler' driver.
INFO - 2023-05-25 14:28:32 --> Session: Class initialized using 'CodeIgniter\Session\Handlers\FileHandler' driver.
INFO - 2023-05-25 14:29:05 --> Session: Class initialized using 'CodeIgniter\Session\Handlers\FileHandler' driver.
INFO - 2023-05-25 14:31:38 --> Session: Class initialized using 'CodeIgniter\Session\Handlers\FileHandler' driver.
INFO - 2023-05-25 14:32:15 --> Session: Class initialized using 'CodeIgniter\Session\Handlers\FileHandler' driver.
INFO - 2023-05-25 14:47:14 --> Session: Class initialized using 'CodeIgniter\Session\Handlers\FileHandler' driver.
CRITICAL - 2023-05-25 14:47:14 --> Undefined variable $activities
in APPPATH\Views\dashboard\activity.php on line 44.
 1 APPPATH\Views\dashboard\activity.php(44): CodeIgniter\Debug\Exceptions->errorHandler(2, 'Undefined variable $activities', 'D:\\xampp\\htdocs\\pibg_fyp\\app\\Views\\dashboard\\activity.php', 44)
 2 SYSTEMPATH\View\View.php(213): include('D:\\xampp\\htdocs\\pibg_fyp\\app\\Views\\dashboard\\activity.php')
 3 SYSTEMPATH\View\View.php(216): CodeIgniter\View\View->CodeIgniter\View\{closure}()
 4 SYSTEMPATH\Common.php(1184): CodeIgniter\View\View->render('dashboard/activity', [], true)
 5 APPPATH\Controllers\UserController.php(69): view('dashboard/activity', [...])
 6 SYSTEMPATH\CodeIgniter.php(934): App\Controllers\UserController->activity()
 7 SYSTEMPATH\CodeIgniter.php(499): CodeIgniter\CodeIgniter->runController(Object(App\Controllers\UserController))
 8 SYSTEMPATH\CodeIgniter.php(368): CodeIgniter\CodeIgniter->handleRequest(null, Object(Config\Cache), false)
 9 FCPATH\index.php(67): CodeIgniter\CodeIgniter->run()
INFO - 2023-05-25 14:51:52 --> Session: Class initialized using 'CodeIgniter\Session\Handlers\FileHandler' driver.
CRITICAL - 2023-05-25 14:51:52 --> Undefined variable $activities
in APPPATH\Views\dashboard\activity.php on line 44.
 1 APPPATH\Views\dashboard\activity.php(44): CodeIgniter\Debug\Exceptions->errorHandler(2, 'Undefined variable $activities', 'D:\\xampp\\htdocs\\pibg_fyp\\app\\Views\\dashboard\\activity.php', 44)
 2 SYSTEMPATH\View\View.php(213): include('D:\\xampp\\htdocs\\pibg_fyp\\app\\Views\\dashboard\\activity.php')
 3 SYSTEMPATH\View\View.php(216): CodeIgniter\View\View->CodeIgniter\View\{closure}()
 4 SYSTEMPATH\Common.php(1184): CodeIgniter\View\View->render('dashboard/activity', [], true)
 5 APPPATH\Controllers\UserController.php(69): view('dashboard/activity', [...])
 6 SYSTEMPATH\CodeIgniter.php(934): App\Controllers\UserController->activity()
 7 SYSTEMPATH\CodeIgniter.php(499): CodeIgniter\CodeIgniter->runController(Object(App\Controllers\UserController))
 8 SYSTEMPATH\CodeIgniter.php(368): CodeIgniter\CodeIgniter->handleRequest(null, Object(Config\Cache), false)
 9 FCPATH\index.php(67): CodeIgniter\CodeIgniter->run()
INFO - 2023-05-25 14:53:07 --> Session: Class initialized using 'CodeIgniter\Session\Handlers\FileHandler' driver.
INFO - 2023-05-25 14:54:30 --> Session: Class initialized using 'CodeIgniter\Session\Handlers\FileHandler' driver.
CRITICAL - 2023-05-25 14:54:30 --> Undefined variable $activities
in APPPATH\Views\dashboard\activity.php on line 44.
 1 APPPATH\Views\dashboard\activity.php(44): CodeIgniter\Debug\Exceptions->errorHandler(2, 'Undefined variable $activities', 'D:\\xampp\\htdocs\\pibg_fyp\\app\\Views\\dashboard\\activity.php', 44)
 2 SYSTEMPATH\View\View.php(213): include('D:\\xampp\\htdocs\\pibg_fyp\\app\\Views\\dashboard\\activity.php')
 3 SYSTEMPATH\View\View.php(216): CodeIgniter\View\View->CodeIgniter\View\{closure}()
 4 SYSTEMPATH\Common.php(1184): CodeIgniter\View\View->render('dashboard/activity', [], true)
 5 APPPATH\Controllers\UserController.php(69): view('dashboard/activity', [...])
 6 SYSTEMPATH\CodeIgniter.php(934): App\Controllers\UserController->activity()
 7 SYSTEMPATH\CodeIgniter.php(499): CodeIgniter\CodeIgniter->runController(Object(App\Controllers\UserController))
 8 SYSTEMPATH\CodeIgniter.php(368): CodeIgniter\CodeIgniter->handleRequest(null, Object(Config\Cache), false)
 9 FCPATH\index.php(67): CodeIgniter\CodeIgniter->run()
INFO - 2023-05-25 14:57:50 --> Session: Class initialized using 'CodeIgniter\Session\Handlers\FileHandler' driver.
CRITICAL - 2023-05-25 14:57:50 --> Undefined variable $activityModel
in APPPATH\Views\dashboard\activity.php on line 44.
 1 APPPATH\Views\dashboard\activity.php(44): CodeIgniter\Debug\Exceptions->errorHandler(2, 'Undefined variable $activityModel', 'D:\\xampp\\htdocs\\pibg_fyp\\app\\Views\\dashboard\\activity.php', 44)
 2 SYSTEMPATH\View\View.php(213): include('D:\\xampp\\htdocs\\pibg_fyp\\app\\Views\\dashboard\\activity.php')
 3 SYSTEMPATH\View\View.php(216): CodeIgniter\View\View->CodeIgniter\View\{closure}()
 4 SYSTEMPATH\Common.php(1184): CodeIgniter\View\View->render('dashboard/activity', [], true)
 5 APPPATH\Controllers\UserController.php(69): view('dashboard/activity', [...])
 6 SYSTEMPATH\CodeIgniter.php(934): App\Controllers\UserController->activity()
 7 SYSTEMPATH\CodeIgniter.php(499): CodeIgniter\CodeIgniter->runController(Object(App\Controllers\UserController))
 8 SYSTEMPATH\CodeIgniter.php(368): CodeIgniter\CodeIgniter->handleRequest(null, Object(Config\Cache), false)
 9 FCPATH\index.php(67): CodeIgniter\CodeIgniter->run()
INFO - 2023-05-25 14:59:33 --> Session: Class initialized using 'CodeIgniter\Session\Handlers\FileHandler' driver.
CRITICAL - 2023-05-25 14:59:33 --> Undefined variable $activities
in APPPATH\Views\dashboard\activity.php on line 44.
 1 APPPATH\Views\dashboard\activity.php(44): CodeIgniter\Debug\Exceptions->errorHandler(2, 'Undefined variable $activities', 'D:\\xampp\\htdocs\\pibg_fyp\\app\\Views\\dashboard\\activity.php', 44)
 2 SYSTEMPATH\View\View.php(213): include('D:\\xampp\\htdocs\\pibg_fyp\\app\\Views\\dashboard\\activity.php')
 3 SYSTEMPATH\View\View.php(216): CodeIgniter\View\View->CodeIgniter\View\{closure}()
 4 SYSTEMPATH\Common.php(1184): CodeIgniter\View\View->render('dashboard/activity', [], true)
 5 APPPATH\Controllers\UserController.php(69): view('dashboard/activity', [...])
 6 SYSTEMPATH\CodeIgniter.php(934): App\Controllers\UserController->activity()
 7 SYSTEMPATH\CodeIgniter.php(499): CodeIgniter\CodeIgniter->runController(Object(App\Controllers\UserController))
 8 SYSTEMPATH\CodeIgniter.php(368): CodeIgniter\CodeIgniter->handleRequest(null, Object(Config\Cache), false)
 9 FCPATH\index.php(67): CodeIgniter\CodeIgniter->run()
INFO - 2023-05-25 15:01:15 --> Session: Class initialized using 'CodeIgniter\Session\Handlers\FileHandler' driver.
CRITICAL - 2023-05-25 15:01:15 --> Undefined variable $activities
in APPPATH\Views\dashboard\activity.php on line 44.
 1 APPPATH\Views\dashboard\activity.php(44): CodeIgniter\Debug\Exceptions->errorHandler(2, 'Undefined variable $activities', 'D:\\xampp\\htdocs\\pibg_fyp\\app\\Views\\dashboard\\activity.php', 44)
 2 SYSTEMPATH\View\View.php(213): include('D:\\xampp\\htdocs\\pibg_fyp\\app\\Views\\dashboard\\activity.php')
 3 SYSTEMPATH\View\View.php(216): CodeIgniter\View\View->CodeIgniter\View\{closure}()
 4 SYSTEMPATH\Common.php(1184): CodeIgniter\View\View->render('dashboard/activity', [], true)
 5 APPPATH\Controllers\UserController.php(69): view('dashboard/activity', [...])
 6 SYSTEMPATH\CodeIgniter.php(934): App\Controllers\UserController->activity()
 7 SYSTEMPATH\CodeIgniter.php(499): CodeIgniter\CodeIgniter->runController(Object(App\Controllers\UserController))
 8 SYSTEMPATH\CodeIgniter.php(368): CodeIgniter\CodeIgniter->handleRequest(null, Object(Config\Cache), false)
 9 FCPATH\index.php(67): CodeIgniter\CodeIgniter->run()
INFO - 2023-05-25 15:02:42 --> Session: Class initialized using 'CodeIgniter\Session\Handlers\FileHandler' driver.
CRITICAL - 2023-05-25 15:02:42 --> Undefined variable $activities
in APPPATH\Views\dashboard\activity.php on line 44.
 1 APPPATH\Views\dashboard\activity.php(44): CodeIgniter\Debug\Exceptions->errorHandler(2, 'Undefined variable $activities', 'D:\\xampp\\htdocs\\pibg_fyp\\app\\Views\\dashboard\\activity.php', 44)
 2 SYSTEMPATH\View\View.php(213): include('D:\\xampp\\htdocs\\pibg_fyp\\app\\Views\\dashboard\\activity.php')
 3 SYSTEMPATH\View\View.php(216): CodeIgniter\View\View->CodeIgniter\View\{closure}()
 4 SYSTEMPATH\Common.php(1184): CodeIgniter\View\View->render('dashboard/activity', [], true)
 5 APPPATH\Controllers\UserController.php(69): view('dashboard/activity', [...])
 6 SYSTEMPATH\CodeIgniter.php(934): App\Controllers\UserController->activity()
 7 SYSTEMPATH\CodeIgniter.php(499): CodeIgniter\CodeIgniter->runController(Object(App\Controllers\UserController))
 8 SYSTEMPATH\CodeIgniter.php(368): CodeIgniter\CodeIgniter->handleRequest(null, Object(Config\Cache), false)
 9 FCPATH\index.php(67): CodeIgniter\CodeIgniter->run()
INFO - 2023-05-25 15:02:47 --> Session: Class initialized using 'CodeIgniter\Session\Handlers\FileHandler' driver.
CRITICAL - 2023-05-25 15:02:47 --> Undefined variable $activities
in APPPATH\Views\dashboard\activity.php on line 44.
 1 APPPATH\Views\dashboard\activity.php(44): CodeIgniter\Debug\Exceptions->errorHandler(2, 'Undefined variable $activities', 'D:\\xampp\\htdocs\\pibg_fyp\\app\\Views\\dashboard\\activity.php', 44)
 2 SYSTEMPATH\View\View.php(213): include('D:\\xampp\\htdocs\\pibg_fyp\\app\\Views\\dashboard\\activity.php')
 3 SYSTEMPATH\View\View.php(216): CodeIgniter\View\View->CodeIgniter\View\{closure}()
 4 SYSTEMPATH\Common.php(1184): CodeIgniter\View\View->render('dashboard/activity', [], true)
 5 APPPATH\Controllers\UserController.php(69): view('dashboard/activity', [...])
 6 SYSTEMPATH\CodeIgniter.php(934): App\Controllers\UserController->activity()
 7 SYSTEMPATH\CodeIgniter.php(499): CodeIgniter\CodeIgniter->runController(Object(App\Controllers\UserController))
 8 SYSTEMPATH\CodeIgniter.php(368): CodeIgniter\CodeIgniter->handleRequest(null, Object(Config\Cache), false)
 9 FCPATH\index.php(67): CodeIgniter\CodeIgniter->run()
CRITICAL - 2023-05-25 15:05:13 --> Cannot redeclare App\Controllers\UserController::activity()
in APPPATH\Controllers\UserController.php on line 63.
 1 [internal function]: CodeIgniter\Debug\Exceptions->shutdownHandler()
INFO - 2023-05-25 15:05:23 --> Session: Class initialized using 'CodeIgniter\Session\Handlers\FileHandler' driver.
CRITICAL - 2023-05-25 15:05:23 --> Undefined variable $activities
in APPPATH\Views\dashboard\activity.php on line 44.
 1 APPPATH\Views\dashboard\activity.php(44): CodeIgniter\Debug\Exceptions->errorHandler(2, 'Undefined variable $activities', 'D:\\xampp\\htdocs\\pibg_fyp\\app\\Views\\dashboard\\activity.php', 44)
 2 SYSTEMPATH\View\View.php(213): include('D:\\xampp\\htdocs\\pibg_fyp\\app\\Views\\dashboard\\activity.php')
 3 SYSTEMPATH\View\View.php(216): CodeIgniter\View\View->CodeIgniter\View\{closure}()
 4 SYSTEMPATH\Common.php(1184): CodeIgniter\View\View->render('dashboard/activity', [], true)
 5 APPPATH\Controllers\UserController.php(69): view('dashboard/activity', [...])
 6 SYSTEMPATH\CodeIgniter.php(934): App\Controllers\UserController->activity()
 7 SYSTEMPATH\CodeIgniter.php(499): CodeIgniter\CodeIgniter->runController(Object(App\Controllers\UserController))
 8 SYSTEMPATH\CodeIgniter.php(368): CodeIgniter\CodeIgniter->handleRequest(null, Object(Config\Cache), false)
 9 FCPATH\index.php(67): CodeIgniter\CodeIgniter->run()
INFO - 2023-05-25 15:05:52 --> Session: Class initialized using 'CodeIgniter\Session\Handlers\FileHandler' driver.
INFO - 2023-05-25 15:07:47 --> Session: Class initialized using 'CodeIgniter\Session\Handlers\FileHandler' driver.
INFO - 2023-05-25 15:08:43 --> Session: Class initialized using 'CodeIgniter\Session\Handlers\FileHandler' driver.
INFO - 2023-05-25 15:11:20 --> Session: Class initialized using 'CodeIgniter\Session\Handlers\FileHandler' driver.
INFO - 2023-05-25 15:11:24 --> Session: Class initialized using 'CodeIgniter\Session\Handlers\FileHandler' driver.
INFO - 2023-05-25 15:11:30 --> Session: Class initialized using 'CodeIgniter\Session\Handlers\FileHandler' driver.
CRITICAL - 2023-05-25 15:11:30 --> Undefined variable $activities
in APPPATH\Views\dashboard\activity.php on line 44.
 1 APPPATH\Views\dashboard\activity.php(44): CodeIgniter\Debug\Exceptions->errorHandler(2, 'Undefined variable $activities', 'D:\\xampp\\htdocs\\pibg_fyp\\app\\Views\\dashboard\\activity.php', 44)
 2 SYSTEMPATH\View\View.php(213): include('D:\\xampp\\htdocs\\pibg_fyp\\app\\Views\\dashboard\\activity.php')
 3 SYSTEMPATH\View\View.php(216): CodeIgniter\View\View->CodeIgniter\View\{closure}()
 4 SYSTEMPATH\Common.php(1184): CodeIgniter\View\View->render('dashboard/activity', [], true)
 5 APPPATH\Controllers\UserController.php(69): view('dashboard/activity', [...])
 6 SYSTEMPATH\CodeIgniter.php(934): App\Controllers\UserController->activity()
 7 SYSTEMPATH\CodeIgniter.php(499): CodeIgniter\CodeIgniter->runController(Object(App\Controllers\UserController))
 8 SYSTEMPATH\CodeIgniter.php(368): CodeIgniter\CodeIgniter->handleRequest(null, Object(Config\Cache), false)
 9 FCPATH\index.php(67): CodeIgniter\CodeIgniter->run()
INFO - 2023-05-25 15:11:58 --> Session: Class initialized using 'CodeIgniter\Session\Handlers\FileHandler' driver.
INFO - 2023-05-25 15:14:42 --> Session: Class initialized using 'CodeIgniter\Session\Handlers\FileHandler' driver.
INFO - 2023-05-25 15:14:45 --> Session: Class initialized using 'CodeIgniter\Session\Handlers\FileHandler' driver.
INFO - 2023-05-25 15:15:50 --> Session: Class initialized using 'CodeIgniter\Session\Handlers\FileHandler' driver.
INFO - 2023-05-25 15:17:16 --> Session: Class initialized using 'CodeIgniter\Session\Handlers\FileHandler' driver.
INFO - 2023-05-25 15:17:40 --> Session: Class initialized using 'CodeIgniter\Session\Handlers\FileHandler' driver.
INFO - 2023-05-25 15:17:45 --> Session: Class initialized using 'CodeIgniter\Session\Handlers\FileHandler' driver.
INFO - 2023-05-25 15:17:47 --> Session: Class initialized using 'CodeIgniter\Session\Handlers\FileHandler' driver.
INFO - 2023-05-25 15:17:50 --> Session: Class initialized using 'CodeIgniter\Session\Handlers\FileHandler' driver.
INFO - 2023-05-25 15:17:52 --> Session: Class initialized using 'CodeIgniter\Session\Handlers\FileHandler' driver.
INFO - 2023-05-25 15:18:01 --> Session: Class initialized using 'CodeIgniter\Session\Handlers\FileHandler' driver.
INFO - 2023-05-25 15:18:01 --> Session: Class initialized using 'CodeIgniter\Session\Handlers\FileHandler' driver.
INFO - 2023-05-25 15:18:26 --> Session: Class initialized using 'CodeIgniter\Session\Handlers\FileHandler' driver.
INFO - 2023-05-25 15:19:12 --> Session: Class initialized using 'CodeIgniter\Session\Handlers\FileHandler' driver.
INFO - 2023-05-25 15:20:53 --> Session: Class initialized using 'CodeIgniter\Session\Handlers\FileHandler' driver.
INFO - 2023-05-25 15:21:47 --> Session: Class initialized using 'CodeIgniter\Session\Handlers\FileHandler' driver.
INFO - 2023-05-25 15:22:04 --> Session: Class initialized using 'CodeIgniter\Session\Handlers\FileHandler' driver.
INFO - 2023-05-25 15:22:07 --> Session: Class initialized using 'CodeIgniter\Session\Handlers\FileHandler' driver.
INFO - 2023-05-25 15:22:09 --> Session: Class initialized using 'CodeIgniter\Session\Handlers\FileHandler' driver.
INFO - 2023-05-25 15:25:12 --> Session: Class initialized using 'CodeIgniter\Session\Handlers\FileHandler' driver.
INFO - 2023-05-25 15:25:15 --> Session: Class initialized using 'CodeIgniter\Session\Handlers\FileHandler' driver.
INFO - 2023-05-25 15:26:29 --> Session: Class initialized using 'CodeIgniter\Session\Handlers\FileHandler' driver.
INFO - 2023-05-25 15:26:37 --> Session: Class initialized using 'CodeIgniter\Session\Handlers\FileHandler' driver.
INFO - 2023-05-25 15:26:39 --> Session: Class initialized using 'CodeIgniter\Session\Handlers\FileHandler' driver.
INFO - 2023-05-25 15:27:03 --> Session: Class initialized using 'CodeIgniter\Session\Handlers\FileHandler' driver.
INFO - 2023-05-25 15:27:21 --> Session: Class initialized using 'CodeIgniter\Session\Handlers\FileHandler' driver.
INFO - 2023-05-25 15:27:35 --> Session: Class initialized using 'CodeIgniter\Session\Handlers\FileHandler' driver.
INFO - 2023-05-25 15:56:00 --> Session: Class initialized using 'CodeIgniter\Session\Handlers\FileHandler' driver.
INFO - 2023-05-25 15:56:00 --> Session: Class initialized using 'CodeIgniter\Session\Handlers\FileHandler' driver.
INFO - 2023-05-25 15:56:03 --> Session: Class initialized using 'CodeIgniter\Session\Handlers\FileHandler' driver.
INFO - 2023-05-25 15:56:13 --> Session: Class initialized using 'CodeIgniter\Session\Handlers\FileHandler' driver.
INFO - 2023-05-25 15:56:14 --> Session: Class initialized using 'CodeIgniter\Session\Handlers\FileHandler' driver.
INFO - 2023-05-25 15:56:17 --> Session: Class initialized using 'CodeIgniter\Session\Handlers\FileHandler' driver.
CRITICAL - 2023-05-25 15:56:17 --> Trying to access array offset on value of type null
in APPPATH\Views\dashboard\profile.php on line 28.
 1 APPPATH\Views\dashboard\profile.php(28): CodeIgniter\Debug\Exceptions->errorHandler(2, 'Trying to access array offset on value of type null', 'D:\\xampp\\htdocs\\pibg_fyp\\app\\Views\\dashboard\\profile.php', 28)
 2 SYSTEMPATH\View\View.php(213): include('D:\\xampp\\htdocs\\pibg_fyp\\app\\Views\\dashboard\\profile.php')
 3 SYSTEMPATH\View\View.php(216): CodeIgniter\View\View->CodeIgniter\View\{closure}()
 4 SYSTEMPATH\Common.php(1184): CodeIgniter\View\View->render('dashboard/profile', [], true)
 5 APPPATH\Controllers\UserController.php(56): view('dashboard/profile', [...])
 6 SYSTEMPATH\CodeIgniter.php(934): App\Controllers\UserController->profile()
 7 SYSTEMPATH\CodeIgniter.php(499): CodeIgniter\CodeIgniter->runController(Object(App\Controllers\UserController))
 8 SYSTEMPATH\CodeIgniter.php(368): CodeIgniter\CodeIgniter->handleRequest(null, Object(Config\Cache), false)
 9 FCPATH\index.php(67): CodeIgniter\CodeIgniter->run()
INFO - 2023-05-25 15:56:25 --> Session: Class initialized using 'CodeIgniter\Session\Handlers\FileHandler' driver.
INFO - 2023-05-25 16:02:48 --> Session: Class initialized using 'CodeIgniter\Session\Handlers\FileHandler' driver.
CRITICAL - 2023-05-25 16:02:48 --> Undefined variable $userModelInfo
in APPPATH\Views\layout\dashboard-layout.php on line 179.
 1 APPPATH\Views\layout\dashboard-layout.php(179): CodeIgniter\Debug\Exceptions->errorHandler(2, 'Undefined variable $userModelInfo', 'D:\\xampp\\htdocs\\pibg_fyp\\app\\Views\\layout\\dashboard-layout.php', 179)
 2 SYSTEMPATH\View\View.php(213): include('D:\\xampp\\htdocs\\pibg_fyp\\app\\Views\\layout\\dashboard-layout.php')
 3 SYSTEMPATH\View\View.php(216): CodeIgniter\View\View->CodeIgniter\View\{closure}()
 4 SYSTEMPATH\View\View.php(229): CodeIgniter\View\View->render('layout/dashboard-layout', [], true)
 5 SYSTEMPATH\Common.php(1184): CodeIgniter\View\View->render('dashboard/home', [], true)
 6 APPPATH\Controllers\TeacherController.php(20): view('dashboard/home', [...])
 7 SYSTEMPATH\CodeIgniter.php(934): App\Controllers\TeacherController->index()
 8 SYSTEMPATH\CodeIgniter.php(499): CodeIgniter\CodeIgniter->runController(Object(App\Controllers\TeacherController))
 9 SYSTEMPATH\CodeIgniter.php(368): CodeIgniter\CodeIgniter->handleRequest(null, Object(Config\Cache), false)
10 FCPATH\index.php(67): CodeIgniter\CodeIgniter->run()
INFO - 2023-05-25 16:04:38 --> Session: Class initialized using 'CodeIgniter\Session\Handlers\FileHandler' driver.
INFO - 2023-05-25 16:04:41 --> Session: Class initialized using 'CodeIgniter\Session\Handlers\FileHandler' driver.
INFO - 2023-05-25 16:04:42 --> Session: Class initialized using 'CodeIgniter\Session\Handlers\FileHandler' driver.
CRITICAL - 2023-05-25 16:04:42 --> Undefined variable $userModelInfo
in APPPATH\Views\layout\dashboard-layout.php on line 179.
 1 APPPATH\Views\layout\dashboard-layout.php(179): CodeIgniter\Debug\Exceptions->errorHandler(2, 'Undefined variable $userModelInfo', 'D:\\xampp\\htdocs\\pibg_fyp\\app\\Views\\layout\\dashboard-layout.php', 179)
 2 SYSTEMPATH\View\View.php(213): include('D:\\xampp\\htdocs\\pibg_fyp\\app\\Views\\layout\\dashboard-layout.php')
 3 SYSTEMPATH\View\View.php(216): CodeIgniter\View\View->CodeIgniter\View\{closure}()
 4 SYSTEMPATH\View\View.php(229): CodeIgniter\View\View->render('layout/dashboard-layout', [], true)
 5 SYSTEMPATH\Common.php(1184): CodeIgniter\View\View->render('dashboard/home', [], true)
 6 APPPATH\Controllers\TeacherController.php(20): view('dashboard/home', [...])
 7 SYSTEMPATH\CodeIgniter.php(934): App\Controllers\TeacherController->index()
 8 SYSTEMPATH\CodeIgniter.php(499): CodeIgniter\CodeIgniter->runController(Object(App\Controllers\TeacherController))
 9 SYSTEMPATH\CodeIgniter.php(368): CodeIgniter\CodeIgniter->handleRequest(null, Object(Config\Cache), false)
10 FCPATH\index.php(67): CodeIgniter\CodeIgniter->run()
INFO - 2023-05-25 16:04:57 --> Session: Class initialized using 'CodeIgniter\Session\Handlers\FileHandler' driver.
CRITICAL - 2023-05-25 16:04:57 --> Undefined variable $userModelInfo
in APPPATH\Views\layout\dashboard-layout.php on line 179.
 1 APPPATH\Views\layout\dashboard-layout.php(179): CodeIgniter\Debug\Exceptions->errorHandler(2, 'Undefined variable $userModelInfo', 'D:\\xampp\\htdocs\\pibg_fyp\\app\\Views\\layout\\dashboard-layout.php', 179)
 2 SYSTEMPATH\View\View.php(213): include('D:\\xampp\\htdocs\\pibg_fyp\\app\\Views\\layout\\dashboard-layout.php')
 3 SYSTEMPATH\View\View.php(216): CodeIgniter\View\View->CodeIgniter\View\{closure}()
 4 SYSTEMPATH\View\View.php(229): CodeIgniter\View\View->render('layout/dashboard-layout', [], true)
 5 SYSTEMPATH\Common.php(1184): CodeIgniter\View\View->render('dashboard/home', [], true)
 6 APPPATH\Controllers\TeacherController.php(20): view('dashboard/home', [...])
 7 SYSTEMPATH\CodeIgniter.php(934): App\Controllers\TeacherController->index()
 8 SYSTEMPATH\CodeIgniter.php(499): CodeIgniter\CodeIgniter->runController(Object(App\Controllers\TeacherController))
 9 SYSTEMPATH\CodeIgniter.php(368): CodeIgniter\CodeIgniter->handleRequest(null, Object(Config\Cache), false)
10 FCPATH\index.php(67): CodeIgniter\CodeIgniter->run()
INFO - 2023-05-25 16:05:05 --> Session: Class initialized using 'CodeIgniter\Session\Handlers\FileHandler' driver.
INFO - 2023-05-25 16:05:09 --> Session: Class initialized using 'CodeIgniter\Session\Handlers\FileHandler' driver.
INFO - 2023-05-25 16:05:09 --> Session: Class initialized using 'CodeIgniter\Session\Handlers\FileHandler' driver.
CRITICAL - 2023-05-25 16:05:09 --> Undefined variable $userModelInfo
in APPPATH\Views\layout\dashboard-layout.php on line 179.
 1 APPPATH\Views\layout\dashboard-layout.php(179): CodeIgniter\Debug\Exceptions->errorHandler(2, 'Undefined variable $userModelInfo', 'D:\\xampp\\htdocs\\pibg_fyp\\app\\Views\\layout\\dashboard-layout.php', 179)
 2 SYSTEMPATH\View\View.php(213): include('D:\\xampp\\htdocs\\pibg_fyp\\app\\Views\\layout\\dashboard-layout.php')
 3 SYSTEMPATH\View\View.php(216): CodeIgniter\View\View->CodeIgniter\View\{closure}()
 4 SYSTEMPATH\View\View.php(229): CodeIgniter\View\View->render('layout/dashboard-layout', [], true)
 5 SYSTEMPATH\Common.php(1184): CodeIgniter\View\View->render('dashboard/home', [], true)
 6 APPPATH\Controllers\TeacherController.php(20): view('dashboard/home', [...])
 7 SYSTEMPATH\CodeIgniter.php(934): App\Controllers\TeacherController->index()
 8 SYSTEMPATH\CodeIgniter.php(499): CodeIgniter\CodeIgniter->runController(Object(App\Controllers\TeacherController))
 9 SYSTEMPATH\CodeIgniter.php(368): CodeIgniter\CodeIgniter->handleRequest(null, Object(Config\Cache), false)
10 FCPATH\index.php(67): CodeIgniter\CodeIgniter->run()
INFO - 2023-05-25 16:05:27 --> Session: Class initialized using 'CodeIgniter\Session\Handlers\FileHandler' driver.
INFO - 2023-05-25 16:05:30 --> Session: Class initialized using 'CodeIgniter\Session\Handlers\FileHandler' driver.
CRITICAL - 2023-05-25 16:05:30 --> Trying to access array offset on value of type null
in APPPATH\Views\layout\dashboard-layout.php on line 178.
 1 APPPATH\Views\layout\dashboard-layout.php(178): CodeIgniter\Debug\Exceptions->errorHandler(2, 'Trying to access array offset on value of type null', 'D:\\xampp\\htdocs\\pibg_fyp\\app\\Views\\layout\\dashboard-layout.php', 178)
 2 SYSTEMPATH\View\View.php(213): include('D:\\xampp\\htdocs\\pibg_fyp\\app\\Views\\layout\\dashboard-layout.php')
 3 SYSTEMPATH\View\View.php(216): CodeIgniter\View\View->CodeIgniter\View\{closure}()
 4 SYSTEMPATH\View\View.php(229): CodeIgniter\View\View->render('layout/dashboard-layout', [], true)
 5 SYSTEMPATH\Common.php(1184): CodeIgniter\View\View->render('dashboard/home', [], true)
 6 APPPATH\Controllers\UserController.php(27): view('dashboard/home', [...])
 7 SYSTEMPATH\CodeIgniter.php(934): App\Controllers\UserController->index()
 8 SYSTEMPATH\CodeIgniter.php(499): CodeIgniter\CodeIgniter->runController(Object(App\Controllers\UserController))
 9 SYSTEMPATH\CodeIgniter.php(368): CodeIgniter\CodeIgniter->handleRequest(null, Object(Config\Cache), false)
10 FCPATH\index.php(67): CodeIgniter\CodeIgniter->run()
INFO - 2023-05-25 16:05:32 --> Session: Class initialized using 'CodeIgniter\Session\Handlers\FileHandler' driver.
INFO - 2023-05-25 16:05:35 --> Session: Class initialized using 'CodeIgniter\Session\Handlers\FileHandler' driver.
CRITICAL - 2023-05-25 16:05:35 --> Trying to access array offset on value of type null
in APPPATH\Views\dashboard\profile.php on line 28.
 1 APPPATH\Views\dashboard\profile.php(28): CodeIgniter\Debug\Exceptions->errorHandler(2, 'Trying to access array offset on value of type null', 'D:\\xampp\\htdocs\\pibg_fyp\\app\\Views\\dashboard\\profile.php', 28)
 2 SYSTEMPATH\View\View.php(213): include('D:\\xampp\\htdocs\\pibg_fyp\\app\\Views\\dashboard\\profile.php')
 3 SYSTEMPATH\View\View.php(216): CodeIgniter\View\View->CodeIgniter\View\{closure}()
 4 SYSTEMPATH\Common.php(1184): CodeIgniter\View\View->render('dashboard/profile', [], true)
 5 APPPATH\Controllers\UserController.php(76): view('dashboard/profile', [...])
 6 SYSTEMPATH\CodeIgniter.php(934): App\Controllers\UserController->profile()
 7 SYSTEMPATH\CodeIgniter.php(499): CodeIgniter\CodeIgniter->runController(Object(App\Controllers\UserController))
 8 SYSTEMPATH\CodeIgniter.php(368): CodeIgniter\CodeIgniter->handleRequest(null, Object(Config\Cache), false)
 9 FCPATH\index.php(67): CodeIgniter\CodeIgniter->run()
INFO - 2023-05-25 16:06:12 --> Session: Class initialized using 'CodeIgniter\Session\Handlers\FileHandler' driver.
INFO - 2023-05-25 16:06:15 --> Session: Class initialized using 'CodeIgniter\Session\Handlers\FileHandler' driver.
CRITICAL - 2023-05-25 16:06:15 --> Trying to access array offset on value of type null
in APPPATH\Views\dashboard\profile.php on line 28.
 1 APPPATH\Views\dashboard\profile.php(28): CodeIgniter\Debug\Exceptions->errorHandler(2, 'Trying to access array offset on value of type null', 'D:\\xampp\\htdocs\\pibg_fyp\\app\\Views\\dashboard\\profile.php', 28)
 2 SYSTEMPATH\View\View.php(213): include('D:\\xampp\\htdocs\\pibg_fyp\\app\\Views\\dashboard\\profile.php')
 3 SYSTEMPATH\View\View.php(216): CodeIgniter\View\View->CodeIgniter\View\{closure}()
 4 SYSTEMPATH\Common.php(1184): CodeIgniter\View\View->render('dashboard/profile', [], true)
 5 APPPATH\Controllers\UserController.php(76): view('dashboard/profile', [...])
 6 SYSTEMPATH\CodeIgniter.php(934): App\Controllers\UserController->profile()
 7 SYSTEMPATH\CodeIgniter.php(499): CodeIgniter\CodeIgniter->runController(Object(App\Controllers\UserController))
 8 SYSTEMPATH\CodeIgniter.php(368): CodeIgniter\CodeIgniter->handleRequest(null, Object(Config\Cache), false)
 9 FCPATH\index.php(67): CodeIgniter\CodeIgniter->run()
INFO - 2023-05-25 16:06:17 --> Session: Class initialized using 'CodeIgniter\Session\Handlers\FileHandler' driver.
INFO - 2023-05-25 16:06:49 --> Session: Class initialized using 'CodeIgniter\Session\Handlers\FileHandler' driver.
INFO - 2023-05-25 16:06:55 --> Session: Class initialized using 'CodeIgniter\Session\Handlers\FileHandler' driver.
CRITICAL - 2023-05-25 16:06:55 --> Trying to access array offset on value of type null
in APPPATH\Views\layout\dashboard-layout.php on line 178.
 1 APPPATH\Views\layout\dashboard-layout.php(178): CodeIgniter\Debug\Exceptions->errorHandler(2, 'Trying to access array offset on value of type null', 'D:\\xampp\\htdocs\\pibg_fyp\\app\\Views\\layout\\dashboard-layout.php', 178)
 2 SYSTEMPATH\View\View.php(213): include('D:\\xampp\\htdocs\\pibg_fyp\\app\\Views\\layout\\dashboard-layout.php')
 3 SYSTEMPATH\View\View.php(216): CodeIgniter\View\View->CodeIgniter\View\{closure}()
 4 SYSTEMPATH\View\View.php(229): CodeIgniter\View\View->render('layout/dashboard-layout', [], true)
 5 SYSTEMPATH\Common.php(1184): CodeIgniter\View\View->render('dashboard/activity', [], true)
 6 APPPATH\Controllers\UserController.php(73): view('dashboard/activity', [...])
 7 SYSTEMPATH\CodeIgniter.php(934): App\Controllers\UserController->activity()
 8 SYSTEMPATH\CodeIgniter.php(499): CodeIgniter\CodeIgniter->runController(Object(App\Controllers\UserController))
 9 SYSTEMPATH\CodeIgniter.php(368): CodeIgniter\CodeIgniter->handleRequest(null, Object(Config\Cache), false)
10 FCPATH\index.php(67): CodeIgniter\CodeIgniter->run()
INFO - 2023-05-25 16:06:57 --> Session: Class initialized using 'CodeIgniter\Session\Handlers\FileHandler' driver.
INFO - 2023-05-25 16:06:58 --> Session: Class initialized using 'CodeIgniter\Session\Handlers\FileHandler' driver.
CRITICAL - 2023-05-25 16:06:58 --> Trying to access array offset on value of type null
in APPPATH\Views\dashboard\profile.php on line 28.
 1 APPPATH\Views\dashboard\profile.php(28): CodeIgniter\Debug\Exceptions->errorHandler(2, 'Trying to access array offset on value of type null', 'D:\\xampp\\htdocs\\pibg_fyp\\app\\Views\\dashboard\\profile.php', 28)
 2 SYSTEMPATH\View\View.php(213): include('D:\\xampp\\htdocs\\pibg_fyp\\app\\Views\\dashboard\\profile.php')
 3 SYSTEMPATH\View\View.php(216): CodeIgniter\View\View->CodeIgniter\View\{closure}()
 4 SYSTEMPATH\Common.php(1184): CodeIgniter\View\View->render('dashboard/profile', [], true)
 5 APPPATH\Controllers\UserController.php(56): view('dashboard/profile', [...])
 6 SYSTEMPATH\CodeIgniter.php(934): App\Controllers\UserController->profile()
 7 SYSTEMPATH\CodeIgniter.php(499): CodeIgniter\CodeIgniter->runController(Object(App\Controllers\UserController))
 8 SYSTEMPATH\CodeIgniter.php(368): CodeIgniter\CodeIgniter->handleRequest(null, Object(Config\Cache), false)
 9 FCPATH\index.php(67): CodeIgniter\CodeIgniter->run()
INFO - 2023-05-25 16:07:01 --> Session: Class initialized using 'CodeIgniter\Session\Handlers\FileHandler' driver.
INFO - 2023-05-25 16:09:59 --> Session: Class initialized using 'CodeIgniter\Session\Handlers\FileHandler' driver.
CRITICAL - 2023-05-25 16:09:59 --> Trying to access array offset on value of type null
in APPPATH\Views\dashboard\profile.php on line 5.
 1 APPPATH\Views\dashboard\profile.php(5): CodeIgniter\Debug\Exceptions->errorHandler(2, 'Trying to access array offset on value of type null', 'D:\\xampp\\htdocs\\pibg_fyp\\app\\Views\\dashboard\\profile.php', 5)
 2 SYSTEMPATH\View\View.php(213): include('D:\\xampp\\htdocs\\pibg_fyp\\app\\Views\\dashboard\\profile.php')
 3 SYSTEMPATH\View\View.php(216): CodeIgniter\View\View->CodeIgniter\View\{closure}()
 4 SYSTEMPATH\Common.php(1184): CodeIgniter\View\View->render('dashboard/profile', [], true)
 5 APPPATH\Controllers\UserController.php(56): view('dashboard/profile', [...])
 6 SYSTEMPATH\CodeIgniter.php(934): App\Controllers\UserController->profile()
 7 SYSTEMPATH\CodeIgniter.php(499): CodeIgniter\CodeIgniter->runController(Object(App\Controllers\UserController))
 8 SYSTEMPATH\CodeIgniter.php(368): CodeIgniter\CodeIgniter->handleRequest(null, Object(Config\Cache), false)
 9 FCPATH\index.php(67): CodeIgniter\CodeIgniter->run()
INFO - 2023-05-25 16:10:03 --> Session: Class initialized using 'CodeIgniter\Session\Handlers\FileHandler' driver.
INFO - 2023-05-25 16:10:09 --> Session: Class initialized using 'CodeIgniter\Session\Handlers\FileHandler' driver.
INFO - 2023-05-25 16:10:14 --> Session: Class initialized using 'CodeIgniter\Session\Handlers\FileHandler' driver.
INFO - 2023-05-25 16:10:15 --> Session: Class initialized using 'CodeIgniter\Session\Handlers\FileHandler' driver.
INFO - 2023-05-25 16:10:17 --> Session: Class initialized using 'CodeIgniter\Session\Handlers\FileHandler' driver.
INFO - 2023-05-25 16:10:22 --> Session: Class initialized using 'CodeIgniter\Session\Handlers\FileHandler' driver.
INFO - 2023-05-25 16:10:24 --> Session: Class initialized using 'CodeIgniter\Session\Handlers\FileHandler' driver.
INFO - 2023-05-25 16:11:33 --> Session: Class initialized using 'CodeIgniter\Session\Handlers\FileHandler' driver.
INFO - 2023-05-25 16:12:05 --> Session: Class initialized using 'CodeIgniter\Session\Handlers\FileHandler' driver.
CRITICAL - 2023-05-25 16:12:05 --> Trying to access array offset on value of type null
in APPPATH\Views\layout\dashboard-layout.php on line 178.
 1 APPPATH\Views\layout\dashboard-layout.php(178): CodeIgniter\Debug\Exceptions->errorHandler(2, 'Trying to access array offset on value of type null', 'D:\\xampp\\htdocs\\pibg_fyp\\app\\Views\\layout\\dashboard-layout.php', 178)
 2 SYSTEMPATH\View\View.php(213): include('D:\\xampp\\htdocs\\pibg_fyp\\app\\Views\\layout\\dashboard-layout.php')
 3 SYSTEMPATH\View\View.php(216): CodeIgniter\View\View->CodeIgniter\View\{closure}()
 4 SYSTEMPATH\View\View.php(229): CodeIgniter\View\View->render('layout/dashboard-layout', [], true)
 5 SYSTEMPATH\Common.php(1184): CodeIgniter\View\View->render('dashboard/home', [], true)
 6 APPPATH\Controllers\TeacherController.php(20): view('dashboard/home', [...])
 7 SYSTEMPATH\CodeIgniter.php(934): App\Controllers\TeacherController->index()
 8 SYSTEMPATH\CodeIgniter.php(499): CodeIgniter\CodeIgniter->runController(Object(App\Controllers\TeacherController))
 9 SYSTEMPATH\CodeIgniter.php(368): CodeIgniter\CodeIgniter->handleRequest(null, Object(Config\Cache), false)
10 FCPATH\index.php(67): CodeIgniter\CodeIgniter->run()
INFO - 2023-05-25 16:12:14 --> Session: Class initialized using 'CodeIgniter\Session\Handlers\FileHandler' driver.
INFO - 2023-05-25 16:12:17 --> Session: Class initialized using 'CodeIgniter\Session\Handlers\FileHandler' driver.
INFO - 2023-05-25 16:12:18 --> Session: Class initialized using 'CodeIgniter\Session\Handlers\FileHandler' driver.
INFO - 2023-05-25 16:12:21 --> Session: Class initialized using 'CodeIgniter\Session\Handlers\FileHandler' driver.
CRITICAL - 2023-05-25 16:12:21 --> Trying to access array offset on value of type null
in APPPATH\Views\dashboard\profile.php on line 5.
 1 APPPATH\Views\dashboard\profile.php(5): CodeIgniter\Debug\Exceptions->errorHandler(2, 'Trying to access array offset on value of type null', 'D:\\xampp\\htdocs\\pibg_fyp\\app\\Views\\dashboard\\profile.php', 5)
 2 SYSTEMPATH\View\View.php(213): include('D:\\xampp\\htdocs\\pibg_fyp\\app\\Views\\dashboard\\profile.php')
 3 SYSTEMPATH\View\View.php(216): CodeIgniter\View\View->CodeIgniter\View\{closure}()
 4 SYSTEMPATH\Common.php(1184): CodeIgniter\View\View->render('dashboard/profile', [], true)
 5 APPPATH\Controllers\UserController.php(56): view('dashboard/profile', [...])
 6 SYSTEMPATH\CodeIgniter.php(934): App\Controllers\UserController->profile()
 7 SYSTEMPATH\CodeIgniter.php(499): CodeIgniter\CodeIgniter->runController(Object(App\Controllers\UserController))
 8 SYSTEMPATH\CodeIgniter.php(368): CodeIgniter\CodeIgniter->handleRequest(null, Object(Config\Cache), false)
 9 FCPATH\index.php(67): CodeIgniter\CodeIgniter->run()
INFO - 2023-05-25 16:12:25 --> Session: Class initialized using 'CodeIgniter\Session\Handlers\FileHandler' driver.
INFO - 2023-05-25 16:12:51 --> Session: Class initialized using 'CodeIgniter\Session\Handlers\FileHandler' driver.
INFO - 2023-05-25 16:12:54 --> Session: Class initialized using 'CodeIgniter\Session\Handlers\FileHandler' driver.
CRITICAL - 2023-05-25 16:12:54 --> Trying to access array offset on value of type null
in APPPATH\Views\dashboard\profile.php on line 5.
 1 APPPATH\Views\dashboard\profile.php(5): CodeIgniter\Debug\Exceptions->errorHandler(2, 'Trying to access array offset on value of type null', 'D:\\xampp\\htdocs\\pibg_fyp\\app\\Views\\dashboard\\profile.php', 5)
 2 SYSTEMPATH\View\View.php(213): include('D:\\xampp\\htdocs\\pibg_fyp\\app\\Views\\dashboard\\profile.php')
 3 SYSTEMPATH\View\View.php(216): CodeIgniter\View\View->CodeIgniter\View\{closure}()
 4 SYSTEMPATH\Common.php(1184): CodeIgniter\View\View->render('dashboard/profile', [], true)
 5 APPPATH\Controllers\UserController.php(56): view('dashboard/profile', [...])
 6 SYSTEMPATH\CodeIgniter.php(934): App\Controllers\UserController->profile()
 7 SYSTEMPATH\CodeIgniter.php(499): CodeIgniter\CodeIgniter->runController(Object(App\Controllers\UserController))
 8 SYSTEMPATH\CodeIgniter.php(368): CodeIgniter\CodeIgniter->handleRequest(null, Object(Config\Cache), false)
 9 FCPATH\index.php(67): CodeIgniter\CodeIgniter->run()
INFO - 2023-05-25 16:13:26 --> Session: Class initialized using 'CodeIgniter\Session\Handlers\FileHandler' driver.
INFO - 2023-05-25 16:15:46 --> Session: Class initialized using 'CodeIgniter\Session\Handlers\FileHandler' driver.
INFO - 2023-05-25 16:15:48 --> Session: Class initialized using 'CodeIgniter\Session\Handlers\FileHandler' driver.
CRITICAL - 2023-05-25 16:15:48 --> Trying to access array offset on value of type null
in APPPATH\Views\dashboard\profile.php on line 5.
 1 APPPATH\Views\dashboard\profile.php(5): CodeIgniter\Debug\Exceptions->errorHandler(2, 'Trying to access array offset on value of type null', 'D:\\xampp\\htdocs\\pibg_fyp\\app\\Views\\dashboard\\profile.php', 5)
 2 SYSTEMPATH\View\View.php(213): include('D:\\xampp\\htdocs\\pibg_fyp\\app\\Views\\dashboard\\profile.php')
 3 SYSTEMPATH\View\View.php(216): CodeIgniter\View\View->CodeIgniter\View\{closure}()
 4 SYSTEMPATH\Common.php(1184): CodeIgniter\View\View->render('dashboard/profile', [], true)
 5 APPPATH\Controllers\UserController.php(56): view('dashboard/profile', [...])
 6 SYSTEMPATH\CodeIgniter.php(934): App\Controllers\UserController->profile()
 7 SYSTEMPATH\CodeIgniter.php(499): CodeIgniter\CodeIgniter->runController(Object(App\Controllers\UserController))
 8 SYSTEMPATH\CodeIgniter.php(368): CodeIgniter\CodeIgniter->handleRequest(null, Object(Config\Cache), false)
 9 FCPATH\index.php(67): CodeIgniter\CodeIgniter->run()
INFO - 2023-05-25 16:17:39 --> Session: Class initialized using 'CodeIgniter\Session\Handlers\FileHandler' driver.
INFO - 2023-05-25 16:17:41 --> Session: Class initialized using 'CodeIgniter\Session\Handlers\FileHandler' driver.
CRITICAL - 2023-05-25 16:17:41 --> Trying to access array offset on value of type null
in APPPATH\Views\dashboard\profile.php on line 5.
 1 APPPATH\Views\dashboard\profile.php(5): CodeIgniter\Debug\Exceptions->errorHandler(2, 'Trying to access array offset on value of type null', 'D:\\xampp\\htdocs\\pibg_fyp\\app\\Views\\dashboard\\profile.php', 5)
 2 SYSTEMPATH\View\View.php(213): include('D:\\xampp\\htdocs\\pibg_fyp\\app\\Views\\dashboard\\profile.php')
 3 SYSTEMPATH\View\View.php(216): CodeIgniter\View\View->CodeIgniter\View\{closure}()
 4 SYSTEMPATH\Common.php(1184): CodeIgniter\View\View->render('dashboard/profile', [], true)
 5 APPPATH\Controllers\UserController.php(68): view('dashboard/profile', [...])
 6 SYSTEMPATH\CodeIgniter.php(934): App\Controllers\UserController->profile()
 7 SYSTEMPATH\CodeIgniter.php(499): CodeIgniter\CodeIgniter->runController(Object(App\Controllers\UserController))
 8 SYSTEMPATH\CodeIgniter.php(368): CodeIgniter\CodeIgniter->handleRequest(null, Object(Config\Cache), false)
 9 FCPATH\index.php(67): CodeIgniter\CodeIgniter->run()
INFO - 2023-05-25 16:19:44 --> Session: Class initialized using 'CodeIgniter\Session\Handlers\FileHandler' driver.
CRITICAL - 2023-05-25 16:19:44 --> Trying to access array offset on value of type null
in APPPATH\Views\dashboard\profile.php on line 5.
 1 APPPATH\Views\dashboard\profile.php(5): CodeIgniter\Debug\Exceptions->errorHandler(2, 'Trying to access array offset on value of type null', 'D:\\xampp\\htdocs\\pibg_fyp\\app\\Views\\dashboard\\profile.php', 5)
 2 SYSTEMPATH\View\View.php(213): include('D:\\xampp\\htdocs\\pibg_fyp\\app\\Views\\dashboard\\profile.php')
 3 SYSTEMPATH\View\View.php(216): CodeIgniter\View\View->CodeIgniter\View\{closure}()
 4 SYSTEMPATH\Common.php(1184): CodeIgniter\View\View->render('dashboard/profile', [], true)
 5 APPPATH\Controllers\UserController.php(68): view('dashboard/profile', [...])
 6 SYSTEMPATH\CodeIgniter.php(934): App\Controllers\UserController->profile()
 7 SYSTEMPATH\CodeIgniter.php(499): CodeIgniter\CodeIgniter->runController(Object(App\Controllers\UserController))
 8 SYSTEMPATH\CodeIgniter.php(368): CodeIgniter\CodeIgniter->handleRequest(null, Object(Config\Cache), false)
 9 FCPATH\index.php(67): CodeIgniter\CodeIgniter->run()
INFO - 2023-05-25 16:21:30 --> Session: Class initialized using 'CodeIgniter\Session\Handlers\FileHandler' driver.
CRITICAL - 2023-05-25 16:21:30 --> Trying to access array offset on value of type null
in APPPATH\Views\dashboard\profile.php on line 5.
 1 APPPATH\Views\dashboard\profile.php(5): CodeIgniter\Debug\Exceptions->errorHandler(2, 'Trying to access array offset on value of type null', 'D:\\xampp\\htdocs\\pibg_fyp\\app\\Views\\dashboard\\profile.php', 5)
 2 SYSTEMPATH\View\View.php(213): include('D:\\xampp\\htdocs\\pibg_fyp\\app\\Views\\dashboard\\profile.php')
 3 SYSTEMPATH\View\View.php(216): CodeIgniter\View\View->CodeIgniter\View\{closure}()
 4 SYSTEMPATH\Common.php(1184): CodeIgniter\View\View->render('dashboard/profile', [], true)
 5 APPPATH\Controllers\UserController.php(68): view('dashboard/profile', [...])
 6 SYSTEMPATH\CodeIgniter.php(934): App\Controllers\UserController->profile()
 7 SYSTEMPATH\CodeIgniter.php(499): CodeIgniter\CodeIgniter->runController(Object(App\Controllers\UserController))
 8 SYSTEMPATH\CodeIgniter.php(368): CodeIgniter\CodeIgniter->handleRequest(null, Object(Config\Cache), false)
 9 FCPATH\index.php(67): CodeIgniter\CodeIgniter->run()
INFO - 2023-05-25 16:22:58 --> Session: Class initialized using 'CodeIgniter\Session\Handlers\FileHandler' driver.
CRITICAL - 2023-05-25 16:22:58 --> Trying to access array offset on value of type null
in APPPATH\Views\dashboard\profile.php on line 5.
 1 APPPATH\Views\dashboard\profile.php(5): CodeIgniter\Debug\Exceptions->errorHandler(2, 'Trying to access array offset on value of type null', 'D:\\xampp\\htdocs\\pibg_fyp\\app\\Views\\dashboard\\profile.php', 5)
 2 SYSTEMPATH\View\View.php(213): include('D:\\xampp\\htdocs\\pibg_fyp\\app\\Views\\dashboard\\profile.php')
 3 SYSTEMPATH\View\View.php(216): CodeIgniter\View\View->CodeIgniter\View\{closure}()
 4 SYSTEMPATH\Common.php(1184): CodeIgniter\View\View->render('dashboard/profile', [], true)
 5 APPPATH\Controllers\UserController.php(68): view('dashboard/profile', [...])
 6 SYSTEMPATH\CodeIgniter.php(934): App\Controllers\UserController->profile()
 7 SYSTEMPATH\CodeIgniter.php(499): CodeIgniter\CodeIgniter->runController(Object(App\Controllers\UserController))
 8 SYSTEMPATH\CodeIgniter.php(368): CodeIgniter\CodeIgniter->handleRequest(null, Object(Config\Cache), false)
 9 FCPATH\index.php(67): CodeIgniter\CodeIgniter->run()
INFO - 2023-05-25 16:23:24 --> Session: Class initialized using 'CodeIgniter\Session\Handlers\FileHandler' driver.
CRITICAL - 2023-05-25 16:23:24 --> Trying to access array offset on value of type null
in APPPATH\Views\dashboard\profile.php on line 5.
 1 APPPATH\Views\dashboard\profile.php(5): CodeIgniter\Debug\Exceptions->errorHandler(2, 'Trying to access array offset on value of type null', 'D:\\xampp\\htdocs\\pibg_fyp\\app\\Views\\dashboard\\profile.php', 5)
 2 SYSTEMPATH\View\View.php(213): include('D:\\xampp\\htdocs\\pibg_fyp\\app\\Views\\dashboard\\profile.php')
 3 SYSTEMPATH\View\View.php(216): CodeIgniter\View\View->CodeIgniter\View\{closure}()
 4 SYSTEMPATH\Common.php(1184): CodeIgniter\View\View->render('dashboard/profile', [], true)
 5 APPPATH\Controllers\UserController.php(68): view('dashboard/profile', [...])
 6 SYSTEMPATH\CodeIgniter.php(934): App\Controllers\UserController->profile()
 7 SYSTEMPATH\CodeIgniter.php(499): CodeIgniter\CodeIgniter->runController(Object(App\Controllers\UserController))
 8 SYSTEMPATH\CodeIgniter.php(368): CodeIgniter\CodeIgniter->handleRequest(null, Object(Config\Cache), false)
 9 FCPATH\index.php(67): CodeIgniter\CodeIgniter->run()
INFO - 2023-05-25 16:24:53 --> Session: Class initialized using 'CodeIgniter\Session\Handlers\FileHandler' driver.
CRITICAL - 2023-05-25 16:24:53 --> Trying to access array offset on value of type null
in APPPATH\Views\dashboard\profile.php on line 5.
 1 APPPATH\Views\dashboard\profile.php(5): CodeIgniter\Debug\Exceptions->errorHandler(2, 'Trying to access array offset on value of type null', 'D:\\xampp\\htdocs\\pibg_fyp\\app\\Views\\dashboard\\profile.php', 5)
 2 SYSTEMPATH\View\View.php(213): include('D:\\xampp\\htdocs\\pibg_fyp\\app\\Views\\dashboard\\profile.php')
 3 SYSTEMPATH\View\View.php(216): CodeIgniter\View\View->CodeIgniter\View\{closure}()
 4 SYSTEMPATH\Common.php(1184): CodeIgniter\View\View->render('dashboard/profile', [], true)
 5 APPPATH\Controllers\UserController.php(68): view('dashboard/profile', [...])
 6 SYSTEMPATH\CodeIgniter.php(934): App\Controllers\UserController->profile()
 7 SYSTEMPATH\CodeIgniter.php(499): CodeIgniter\CodeIgniter->runController(Object(App\Controllers\UserController))
 8 SYSTEMPATH\CodeIgniter.php(368): CodeIgniter\CodeIgniter->handleRequest(null, Object(Config\Cache), false)
 9 FCPATH\index.php(67): CodeIgniter\CodeIgniter->run()
