INFO - 2023-07-19 06:41:41 --> Session: Class initialized using 'CodeIgniter\Session\Handlers\FileHandler' driver.
INFO - 2023-07-19 06:42:22 --> Session: Class initialized using 'CodeIgniter\Session\Handlers\FileHandler' driver.
INFO - 2023-07-19 06:42:24 --> Session: Class initialized using 'CodeIgniter\Session\Handlers\FileHandler' driver.
INFO - 2023-07-19 06:42:29 --> Session: Class initialized using 'CodeIgniter\Session\Handlers\FileHandler' driver.
INFO - 2023-07-19 06:42:31 --> Session: Class initialized using 'CodeIgniter\Session\Handlers\FileHandler' driver.
INFO - 2023-07-19 06:42:58 --> Session: Class initialized using 'CodeIgniter\Session\Handlers\FileHandler' driver.
INFO - 2023-07-19 06:43:13 --> Session: Class initialized using 'CodeIgniter\Session\Handlers\FileHandler' driver.
INFO - 2023-07-19 06:43:32 --> Session: Class initialized using 'CodeIgniter\Session\Handlers\FileHandler' driver.
INFO - 2023-07-19 06:43:33 --> Session: Class initialized using 'CodeIgniter\Session\Handlers\FileHandler' driver.
INFO - 2023-07-19 06:43:39 --> Session: Class initialized using 'CodeIgniter\Session\Handlers\FileHandler' driver.
INFO - 2023-07-19 06:51:47 --> Session: Class initialized using 'CodeIgniter\Session\Handlers\FileHandler' driver.
INFO - 2023-07-19 06:52:03 --> Session: Class initialized using 'CodeIgniter\Session\Handlers\FileHandler' driver.
INFO - 2023-07-19 06:52:12 --> Session: Class initialized using 'CodeIgniter\Session\Handlers\FileHandler' driver.
INFO - 2023-07-19 06:52:13 --> Session: Class initialized using 'CodeIgniter\Session\Handlers\FileHandler' driver.
INFO - 2023-07-19 06:52:27 --> Session: Class initialized using 'CodeIgniter\Session\Handlers\FileHandler' driver.
INFO - 2023-07-19 06:52:45 --> Session: Class initialized using 'CodeIgniter\Session\Handlers\FileHandler' driver.
INFO - 2023-07-19 06:53:36 --> Session: Class initialized using 'CodeIgniter\Session\Handlers\FileHandler' driver.
INFO - 2023-07-19 06:53:37 --> Session: Class initialized using 'CodeIgniter\Session\Handlers\FileHandler' driver.
INFO - 2023-07-19 06:53:43 --> Session: Class initialized using 'CodeIgniter\Session\Handlers\FileHandler' driver.
INFO - 2023-07-19 06:53:44 --> Session: Class initialized using 'CodeIgniter\Session\Handlers\FileHandler' driver.
INFO - 2023-07-19 06:53:51 --> Session: Class initialized using 'CodeIgniter\Session\Handlers\FileHandler' driver.
INFO - 2023-07-19 06:53:52 --> Session: Class initialized using 'CodeIgniter\Session\Handlers\FileHandler' driver.
INFO - 2023-07-19 06:54:05 --> Session: Class initialized using 'CodeIgniter\Session\Handlers\FileHandler' driver.
INFO - 2023-07-19 06:54:12 --> Session: Class initialized using 'CodeIgniter\Session\Handlers\FileHandler' driver.
WARNING - 2023-07-19 06:54:14 --> [DEPRECATED] Optional parameter $handlers declared before required parameter $method is implicitly treated as a required parameter in APPPATH\ThirdParty\paypal\vendor\paypal\rest-api-sdk-php\lib\PayPal\Transport\PayPalRestCall.php on line 53.
 1 VENDORPATH\composer\ClassLoader.php(582): include('D:\\xampp\\htdocs\\pibg_fyp\\system\\Debug\\Exceptions.php')
 2 VENDORPATH\composer\ClassLoader.php(433): Composer\Autoload\{closure}('D:\\xampp\\htdocs\\pibg_fyp\\app\\ThirdParty\\paypal\\vendor\\composer/../paypal/rest-api-sdk-php/lib\\PayPal\\Transport\\PayPalRestCall.php')
 3 APPPATH\ThirdParty\paypal\vendor\paypal\rest-api-sdk-php\lib\PayPal\Common\PayPalResourceModel.php(101): Composer\Autoload\ClassLoader->loadClass('PayPal\\Transport\\PayPalRestCall')
 4 APPPATH\ThirdParty\paypal\vendor\paypal\rest-api-sdk-php\lib\PayPal\Api\Payment.php(571): PayPal\Common\PayPalResourceModel::executeCall('/v1/payments/payment', 'POST', '{"intent":"sale","payer":{"payment_method":"paypal"},"redirect_urls":{"return_url":"http://localhost/donation/success?amount=20","cancel_url":"http://localhost/donation/cancel"},"transactions":[{"amount":{"currency":"MYR","total":"20"},"description":"Payment description","invoice_number":"64b78895b6818"}]}', null, Object(PayPal\Rest\ApiContext), null)
 5 APPPATH\Controllers\CrowdfundingController.php(91): PayPal\Api\Payment->create(Object(PayPal\Rest\ApiContext))
 6 SYSTEMPATH\CodeIgniter.php(934): App\Controllers\CrowdfundingController->donate()
 7 SYSTEMPATH\CodeIgniter.php(499): CodeIgniter\CodeIgniter->runController(Object(App\Controllers\CrowdfundingController))
 8 SYSTEMPATH\CodeIgniter.php(368): CodeIgniter\CodeIgniter->handleRequest(null, Object(Config\Cache), false)
 9 FCPATH\index.php(67): CodeIgniter\CodeIgniter->run()
WARNING - 2023-07-19 06:54:15 --> [DEPRECATED] Optional parameter $configs declared before required parameter $prefix is implicitly treated as a required parameter in APPPATH\ThirdParty\paypal\vendor\paypal\rest-api-sdk-php\lib\PayPal\Core\PayPalHttpConfig.php on line 286.
 1 VENDORPATH\composer\ClassLoader.php(582): include('D:\\xampp\\htdocs\\pibg_fyp\\system\\Debug\\Exceptions.php')
 2 VENDORPATH\composer\ClassLoader.php(433): Composer\Autoload\{closure}('D:\\xampp\\htdocs\\pibg_fyp\\app\\ThirdParty\\paypal\\vendor\\composer/../paypal/rest-api-sdk-php/lib\\PayPal\\Core\\PayPalHttpConfig.php')
 3 APPPATH\ThirdParty\paypal\vendor\paypal\rest-api-sdk-php\lib\PayPal\Transport\PayPalRestCall.php(56): Composer\Autoload\ClassLoader->loadClass('PayPal\\Core\\PayPalHttpConfig')
 4 APPPATH\ThirdParty\paypal\vendor\paypal\rest-api-sdk-php\lib\PayPal\Common\PayPalResourceModel.php(104): PayPal\Transport\PayPalRestCall->execute([...], '/v1/payments/payment', 'POST', '{"intent":"sale","payer":{"payment_method":"paypal"},"redirect_urls":{"return_url":"http://localhost/donation/success?amount=20","cancel_url":"http://localhost/donation/cancel"},"transactions":[{"amount":{"currency":"MYR","total":"20"},"description":"Payment description","invoice_number":"64b78895b6818"}]}', null)
 5 APPPATH\ThirdParty\paypal\vendor\paypal\rest-api-sdk-php\lib\PayPal\Api\Payment.php(571): PayPal\Common\PayPalResourceModel::executeCall('/v1/payments/payment', 'POST', '{"intent":"sale","payer":{"payment_method":"paypal"},"redirect_urls":{"return_url":"http://localhost/donation/success?amount=20","cancel_url":"http://localhost/donation/cancel"},"transactions":[{"amount":{"currency":"MYR","total":"20"},"description":"Payment description","invoice_number":"64b78895b6818"}]}', null, Object(PayPal\Rest\ApiContext), Object(PayPal\Transport\PayPalRestCall))
 6 APPPATH\Controllers\CrowdfundingController.php(91): PayPal\Api\Payment->create(Object(PayPal\Rest\ApiContext))
 7 SYSTEMPATH\CodeIgniter.php(934): App\Controllers\CrowdfundingController->donate()
 8 SYSTEMPATH\CodeIgniter.php(499): CodeIgniter\CodeIgniter->runController(Object(App\Controllers\CrowdfundingController))
 9 SYSTEMPATH\CodeIgniter.php(368): CodeIgniter\CodeIgniter->handleRequest(null, Object(Config\Cache), false)
10 FCPATH\index.php(67): CodeIgniter\CodeIgniter->run()
WARNING - 2023-07-19 06:54:16 --> [DEPRECATED] Optional parameter $config declared before required parameter $tokenExpiresIn is implicitly treated as a required parameter in APPPATH\ThirdParty\paypal\vendor\paypal\rest-api-sdk-php\lib\PayPal\Cache\AuthorizationCache.php on line 56.
 1 VENDORPATH\composer\ClassLoader.php(582): include('D:\\xampp\\htdocs\\pibg_fyp\\system\\Debug\\Exceptions.php')
 2 VENDORPATH\composer\ClassLoader.php(433): Composer\Autoload\{closure}('D:\\xampp\\htdocs\\pibg_fyp\\app\\ThirdParty\\paypal\\vendor\\composer/../paypal/rest-api-sdk-php/lib\\PayPal\\Cache\\AuthorizationCache.php')
 3 APPPATH\ThirdParty\paypal\vendor\paypal\rest-api-sdk-php\lib\PayPal\Auth\OAuthTokenCredential.php(131): Composer\Autoload\ClassLoader->loadClass('PayPal\\Cache\\AuthorizationCache')
 4 APPPATH\ThirdParty\paypal\vendor\paypal\rest-api-sdk-php\lib\PayPal\Handler\RestHandler.php(82): PayPal\Auth\OAuthTokenCredential->getAccessToken([])
 5 APPPATH\ThirdParty\paypal\vendor\paypal\rest-api-sdk-php\lib\PayPal\Transport\PayPalRestCall.php(75): PayPal\Handler\RestHandler->handle(Object(PayPal\Core\PayPalHttpConfig), '{"intent":"sale","payer":{"payment_method":"paypal"},"redirect_urls":{"return_url":"http://localhost/donation/success?amount=20","cancel_url":"http://localhost/donation/cancel"},"transactions":[{"amount":{"currency":"MYR","total":"20"},"description":"Payment description","invoice_number":"64b78895b6818"}]}', [...])
 6 APPPATH\ThirdParty\paypal\vendor\paypal\rest-api-sdk-php\lib\PayPal\Common\PayPalResourceModel.php(104): PayPal\Transport\PayPalRestCall->execute([...], '/v1/payments/payment', 'POST', '{"intent":"sale","payer":{"payment_method":"paypal"},"redirect_urls":{"return_url":"http://localhost/donation/success?amount=20","cancel_url":"http://localhost/donation/cancel"},"transactions":[{"amount":{"currency":"MYR","total":"20"},"description":"Payment description","invoice_number":"64b78895b6818"}]}', [])
 7 APPPATH\ThirdParty\paypal\vendor\paypal\rest-api-sdk-php\lib\PayPal\Api\Payment.php(571): PayPal\Common\PayPalResourceModel::executeCall('/v1/payments/payment', 'POST', '{"intent":"sale","payer":{"payment_method":"paypal"},"redirect_urls":{"return_url":"http://localhost/donation/success?amount=20","cancel_url":"http://localhost/donation/cancel"},"transactions":[{"amount":{"currency":"MYR","total":"20"},"description":"Payment description","invoice_number":"64b78895b6818"}]}', null, Object(PayPal\Rest\ApiContext), Object(PayPal\Transport\PayPalRestCall))
 8 APPPATH\Controllers\CrowdfundingController.php(91): PayPal\Api\Payment->create(Object(PayPal\Rest\ApiContext))
 9 SYSTEMPATH\CodeIgniter.php(934): App\Controllers\CrowdfundingController->donate()
10 SYSTEMPATH\CodeIgniter.php(499): CodeIgniter\CodeIgniter->runController(Object(App\Controllers\CrowdfundingController))
11 SYSTEMPATH\CodeIgniter.php(368): CodeIgniter\CodeIgniter->handleRequest(null, Object(Config\Cache), false)
12 FCPATH\index.php(67): CodeIgniter\CodeIgniter->run()
INFO - 2023-07-19 06:55:52 --> Session: Class initialized using 'CodeIgniter\Session\Handlers\FileHandler' driver.
INFO - 2023-07-19 07:02:07 --> Session: Class initialized using 'CodeIgniter\Session\Handlers\FileHandler' driver.
INFO - 2023-07-19 08:32:53 --> Session: Class initialized using 'CodeIgniter\Session\Handlers\FileHandler' driver.
INFO - 2023-07-19 08:33:48 --> Session: Class initialized using 'CodeIgniter\Session\Handlers\FileHandler' driver.
INFO - 2023-07-19 08:34:16 --> Session: Class initialized using 'CodeIgniter\Session\Handlers\FileHandler' driver.
INFO - 2023-07-19 08:34:18 --> Session: Class initialized using 'CodeIgniter\Session\Handlers\FileHandler' driver.
INFO - 2023-07-19 08:53:10 --> Session: Class initialized using 'CodeIgniter\Session\Handlers\FileHandler' driver.
INFO - 2023-07-19 08:54:00 --> Session: Class initialized using 'CodeIgniter\Session\Handlers\FileHandler' driver.
INFO - 2023-07-19 08:54:22 --> Session: Class initialized using 'CodeIgniter\Session\Handlers\FileHandler' driver.
INFO - 2023-07-19 08:54:32 --> Session: Class initialized using 'CodeIgniter\Session\Handlers\FileHandler' driver.
INFO - 2023-07-19 08:54:33 --> Session: Class initialized using 'CodeIgniter\Session\Handlers\FileHandler' driver.
INFO - 2023-07-19 08:54:52 --> Session: Class initialized using 'CodeIgniter\Session\Handlers\FileHandler' driver.
INFO - 2023-07-19 08:54:59 --> Session: Class initialized using 'CodeIgniter\Session\Handlers\FileHandler' driver.
INFO - 2023-07-19 08:55:00 --> Session: Class initialized using 'CodeIgniter\Session\Handlers\FileHandler' driver.
INFO - 2023-07-19 08:56:12 --> Session: Class initialized using 'CodeIgniter\Session\Handlers\FileHandler' driver.
INFO - 2023-07-19 08:56:20 --> Session: Class initialized using 'CodeIgniter\Session\Handlers\FileHandler' driver.
INFO - 2023-07-19 09:04:25 --> Session: Class initialized using 'CodeIgniter\Session\Handlers\FileHandler' driver.
INFO - 2023-07-19 09:04:25 --> Session: Class initialized using 'CodeIgniter\Session\Handlers\FileHandler' driver.
INFO - 2023-07-19 09:04:27 --> Session: Class initialized using 'CodeIgniter\Session\Handlers\FileHandler' driver.
INFO - 2023-07-19 09:04:29 --> Session: Class initialized using 'CodeIgniter\Session\Handlers\FileHandler' driver.
INFO - 2023-07-19 09:04:35 --> Session: Class initialized using 'CodeIgniter\Session\Handlers\FileHandler' driver.
INFO - 2023-07-19 09:05:05 --> Session: Class initialized using 'CodeIgniter\Session\Handlers\FileHandler' driver.
INFO - 2023-07-19 09:05:09 --> Session: Class initialized using 'CodeIgniter\Session\Handlers\FileHandler' driver.
INFO - 2023-07-19 09:13:32 --> Session: Class initialized using 'CodeIgniter\Session\Handlers\FileHandler' driver.
INFO - 2023-07-19 09:13:36 --> Session: Class initialized using 'CodeIgniter\Session\Handlers\FileHandler' driver.
INFO - 2023-07-19 09:20:41 --> Session: Class initialized using 'CodeIgniter\Session\Handlers\FileHandler' driver.
INFO - 2023-07-19 09:20:42 --> Session: Class initialized using 'CodeIgniter\Session\Handlers\FileHandler' driver.
INFO - 2023-07-19 09:21:40 --> Session: Class initialized using 'CodeIgniter\Session\Handlers\FileHandler' driver.
INFO - 2023-07-19 09:21:46 --> Session: Class initialized using 'CodeIgniter\Session\Handlers\FileHandler' driver.
INFO - 2023-07-19 09:22:00 --> Session: Class initialized using 'CodeIgniter\Session\Handlers\FileHandler' driver.
INFO - 2023-07-19 09:22:10 --> Session: Class initialized using 'CodeIgniter\Session\Handlers\FileHandler' driver.
INFO - 2023-07-19 09:22:11 --> Session: Class initialized using 'CodeIgniter\Session\Handlers\FileHandler' driver.
INFO - 2023-07-19 13:27:27 --> Session: Class initialized using 'CodeIgniter\Session\Handlers\FileHandler' driver.
INFO - 2023-07-19 13:27:45 --> Session: Class initialized using 'CodeIgniter\Session\Handlers\FileHandler' driver.
INFO - 2023-07-19 13:27:47 --> Session: Class initialized using 'CodeIgniter\Session\Handlers\FileHandler' driver.
INFO - 2023-07-19 13:28:01 --> Session: Class initialized using 'CodeIgniter\Session\Handlers\FileHandler' driver.
INFO - 2023-07-19 13:38:43 --> Session: Class initialized using 'CodeIgniter\Session\Handlers\FileHandler' driver.
INFO - 2023-07-19 13:44:46 --> Session: Class initialized using 'CodeIgniter\Session\Handlers\FileHandler' driver.
INFO - 2023-07-19 13:44:50 --> Session: Class initialized using 'CodeIgniter\Session\Handlers\FileHandler' driver.
INFO - 2023-07-19 13:44:52 --> Session: Class initialized using 'CodeIgniter\Session\Handlers\FileHandler' driver.
INFO - 2023-07-19 13:46:28 --> Session: Class initialized using 'CodeIgniter\Session\Handlers\FileHandler' driver.
INFO - 2023-07-19 13:47:24 --> Session: Class initialized using 'CodeIgniter\Session\Handlers\FileHandler' driver.
WARNING - 2023-07-19 13:47:27 --> [DEPRECATED] Optional parameter $handlers declared before required parameter $method is implicitly treated as a required parameter in APPPATH\ThirdParty\paypal\vendor\paypal\rest-api-sdk-php\lib\PayPal\Transport\PayPalRestCall.php on line 53.
 1 VENDORPATH\composer\ClassLoader.php(582): include('D:\\xampp\\htdocs\\pibg_fyp\\system\\Debug\\Exceptions.php')
 2 VENDORPATH\composer\ClassLoader.php(433): Composer\Autoload\{closure}('D:\\xampp\\htdocs\\pibg_fyp\\app\\ThirdParty\\paypal\\vendor\\composer/../paypal/rest-api-sdk-php/lib\\PayPal\\Transport\\PayPalRestCall.php')
 3 APPPATH\ThirdParty\paypal\vendor\paypal\rest-api-sdk-php\lib\PayPal\Common\PayPalResourceModel.php(101): Composer\Autoload\ClassLoader->loadClass('PayPal\\Transport\\PayPalRestCall')
 4 APPPATH\ThirdParty\paypal\vendor\paypal\rest-api-sdk-php\lib\PayPal\Api\Payment.php(571): PayPal\Common\PayPalResourceModel::executeCall('/v1/payments/payment', 'POST', '{"intent":"sale","payer":{"payment_method":"paypal"},"redirect_urls":{"return_url":"http://localhost/donation/success?amount=60","cancel_url":"http://localhost/donation/cancel"},"transactions":[{"amount":{"currency":"MYR","total":"60"},"description":"Payment description","invoice_number":"64b7e96de0e25"}]}', null, Object(PayPal\Rest\ApiContext), null)
 5 APPPATH\Controllers\CrowdfundingController.php(91): PayPal\Api\Payment->create(Object(PayPal\Rest\ApiContext))
 6 SYSTEMPATH\CodeIgniter.php(934): App\Controllers\CrowdfundingController->donate()
 7 SYSTEMPATH\CodeIgniter.php(499): CodeIgniter\CodeIgniter->runController(Object(App\Controllers\CrowdfundingController))
 8 SYSTEMPATH\CodeIgniter.php(368): CodeIgniter\CodeIgniter->handleRequest(null, Object(Config\Cache), false)
 9 FCPATH\index.php(67): CodeIgniter\CodeIgniter->run()
WARNING - 2023-07-19 13:47:27 --> [DEPRECATED] Optional parameter $configs declared before required parameter $prefix is implicitly treated as a required parameter in APPPATH\ThirdParty\paypal\vendor\paypal\rest-api-sdk-php\lib\PayPal\Core\PayPalHttpConfig.php on line 286.
 1 VENDORPATH\composer\ClassLoader.php(582): include('D:\\xampp\\htdocs\\pibg_fyp\\system\\Debug\\Exceptions.php')
 2 VENDORPATH\composer\ClassLoader.php(433): Composer\Autoload\{closure}('D:\\xampp\\htdocs\\pibg_fyp\\app\\ThirdParty\\paypal\\vendor\\composer/../paypal/rest-api-sdk-php/lib\\PayPal\\Core\\PayPalHttpConfig.php')
 3 APPPATH\ThirdParty\paypal\vendor\paypal\rest-api-sdk-php\lib\PayPal\Transport\PayPalRestCall.php(56): Composer\Autoload\ClassLoader->loadClass('PayPal\\Core\\PayPalHttpConfig')
 4 APPPATH\ThirdParty\paypal\vendor\paypal\rest-api-sdk-php\lib\PayPal\Common\PayPalResourceModel.php(104): PayPal\Transport\PayPalRestCall->execute([...], '/v1/payments/payment', 'POST', '{"intent":"sale","payer":{"payment_method":"paypal"},"redirect_urls":{"return_url":"http://localhost/donation/success?amount=60","cancel_url":"http://localhost/donation/cancel"},"transactions":[{"amount":{"currency":"MYR","total":"60"},"description":"Payment description","invoice_number":"64b7e96de0e25"}]}', null)
 5 APPPATH\ThirdParty\paypal\vendor\paypal\rest-api-sdk-php\lib\PayPal\Api\Payment.php(571): PayPal\Common\PayPalResourceModel::executeCall('/v1/payments/payment', 'POST', '{"intent":"sale","payer":{"payment_method":"paypal"},"redirect_urls":{"return_url":"http://localhost/donation/success?amount=60","cancel_url":"http://localhost/donation/cancel"},"transactions":[{"amount":{"currency":"MYR","total":"60"},"description":"Payment description","invoice_number":"64b7e96de0e25"}]}', null, Object(PayPal\Rest\ApiContext), Object(PayPal\Transport\PayPalRestCall))
 6 APPPATH\Controllers\CrowdfundingController.php(91): PayPal\Api\Payment->create(Object(PayPal\Rest\ApiContext))
 7 SYSTEMPATH\CodeIgniter.php(934): App\Controllers\CrowdfundingController->donate()
 8 SYSTEMPATH\CodeIgniter.php(499): CodeIgniter\CodeIgniter->runController(Object(App\Controllers\CrowdfundingController))
 9 SYSTEMPATH\CodeIgniter.php(368): CodeIgniter\CodeIgniter->handleRequest(null, Object(Config\Cache), false)
10 FCPATH\index.php(67): CodeIgniter\CodeIgniter->run()
WARNING - 2023-07-19 13:47:28 --> [DEPRECATED] Optional parameter $config declared before required parameter $tokenExpiresIn is implicitly treated as a required parameter in APPPATH\ThirdParty\paypal\vendor\paypal\rest-api-sdk-php\lib\PayPal\Cache\AuthorizationCache.php on line 56.
 1 VENDORPATH\composer\ClassLoader.php(582): include('D:\\xampp\\htdocs\\pibg_fyp\\system\\Debug\\Exceptions.php')
 2 VENDORPATH\composer\ClassLoader.php(433): Composer\Autoload\{closure}('D:\\xampp\\htdocs\\pibg_fyp\\app\\ThirdParty\\paypal\\vendor\\composer/../paypal/rest-api-sdk-php/lib\\PayPal\\Cache\\AuthorizationCache.php')
 3 APPPATH\ThirdParty\paypal\vendor\paypal\rest-api-sdk-php\lib\PayPal\Auth\OAuthTokenCredential.php(131): Composer\Autoload\ClassLoader->loadClass('PayPal\\Cache\\AuthorizationCache')
 4 APPPATH\ThirdParty\paypal\vendor\paypal\rest-api-sdk-php\lib\PayPal\Handler\RestHandler.php(82): PayPal\Auth\OAuthTokenCredential->getAccessToken([])
 5 APPPATH\ThirdParty\paypal\vendor\paypal\rest-api-sdk-php\lib\PayPal\Transport\PayPalRestCall.php(75): PayPal\Handler\RestHandler->handle(Object(PayPal\Core\PayPalHttpConfig), '{"intent":"sale","payer":{"payment_method":"paypal"},"redirect_urls":{"return_url":"http://localhost/donation/success?amount=60","cancel_url":"http://localhost/donation/cancel"},"transactions":[{"amount":{"currency":"MYR","total":"60"},"description":"Payment description","invoice_number":"64b7e96de0e25"}]}', [...])
 6 APPPATH\ThirdParty\paypal\vendor\paypal\rest-api-sdk-php\lib\PayPal\Common\PayPalResourceModel.php(104): PayPal\Transport\PayPalRestCall->execute([...], '/v1/payments/payment', 'POST', '{"intent":"sale","payer":{"payment_method":"paypal"},"redirect_urls":{"return_url":"http://localhost/donation/success?amount=60","cancel_url":"http://localhost/donation/cancel"},"transactions":[{"amount":{"currency":"MYR","total":"60"},"description":"Payment description","invoice_number":"64b7e96de0e25"}]}', [])
 7 APPPATH\ThirdParty\paypal\vendor\paypal\rest-api-sdk-php\lib\PayPal\Api\Payment.php(571): PayPal\Common\PayPalResourceModel::executeCall('/v1/payments/payment', 'POST', '{"intent":"sale","payer":{"payment_method":"paypal"},"redirect_urls":{"return_url":"http://localhost/donation/success?amount=60","cancel_url":"http://localhost/donation/cancel"},"transactions":[{"amount":{"currency":"MYR","total":"60"},"description":"Payment description","invoice_number":"64b7e96de0e25"}]}', null, Object(PayPal\Rest\ApiContext), Object(PayPal\Transport\PayPalRestCall))
 8 APPPATH\Controllers\CrowdfundingController.php(91): PayPal\Api\Payment->create(Object(PayPal\Rest\ApiContext))
 9 SYSTEMPATH\CodeIgniter.php(934): App\Controllers\CrowdfundingController->donate()
10 SYSTEMPATH\CodeIgniter.php(499): CodeIgniter\CodeIgniter->runController(Object(App\Controllers\CrowdfundingController))
11 SYSTEMPATH\CodeIgniter.php(368): CodeIgniter\CodeIgniter->handleRequest(null, Object(Config\Cache), false)
12 FCPATH\index.php(67): CodeIgniter\CodeIgniter->run()
INFO - 2023-07-19 13:48:29 --> Session: Class initialized using 'CodeIgniter\Session\Handlers\FileHandler' driver.
INFO - 2023-07-19 13:48:52 --> Session: Class initialized using 'CodeIgniter\Session\Handlers\FileHandler' driver.
INFO - 2023-07-19 13:58:35 --> Session: Class initialized using 'CodeIgniter\Session\Handlers\FileHandler' driver.
INFO - 2023-07-19 13:58:39 --> Session: Class initialized using 'CodeIgniter\Session\Handlers\FileHandler' driver.
INFO - 2023-07-19 14:00:09 --> Session: Class initialized using 'CodeIgniter\Session\Handlers\FileHandler' driver.
INFO - 2023-07-19 14:00:16 --> Session: Class initialized using 'CodeIgniter\Session\Handlers\FileHandler' driver.
INFO - 2023-07-19 14:00:17 --> Session: Class initialized using 'CodeIgniter\Session\Handlers\FileHandler' driver.
INFO - 2023-07-19 14:02:43 --> Session: Class initialized using 'CodeIgniter\Session\Handlers\FileHandler' driver.
INFO - 2023-07-19 14:05:27 --> Session: Class initialized using 'CodeIgniter\Session\Handlers\FileHandler' driver.
INFO - 2023-07-19 14:08:26 --> Session: Class initialized using 'CodeIgniter\Session\Handlers\FileHandler' driver.
INFO - 2023-07-19 14:10:26 --> Session: Class initialized using 'CodeIgniter\Session\Handlers\FileHandler' driver.
INFO - 2023-07-19 14:10:30 --> Session: Class initialized using 'CodeIgniter\Session\Handlers\FileHandler' driver.
INFO - 2023-07-19 14:10:37 --> Session: Class initialized using 'CodeIgniter\Session\Handlers\FileHandler' driver.
INFO - 2023-07-19 14:10:38 --> Session: Class initialized using 'CodeIgniter\Session\Handlers\FileHandler' driver.
INFO - 2023-07-19 14:10:45 --> Session: Class initialized using 'CodeIgniter\Session\Handlers\FileHandler' driver.
INFO - 2023-07-19 14:13:06 --> Session: Class initialized using 'CodeIgniter\Session\Handlers\FileHandler' driver.
INFO - 2023-07-19 14:14:35 --> Session: Class initialized using 'CodeIgniter\Session\Handlers\FileHandler' driver.
INFO - 2023-07-19 14:16:12 --> Session: Class initialized using 'CodeIgniter\Session\Handlers\FileHandler' driver.
INFO - 2023-07-19 14:21:05 --> Session: Class initialized using 'CodeIgniter\Session\Handlers\FileHandler' driver.
INFO - 2023-07-19 14:22:03 --> Session: Class initialized using 'CodeIgniter\Session\Handlers\FileHandler' driver.
