INFO - 2023-07-28 01:38:28 --> Session: Class initialized using 'CodeIgniter\Session\Handlers\FileHandler' driver.
INFO - 2023-07-28 01:38:28 --> Session: Class initialized using 'CodeIgniter\Session\Handlers\FileHandler' driver.
INFO - 2023-07-28 01:47:00 --> Session: Class initialized using 'CodeIgniter\Session\Handlers\FileHandler' driver.
INFO - 2023-07-28 01:47:10 --> Session: Class initialized using 'CodeIgniter\Session\Handlers\FileHandler' driver.
INFO - 2023-07-28 01:47:18 --> Session: Class initialized using 'CodeIgniter\Session\Handlers\FileHandler' driver.
INFO - 2023-07-28 01:47:20 --> Session: Class initialized using 'CodeIgniter\Session\Handlers\FileHandler' driver.
INFO - 2023-07-28 01:47:49 --> Session: Class initialized using 'CodeIgniter\Session\Handlers\FileHandler' driver.
INFO - 2023-07-28 01:48:18 --> Session: Class initialized using 'CodeIgniter\Session\Handlers\FileHandler' driver.
INFO - 2023-07-28 01:48:47 --> Session: Class initialized using 'CodeIgniter\Session\Handlers\FileHandler' driver.
INFO - 2023-07-28 01:48:59 --> Session: Class initialized using 'CodeIgniter\Session\Handlers\FileHandler' driver.
INFO - 2023-07-28 01:49:00 --> Session: Class initialized using 'CodeIgniter\Session\Handlers\FileHandler' driver.
INFO - 2023-07-28 01:49:13 --> Session: Class initialized using 'CodeIgniter\Session\Handlers\FileHandler' driver.
INFO - 2023-07-28 01:50:38 --> Session: Class initialized using 'CodeIgniter\Session\Handlers\FileHandler' driver.
INFO - 2023-07-28 01:51:25 --> Session: Class initialized using 'CodeIgniter\Session\Handlers\FileHandler' driver.
WARNING - 2023-07-28 01:51:27 --> [DEPRECATED] Optional parameter $handlers declared before required parameter $method is implicitly treated as a required parameter in APPPATH\ThirdParty\paypal\vendor\paypal\rest-api-sdk-php\lib\PayPal\Transport\PayPalRestCall.php on line 53.
 1 VENDORPATH\composer\ClassLoader.php(582): include('D:\\xampp\\htdocs\\pibg_fyp\\system\\Debug\\Exceptions.php')
 2 VENDORPATH\composer\ClassLoader.php(433): Composer\Autoload\{closure}('D:\\xampp\\htdocs\\pibg_fyp\\app\\ThirdParty\\paypal\\vendor\\composer/../paypal/rest-api-sdk-php/lib\\PayPal\\Transport\\PayPalRestCall.php')
 3 APPPATH\ThirdParty\paypal\vendor\paypal\rest-api-sdk-php\lib\PayPal\Common\PayPalResourceModel.php(101): Composer\Autoload\ClassLoader->loadClass('PayPal\\Transport\\PayPalRestCall')
 4 APPPATH\ThirdParty\paypal\vendor\paypal\rest-api-sdk-php\lib\PayPal\Api\Payment.php(571): PayPal\Common\PayPalResourceModel::executeCall('/v1/payments/payment', 'POST', '{"intent":"sale","payer":{"payment_method":"paypal"},"redirect_urls":{"return_url":"http://localhost/donation/success?amount=200","cancel_url":"http://localhost/donation/cancel"},"transactions":[{"amount":{"currency":"MYR","total":"200"},"description":"Payment description","invoice_number":"64c31f1e181ed"}]}', null, Object(PayPal\Rest\ApiContext), null)
 5 APPPATH\Controllers\CrowdfundingController.php(91): PayPal\Api\Payment->create(Object(PayPal\Rest\ApiContext))
 6 SYSTEMPATH\CodeIgniter.php(934): App\Controllers\CrowdfundingController->donate()
 7 SYSTEMPATH\CodeIgniter.php(499): CodeIgniter\CodeIgniter->runController(Object(App\Controllers\CrowdfundingController))
 8 SYSTEMPATH\CodeIgniter.php(368): CodeIgniter\CodeIgniter->handleRequest(null, Object(Config\Cache), false)
 9 FCPATH\index.php(67): CodeIgniter\CodeIgniter->run()
WARNING - 2023-07-28 01:51:27 --> [DEPRECATED] Optional parameter $configs declared before required parameter $prefix is implicitly treated as a required parameter in APPPATH\ThirdParty\paypal\vendor\paypal\rest-api-sdk-php\lib\PayPal\Core\PayPalHttpConfig.php on line 286.
 1 VENDORPATH\composer\ClassLoader.php(582): include('D:\\xampp\\htdocs\\pibg_fyp\\system\\Debug\\Exceptions.php')
 2 VENDORPATH\composer\ClassLoader.php(433): Composer\Autoload\{closure}('D:\\xampp\\htdocs\\pibg_fyp\\app\\ThirdParty\\paypal\\vendor\\composer/../paypal/rest-api-sdk-php/lib\\PayPal\\Core\\PayPalHttpConfig.php')
 3 APPPATH\ThirdParty\paypal\vendor\paypal\rest-api-sdk-php\lib\PayPal\Transport\PayPalRestCall.php(56): Composer\Autoload\ClassLoader->loadClass('PayPal\\Core\\PayPalHttpConfig')
 4 APPPATH\ThirdParty\paypal\vendor\paypal\rest-api-sdk-php\lib\PayPal\Common\PayPalResourceModel.php(104): PayPal\Transport\PayPalRestCall->execute([...], '/v1/payments/payment', 'POST', '{"intent":"sale","payer":{"payment_method":"paypal"},"redirect_urls":{"return_url":"http://localhost/donation/success?amount=200","cancel_url":"http://localhost/donation/cancel"},"transactions":[{"amount":{"currency":"MYR","total":"200"},"description":"Payment description","invoice_number":"64c31f1e181ed"}]}', null)
 5 APPPATH\ThirdParty\paypal\vendor\paypal\rest-api-sdk-php\lib\PayPal\Api\Payment.php(571): PayPal\Common\PayPalResourceModel::executeCall('/v1/payments/payment', 'POST', '{"intent":"sale","payer":{"payment_method":"paypal"},"redirect_urls":{"return_url":"http://localhost/donation/success?amount=200","cancel_url":"http://localhost/donation/cancel"},"transactions":[{"amount":{"currency":"MYR","total":"200"},"description":"Payment description","invoice_number":"64c31f1e181ed"}]}', null, Object(PayPal\Rest\ApiContext), Object(PayPal\Transport\PayPalRestCall))
 6 APPPATH\Controllers\CrowdfundingController.php(91): PayPal\Api\Payment->create(Object(PayPal\Rest\ApiContext))
 7 SYSTEMPATH\CodeIgniter.php(934): App\Controllers\CrowdfundingController->donate()
 8 SYSTEMPATH\CodeIgniter.php(499): CodeIgniter\CodeIgniter->runController(Object(App\Controllers\CrowdfundingController))
 9 SYSTEMPATH\CodeIgniter.php(368): CodeIgniter\CodeIgniter->handleRequest(null, Object(Config\Cache), false)
10 FCPATH\index.php(67): CodeIgniter\CodeIgniter->run()
WARNING - 2023-07-28 01:51:28 --> [DEPRECATED] Optional parameter $config declared before required parameter $tokenExpiresIn is implicitly treated as a required parameter in APPPATH\ThirdParty\paypal\vendor\paypal\rest-api-sdk-php\lib\PayPal\Cache\AuthorizationCache.php on line 56.
 1 VENDORPATH\composer\ClassLoader.php(582): include('D:\\xampp\\htdocs\\pibg_fyp\\system\\Debug\\Exceptions.php')
 2 VENDORPATH\composer\ClassLoader.php(433): Composer\Autoload\{closure}('D:\\xampp\\htdocs\\pibg_fyp\\app\\ThirdParty\\paypal\\vendor\\composer/../paypal/rest-api-sdk-php/lib\\PayPal\\Cache\\AuthorizationCache.php')
 3 APPPATH\ThirdParty\paypal\vendor\paypal\rest-api-sdk-php\lib\PayPal\Auth\OAuthTokenCredential.php(131): Composer\Autoload\ClassLoader->loadClass('PayPal\\Cache\\AuthorizationCache')
 4 APPPATH\ThirdParty\paypal\vendor\paypal\rest-api-sdk-php\lib\PayPal\Handler\RestHandler.php(82): PayPal\Auth\OAuthTokenCredential->getAccessToken([])
 5 APPPATH\ThirdParty\paypal\vendor\paypal\rest-api-sdk-php\lib\PayPal\Transport\PayPalRestCall.php(75): PayPal\Handler\RestHandler->handle(Object(PayPal\Core\PayPalHttpConfig), '{"intent":"sale","payer":{"payment_method":"paypal"},"redirect_urls":{"return_url":"http://localhost/donation/success?amount=200","cancel_url":"http://localhost/donation/cancel"},"transactions":[{"amount":{"currency":"MYR","total":"200"},"description":"Payment description","invoice_number":"64c31f1e181ed"}]}', [...])
 6 APPPATH\ThirdParty\paypal\vendor\paypal\rest-api-sdk-php\lib\PayPal\Common\PayPalResourceModel.php(104): PayPal\Transport\PayPalRestCall->execute([...], '/v1/payments/payment', 'POST', '{"intent":"sale","payer":{"payment_method":"paypal"},"redirect_urls":{"return_url":"http://localhost/donation/success?amount=200","cancel_url":"http://localhost/donation/cancel"},"transactions":[{"amount":{"currency":"MYR","total":"200"},"description":"Payment description","invoice_number":"64c31f1e181ed"}]}', [])
 7 APPPATH\ThirdParty\paypal\vendor\paypal\rest-api-sdk-php\lib\PayPal\Api\Payment.php(571): PayPal\Common\PayPalResourceModel::executeCall('/v1/payments/payment', 'POST', '{"intent":"sale","payer":{"payment_method":"paypal"},"redirect_urls":{"return_url":"http://localhost/donation/success?amount=200","cancel_url":"http://localhost/donation/cancel"},"transactions":[{"amount":{"currency":"MYR","total":"200"},"description":"Payment description","invoice_number":"64c31f1e181ed"}]}', null, Object(PayPal\Rest\ApiContext), Object(PayPal\Transport\PayPalRestCall))
 8 APPPATH\Controllers\CrowdfundingController.php(91): PayPal\Api\Payment->create(Object(PayPal\Rest\ApiContext))
 9 SYSTEMPATH\CodeIgniter.php(934): App\Controllers\CrowdfundingController->donate()
10 SYSTEMPATH\CodeIgniter.php(499): CodeIgniter\CodeIgniter->runController(Object(App\Controllers\CrowdfundingController))
11 SYSTEMPATH\CodeIgniter.php(368): CodeIgniter\CodeIgniter->handleRequest(null, Object(Config\Cache), false)
12 FCPATH\index.php(67): CodeIgniter\CodeIgniter->run()
INFO - 2023-07-28 01:52:19 --> Session: Class initialized using 'CodeIgniter\Session\Handlers\FileHandler' driver.
INFO - 2023-07-28 01:52:23 --> Session: Class initialized using 'CodeIgniter\Session\Handlers\FileHandler' driver.
INFO - 2023-07-28 01:52:32 --> Session: Class initialized using 'CodeIgniter\Session\Handlers\FileHandler' driver.
INFO - 2023-07-28 01:52:46 --> Session: Class initialized using 'CodeIgniter\Session\Handlers\FileHandler' driver.
INFO - 2023-07-28 01:52:49 --> Session: Class initialized using 'CodeIgniter\Session\Handlers\FileHandler' driver.
INFO - 2023-07-28 01:52:53 --> Session: Class initialized using 'CodeIgniter\Session\Handlers\FileHandler' driver.
INFO - 2023-07-28 01:53:04 --> Session: Class initialized using 'CodeIgniter\Session\Handlers\FileHandler' driver.
INFO - 2023-07-28 01:53:06 --> Session: Class initialized using 'CodeIgniter\Session\Handlers\FileHandler' driver.
INFO - 2023-07-28 01:53:16 --> Session: Class initialized using 'CodeIgniter\Session\Handlers\FileHandler' driver.
INFO - 2023-07-28 01:53:28 --> Session: Class initialized using 'CodeIgniter\Session\Handlers\FileHandler' driver.
INFO - 2023-07-28 01:53:35 --> Session: Class initialized using 'CodeIgniter\Session\Handlers\FileHandler' driver.
INFO - 2023-07-28 01:54:37 --> Session: Class initialized using 'CodeIgniter\Session\Handlers\FileHandler' driver.
INFO - 2023-07-28 01:54:52 --> Session: Class initialized using 'CodeIgniter\Session\Handlers\FileHandler' driver.
INFO - 2023-07-28 01:55:10 --> Session: Class initialized using 'CodeIgniter\Session\Handlers\FileHandler' driver.
INFO - 2023-07-28 01:55:14 --> Session: Class initialized using 'CodeIgniter\Session\Handlers\FileHandler' driver.
INFO - 2023-07-28 01:56:34 --> Session: Class initialized using 'CodeIgniter\Session\Handlers\FileHandler' driver.
INFO - 2023-07-28 01:56:41 --> Session: Class initialized using 'CodeIgniter\Session\Handlers\FileHandler' driver.
INFO - 2023-07-28 01:56:44 --> Session: Class initialized using 'CodeIgniter\Session\Handlers\FileHandler' driver.
INFO - 2023-07-28 01:57:15 --> Session: Class initialized using 'CodeIgniter\Session\Handlers\FileHandler' driver.
INFO - 2023-07-28 01:57:18 --> Session: Class initialized using 'CodeIgniter\Session\Handlers\FileHandler' driver.
INFO - 2023-07-28 01:57:29 --> Session: Class initialized using 'CodeIgniter\Session\Handlers\FileHandler' driver.
INFO - 2023-07-28 01:57:30 --> Session: Class initialized using 'CodeIgniter\Session\Handlers\FileHandler' driver.
INFO - 2023-07-28 01:57:41 --> Session: Class initialized using 'CodeIgniter\Session\Handlers\FileHandler' driver.
INFO - 2023-07-28 01:57:45 --> Session: Class initialized using 'CodeIgniter\Session\Handlers\FileHandler' driver.
INFO - 2023-07-28 01:59:22 --> Session: Class initialized using 'CodeIgniter\Session\Handlers\FileHandler' driver.
INFO - 2023-07-28 01:59:30 --> Session: Class initialized using 'CodeIgniter\Session\Handlers\FileHandler' driver.
INFO - 2023-07-28 01:59:38 --> Session: Class initialized using 'CodeIgniter\Session\Handlers\FileHandler' driver.
INFO - 2023-07-28 01:59:48 --> Session: Class initialized using 'CodeIgniter\Session\Handlers\FileHandler' driver.
INFO - 2023-07-28 01:59:55 --> Session: Class initialized using 'CodeIgniter\Session\Handlers\FileHandler' driver.
INFO - 2023-07-28 02:00:05 --> Session: Class initialized using 'CodeIgniter\Session\Handlers\FileHandler' driver.
INFO - 2023-07-28 02:00:26 --> Session: Class initialized using 'CodeIgniter\Session\Handlers\FileHandler' driver.
INFO - 2023-07-28 02:00:31 --> Session: Class initialized using 'CodeIgniter\Session\Handlers\FileHandler' driver.
INFO - 2023-07-28 02:00:35 --> Session: Class initialized using 'CodeIgniter\Session\Handlers\FileHandler' driver.
INFO - 2023-07-28 02:00:44 --> Session: Class initialized using 'CodeIgniter\Session\Handlers\FileHandler' driver.
INFO - 2023-07-28 02:01:05 --> Session: Class initialized using 'CodeIgniter\Session\Handlers\FileHandler' driver.
INFO - 2023-07-28 02:01:07 --> Session: Class initialized using 'CodeIgniter\Session\Handlers\FileHandler' driver.
INFO - 2023-07-28 02:01:13 --> Session: Class initialized using 'CodeIgniter\Session\Handlers\FileHandler' driver.
INFO - 2023-07-28 02:01:14 --> Session: Class initialized using 'CodeIgniter\Session\Handlers\FileHandler' driver.
INFO - 2023-07-28 02:01:27 --> Session: Class initialized using 'CodeIgniter\Session\Handlers\FileHandler' driver.
INFO - 2023-07-28 02:01:33 --> Session: Class initialized using 'CodeIgniter\Session\Handlers\FileHandler' driver.
INFO - 2023-07-28 02:01:34 --> Session: Class initialized using 'CodeIgniter\Session\Handlers\FileHandler' driver.
INFO - 2023-07-28 02:02:23 --> Session: Class initialized using 'CodeIgniter\Session\Handlers\FileHandler' driver.
INFO - 2023-07-28 02:57:17 --> Session: Class initialized using 'CodeIgniter\Session\Handlers\FileHandler' driver.
INFO - 2023-07-28 02:57:19 --> Session: Class initialized using 'CodeIgniter\Session\Handlers\FileHandler' driver.
INFO - 2023-07-28 02:57:22 --> Session: Class initialized using 'CodeIgniter\Session\Handlers\FileHandler' driver.
INFO - 2023-07-28 02:57:25 --> Session: Class initialized using 'CodeIgniter\Session\Handlers\FileHandler' driver.
INFO - 2023-07-28 02:57:27 --> Session: Class initialized using 'CodeIgniter\Session\Handlers\FileHandler' driver.
INFO - 2023-07-28 02:57:32 --> Session: Class initialized using 'CodeIgniter\Session\Handlers\FileHandler' driver.
INFO - 2023-07-28 02:57:35 --> Session: Class initialized using 'CodeIgniter\Session\Handlers\FileHandler' driver.
INFO - 2023-07-28 02:57:43 --> Session: Class initialized using 'CodeIgniter\Session\Handlers\FileHandler' driver.
INFO - 2023-07-28 02:57:44 --> Session: Class initialized using 'CodeIgniter\Session\Handlers\FileHandler' driver.
INFO - 2023-07-28 02:57:48 --> Session: Class initialized using 'CodeIgniter\Session\Handlers\FileHandler' driver.
INFO - 2023-07-28 02:58:03 --> Session: Class initialized using 'CodeIgniter\Session\Handlers\FileHandler' driver.
INFO - 2023-07-28 02:58:06 --> Session: Class initialized using 'CodeIgniter\Session\Handlers\FileHandler' driver.
INFO - 2023-07-28 02:58:13 --> Session: Class initialized using 'CodeIgniter\Session\Handlers\FileHandler' driver.
INFO - 2023-07-28 02:58:14 --> Session: Class initialized using 'CodeIgniter\Session\Handlers\FileHandler' driver.
INFO - 2023-07-28 02:58:17 --> Session: Class initialized using 'CodeIgniter\Session\Handlers\FileHandler' driver.
INFO - 2023-07-28 02:58:26 --> Session: Class initialized using 'CodeIgniter\Session\Handlers\FileHandler' driver.
INFO - 2023-07-28 02:58:28 --> Session: Class initialized using 'CodeIgniter\Session\Handlers\FileHandler' driver.
INFO - 2023-07-28 02:58:41 --> Session: Class initialized using 'CodeIgniter\Session\Handlers\FileHandler' driver.
INFO - 2023-07-28 02:58:42 --> Session: Class initialized using 'CodeIgniter\Session\Handlers\FileHandler' driver.
INFO - 2023-07-28 02:58:45 --> Session: Class initialized using 'CodeIgniter\Session\Handlers\FileHandler' driver.
INFO - 2023-07-28 02:59:46 --> Session: Class initialized using 'CodeIgniter\Session\Handlers\FileHandler' driver.
INFO - 2023-07-28 02:59:49 --> Session: Class initialized using 'CodeIgniter\Session\Handlers\FileHandler' driver.
INFO - 2023-07-28 03:00:03 --> Session: Class initialized using 'CodeIgniter\Session\Handlers\FileHandler' driver.
INFO - 2023-07-28 03:00:05 --> Session: Class initialized using 'CodeIgniter\Session\Handlers\FileHandler' driver.
INFO - 2023-07-28 03:00:12 --> Session: Class initialized using 'CodeIgniter\Session\Handlers\FileHandler' driver.
INFO - 2023-07-28 03:00:13 --> Session: Class initialized using 'CodeIgniter\Session\Handlers\FileHandler' driver.
INFO - 2023-07-28 03:00:20 --> Session: Class initialized using 'CodeIgniter\Session\Handlers\FileHandler' driver.
