INFO - 2023-07-30 03:27:33 --> Session: Class initialized using 'CodeIgniter\Session\Handlers\FileHandler' driver.
INFO - 2023-07-30 04:08:12 --> Session: Class initialized using 'CodeIgniter\Session\Handlers\FileHandler' driver.
INFO - 2023-07-30 04:08:14 --> Session: Class initialized using 'CodeIgniter\Session\Handlers\FileHandler' driver.
INFO - 2023-07-30 04:09:12 --> Session: Class initialized using 'CodeIgniter\Session\Handlers\FileHandler' driver.
INFO - 2023-07-30 04:09:35 --> Session: Class initialized using 'CodeIgniter\Session\Handlers\FileHandler' driver.
INFO - 2023-07-30 04:10:02 --> Session: Class initialized using 'CodeIgniter\Session\Handlers\FileHandler' driver.
INFO - 2023-07-30 04:10:03 --> Session: Class initialized using 'CodeIgniter\Session\Handlers\FileHandler' driver.
INFO - 2023-07-30 04:10:06 --> Session: Class initialized using 'CodeIgniter\Session\Handlers\FileHandler' driver.
INFO - 2023-07-30 04:10:07 --> Session: Class initialized using 'CodeIgniter\Session\Handlers\FileHandler' driver.
INFO - 2023-07-30 04:10:10 --> Session: Class initialized using 'CodeIgniter\Session\Handlers\FileHandler' driver.
INFO - 2023-07-30 04:10:11 --> Session: Class initialized using 'CodeIgniter\Session\Handlers\FileHandler' driver.
INFO - 2023-07-30 04:10:13 --> Session: Class initialized using 'CodeIgniter\Session\Handlers\FileHandler' driver.
INFO - 2023-07-30 04:10:31 --> Session: Class initialized using 'CodeIgniter\Session\Handlers\FileHandler' driver.
INFO - 2023-07-30 04:12:42 --> Session: Class initialized using 'CodeIgniter\Session\Handlers\FileHandler' driver.
INFO - 2023-07-30 04:30:10 --> Session: Class initialized using 'CodeIgniter\Session\Handlers\FileHandler' driver.
INFO - 2023-07-30 04:30:24 --> Session: Class initialized using 'CodeIgniter\Session\Handlers\FileHandler' driver.
INFO - 2023-07-30 04:30:28 --> Session: Class initialized using 'CodeIgniter\Session\Handlers\FileHandler' driver.
INFO - 2023-07-30 04:30:38 --> Session: Class initialized using 'CodeIgniter\Session\Handlers\FileHandler' driver.
INFO - 2023-07-30 04:30:40 --> Session: Class initialized using 'CodeIgniter\Session\Handlers\FileHandler' driver.
INFO - 2023-07-30 04:30:47 --> Session: Class initialized using 'CodeIgniter\Session\Handlers\FileHandler' driver.
INFO - 2023-07-30 04:31:05 --> Session: Class initialized using 'CodeIgniter\Session\Handlers\FileHandler' driver.
INFO - 2023-07-30 04:31:09 --> Session: Class initialized using 'CodeIgniter\Session\Handlers\FileHandler' driver.
INFO - 2023-07-30 04:38:00 --> Session: Class initialized using 'CodeIgniter\Session\Handlers\FileHandler' driver.
INFO - 2023-07-30 04:38:36 --> Session: Class initialized using 'CodeIgniter\Session\Handlers\FileHandler' driver.
INFO - 2023-07-30 04:38:41 --> Session: Class initialized using 'CodeIgniter\Session\Handlers\FileHandler' driver.
INFO - 2023-07-30 04:38:44 --> Session: Class initialized using 'CodeIgniter\Session\Handlers\FileHandler' driver.
INFO - 2023-07-30 04:38:48 --> Session: Class initialized using 'CodeIgniter\Session\Handlers\FileHandler' driver.
INFO - 2023-07-30 05:06:17 --> Session: Class initialized using 'CodeIgniter\Session\Handlers\FileHandler' driver.
INFO - 2023-07-30 05:06:21 --> Session: Class initialized using 'CodeIgniter\Session\Handlers\FileHandler' driver.
INFO - 2023-07-30 05:06:39 --> Session: Class initialized using 'CodeIgniter\Session\Handlers\FileHandler' driver.
INFO - 2023-07-30 05:06:42 --> Session: Class initialized using 'CodeIgniter\Session\Handlers\FileHandler' driver.
INFO - 2023-07-30 05:06:51 --> Session: Class initialized using 'CodeIgniter\Session\Handlers\FileHandler' driver.
INFO - 2023-07-30 05:06:52 --> Session: Class initialized using 'CodeIgniter\Session\Handlers\FileHandler' driver.
INFO - 2023-07-30 05:06:57 --> Session: Class initialized using 'CodeIgniter\Session\Handlers\FileHandler' driver.
INFO - 2023-07-30 05:07:05 --> Session: Class initialized using 'CodeIgniter\Session\Handlers\FileHandler' driver.
INFO - 2023-07-30 05:07:17 --> Session: Class initialized using 'CodeIgniter\Session\Handlers\FileHandler' driver.
INFO - 2023-07-30 05:07:25 --> Session: Class initialized using 'CodeIgniter\Session\Handlers\FileHandler' driver.
INFO - 2023-07-30 05:07:30 --> Session: Class initialized using 'CodeIgniter\Session\Handlers\FileHandler' driver.
INFO - 2023-07-30 05:07:35 --> Session: Class initialized using 'CodeIgniter\Session\Handlers\FileHandler' driver.
INFO - 2023-07-30 05:07:37 --> Session: Class initialized using 'CodeIgniter\Session\Handlers\FileHandler' driver.
INFO - 2023-07-30 08:40:33 --> Session: Class initialized using 'CodeIgniter\Session\Handlers\FileHandler' driver.
INFO - 2023-07-30 08:40:40 --> Session: Class initialized using 'CodeIgniter\Session\Handlers\FileHandler' driver.
INFO - 2023-07-30 08:40:43 --> Session: Class initialized using 'CodeIgniter\Session\Handlers\FileHandler' driver.
INFO - 2023-07-30 09:16:55 --> Session: Class initialized using 'CodeIgniter\Session\Handlers\FileHandler' driver.
INFO - 2023-07-30 09:17:00 --> Session: Class initialized using 'CodeIgniter\Session\Handlers\FileHandler' driver.
INFO - 2023-07-30 09:17:16 --> Session: Class initialized using 'CodeIgniter\Session\Handlers\FileHandler' driver.
INFO - 2023-07-30 09:17:19 --> Session: Class initialized using 'CodeIgniter\Session\Handlers\FileHandler' driver.
INFO - 2023-07-30 09:22:00 --> Session: Class initialized using 'CodeIgniter\Session\Handlers\FileHandler' driver.
INFO - 2023-07-30 09:22:05 --> Session: Class initialized using 'CodeIgniter\Session\Handlers\FileHandler' driver.
INFO - 2023-07-30 09:22:48 --> Session: Class initialized using 'CodeIgniter\Session\Handlers\FileHandler' driver.
INFO - 2023-07-30 09:22:56 --> Session: Class initialized using 'CodeIgniter\Session\Handlers\FileHandler' driver.
INFO - 2023-07-30 09:23:17 --> Session: Class initialized using 'CodeIgniter\Session\Handlers\FileHandler' driver.
INFO - 2023-07-30 09:23:23 --> Session: Class initialized using 'CodeIgniter\Session\Handlers\FileHandler' driver.
INFO - 2023-07-30 09:23:37 --> Session: Class initialized using 'CodeIgniter\Session\Handlers\FileHandler' driver.
INFO - 2023-07-30 09:23:38 --> Session: Class initialized using 'CodeIgniter\Session\Handlers\FileHandler' driver.
INFO - 2023-07-30 09:24:20 --> Session: Class initialized using 'CodeIgniter\Session\Handlers\FileHandler' driver.
INFO - 2023-07-30 09:24:35 --> Session: Class initialized using 'CodeIgniter\Session\Handlers\FileHandler' driver.
INFO - 2023-07-30 09:24:36 --> Session: Class initialized using 'CodeIgniter\Session\Handlers\FileHandler' driver.
INFO - 2023-07-30 09:24:44 --> Session: Class initialized using 'CodeIgniter\Session\Handlers\FileHandler' driver.
INFO - 2023-07-30 09:25:07 --> Session: Class initialized using 'CodeIgniter\Session\Handlers\FileHandler' driver.
INFO - 2023-07-30 09:25:13 --> Session: Class initialized using 'CodeIgniter\Session\Handlers\FileHandler' driver.
INFO - 2023-07-30 09:25:15 --> Session: Class initialized using 'CodeIgniter\Session\Handlers\FileHandler' driver.
INFO - 2023-07-30 09:25:19 --> Session: Class initialized using 'CodeIgniter\Session\Handlers\FileHandler' driver.
INFO - 2023-07-30 09:25:23 --> Session: Class initialized using 'CodeIgniter\Session\Handlers\FileHandler' driver.
INFO - 2023-07-30 09:26:20 --> Session: Class initialized using 'CodeIgniter\Session\Handlers\FileHandler' driver.
INFO - 2023-07-30 09:26:27 --> Session: Class initialized using 'CodeIgniter\Session\Handlers\FileHandler' driver.
INFO - 2023-07-30 09:26:29 --> Session: Class initialized using 'CodeIgniter\Session\Handlers\FileHandler' driver.
INFO - 2023-07-30 09:26:35 --> Session: Class initialized using 'CodeIgniter\Session\Handlers\FileHandler' driver.
INFO - 2023-07-30 09:26:38 --> Session: Class initialized using 'CodeIgniter\Session\Handlers\FileHandler' driver.
INFO - 2023-07-30 09:26:40 --> Session: Class initialized using 'CodeIgniter\Session\Handlers\FileHandler' driver.
INFO - 2023-07-30 09:26:45 --> Session: Class initialized using 'CodeIgniter\Session\Handlers\FileHandler' driver.
INFO - 2023-07-30 09:26:46 --> Session: Class initialized using 'CodeIgniter\Session\Handlers\FileHandler' driver.
INFO - 2023-07-30 09:26:50 --> Session: Class initialized using 'CodeIgniter\Session\Handlers\FileHandler' driver.
INFO - 2023-07-30 09:26:51 --> Session: Class initialized using 'CodeIgniter\Session\Handlers\FileHandler' driver.
INFO - 2023-07-30 09:27:07 --> Session: Class initialized using 'CodeIgniter\Session\Handlers\FileHandler' driver.
INFO - 2023-07-30 09:27:08 --> Session: Class initialized using 'CodeIgniter\Session\Handlers\FileHandler' driver.
INFO - 2023-07-30 09:27:38 --> Session: Class initialized using 'CodeIgniter\Session\Handlers\FileHandler' driver.
INFO - 2023-07-30 09:27:43 --> Session: Class initialized using 'CodeIgniter\Session\Handlers\FileHandler' driver.
INFO - 2023-07-30 09:28:35 --> Session: Class initialized using 'CodeIgniter\Session\Handlers\FileHandler' driver.
INFO - 2023-07-30 09:28:46 --> Session: Class initialized using 'CodeIgniter\Session\Handlers\FileHandler' driver.
INFO - 2023-07-30 09:28:48 --> Session: Class initialized using 'CodeIgniter\Session\Handlers\FileHandler' driver.
INFO - 2023-07-30 09:28:54 --> Session: Class initialized using 'CodeIgniter\Session\Handlers\FileHandler' driver.
INFO - 2023-07-30 09:28:57 --> Session: Class initialized using 'CodeIgniter\Session\Handlers\FileHandler' driver.
INFO - 2023-07-30 09:30:27 --> Session: Class initialized using 'CodeIgniter\Session\Handlers\FileHandler' driver.
INFO - 2023-07-30 09:30:51 --> Session: Class initialized using 'CodeIgniter\Session\Handlers\FileHandler' driver.
INFO - 2023-07-30 09:30:54 --> Session: Class initialized using 'CodeIgniter\Session\Handlers\FileHandler' driver.
INFO - 2023-07-30 09:30:59 --> Session: Class initialized using 'CodeIgniter\Session\Handlers\FileHandler' driver.
INFO - 2023-07-30 09:31:00 --> Session: Class initialized using 'CodeIgniter\Session\Handlers\FileHandler' driver.
INFO - 2023-07-30 09:31:04 --> Session: Class initialized using 'CodeIgniter\Session\Handlers\FileHandler' driver.
INFO - 2023-07-30 09:31:08 --> Session: Class initialized using 'CodeIgniter\Session\Handlers\FileHandler' driver.
INFO - 2023-07-30 09:31:09 --> Session: Class initialized using 'CodeIgniter\Session\Handlers\FileHandler' driver.
INFO - 2023-07-30 09:31:25 --> Session: Class initialized using 'CodeIgniter\Session\Handlers\FileHandler' driver.
INFO - 2023-07-30 09:32:09 --> Session: Class initialized using 'CodeIgniter\Session\Handlers\FileHandler' driver.
INFO - 2023-07-30 09:32:23 --> Session: Class initialized using 'CodeIgniter\Session\Handlers\FileHandler' driver.
INFO - 2023-07-30 09:33:06 --> Session: Class initialized using 'CodeIgniter\Session\Handlers\FileHandler' driver.
INFO - 2023-07-30 09:33:21 --> Session: Class initialized using 'CodeIgniter\Session\Handlers\FileHandler' driver.
INFO - 2023-07-30 09:33:49 --> Session: Class initialized using 'CodeIgniter\Session\Handlers\FileHandler' driver.
INFO - 2023-07-30 09:33:51 --> Session: Class initialized using 'CodeIgniter\Session\Handlers\FileHandler' driver.
INFO - 2023-07-30 09:34:10 --> Session: Class initialized using 'CodeIgniter\Session\Handlers\FileHandler' driver.
INFO - 2023-07-30 09:34:24 --> Session: Class initialized using 'CodeIgniter\Session\Handlers\FileHandler' driver.
INFO - 2023-07-30 09:34:26 --> Session: Class initialized using 'CodeIgniter\Session\Handlers\FileHandler' driver.
INFO - 2023-07-30 09:34:34 --> Session: Class initialized using 'CodeIgniter\Session\Handlers\FileHandler' driver.
INFO - 2023-07-30 09:34:50 --> Session: Class initialized using 'CodeIgniter\Session\Handlers\FileHandler' driver.
INFO - 2023-07-30 09:34:52 --> Session: Class initialized using 'CodeIgniter\Session\Handlers\FileHandler' driver.
INFO - 2023-07-30 09:35:05 --> Session: Class initialized using 'CodeIgniter\Session\Handlers\FileHandler' driver.
INFO - 2023-07-30 09:35:07 --> Session: Class initialized using 'CodeIgniter\Session\Handlers\FileHandler' driver.
INFO - 2023-07-30 09:35:11 --> Session: Class initialized using 'CodeIgniter\Session\Handlers\FileHandler' driver.
INFO - 2023-07-30 09:35:36 --> Session: Class initialized using 'CodeIgniter\Session\Handlers\FileHandler' driver.
INFO - 2023-07-30 09:36:33 --> Session: Class initialized using 'CodeIgniter\Session\Handlers\FileHandler' driver.
INFO - 2023-07-30 09:36:37 --> Session: Class initialized using 'CodeIgniter\Session\Handlers\FileHandler' driver.
INFO - 2023-07-30 09:36:57 --> Session: Class initialized using 'CodeIgniter\Session\Handlers\FileHandler' driver.
WARNING - 2023-07-30 09:37:00 --> [DEPRECATED] Optional parameter $handlers declared before required parameter $method is implicitly treated as a required parameter in APPPATH\ThirdParty\paypal\vendor\paypal\rest-api-sdk-php\lib\PayPal\Transport\PayPalRestCall.php on line 53.
 1 VENDORPATH\composer\ClassLoader.php(582): include('D:\\xampp\\htdocs\\pibg_fyp\\system\\Debug\\Exceptions.php')
 2 VENDORPATH\composer\ClassLoader.php(433): Composer\Autoload\{closure}('D:\\xampp\\htdocs\\pibg_fyp\\app\\ThirdParty\\paypal\\vendor\\composer/../paypal/rest-api-sdk-php/lib\\PayPal\\Transport\\PayPalRestCall.php')
 3 APPPATH\ThirdParty\paypal\vendor\paypal\rest-api-sdk-php\lib\PayPal\Common\PayPalResourceModel.php(101): Composer\Autoload\ClassLoader->loadClass('PayPal\\Transport\\PayPalRestCall')
 4 APPPATH\ThirdParty\paypal\vendor\paypal\rest-api-sdk-php\lib\PayPal\Api\Payment.php(571): PayPal\Common\PayPalResourceModel::executeCall('/v1/payments/payment', 'POST', '{"intent":"sale","payer":{"payment_method":"paypal"},"redirect_urls":{"return_url":"http://localhost/donation/success?amount=200&activity=15&username=Andy+Peterson","cancel_url":"http://localhost/donation/cancel"},"transactions":[{"amount":{"currency":"MYR","total":"200"},"description":"Payment description","invoice_number":"64c62f3ae844e"}]}', null, Object(PayPal\Rest\ApiContext), null)
 5 APPPATH\Controllers\CrowdfundingController.php(91): PayPal\Api\Payment->create(Object(PayPal\Rest\ApiContext))
 6 SYSTEMPATH\CodeIgniter.php(934): App\Controllers\CrowdfundingController->donate()
 7 SYSTEMPATH\CodeIgniter.php(499): CodeIgniter\CodeIgniter->runController(Object(App\Controllers\CrowdfundingController))
 8 SYSTEMPATH\CodeIgniter.php(368): CodeIgniter\CodeIgniter->handleRequest(null, Object(Config\Cache), false)
 9 FCPATH\index.php(67): CodeIgniter\CodeIgniter->run()
WARNING - 2023-07-30 09:37:01 --> [DEPRECATED] Optional parameter $configs declared before required parameter $prefix is implicitly treated as a required parameter in APPPATH\ThirdParty\paypal\vendor\paypal\rest-api-sdk-php\lib\PayPal\Core\PayPalHttpConfig.php on line 286.
 1 VENDORPATH\composer\ClassLoader.php(582): include('D:\\xampp\\htdocs\\pibg_fyp\\system\\Debug\\Exceptions.php')
 2 VENDORPATH\composer\ClassLoader.php(433): Composer\Autoload\{closure}('D:\\xampp\\htdocs\\pibg_fyp\\app\\ThirdParty\\paypal\\vendor\\composer/../paypal/rest-api-sdk-php/lib\\PayPal\\Core\\PayPalHttpConfig.php')
 3 APPPATH\ThirdParty\paypal\vendor\paypal\rest-api-sdk-php\lib\PayPal\Transport\PayPalRestCall.php(56): Composer\Autoload\ClassLoader->loadClass('PayPal\\Core\\PayPalHttpConfig')
 4 APPPATH\ThirdParty\paypal\vendor\paypal\rest-api-sdk-php\lib\PayPal\Common\PayPalResourceModel.php(104): PayPal\Transport\PayPalRestCall->execute([...], '/v1/payments/payment', 'POST', '{"intent":"sale","payer":{"payment_method":"paypal"},"redirect_urls":{"return_url":"http://localhost/donation/success?amount=200&activity=15&username=Andy+Peterson","cancel_url":"http://localhost/donation/cancel"},"transactions":[{"amount":{"currency":"MYR","total":"200"},"description":"Payment description","invoice_number":"64c62f3ae844e"}]}', null)
 5 APPPATH\ThirdParty\paypal\vendor\paypal\rest-api-sdk-php\lib\PayPal\Api\Payment.php(571): PayPal\Common\PayPalResourceModel::executeCall('/v1/payments/payment', 'POST', '{"intent":"sale","payer":{"payment_method":"paypal"},"redirect_urls":{"return_url":"http://localhost/donation/success?amount=200&activity=15&username=Andy+Peterson","cancel_url":"http://localhost/donation/cancel"},"transactions":[{"amount":{"currency":"MYR","total":"200"},"description":"Payment description","invoice_number":"64c62f3ae844e"}]}', null, Object(PayPal\Rest\ApiContext), Object(PayPal\Transport\PayPalRestCall))
 6 APPPATH\Controllers\CrowdfundingController.php(91): PayPal\Api\Payment->create(Object(PayPal\Rest\ApiContext))
 7 SYSTEMPATH\CodeIgniter.php(934): App\Controllers\CrowdfundingController->donate()
 8 SYSTEMPATH\CodeIgniter.php(499): CodeIgniter\CodeIgniter->runController(Object(App\Controllers\CrowdfundingController))
 9 SYSTEMPATH\CodeIgniter.php(368): CodeIgniter\CodeIgniter->handleRequest(null, Object(Config\Cache), false)
10 FCPATH\index.php(67): CodeIgniter\CodeIgniter->run()
WARNING - 2023-07-30 09:37:02 --> [DEPRECATED] Optional parameter $config declared before required parameter $tokenExpiresIn is implicitly treated as a required parameter in APPPATH\ThirdParty\paypal\vendor\paypal\rest-api-sdk-php\lib\PayPal\Cache\AuthorizationCache.php on line 56.
 1 VENDORPATH\composer\ClassLoader.php(582): include('D:\\xampp\\htdocs\\pibg_fyp\\system\\Debug\\Exceptions.php')
 2 VENDORPATH\composer\ClassLoader.php(433): Composer\Autoload\{closure}('D:\\xampp\\htdocs\\pibg_fyp\\app\\ThirdParty\\paypal\\vendor\\composer/../paypal/rest-api-sdk-php/lib\\PayPal\\Cache\\AuthorizationCache.php')
 3 APPPATH\ThirdParty\paypal\vendor\paypal\rest-api-sdk-php\lib\PayPal\Auth\OAuthTokenCredential.php(131): Composer\Autoload\ClassLoader->loadClass('PayPal\\Cache\\AuthorizationCache')
 4 APPPATH\ThirdParty\paypal\vendor\paypal\rest-api-sdk-php\lib\PayPal\Handler\RestHandler.php(82): PayPal\Auth\OAuthTokenCredential->getAccessToken([])
 5 APPPATH\ThirdParty\paypal\vendor\paypal\rest-api-sdk-php\lib\PayPal\Transport\PayPalRestCall.php(75): PayPal\Handler\RestHandler->handle(Object(PayPal\Core\PayPalHttpConfig), '{"intent":"sale","payer":{"payment_method":"paypal"},"redirect_urls":{"return_url":"http://localhost/donation/success?amount=200&activity=15&username=Andy+Peterson","cancel_url":"http://localhost/donation/cancel"},"transactions":[{"amount":{"currency":"MYR","total":"200"},"description":"Payment description","invoice_number":"64c62f3ae844e"}]}', [...])
 6 APPPATH\ThirdParty\paypal\vendor\paypal\rest-api-sdk-php\lib\PayPal\Common\PayPalResourceModel.php(104): PayPal\Transport\PayPalRestCall->execute([...], '/v1/payments/payment', 'POST', '{"intent":"sale","payer":{"payment_method":"paypal"},"redirect_urls":{"return_url":"http://localhost/donation/success?amount=200&activity=15&username=Andy+Peterson","cancel_url":"http://localhost/donation/cancel"},"transactions":[{"amount":{"currency":"MYR","total":"200"},"description":"Payment description","invoice_number":"64c62f3ae844e"}]}', [])
 7 APPPATH\ThirdParty\paypal\vendor\paypal\rest-api-sdk-php\lib\PayPal\Api\Payment.php(571): PayPal\Common\PayPalResourceModel::executeCall('/v1/payments/payment', 'POST', '{"intent":"sale","payer":{"payment_method":"paypal"},"redirect_urls":{"return_url":"http://localhost/donation/success?amount=200&activity=15&username=Andy+Peterson","cancel_url":"http://localhost/donation/cancel"},"transactions":[{"amount":{"currency":"MYR","total":"200"},"description":"Payment description","invoice_number":"64c62f3ae844e"}]}', null, Object(PayPal\Rest\ApiContext), Object(PayPal\Transport\PayPalRestCall))
 8 APPPATH\Controllers\CrowdfundingController.php(91): PayPal\Api\Payment->create(Object(PayPal\Rest\ApiContext))
 9 SYSTEMPATH\CodeIgniter.php(934): App\Controllers\CrowdfundingController->donate()
10 SYSTEMPATH\CodeIgniter.php(499): CodeIgniter\CodeIgniter->runController(Object(App\Controllers\CrowdfundingController))
11 SYSTEMPATH\CodeIgniter.php(368): CodeIgniter\CodeIgniter->handleRequest(null, Object(Config\Cache), false)
12 FCPATH\index.php(67): CodeIgniter\CodeIgniter->run()
INFO - 2023-07-30 09:37:31 --> Session: Class initialized using 'CodeIgniter\Session\Handlers\FileHandler' driver.
INFO - 2023-07-30 09:39:09 --> Session: Class initialized using 'CodeIgniter\Session\Handlers\FileHandler' driver.
WARNING - 2023-07-30 09:39:09 --> [DEPRECATED] Optional parameter $handlers declared before required parameter $method is implicitly treated as a required parameter in APPPATH\ThirdParty\paypal\vendor\paypal\rest-api-sdk-php\lib\PayPal\Transport\PayPalRestCall.php on line 53.
 1 VENDORPATH\composer\ClassLoader.php(582): include('D:\\xampp\\htdocs\\pibg_fyp\\system\\Debug\\Exceptions.php')
 2 VENDORPATH\composer\ClassLoader.php(433): Composer\Autoload\{closure}('D:\\xampp\\htdocs\\pibg_fyp\\app\\ThirdParty\\paypal\\vendor\\composer/../paypal/rest-api-sdk-php/lib\\PayPal\\Transport\\PayPalRestCall.php')
 3 APPPATH\ThirdParty\paypal\vendor\paypal\rest-api-sdk-php\lib\PayPal\Common\PayPalResourceModel.php(101): Composer\Autoload\ClassLoader->loadClass('PayPal\\Transport\\PayPalRestCall')
 4 APPPATH\ThirdParty\paypal\vendor\paypal\rest-api-sdk-php\lib\PayPal\Api\Payment.php(571): PayPal\Common\PayPalResourceModel::executeCall('/v1/payments/payment', 'POST', '{"intent":"sale","payer":{"payment_method":"paypal"},"redirect_urls":{"return_url":"http://localhost/donation/success?amount=1000&activity=15&username=Andy+Peterson","cancel_url":"http://localhost/donation/cancel"},"transactions":[{"amount":{"currency":"MYR","total":"1000"},"description":"Payment description","invoice_number":"64c62fbd6fb90"}]}', null, Object(PayPal\Rest\ApiContext), null)
 5 APPPATH\Controllers\CrowdfundingController.php(91): PayPal\Api\Payment->create(Object(PayPal\Rest\ApiContext))
 6 SYSTEMPATH\CodeIgniter.php(934): App\Controllers\CrowdfundingController->donate()
 7 SYSTEMPATH\CodeIgniter.php(499): CodeIgniter\CodeIgniter->runController(Object(App\Controllers\CrowdfundingController))
 8 SYSTEMPATH\CodeIgniter.php(368): CodeIgniter\CodeIgniter->handleRequest(null, Object(Config\Cache), false)
 9 FCPATH\index.php(67): CodeIgniter\CodeIgniter->run()
WARNING - 2023-07-30 09:39:09 --> [DEPRECATED] Optional parameter $configs declared before required parameter $prefix is implicitly treated as a required parameter in APPPATH\ThirdParty\paypal\vendor\paypal\rest-api-sdk-php\lib\PayPal\Core\PayPalHttpConfig.php on line 286.
 1 VENDORPATH\composer\ClassLoader.php(582): include('D:\\xampp\\htdocs\\pibg_fyp\\system\\Debug\\Exceptions.php')
 2 VENDORPATH\composer\ClassLoader.php(433): Composer\Autoload\{closure}('D:\\xampp\\htdocs\\pibg_fyp\\app\\ThirdParty\\paypal\\vendor\\composer/../paypal/rest-api-sdk-php/lib\\PayPal\\Core\\PayPalHttpConfig.php')
 3 APPPATH\ThirdParty\paypal\vendor\paypal\rest-api-sdk-php\lib\PayPal\Transport\PayPalRestCall.php(56): Composer\Autoload\ClassLoader->loadClass('PayPal\\Core\\PayPalHttpConfig')
 4 APPPATH\ThirdParty\paypal\vendor\paypal\rest-api-sdk-php\lib\PayPal\Common\PayPalResourceModel.php(104): PayPal\Transport\PayPalRestCall->execute([...], '/v1/payments/payment', 'POST', '{"intent":"sale","payer":{"payment_method":"paypal"},"redirect_urls":{"return_url":"http://localhost/donation/success?amount=1000&activity=15&username=Andy+Peterson","cancel_url":"http://localhost/donation/cancel"},"transactions":[{"amount":{"currency":"MYR","total":"1000"},"description":"Payment description","invoice_number":"64c62fbd6fb90"}]}', null)
 5 APPPATH\ThirdParty\paypal\vendor\paypal\rest-api-sdk-php\lib\PayPal\Api\Payment.php(571): PayPal\Common\PayPalResourceModel::executeCall('/v1/payments/payment', 'POST', '{"intent":"sale","payer":{"payment_method":"paypal"},"redirect_urls":{"return_url":"http://localhost/donation/success?amount=1000&activity=15&username=Andy+Peterson","cancel_url":"http://localhost/donation/cancel"},"transactions":[{"amount":{"currency":"MYR","total":"1000"},"description":"Payment description","invoice_number":"64c62fbd6fb90"}]}', null, Object(PayPal\Rest\ApiContext), Object(PayPal\Transport\PayPalRestCall))
 6 APPPATH\Controllers\CrowdfundingController.php(91): PayPal\Api\Payment->create(Object(PayPal\Rest\ApiContext))
 7 SYSTEMPATH\CodeIgniter.php(934): App\Controllers\CrowdfundingController->donate()
 8 SYSTEMPATH\CodeIgniter.php(499): CodeIgniter\CodeIgniter->runController(Object(App\Controllers\CrowdfundingController))
 9 SYSTEMPATH\CodeIgniter.php(368): CodeIgniter\CodeIgniter->handleRequest(null, Object(Config\Cache), false)
10 FCPATH\index.php(67): CodeIgniter\CodeIgniter->run()
WARNING - 2023-07-30 09:39:09 --> [DEPRECATED] Optional parameter $config declared before required parameter $tokenExpiresIn is implicitly treated as a required parameter in APPPATH\ThirdParty\paypal\vendor\paypal\rest-api-sdk-php\lib\PayPal\Cache\AuthorizationCache.php on line 56.
 1 VENDORPATH\composer\ClassLoader.php(582): include('D:\\xampp\\htdocs\\pibg_fyp\\system\\Debug\\Exceptions.php')
 2 VENDORPATH\composer\ClassLoader.php(433): Composer\Autoload\{closure}('D:\\xampp\\htdocs\\pibg_fyp\\app\\ThirdParty\\paypal\\vendor\\composer/../paypal/rest-api-sdk-php/lib\\PayPal\\Cache\\AuthorizationCache.php')
 3 APPPATH\ThirdParty\paypal\vendor\paypal\rest-api-sdk-php\lib\PayPal\Auth\OAuthTokenCredential.php(131): Composer\Autoload\ClassLoader->loadClass('PayPal\\Cache\\AuthorizationCache')
 4 APPPATH\ThirdParty\paypal\vendor\paypal\rest-api-sdk-php\lib\PayPal\Handler\RestHandler.php(82): PayPal\Auth\OAuthTokenCredential->getAccessToken([])
 5 APPPATH\ThirdParty\paypal\vendor\paypal\rest-api-sdk-php\lib\PayPal\Transport\PayPalRestCall.php(75): PayPal\Handler\RestHandler->handle(Object(PayPal\Core\PayPalHttpConfig), '{"intent":"sale","payer":{"payment_method":"paypal"},"redirect_urls":{"return_url":"http://localhost/donation/success?amount=1000&activity=15&username=Andy+Peterson","cancel_url":"http://localhost/donation/cancel"},"transactions":[{"amount":{"currency":"MYR","total":"1000"},"description":"Payment description","invoice_number":"64c62fbd6fb90"}]}', [...])
 6 APPPATH\ThirdParty\paypal\vendor\paypal\rest-api-sdk-php\lib\PayPal\Common\PayPalResourceModel.php(104): PayPal\Transport\PayPalRestCall->execute([...], '/v1/payments/payment', 'POST', '{"intent":"sale","payer":{"payment_method":"paypal"},"redirect_urls":{"return_url":"http://localhost/donation/success?amount=1000&activity=15&username=Andy+Peterson","cancel_url":"http://localhost/donation/cancel"},"transactions":[{"amount":{"currency":"MYR","total":"1000"},"description":"Payment description","invoice_number":"64c62fbd6fb90"}]}', [])
 7 APPPATH\ThirdParty\paypal\vendor\paypal\rest-api-sdk-php\lib\PayPal\Api\Payment.php(571): PayPal\Common\PayPalResourceModel::executeCall('/v1/payments/payment', 'POST', '{"intent":"sale","payer":{"payment_method":"paypal"},"redirect_urls":{"return_url":"http://localhost/donation/success?amount=1000&activity=15&username=Andy+Peterson","cancel_url":"http://localhost/donation/cancel"},"transactions":[{"amount":{"currency":"MYR","total":"1000"},"description":"Payment description","invoice_number":"64c62fbd6fb90"}]}', null, Object(PayPal\Rest\ApiContext), Object(PayPal\Transport\PayPalRestCall))
 8 APPPATH\Controllers\CrowdfundingController.php(91): PayPal\Api\Payment->create(Object(PayPal\Rest\ApiContext))
 9 SYSTEMPATH\CodeIgniter.php(934): App\Controllers\CrowdfundingController->donate()
10 SYSTEMPATH\CodeIgniter.php(499): CodeIgniter\CodeIgniter->runController(Object(App\Controllers\CrowdfundingController))
11 SYSTEMPATH\CodeIgniter.php(368): CodeIgniter\CodeIgniter->handleRequest(null, Object(Config\Cache), false)
12 FCPATH\index.php(67): CodeIgniter\CodeIgniter->run()
WARNING - 2023-07-30 09:39:32 --> [DEPRECATED] Optional parameter $handlers declared before required parameter $method is implicitly treated as a required parameter in APPPATH\ThirdParty\paypal\vendor\paypal\rest-api-sdk-php\lib\PayPal\Transport\PayPalRestCall.php on line 53.
 1 VENDORPATH\composer\ClassLoader.php(582): include('D:\\xampp\\htdocs\\pibg_fyp\\system\\Debug\\Exceptions.php')
 2 VENDORPATH\composer\ClassLoader.php(433): Composer\Autoload\{closure}('D:\\xampp\\htdocs\\pibg_fyp\\app\\ThirdParty\\paypal\\vendor\\composer/../paypal/rest-api-sdk-php/lib\\PayPal\\Transport\\PayPalRestCall.php')
 3 APPPATH\ThirdParty\paypal\vendor\paypal\rest-api-sdk-php\lib\PayPal\Common\PayPalResourceModel.php(101): Composer\Autoload\ClassLoader->loadClass('PayPal\\Transport\\PayPalRestCall')
 4 APPPATH\ThirdParty\paypal\vendor\paypal\rest-api-sdk-php\lib\PayPal\Api\Payment.php(595): PayPal\Common\PayPalResourceModel::executeCall('/v1/payments/payment/PAYID-MTDC7QA6BG7258760196545A', 'GET', '', null, Object(PayPal\Rest\ApiContext), null)
 5 APPPATH\Controllers\CrowdfundingController.php(111): PayPal\Api\Payment::get('PAYID-MTDC7QA6BG7258760196545A', Object(PayPal\Rest\ApiContext))
 6 SYSTEMPATH\CodeIgniter.php(934): App\Controllers\CrowdfundingController->donationSuccess()
 7 SYSTEMPATH\CodeIgniter.php(499): CodeIgniter\CodeIgniter->runController(Object(App\Controllers\CrowdfundingController))
 8 SYSTEMPATH\CodeIgniter.php(368): CodeIgniter\CodeIgniter->handleRequest(null, Object(Config\Cache), false)
 9 FCPATH\index.php(67): CodeIgniter\CodeIgniter->run()
WARNING - 2023-07-30 09:39:32 --> [DEPRECATED] Optional parameter $configs declared before required parameter $prefix is implicitly treated as a required parameter in APPPATH\ThirdParty\paypal\vendor\paypal\rest-api-sdk-php\lib\PayPal\Core\PayPalHttpConfig.php on line 286.
 1 VENDORPATH\composer\ClassLoader.php(582): include('D:\\xampp\\htdocs\\pibg_fyp\\system\\Debug\\Exceptions.php')
 2 VENDORPATH\composer\ClassLoader.php(433): Composer\Autoload\{closure}('D:\\xampp\\htdocs\\pibg_fyp\\app\\ThirdParty\\paypal\\vendor\\composer/../paypal/rest-api-sdk-php/lib\\PayPal\\Core\\PayPalHttpConfig.php')
 3 APPPATH\ThirdParty\paypal\vendor\paypal\rest-api-sdk-php\lib\PayPal\Transport\PayPalRestCall.php(56): Composer\Autoload\ClassLoader->loadClass('PayPal\\Core\\PayPalHttpConfig')
 4 APPPATH\ThirdParty\paypal\vendor\paypal\rest-api-sdk-php\lib\PayPal\Common\PayPalResourceModel.php(104): PayPal\Transport\PayPalRestCall->execute([...], '/v1/payments/payment/PAYID-MTDC7QA6BG7258760196545A', 'GET', '', null)
 5 APPPATH\ThirdParty\paypal\vendor\paypal\rest-api-sdk-php\lib\PayPal\Api\Payment.php(595): PayPal\Common\PayPalResourceModel::executeCall('/v1/payments/payment/PAYID-MTDC7QA6BG7258760196545A', 'GET', '', null, Object(PayPal\Rest\ApiContext), Object(PayPal\Transport\PayPalRestCall))
 6 APPPATH\Controllers\CrowdfundingController.php(111): PayPal\Api\Payment::get('PAYID-MTDC7QA6BG7258760196545A', Object(PayPal\Rest\ApiContext))
 7 SYSTEMPATH\CodeIgniter.php(934): App\Controllers\CrowdfundingController->donationSuccess()
 8 SYSTEMPATH\CodeIgniter.php(499): CodeIgniter\CodeIgniter->runController(Object(App\Controllers\CrowdfundingController))
 9 SYSTEMPATH\CodeIgniter.php(368): CodeIgniter\CodeIgniter->handleRequest(null, Object(Config\Cache), false)
10 FCPATH\index.php(67): CodeIgniter\CodeIgniter->run()
WARNING - 2023-07-30 09:39:32 --> [DEPRECATED] Optional parameter $config declared before required parameter $tokenExpiresIn is implicitly treated as a required parameter in APPPATH\ThirdParty\paypal\vendor\paypal\rest-api-sdk-php\lib\PayPal\Cache\AuthorizationCache.php on line 56.
 1 VENDORPATH\composer\ClassLoader.php(582): include('D:\\xampp\\htdocs\\pibg_fyp\\system\\Debug\\Exceptions.php')
 2 VENDORPATH\composer\ClassLoader.php(433): Composer\Autoload\{closure}('D:\\xampp\\htdocs\\pibg_fyp\\app\\ThirdParty\\paypal\\vendor\\composer/../paypal/rest-api-sdk-php/lib\\PayPal\\Cache\\AuthorizationCache.php')
 3 APPPATH\ThirdParty\paypal\vendor\paypal\rest-api-sdk-php\lib\PayPal\Auth\OAuthTokenCredential.php(131): Composer\Autoload\ClassLoader->loadClass('PayPal\\Cache\\AuthorizationCache')
 4 APPPATH\ThirdParty\paypal\vendor\paypal\rest-api-sdk-php\lib\PayPal\Handler\RestHandler.php(82): PayPal\Auth\OAuthTokenCredential->getAccessToken([])
 5 APPPATH\ThirdParty\paypal\vendor\paypal\rest-api-sdk-php\lib\PayPal\Transport\PayPalRestCall.php(75): PayPal\Handler\RestHandler->handle(Object(PayPal\Core\PayPalHttpConfig), '', [...])
 6 APPPATH\ThirdParty\paypal\vendor\paypal\rest-api-sdk-php\lib\PayPal\Common\PayPalResourceModel.php(104): PayPal\Transport\PayPalRestCall->execute([...], '/v1/payments/payment/PAYID-MTDC7QA6BG7258760196545A', 'GET', '', [])
 7 APPPATH\ThirdParty\paypal\vendor\paypal\rest-api-sdk-php\lib\PayPal\Api\Payment.php(595): PayPal\Common\PayPalResourceModel::executeCall('/v1/payments/payment/PAYID-MTDC7QA6BG7258760196545A', 'GET', '', null, Object(PayPal\Rest\ApiContext), Object(PayPal\Transport\PayPalRestCall))
 8 APPPATH\Controllers\CrowdfundingController.php(111): PayPal\Api\Payment::get('PAYID-MTDC7QA6BG7258760196545A', Object(PayPal\Rest\ApiContext))
 9 SYSTEMPATH\CodeIgniter.php(934): App\Controllers\CrowdfundingController->donationSuccess()
10 SYSTEMPATH\CodeIgniter.php(499): CodeIgniter\CodeIgniter->runController(Object(App\Controllers\CrowdfundingController))
11 SYSTEMPATH\CodeIgniter.php(368): CodeIgniter\CodeIgniter->handleRequest(null, Object(Config\Cache), false)
12 FCPATH\index.php(67): CodeIgniter\CodeIgniter->run()
INFO - 2023-07-30 09:39:40 --> Session: Class initialized using 'CodeIgniter\Session\Handlers\FileHandler' driver.
INFO - 2023-07-30 09:39:42 --> Session: Class initialized using 'CodeIgniter\Session\Handlers\FileHandler' driver.
INFO - 2023-07-30 09:39:49 --> Session: Class initialized using 'CodeIgniter\Session\Handlers\FileHandler' driver.
INFO - 2023-07-30 09:40:11 --> Session: Class initialized using 'CodeIgniter\Session\Handlers\FileHandler' driver.
INFO - 2023-07-30 09:44:11 --> Session: Class initialized using 'CodeIgniter\Session\Handlers\FileHandler' driver.
INFO - 2023-07-30 09:44:19 --> Session: Class initialized using 'CodeIgniter\Session\Handlers\FileHandler' driver.
INFO - 2023-07-30 09:44:30 --> Session: Class initialized using 'CodeIgniter\Session\Handlers\FileHandler' driver.
INFO - 2023-07-30 09:44:31 --> Session: Class initialized using 'CodeIgniter\Session\Handlers\FileHandler' driver.
INFO - 2023-07-30 09:44:45 --> Session: Class initialized using 'CodeIgniter\Session\Handlers\FileHandler' driver.
INFO - 2023-07-30 09:44:52 --> Session: Class initialized using 'CodeIgniter\Session\Handlers\FileHandler' driver.
INFO - 2023-07-30 09:45:08 --> Session: Class initialized using 'CodeIgniter\Session\Handlers\FileHandler' driver.
INFO - 2023-07-30 09:45:09 --> Session: Class initialized using 'CodeIgniter\Session\Handlers\FileHandler' driver.
INFO - 2023-07-30 09:45:15 --> Session: Class initialized using 'CodeIgniter\Session\Handlers\FileHandler' driver.
INFO - 2023-07-30 09:45:16 --> Session: Class initialized using 'CodeIgniter\Session\Handlers\FileHandler' driver.
INFO - 2023-07-30 09:45:20 --> Session: Class initialized using 'CodeIgniter\Session\Handlers\FileHandler' driver.
INFO - 2023-07-30 09:45:30 --> Session: Class initialized using 'CodeIgniter\Session\Handlers\FileHandler' driver.
INFO - 2023-07-30 09:45:37 --> Session: Class initialized using 'CodeIgniter\Session\Handlers\FileHandler' driver.
WARNING - 2023-07-30 09:45:37 --> [DEPRECATED] Optional parameter $handlers declared before required parameter $method is implicitly treated as a required parameter in APPPATH\ThirdParty\paypal\vendor\paypal\rest-api-sdk-php\lib\PayPal\Transport\PayPalRestCall.php on line 53.
 1 VENDORPATH\composer\ClassLoader.php(582): include('D:\\xampp\\htdocs\\pibg_fyp\\system\\Debug\\Exceptions.php')
 2 VENDORPATH\composer\ClassLoader.php(433): Composer\Autoload\{closure}('D:\\xampp\\htdocs\\pibg_fyp\\app\\ThirdParty\\paypal\\vendor\\composer/../paypal/rest-api-sdk-php/lib\\PayPal\\Transport\\PayPalRestCall.php')
 3 APPPATH\ThirdParty\paypal\vendor\paypal\rest-api-sdk-php\lib\PayPal\Common\PayPalResourceModel.php(101): Composer\Autoload\ClassLoader->loadClass('PayPal\\Transport\\PayPalRestCall')
 4 APPPATH\ThirdParty\paypal\vendor\paypal\rest-api-sdk-php\lib\PayPal\Api\Payment.php(571): PayPal\Common\PayPalResourceModel::executeCall('/v1/payments/payment', 'POST', '{"intent":"sale","payer":{"payment_method":"paypal"},"redirect_urls":{"return_url":"http://localhost/donation/success?amount=1000&activity=1&username=Andy+Peterson","cancel_url":"http://localhost/donation/cancel"},"transactions":[{"amount":{"currency":"MYR","total":"1000"},"description":"Payment description","invoice_number":"64c63141ce144"}]}', null, Object(PayPal\Rest\ApiContext), null)
 5 APPPATH\Controllers\CrowdfundingController.php(91): PayPal\Api\Payment->create(Object(PayPal\Rest\ApiContext))
 6 SYSTEMPATH\CodeIgniter.php(934): App\Controllers\CrowdfundingController->donate()
 7 SYSTEMPATH\CodeIgniter.php(499): CodeIgniter\CodeIgniter->runController(Object(App\Controllers\CrowdfundingController))
 8 SYSTEMPATH\CodeIgniter.php(368): CodeIgniter\CodeIgniter->handleRequest(null, Object(Config\Cache), false)
 9 FCPATH\index.php(67): CodeIgniter\CodeIgniter->run()
WARNING - 2023-07-30 09:45:37 --> [DEPRECATED] Optional parameter $configs declared before required parameter $prefix is implicitly treated as a required parameter in APPPATH\ThirdParty\paypal\vendor\paypal\rest-api-sdk-php\lib\PayPal\Core\PayPalHttpConfig.php on line 286.
 1 VENDORPATH\composer\ClassLoader.php(582): include('D:\\xampp\\htdocs\\pibg_fyp\\system\\Debug\\Exceptions.php')
 2 VENDORPATH\composer\ClassLoader.php(433): Composer\Autoload\{closure}('D:\\xampp\\htdocs\\pibg_fyp\\app\\ThirdParty\\paypal\\vendor\\composer/../paypal/rest-api-sdk-php/lib\\PayPal\\Core\\PayPalHttpConfig.php')
 3 APPPATH\ThirdParty\paypal\vendor\paypal\rest-api-sdk-php\lib\PayPal\Transport\PayPalRestCall.php(56): Composer\Autoload\ClassLoader->loadClass('PayPal\\Core\\PayPalHttpConfig')
 4 APPPATH\ThirdParty\paypal\vendor\paypal\rest-api-sdk-php\lib\PayPal\Common\PayPalResourceModel.php(104): PayPal\Transport\PayPalRestCall->execute([...], '/v1/payments/payment', 'POST', '{"intent":"sale","payer":{"payment_method":"paypal"},"redirect_urls":{"return_url":"http://localhost/donation/success?amount=1000&activity=1&username=Andy+Peterson","cancel_url":"http://localhost/donation/cancel"},"transactions":[{"amount":{"currency":"MYR","total":"1000"},"description":"Payment description","invoice_number":"64c63141ce144"}]}', null)
 5 APPPATH\ThirdParty\paypal\vendor\paypal\rest-api-sdk-php\lib\PayPal\Api\Payment.php(571): PayPal\Common\PayPalResourceModel::executeCall('/v1/payments/payment', 'POST', '{"intent":"sale","payer":{"payment_method":"paypal"},"redirect_urls":{"return_url":"http://localhost/donation/success?amount=1000&activity=1&username=Andy+Peterson","cancel_url":"http://localhost/donation/cancel"},"transactions":[{"amount":{"currency":"MYR","total":"1000"},"description":"Payment description","invoice_number":"64c63141ce144"}]}', null, Object(PayPal\Rest\ApiContext), Object(PayPal\Transport\PayPalRestCall))
 6 APPPATH\Controllers\CrowdfundingController.php(91): PayPal\Api\Payment->create(Object(PayPal\Rest\ApiContext))
 7 SYSTEMPATH\CodeIgniter.php(934): App\Controllers\CrowdfundingController->donate()
 8 SYSTEMPATH\CodeIgniter.php(499): CodeIgniter\CodeIgniter->runController(Object(App\Controllers\CrowdfundingController))
 9 SYSTEMPATH\CodeIgniter.php(368): CodeIgniter\CodeIgniter->handleRequest(null, Object(Config\Cache), false)
10 FCPATH\index.php(67): CodeIgniter\CodeIgniter->run()
WARNING - 2023-07-30 09:45:37 --> [DEPRECATED] Optional parameter $config declared before required parameter $tokenExpiresIn is implicitly treated as a required parameter in APPPATH\ThirdParty\paypal\vendor\paypal\rest-api-sdk-php\lib\PayPal\Cache\AuthorizationCache.php on line 56.
 1 VENDORPATH\composer\ClassLoader.php(582): include('D:\\xampp\\htdocs\\pibg_fyp\\system\\Debug\\Exceptions.php')
 2 VENDORPATH\composer\ClassLoader.php(433): Composer\Autoload\{closure}('D:\\xampp\\htdocs\\pibg_fyp\\app\\ThirdParty\\paypal\\vendor\\composer/../paypal/rest-api-sdk-php/lib\\PayPal\\Cache\\AuthorizationCache.php')
 3 APPPATH\ThirdParty\paypal\vendor\paypal\rest-api-sdk-php\lib\PayPal\Auth\OAuthTokenCredential.php(131): Composer\Autoload\ClassLoader->loadClass('PayPal\\Cache\\AuthorizationCache')
 4 APPPATH\ThirdParty\paypal\vendor\paypal\rest-api-sdk-php\lib\PayPal\Handler\RestHandler.php(82): PayPal\Auth\OAuthTokenCredential->getAccessToken([])
 5 APPPATH\ThirdParty\paypal\vendor\paypal\rest-api-sdk-php\lib\PayPal\Transport\PayPalRestCall.php(75): PayPal\Handler\RestHandler->handle(Object(PayPal\Core\PayPalHttpConfig), '{"intent":"sale","payer":{"payment_method":"paypal"},"redirect_urls":{"return_url":"http://localhost/donation/success?amount=1000&activity=1&username=Andy+Peterson","cancel_url":"http://localhost/donation/cancel"},"transactions":[{"amount":{"currency":"MYR","total":"1000"},"description":"Payment description","invoice_number":"64c63141ce144"}]}', [...])
 6 APPPATH\ThirdParty\paypal\vendor\paypal\rest-api-sdk-php\lib\PayPal\Common\PayPalResourceModel.php(104): PayPal\Transport\PayPalRestCall->execute([...], '/v1/payments/payment', 'POST', '{"intent":"sale","payer":{"payment_method":"paypal"},"redirect_urls":{"return_url":"http://localhost/donation/success?amount=1000&activity=1&username=Andy+Peterson","cancel_url":"http://localhost/donation/cancel"},"transactions":[{"amount":{"currency":"MYR","total":"1000"},"description":"Payment description","invoice_number":"64c63141ce144"}]}', [])
 7 APPPATH\ThirdParty\paypal\vendor\paypal\rest-api-sdk-php\lib\PayPal\Api\Payment.php(571): PayPal\Common\PayPalResourceModel::executeCall('/v1/payments/payment', 'POST', '{"intent":"sale","payer":{"payment_method":"paypal"},"redirect_urls":{"return_url":"http://localhost/donation/success?amount=1000&activity=1&username=Andy+Peterson","cancel_url":"http://localhost/donation/cancel"},"transactions":[{"amount":{"currency":"MYR","total":"1000"},"description":"Payment description","invoice_number":"64c63141ce144"}]}', null, Object(PayPal\Rest\ApiContext), Object(PayPal\Transport\PayPalRestCall))
 8 APPPATH\Controllers\CrowdfundingController.php(91): PayPal\Api\Payment->create(Object(PayPal\Rest\ApiContext))
 9 SYSTEMPATH\CodeIgniter.php(934): App\Controllers\CrowdfundingController->donate()
10 SYSTEMPATH\CodeIgniter.php(499): CodeIgniter\CodeIgniter->runController(Object(App\Controllers\CrowdfundingController))
11 SYSTEMPATH\CodeIgniter.php(368): CodeIgniter\CodeIgniter->handleRequest(null, Object(Config\Cache), false)
12 FCPATH\index.php(67): CodeIgniter\CodeIgniter->run()
WARNING - 2023-07-30 09:45:51 --> [DEPRECATED] Optional parameter $handlers declared before required parameter $method is implicitly treated as a required parameter in APPPATH\ThirdParty\paypal\vendor\paypal\rest-api-sdk-php\lib\PayPal\Transport\PayPalRestCall.php on line 53.
 1 VENDORPATH\composer\ClassLoader.php(582): include('D:\\xampp\\htdocs\\pibg_fyp\\system\\Debug\\Exceptions.php')
 2 VENDORPATH\composer\ClassLoader.php(433): Composer\Autoload\{closure}('D:\\xampp\\htdocs\\pibg_fyp\\app\\ThirdParty\\paypal\\vendor\\composer/../paypal/rest-api-sdk-php/lib\\PayPal\\Transport\\PayPalRestCall.php')
 3 APPPATH\ThirdParty\paypal\vendor\paypal\rest-api-sdk-php\lib\PayPal\Common\PayPalResourceModel.php(101): Composer\Autoload\ClassLoader->loadClass('PayPal\\Transport\\PayPalRestCall')
 4 APPPATH\ThirdParty\paypal\vendor\paypal\rest-api-sdk-php\lib\PayPal\Api\Payment.php(595): PayPal\Common\PayPalResourceModel::executeCall('/v1/payments/payment/PAYID-MTDDCRA0BP700029D216480F', 'GET', '', null, Object(PayPal\Rest\ApiContext), null)
 5 APPPATH\Controllers\CrowdfundingController.php(111): PayPal\Api\Payment::get('PAYID-MTDDCRA0BP700029D216480F', Object(PayPal\Rest\ApiContext))
 6 SYSTEMPATH\CodeIgniter.php(934): App\Controllers\CrowdfundingController->donationSuccess()
 7 SYSTEMPATH\CodeIgniter.php(499): CodeIgniter\CodeIgniter->runController(Object(App\Controllers\CrowdfundingController))
 8 SYSTEMPATH\CodeIgniter.php(368): CodeIgniter\CodeIgniter->handleRequest(null, Object(Config\Cache), false)
 9 FCPATH\index.php(67): CodeIgniter\CodeIgniter->run()
WARNING - 2023-07-30 09:45:51 --> [DEPRECATED] Optional parameter $configs declared before required parameter $prefix is implicitly treated as a required parameter in APPPATH\ThirdParty\paypal\vendor\paypal\rest-api-sdk-php\lib\PayPal\Core\PayPalHttpConfig.php on line 286.
 1 VENDORPATH\composer\ClassLoader.php(582): include('D:\\xampp\\htdocs\\pibg_fyp\\system\\Debug\\Exceptions.php')
 2 VENDORPATH\composer\ClassLoader.php(433): Composer\Autoload\{closure}('D:\\xampp\\htdocs\\pibg_fyp\\app\\ThirdParty\\paypal\\vendor\\composer/../paypal/rest-api-sdk-php/lib\\PayPal\\Core\\PayPalHttpConfig.php')
 3 APPPATH\ThirdParty\paypal\vendor\paypal\rest-api-sdk-php\lib\PayPal\Transport\PayPalRestCall.php(56): Composer\Autoload\ClassLoader->loadClass('PayPal\\Core\\PayPalHttpConfig')
 4 APPPATH\ThirdParty\paypal\vendor\paypal\rest-api-sdk-php\lib\PayPal\Common\PayPalResourceModel.php(104): PayPal\Transport\PayPalRestCall->execute([...], '/v1/payments/payment/PAYID-MTDDCRA0BP700029D216480F', 'GET', '', null)
 5 APPPATH\ThirdParty\paypal\vendor\paypal\rest-api-sdk-php\lib\PayPal\Api\Payment.php(595): PayPal\Common\PayPalResourceModel::executeCall('/v1/payments/payment/PAYID-MTDDCRA0BP700029D216480F', 'GET', '', null, Object(PayPal\Rest\ApiContext), Object(PayPal\Transport\PayPalRestCall))
 6 APPPATH\Controllers\CrowdfundingController.php(111): PayPal\Api\Payment::get('PAYID-MTDDCRA0BP700029D216480F', Object(PayPal\Rest\ApiContext))
 7 SYSTEMPATH\CodeIgniter.php(934): App\Controllers\CrowdfundingController->donationSuccess()
 8 SYSTEMPATH\CodeIgniter.php(499): CodeIgniter\CodeIgniter->runController(Object(App\Controllers\CrowdfundingController))
 9 SYSTEMPATH\CodeIgniter.php(368): CodeIgniter\CodeIgniter->handleRequest(null, Object(Config\Cache), false)
10 FCPATH\index.php(67): CodeIgniter\CodeIgniter->run()
WARNING - 2023-07-30 09:45:51 --> [DEPRECATED] Optional parameter $config declared before required parameter $tokenExpiresIn is implicitly treated as a required parameter in APPPATH\ThirdParty\paypal\vendor\paypal\rest-api-sdk-php\lib\PayPal\Cache\AuthorizationCache.php on line 56.
 1 VENDORPATH\composer\ClassLoader.php(582): include('D:\\xampp\\htdocs\\pibg_fyp\\system\\Debug\\Exceptions.php')
 2 VENDORPATH\composer\ClassLoader.php(433): Composer\Autoload\{closure}('D:\\xampp\\htdocs\\pibg_fyp\\app\\ThirdParty\\paypal\\vendor\\composer/../paypal/rest-api-sdk-php/lib\\PayPal\\Cache\\AuthorizationCache.php')
 3 APPPATH\ThirdParty\paypal\vendor\paypal\rest-api-sdk-php\lib\PayPal\Auth\OAuthTokenCredential.php(131): Composer\Autoload\ClassLoader->loadClass('PayPal\\Cache\\AuthorizationCache')
 4 APPPATH\ThirdParty\paypal\vendor\paypal\rest-api-sdk-php\lib\PayPal\Handler\RestHandler.php(82): PayPal\Auth\OAuthTokenCredential->getAccessToken([])
 5 APPPATH\ThirdParty\paypal\vendor\paypal\rest-api-sdk-php\lib\PayPal\Transport\PayPalRestCall.php(75): PayPal\Handler\RestHandler->handle(Object(PayPal\Core\PayPalHttpConfig), '', [...])
 6 APPPATH\ThirdParty\paypal\vendor\paypal\rest-api-sdk-php\lib\PayPal\Common\PayPalResourceModel.php(104): PayPal\Transport\PayPalRestCall->execute([...], '/v1/payments/payment/PAYID-MTDDCRA0BP700029D216480F', 'GET', '', [])
 7 APPPATH\ThirdParty\paypal\vendor\paypal\rest-api-sdk-php\lib\PayPal\Api\Payment.php(595): PayPal\Common\PayPalResourceModel::executeCall('/v1/payments/payment/PAYID-MTDDCRA0BP700029D216480F', 'GET', '', null, Object(PayPal\Rest\ApiContext), Object(PayPal\Transport\PayPalRestCall))
 8 APPPATH\Controllers\CrowdfundingController.php(111): PayPal\Api\Payment::get('PAYID-MTDDCRA0BP700029D216480F', Object(PayPal\Rest\ApiContext))
 9 SYSTEMPATH\CodeIgniter.php(934): App\Controllers\CrowdfundingController->donationSuccess()
10 SYSTEMPATH\CodeIgniter.php(499): CodeIgniter\CodeIgniter->runController(Object(App\Controllers\CrowdfundingController))
11 SYSTEMPATH\CodeIgniter.php(368): CodeIgniter\CodeIgniter->handleRequest(null, Object(Config\Cache), false)
12 FCPATH\index.php(67): CodeIgniter\CodeIgniter->run()
INFO - 2023-07-30 09:45:56 --> Session: Class initialized using 'CodeIgniter\Session\Handlers\FileHandler' driver.
INFO - 2023-07-30 09:45:58 --> Session: Class initialized using 'CodeIgniter\Session\Handlers\FileHandler' driver.
INFO - 2023-07-30 09:46:03 --> Session: Class initialized using 'CodeIgniter\Session\Handlers\FileHandler' driver.
INFO - 2023-07-30 09:46:11 --> Session: Class initialized using 'CodeIgniter\Session\Handlers\FileHandler' driver.
INFO - 2023-07-30 10:14:04 --> Session: Class initialized using 'CodeIgniter\Session\Handlers\FileHandler' driver.
INFO - 2023-07-30 10:15:17 --> Session: Class initialized using 'CodeIgniter\Session\Handlers\FileHandler' driver.
INFO - 2023-07-30 10:15:24 --> Session: Class initialized using 'CodeIgniter\Session\Handlers\FileHandler' driver.
INFO - 2023-07-30 10:15:38 --> Session: Class initialized using 'CodeIgniter\Session\Handlers\FileHandler' driver.
INFO - 2023-07-30 10:15:40 --> Session: Class initialized using 'CodeIgniter\Session\Handlers\FileHandler' driver.
INFO - 2023-07-30 10:15:53 --> Session: Class initialized using 'CodeIgniter\Session\Handlers\FileHandler' driver.
INFO - 2023-07-30 10:16:11 --> Session: Class initialized using 'CodeIgniter\Session\Handlers\FileHandler' driver.
INFO - 2023-07-30 10:16:24 --> Session: Class initialized using 'CodeIgniter\Session\Handlers\FileHandler' driver.
INFO - 2023-07-30 10:16:25 --> Session: Class initialized using 'CodeIgniter\Session\Handlers\FileHandler' driver.
INFO - 2023-07-30 10:16:32 --> Session: Class initialized using 'CodeIgniter\Session\Handlers\FileHandler' driver.
INFO - 2023-07-30 10:16:35 --> Session: Class initialized using 'CodeIgniter\Session\Handlers\FileHandler' driver.
INFO - 2023-07-30 10:16:44 --> Session: Class initialized using 'CodeIgniter\Session\Handlers\FileHandler' driver.
INFO - 2023-07-30 10:16:46 --> Session: Class initialized using 'CodeIgniter\Session\Handlers\FileHandler' driver.
INFO - 2023-07-30 10:16:50 --> Session: Class initialized using 'CodeIgniter\Session\Handlers\FileHandler' driver.
INFO - 2023-07-30 10:17:06 --> Session: Class initialized using 'CodeIgniter\Session\Handlers\FileHandler' driver.
INFO - 2023-07-30 10:17:18 --> Session: Class initialized using 'CodeIgniter\Session\Handlers\FileHandler' driver.
WARNING - 2023-07-30 10:17:20 --> [DEPRECATED] Optional parameter $handlers declared before required parameter $method is implicitly treated as a required parameter in APPPATH\ThirdParty\paypal\vendor\paypal\rest-api-sdk-php\lib\PayPal\Transport\PayPalRestCall.php on line 53.
 1 VENDORPATH\composer\ClassLoader.php(582): include('D:\\xampp\\htdocs\\pibg_fyp\\system\\Debug\\Exceptions.php')
 2 VENDORPATH\composer\ClassLoader.php(433): Composer\Autoload\{closure}('D:\\xampp\\htdocs\\pibg_fyp\\app\\ThirdParty\\paypal\\vendor\\composer/../paypal/rest-api-sdk-php/lib\\PayPal\\Transport\\PayPalRestCall.php')
 3 APPPATH\ThirdParty\paypal\vendor\paypal\rest-api-sdk-php\lib\PayPal\Common\PayPalResourceModel.php(101): Composer\Autoload\ClassLoader->loadClass('PayPal\\Transport\\PayPalRestCall')
 4 APPPATH\ThirdParty\paypal\vendor\paypal\rest-api-sdk-php\lib\PayPal\Api\Payment.php(571): PayPal\Common\PayPalResourceModel::executeCall('/v1/payments/payment', 'POST', '{"intent":"sale","payer":{"payment_method":"paypal"},"redirect_urls":{"return_url":"http://localhost/donation/success?amount=100&activity=1&username=Andy+Peterson","cancel_url":"http://localhost/donation/cancel"},"transactions":[{"amount":{"currency":"MYR","total":"100"},"description":"Payment description","invoice_number":"64c638af4bc10"}]}', null, Object(PayPal\Rest\ApiContext), null)
 5 APPPATH\Controllers\CrowdfundingController.php(91): PayPal\Api\Payment->create(Object(PayPal\Rest\ApiContext))
 6 SYSTEMPATH\CodeIgniter.php(934): App\Controllers\CrowdfundingController->donate()
 7 SYSTEMPATH\CodeIgniter.php(499): CodeIgniter\CodeIgniter->runController(Object(App\Controllers\CrowdfundingController))
 8 SYSTEMPATH\CodeIgniter.php(368): CodeIgniter\CodeIgniter->handleRequest(null, Object(Config\Cache), false)
 9 FCPATH\index.php(67): CodeIgniter\CodeIgniter->run()
WARNING - 2023-07-30 10:17:21 --> [DEPRECATED] Optional parameter $configs declared before required parameter $prefix is implicitly treated as a required parameter in APPPATH\ThirdParty\paypal\vendor\paypal\rest-api-sdk-php\lib\PayPal\Core\PayPalHttpConfig.php on line 286.
 1 VENDORPATH\composer\ClassLoader.php(582): include('D:\\xampp\\htdocs\\pibg_fyp\\system\\Debug\\Exceptions.php')
 2 VENDORPATH\composer\ClassLoader.php(433): Composer\Autoload\{closure}('D:\\xampp\\htdocs\\pibg_fyp\\app\\ThirdParty\\paypal\\vendor\\composer/../paypal/rest-api-sdk-php/lib\\PayPal\\Core\\PayPalHttpConfig.php')
 3 APPPATH\ThirdParty\paypal\vendor\paypal\rest-api-sdk-php\lib\PayPal\Transport\PayPalRestCall.php(56): Composer\Autoload\ClassLoader->loadClass('PayPal\\Core\\PayPalHttpConfig')
 4 APPPATH\ThirdParty\paypal\vendor\paypal\rest-api-sdk-php\lib\PayPal\Common\PayPalResourceModel.php(104): PayPal\Transport\PayPalRestCall->execute([...], '/v1/payments/payment', 'POST', '{"intent":"sale","payer":{"payment_method":"paypal"},"redirect_urls":{"return_url":"http://localhost/donation/success?amount=100&activity=1&username=Andy+Peterson","cancel_url":"http://localhost/donation/cancel"},"transactions":[{"amount":{"currency":"MYR","total":"100"},"description":"Payment description","invoice_number":"64c638af4bc10"}]}', null)
 5 APPPATH\ThirdParty\paypal\vendor\paypal\rest-api-sdk-php\lib\PayPal\Api\Payment.php(571): PayPal\Common\PayPalResourceModel::executeCall('/v1/payments/payment', 'POST', '{"intent":"sale","payer":{"payment_method":"paypal"},"redirect_urls":{"return_url":"http://localhost/donation/success?amount=100&activity=1&username=Andy+Peterson","cancel_url":"http://localhost/donation/cancel"},"transactions":[{"amount":{"currency":"MYR","total":"100"},"description":"Payment description","invoice_number":"64c638af4bc10"}]}', null, Object(PayPal\Rest\ApiContext), Object(PayPal\Transport\PayPalRestCall))
 6 APPPATH\Controllers\CrowdfundingController.php(91): PayPal\Api\Payment->create(Object(PayPal\Rest\ApiContext))
 7 SYSTEMPATH\CodeIgniter.php(934): App\Controllers\CrowdfundingController->donate()
 8 SYSTEMPATH\CodeIgniter.php(499): CodeIgniter\CodeIgniter->runController(Object(App\Controllers\CrowdfundingController))
 9 SYSTEMPATH\CodeIgniter.php(368): CodeIgniter\CodeIgniter->handleRequest(null, Object(Config\Cache), false)
10 FCPATH\index.php(67): CodeIgniter\CodeIgniter->run()
WARNING - 2023-07-30 10:17:21 --> [DEPRECATED] Optional parameter $config declared before required parameter $tokenExpiresIn is implicitly treated as a required parameter in APPPATH\ThirdParty\paypal\vendor\paypal\rest-api-sdk-php\lib\PayPal\Cache\AuthorizationCache.php on line 56.
 1 VENDORPATH\composer\ClassLoader.php(582): include('D:\\xampp\\htdocs\\pibg_fyp\\system\\Debug\\Exceptions.php')
 2 VENDORPATH\composer\ClassLoader.php(433): Composer\Autoload\{closure}('D:\\xampp\\htdocs\\pibg_fyp\\app\\ThirdParty\\paypal\\vendor\\composer/../paypal/rest-api-sdk-php/lib\\PayPal\\Cache\\AuthorizationCache.php')
 3 APPPATH\ThirdParty\paypal\vendor\paypal\rest-api-sdk-php\lib\PayPal\Auth\OAuthTokenCredential.php(131): Composer\Autoload\ClassLoader->loadClass('PayPal\\Cache\\AuthorizationCache')
 4 APPPATH\ThirdParty\paypal\vendor\paypal\rest-api-sdk-php\lib\PayPal\Handler\RestHandler.php(82): PayPal\Auth\OAuthTokenCredential->getAccessToken([])
 5 APPPATH\ThirdParty\paypal\vendor\paypal\rest-api-sdk-php\lib\PayPal\Transport\PayPalRestCall.php(75): PayPal\Handler\RestHandler->handle(Object(PayPal\Core\PayPalHttpConfig), '{"intent":"sale","payer":{"payment_method":"paypal"},"redirect_urls":{"return_url":"http://localhost/donation/success?amount=100&activity=1&username=Andy+Peterson","cancel_url":"http://localhost/donation/cancel"},"transactions":[{"amount":{"currency":"MYR","total":"100"},"description":"Payment description","invoice_number":"64c638af4bc10"}]}', [...])
 6 APPPATH\ThirdParty\paypal\vendor\paypal\rest-api-sdk-php\lib\PayPal\Common\PayPalResourceModel.php(104): PayPal\Transport\PayPalRestCall->execute([...], '/v1/payments/payment', 'POST', '{"intent":"sale","payer":{"payment_method":"paypal"},"redirect_urls":{"return_url":"http://localhost/donation/success?amount=100&activity=1&username=Andy+Peterson","cancel_url":"http://localhost/donation/cancel"},"transactions":[{"amount":{"currency":"MYR","total":"100"},"description":"Payment description","invoice_number":"64c638af4bc10"}]}', [])
 7 APPPATH\ThirdParty\paypal\vendor\paypal\rest-api-sdk-php\lib\PayPal\Api\Payment.php(571): PayPal\Common\PayPalResourceModel::executeCall('/v1/payments/payment', 'POST', '{"intent":"sale","payer":{"payment_method":"paypal"},"redirect_urls":{"return_url":"http://localhost/donation/success?amount=100&activity=1&username=Andy+Peterson","cancel_url":"http://localhost/donation/cancel"},"transactions":[{"amount":{"currency":"MYR","total":"100"},"description":"Payment description","invoice_number":"64c638af4bc10"}]}', null, Object(PayPal\Rest\ApiContext), Object(PayPal\Transport\PayPalRestCall))
 8 APPPATH\Controllers\CrowdfundingController.php(91): PayPal\Api\Payment->create(Object(PayPal\Rest\ApiContext))
 9 SYSTEMPATH\CodeIgniter.php(934): App\Controllers\CrowdfundingController->donate()
10 SYSTEMPATH\CodeIgniter.php(499): CodeIgniter\CodeIgniter->runController(Object(App\Controllers\CrowdfundingController))
11 SYSTEMPATH\CodeIgniter.php(368): CodeIgniter\CodeIgniter->handleRequest(null, Object(Config\Cache), false)
12 FCPATH\index.php(67): CodeIgniter\CodeIgniter->run()
WARNING - 2023-07-30 10:17:42 --> [DEPRECATED] Optional parameter $handlers declared before required parameter $method is implicitly treated as a required parameter in APPPATH\ThirdParty\paypal\vendor\paypal\rest-api-sdk-php\lib\PayPal\Transport\PayPalRestCall.php on line 53.
 1 VENDORPATH\composer\ClassLoader.php(582): include('D:\\xampp\\htdocs\\pibg_fyp\\system\\Debug\\Exceptions.php')
 2 VENDORPATH\composer\ClassLoader.php(433): Composer\Autoload\{closure}('D:\\xampp\\htdocs\\pibg_fyp\\app\\ThirdParty\\paypal\\vendor\\composer/../paypal/rest-api-sdk-php/lib\\PayPal\\Transport\\PayPalRestCall.php')
 3 APPPATH\ThirdParty\paypal\vendor\paypal\rest-api-sdk-php\lib\PayPal\Common\PayPalResourceModel.php(101): Composer\Autoload\ClassLoader->loadClass('PayPal\\Transport\\PayPalRestCall')
 4 APPPATH\ThirdParty\paypal\vendor\paypal\rest-api-sdk-php\lib\PayPal\Api\Payment.php(595): PayPal\Common\PayPalResourceModel::executeCall('/v1/payments/payment/PAYID-MTDDRNA9BC85756NR409352V', 'GET', '', null, Object(PayPal\Rest\ApiContext), null)
 5 APPPATH\Controllers\CrowdfundingController.php(111): PayPal\Api\Payment::get('PAYID-MTDDRNA9BC85756NR409352V', Object(PayPal\Rest\ApiContext))
 6 SYSTEMPATH\CodeIgniter.php(934): App\Controllers\CrowdfundingController->donationSuccess()
 7 SYSTEMPATH\CodeIgniter.php(499): CodeIgniter\CodeIgniter->runController(Object(App\Controllers\CrowdfundingController))
 8 SYSTEMPATH\CodeIgniter.php(368): CodeIgniter\CodeIgniter->handleRequest(null, Object(Config\Cache), false)
 9 FCPATH\index.php(67): CodeIgniter\CodeIgniter->run()
WARNING - 2023-07-30 10:17:42 --> [DEPRECATED] Optional parameter $configs declared before required parameter $prefix is implicitly treated as a required parameter in APPPATH\ThirdParty\paypal\vendor\paypal\rest-api-sdk-php\lib\PayPal\Core\PayPalHttpConfig.php on line 286.
 1 VENDORPATH\composer\ClassLoader.php(582): include('D:\\xampp\\htdocs\\pibg_fyp\\system\\Debug\\Exceptions.php')
 2 VENDORPATH\composer\ClassLoader.php(433): Composer\Autoload\{closure}('D:\\xampp\\htdocs\\pibg_fyp\\app\\ThirdParty\\paypal\\vendor\\composer/../paypal/rest-api-sdk-php/lib\\PayPal\\Core\\PayPalHttpConfig.php')
 3 APPPATH\ThirdParty\paypal\vendor\paypal\rest-api-sdk-php\lib\PayPal\Transport\PayPalRestCall.php(56): Composer\Autoload\ClassLoader->loadClass('PayPal\\Core\\PayPalHttpConfig')
 4 APPPATH\ThirdParty\paypal\vendor\paypal\rest-api-sdk-php\lib\PayPal\Common\PayPalResourceModel.php(104): PayPal\Transport\PayPalRestCall->execute([...], '/v1/payments/payment/PAYID-MTDDRNA9BC85756NR409352V', 'GET', '', null)
 5 APPPATH\ThirdParty\paypal\vendor\paypal\rest-api-sdk-php\lib\PayPal\Api\Payment.php(595): PayPal\Common\PayPalResourceModel::executeCall('/v1/payments/payment/PAYID-MTDDRNA9BC85756NR409352V', 'GET', '', null, Object(PayPal\Rest\ApiContext), Object(PayPal\Transport\PayPalRestCall))
 6 APPPATH\Controllers\CrowdfundingController.php(111): PayPal\Api\Payment::get('PAYID-MTDDRNA9BC85756NR409352V', Object(PayPal\Rest\ApiContext))
 7 SYSTEMPATH\CodeIgniter.php(934): App\Controllers\CrowdfundingController->donationSuccess()
 8 SYSTEMPATH\CodeIgniter.php(499): CodeIgniter\CodeIgniter->runController(Object(App\Controllers\CrowdfundingController))
 9 SYSTEMPATH\CodeIgniter.php(368): CodeIgniter\CodeIgniter->handleRequest(null, Object(Config\Cache), false)
10 FCPATH\index.php(67): CodeIgniter\CodeIgniter->run()
WARNING - 2023-07-30 10:17:42 --> [DEPRECATED] Optional parameter $config declared before required parameter $tokenExpiresIn is implicitly treated as a required parameter in APPPATH\ThirdParty\paypal\vendor\paypal\rest-api-sdk-php\lib\PayPal\Cache\AuthorizationCache.php on line 56.
 1 VENDORPATH\composer\ClassLoader.php(582): include('D:\\xampp\\htdocs\\pibg_fyp\\system\\Debug\\Exceptions.php')
 2 VENDORPATH\composer\ClassLoader.php(433): Composer\Autoload\{closure}('D:\\xampp\\htdocs\\pibg_fyp\\app\\ThirdParty\\paypal\\vendor\\composer/../paypal/rest-api-sdk-php/lib\\PayPal\\Cache\\AuthorizationCache.php')
 3 APPPATH\ThirdParty\paypal\vendor\paypal\rest-api-sdk-php\lib\PayPal\Auth\OAuthTokenCredential.php(131): Composer\Autoload\ClassLoader->loadClass('PayPal\\Cache\\AuthorizationCache')
 4 APPPATH\ThirdParty\paypal\vendor\paypal\rest-api-sdk-php\lib\PayPal\Handler\RestHandler.php(82): PayPal\Auth\OAuthTokenCredential->getAccessToken([])
 5 APPPATH\ThirdParty\paypal\vendor\paypal\rest-api-sdk-php\lib\PayPal\Transport\PayPalRestCall.php(75): PayPal\Handler\RestHandler->handle(Object(PayPal\Core\PayPalHttpConfig), '', [...])
 6 APPPATH\ThirdParty\paypal\vendor\paypal\rest-api-sdk-php\lib\PayPal\Common\PayPalResourceModel.php(104): PayPal\Transport\PayPalRestCall->execute([...], '/v1/payments/payment/PAYID-MTDDRNA9BC85756NR409352V', 'GET', '', [])
 7 APPPATH\ThirdParty\paypal\vendor\paypal\rest-api-sdk-php\lib\PayPal\Api\Payment.php(595): PayPal\Common\PayPalResourceModel::executeCall('/v1/payments/payment/PAYID-MTDDRNA9BC85756NR409352V', 'GET', '', null, Object(PayPal\Rest\ApiContext), Object(PayPal\Transport\PayPalRestCall))
 8 APPPATH\Controllers\CrowdfundingController.php(111): PayPal\Api\Payment::get('PAYID-MTDDRNA9BC85756NR409352V', Object(PayPal\Rest\ApiContext))
 9 SYSTEMPATH\CodeIgniter.php(934): App\Controllers\CrowdfundingController->donationSuccess()
10 SYSTEMPATH\CodeIgniter.php(499): CodeIgniter\CodeIgniter->runController(Object(App\Controllers\CrowdfundingController))
11 SYSTEMPATH\CodeIgniter.php(368): CodeIgniter\CodeIgniter->handleRequest(null, Object(Config\Cache), false)
12 FCPATH\index.php(67): CodeIgniter\CodeIgniter->run()
INFO - 2023-07-30 10:17:49 --> Session: Class initialized using 'CodeIgniter\Session\Handlers\FileHandler' driver.
INFO - 2023-07-30 10:17:50 --> Session: Class initialized using 'CodeIgniter\Session\Handlers\FileHandler' driver.
INFO - 2023-07-30 10:17:59 --> Session: Class initialized using 'CodeIgniter\Session\Handlers\FileHandler' driver.
INFO - 2023-07-30 10:18:13 --> Session: Class initialized using 'CodeIgniter\Session\Handlers\FileHandler' driver.
INFO - 2023-07-30 10:19:20 --> Session: Class initialized using 'CodeIgniter\Session\Handlers\FileHandler' driver.
INFO - 2023-07-30 10:19:28 --> Session: Class initialized using 'CodeIgniter\Session\Handlers\FileHandler' driver.
INFO - 2023-07-30 10:19:30 --> Session: Class initialized using 'CodeIgniter\Session\Handlers\FileHandler' driver.
INFO - 2023-07-30 10:19:50 --> Session: Class initialized using 'CodeIgniter\Session\Handlers\FileHandler' driver.
INFO - 2023-07-30 10:19:59 --> Session: Class initialized using 'CodeIgniter\Session\Handlers\FileHandler' driver.
INFO - 2023-07-30 10:20:34 --> Session: Class initialized using 'CodeIgniter\Session\Handlers\FileHandler' driver.
INFO - 2023-07-30 10:20:54 --> Session: Class initialized using 'CodeIgniter\Session\Handlers\FileHandler' driver.
INFO - 2023-07-30 10:21:27 --> Session: Class initialized using 'CodeIgniter\Session\Handlers\FileHandler' driver.
INFO - 2023-07-30 10:21:31 --> Session: Class initialized using 'CodeIgniter\Session\Handlers\FileHandler' driver.
INFO - 2023-07-30 10:21:55 --> Session: Class initialized using 'CodeIgniter\Session\Handlers\FileHandler' driver.
INFO - 2023-07-30 10:22:04 --> Session: Class initialized using 'CodeIgniter\Session\Handlers\FileHandler' driver.
INFO - 2023-07-30 10:22:06 --> Session: Class initialized using 'CodeIgniter\Session\Handlers\FileHandler' driver.
INFO - 2023-07-30 10:22:19 --> Session: Class initialized using 'CodeIgniter\Session\Handlers\FileHandler' driver.
INFO - 2023-07-30 10:22:22 --> Session: Class initialized using 'CodeIgniter\Session\Handlers\FileHandler' driver.
INFO - 2023-07-30 10:22:49 --> Session: Class initialized using 'CodeIgniter\Session\Handlers\FileHandler' driver.
INFO - 2023-07-30 10:23:25 --> Session: Class initialized using 'CodeIgniter\Session\Handlers\FileHandler' driver.
INFO - 2023-07-30 10:23:34 --> Session: Class initialized using 'CodeIgniter\Session\Handlers\FileHandler' driver.
INFO - 2023-07-30 10:23:35 --> Session: Class initialized using 'CodeIgniter\Session\Handlers\FileHandler' driver.
INFO - 2023-07-30 10:23:50 --> Session: Class initialized using 'CodeIgniter\Session\Handlers\FileHandler' driver.
INFO - 2023-07-30 10:24:12 --> Session: Class initialized using 'CodeIgniter\Session\Handlers\FileHandler' driver.
INFO - 2023-07-30 10:24:21 --> Session: Class initialized using 'CodeIgniter\Session\Handlers\FileHandler' driver.
INFO - 2023-07-30 10:26:50 --> Session: Class initialized using 'CodeIgniter\Session\Handlers\FileHandler' driver.
INFO - 2023-07-30 10:26:59 --> Session: Class initialized using 'CodeIgniter\Session\Handlers\FileHandler' driver.
INFO - 2023-07-30 10:27:00 --> Session: Class initialized using 'CodeIgniter\Session\Handlers\FileHandler' driver.
INFO - 2023-07-30 10:27:08 --> Session: Class initialized using 'CodeIgniter\Session\Handlers\FileHandler' driver.
INFO - 2023-07-30 10:27:21 --> Session: Class initialized using 'CodeIgniter\Session\Handlers\FileHandler' driver.
INFO - 2023-07-30 10:27:26 --> Session: Class initialized using 'CodeIgniter\Session\Handlers\FileHandler' driver.
INFO - 2023-07-30 10:27:36 --> Session: Class initialized using 'CodeIgniter\Session\Handlers\FileHandler' driver.
INFO - 2023-07-30 10:27:51 --> Session: Class initialized using 'CodeIgniter\Session\Handlers\FileHandler' driver.
INFO - 2023-07-30 10:28:10 --> Session: Class initialized using 'CodeIgniter\Session\Handlers\FileHandler' driver.
INFO - 2023-07-30 10:28:29 --> Session: Class initialized using 'CodeIgniter\Session\Handlers\FileHandler' driver.
INFO - 2023-07-30 10:28:38 --> Session: Class initialized using 'CodeIgniter\Session\Handlers\FileHandler' driver.
INFO - 2023-07-30 10:28:59 --> Session: Class initialized using 'CodeIgniter\Session\Handlers\FileHandler' driver.
