INFO - 2023-06-13 04:47:38 --> Session: Class initialized using 'CodeIgniter\Session\Handlers\FileHandler' driver.
INFO - 2023-06-13 04:48:16 --> Session: Class initialized using 'CodeIgniter\Session\Handlers\FileHandler' driver.
INFO - 2023-06-13 04:53:56 --> Session: Class initialized using 'CodeIgniter\Session\Handlers\FileHandler' driver.
INFO - 2023-06-13 04:53:56 --> Session: Class initialized using 'CodeIgniter\Session\Handlers\FileHandler' driver.
INFO - 2023-06-13 04:54:52 --> Session: Class initialized using 'CodeIgniter\Session\Handlers\FileHandler' driver.
CRITICAL - 2023-06-13 04:54:52 --> Undefined variable $participants
in APPPATH\Views\dashboard\activityTeacher.php on line 169.
 1 APPPATH\Views\dashboard\activityTeacher.php(169): CodeIgniter\Debug\Exceptions->errorHandler(2, 'Undefined variable $participants', 'D:\\xampp\\htdocs\\pibg_fyp\\app\\Views\\dashboard\\activityTeacher.php', 169)
 2 SYSTEMPATH\View\View.php(213): include('D:\\xampp\\htdocs\\pibg_fyp\\app\\Views\\dashboard\\activityTeacher.php')
 3 SYSTEMPATH\View\View.php(216): CodeIgniter\View\View->CodeIgniter\View\{closure}()
 4 SYSTEMPATH\Common.php(1184): CodeIgniter\View\View->render('dashboard/activityTeacher', [], true)
 5 APPPATH\Controllers\TeacherController.php(51): view('dashboard/activityTeacher', [...])
 6 SYSTEMPATH\CodeIgniter.php(934): App\Controllers\TeacherController->activity()
 7 SYSTEMPATH\CodeIgniter.php(499): CodeIgniter\CodeIgniter->runController(Object(App\Controllers\TeacherController))
 8 SYSTEMPATH\CodeIgniter.php(368): CodeIgniter\CodeIgniter->handleRequest(null, Object(Config\Cache), false)
 9 FCPATH\index.php(67): CodeIgniter\CodeIgniter->run()
INFO - 2023-06-13 04:55:58 --> Session: Class initialized using 'CodeIgniter\Session\Handlers\FileHandler' driver.
CRITICAL - 2023-06-13 04:55:58 --> Undefined variable $participants
in APPPATH\Views\dashboard\activityTeacher.php on line 169.
 1 APPPATH\Views\dashboard\activityTeacher.php(169): CodeIgniter\Debug\Exceptions->errorHandler(2, 'Undefined variable $participants', 'D:\\xampp\\htdocs\\pibg_fyp\\app\\Views\\dashboard\\activityTeacher.php', 169)
 2 SYSTEMPATH\View\View.php(213): include('D:\\xampp\\htdocs\\pibg_fyp\\app\\Views\\dashboard\\activityTeacher.php')
 3 SYSTEMPATH\View\View.php(216): CodeIgniter\View\View->CodeIgniter\View\{closure}()
 4 SYSTEMPATH\Common.php(1184): CodeIgniter\View\View->render('dashboard/activityTeacher', [], true)
 5 APPPATH\Controllers\TeacherController.php(51): view('dashboard/activityTeacher', [...])
 6 SYSTEMPATH\CodeIgniter.php(934): App\Controllers\TeacherController->activity()
 7 SYSTEMPATH\CodeIgniter.php(499): CodeIgniter\CodeIgniter->runController(Object(App\Controllers\TeacherController))
 8 SYSTEMPATH\CodeIgniter.php(368): CodeIgniter\CodeIgniter->handleRequest(null, Object(Config\Cache), false)
 9 FCPATH\index.php(67): CodeIgniter\CodeIgniter->run()
INFO - 2023-06-13 04:56:09 --> Session: Class initialized using 'CodeIgniter\Session\Handlers\FileHandler' driver.
INFO - 2023-06-13 04:57:39 --> Session: Class initialized using 'CodeIgniter\Session\Handlers\FileHandler' driver.
CRITICAL - 2023-06-13 04:57:39 --> Undefined variable $participants
in APPPATH\Views\dashboard\activityTeacher.php on line 169.
 1 APPPATH\Views\dashboard\activityTeacher.php(169): CodeIgniter\Debug\Exceptions->errorHandler(2, 'Undefined variable $participants', 'D:\\xampp\\htdocs\\pibg_fyp\\app\\Views\\dashboard\\activityTeacher.php', 169)
 2 SYSTEMPATH\View\View.php(213): include('D:\\xampp\\htdocs\\pibg_fyp\\app\\Views\\dashboard\\activityTeacher.php')
 3 SYSTEMPATH\View\View.php(216): CodeIgniter\View\View->CodeIgniter\View\{closure}()
 4 SYSTEMPATH\Common.php(1184): CodeIgniter\View\View->render('dashboard/activityTeacher', [], true)
 5 APPPATH\Controllers\TeacherController.php(51): view('dashboard/activityTeacher', [...])
 6 SYSTEMPATH\CodeIgniter.php(934): App\Controllers\TeacherController->activity()
 7 SYSTEMPATH\CodeIgniter.php(499): CodeIgniter\CodeIgniter->runController(Object(App\Controllers\TeacherController))
 8 SYSTEMPATH\CodeIgniter.php(368): CodeIgniter\CodeIgniter->handleRequest(null, Object(Config\Cache), false)
 9 FCPATH\index.php(67): CodeIgniter\CodeIgniter->run()
INFO - 2023-06-13 05:01:43 --> Session: Class initialized using 'CodeIgniter\Session\Handlers\FileHandler' driver.
CRITICAL - 2023-06-13 05:01:43 --> Undefined variable $participants
in APPPATH\Views\dashboard\activityTeacher.php on line 169.
 1 APPPATH\Views\dashboard\activityTeacher.php(169): CodeIgniter\Debug\Exceptions->errorHandler(2, 'Undefined variable $participants', 'D:\\xampp\\htdocs\\pibg_fyp\\app\\Views\\dashboard\\activityTeacher.php', 169)
 2 SYSTEMPATH\View\View.php(213): include('D:\\xampp\\htdocs\\pibg_fyp\\app\\Views\\dashboard\\activityTeacher.php')
 3 SYSTEMPATH\View\View.php(216): CodeIgniter\View\View->CodeIgniter\View\{closure}()
 4 SYSTEMPATH\Common.php(1184): CodeIgniter\View\View->render('dashboard/activityTeacher', [], true)
 5 APPPATH\Controllers\TeacherController.php(51): view('dashboard/activityTeacher', [...])
 6 SYSTEMPATH\CodeIgniter.php(934): App\Controllers\TeacherController->activity()
 7 SYSTEMPATH\CodeIgniter.php(499): CodeIgniter\CodeIgniter->runController(Object(App\Controllers\TeacherController))
 8 SYSTEMPATH\CodeIgniter.php(368): CodeIgniter\CodeIgniter->handleRequest(null, Object(Config\Cache), false)
 9 FCPATH\index.php(67): CodeIgniter\CodeIgniter->run()
INFO - 2023-06-13 05:04:40 --> Session: Class initialized using 'CodeIgniter\Session\Handlers\FileHandler' driver.
INFO - 2023-06-13 05:13:30 --> Session: Class initialized using 'CodeIgniter\Session\Handlers\FileHandler' driver.
CRITICAL - 2023-06-13 05:13:30 --> Undefined variable $participants
in APPPATH\Views\dashboard\activityTeacher.php on line 167.
 1 APPPATH\Views\dashboard\activityTeacher.php(167): CodeIgniter\Debug\Exceptions->errorHandler(2, 'Undefined variable $participants', 'D:\\xampp\\htdocs\\pibg_fyp\\app\\Views\\dashboard\\activityTeacher.php', 167)
 2 SYSTEMPATH\View\View.php(213): include('D:\\xampp\\htdocs\\pibg_fyp\\app\\Views\\dashboard\\activityTeacher.php')
 3 SYSTEMPATH\View\View.php(216): CodeIgniter\View\View->CodeIgniter\View\{closure}()
 4 SYSTEMPATH\Common.php(1184): CodeIgniter\View\View->render('dashboard/activityTeacher', [], true)
 5 APPPATH\Controllers\TeacherController.php(51): view('dashboard/activityTeacher', [...])
 6 SYSTEMPATH\CodeIgniter.php(934): App\Controllers\TeacherController->activity()
 7 SYSTEMPATH\CodeIgniter.php(499): CodeIgniter\CodeIgniter->runController(Object(App\Controllers\TeacherController))
 8 SYSTEMPATH\CodeIgniter.php(368): CodeIgniter\CodeIgniter->handleRequest(null, Object(Config\Cache), false)
 9 FCPATH\index.php(67): CodeIgniter\CodeIgniter->run()
INFO - 2023-06-13 05:14:42 --> Session: Class initialized using 'CodeIgniter\Session\Handlers\FileHandler' driver.
INFO - 2023-06-13 05:15:06 --> Session: Class initialized using 'CodeIgniter\Session\Handlers\FileHandler' driver.
INFO - 2023-06-13 05:15:29 --> Session: Class initialized using 'CodeIgniter\Session\Handlers\FileHandler' driver.
INFO - 2023-06-13 05:21:19 --> Session: Class initialized using 'CodeIgniter\Session\Handlers\FileHandler' driver.
CRITICAL - 2023-06-13 05:21:19 --> Undefined variable $participants
in APPPATH\Views\dashboard\activityTeacher.php on line 167.
 1 APPPATH\Views\dashboard\activityTeacher.php(167): CodeIgniter\Debug\Exceptions->errorHandler(2, 'Undefined variable $participants', 'D:\\xampp\\htdocs\\pibg_fyp\\app\\Views\\dashboard\\activityTeacher.php', 167)
 2 SYSTEMPATH\View\View.php(213): include('D:\\xampp\\htdocs\\pibg_fyp\\app\\Views\\dashboard\\activityTeacher.php')
 3 SYSTEMPATH\View\View.php(216): CodeIgniter\View\View->CodeIgniter\View\{closure}()
 4 SYSTEMPATH\Common.php(1184): CodeIgniter\View\View->render('dashboard/activityTeacher', [], true)
 5 APPPATH\Controllers\TeacherController.php(51): view('dashboard/activityTeacher', [...])
 6 SYSTEMPATH\CodeIgniter.php(934): App\Controllers\TeacherController->activity()
 7 SYSTEMPATH\CodeIgniter.php(499): CodeIgniter\CodeIgniter->runController(Object(App\Controllers\TeacherController))
 8 SYSTEMPATH\CodeIgniter.php(368): CodeIgniter\CodeIgniter->handleRequest(null, Object(Config\Cache), false)
 9 FCPATH\index.php(67): CodeIgniter\CodeIgniter->run()
INFO - 2023-06-13 05:27:51 --> Session: Class initialized using 'CodeIgniter\Session\Handlers\FileHandler' driver.
CRITICAL - 2023-06-13 05:27:51 --> Undefined variable $participants
in APPPATH\Views\dashboard\activityTeacher.php on line 167.
 1 APPPATH\Views\dashboard\activityTeacher.php(167): CodeIgniter\Debug\Exceptions->errorHandler(2, 'Undefined variable $participants', 'D:\\xampp\\htdocs\\pibg_fyp\\app\\Views\\dashboard\\activityTeacher.php', 167)
 2 SYSTEMPATH\View\View.php(213): include('D:\\xampp\\htdocs\\pibg_fyp\\app\\Views\\dashboard\\activityTeacher.php')
 3 SYSTEMPATH\View\View.php(216): CodeIgniter\View\View->CodeIgniter\View\{closure}()
 4 SYSTEMPATH\Common.php(1184): CodeIgniter\View\View->render('dashboard/activityTeacher', [], true)
 5 APPPATH\Controllers\TeacherController.php(51): view('dashboard/activityTeacher', [...])
 6 SYSTEMPATH\CodeIgniter.php(934): App\Controllers\TeacherController->activity()
 7 SYSTEMPATH\CodeIgniter.php(499): CodeIgniter\CodeIgniter->runController(Object(App\Controllers\TeacherController))
 8 SYSTEMPATH\CodeIgniter.php(368): CodeIgniter\CodeIgniter->handleRequest(null, Object(Config\Cache), false)
 9 FCPATH\index.php(67): CodeIgniter\CodeIgniter->run()
INFO - 2023-06-13 05:28:00 --> Session: Class initialized using 'CodeIgniter\Session\Handlers\FileHandler' driver.
INFO - 2023-06-13 05:28:27 --> Session: Class initialized using 'CodeIgniter\Session\Handlers\FileHandler' driver.
CRITICAL - 2023-06-13 05:28:27 --> Undefined variable $participants
in APPPATH\Views\dashboard\activityTeacher.php on line 164.
 1 APPPATH\Views\dashboard\activityTeacher.php(164): CodeIgniter\Debug\Exceptions->errorHandler(2, 'Undefined variable $participants', 'D:\\xampp\\htdocs\\pibg_fyp\\app\\Views\\dashboard\\activityTeacher.php', 164)
 2 SYSTEMPATH\View\View.php(213): include('D:\\xampp\\htdocs\\pibg_fyp\\app\\Views\\dashboard\\activityTeacher.php')
 3 SYSTEMPATH\View\View.php(216): CodeIgniter\View\View->CodeIgniter\View\{closure}()
 4 SYSTEMPATH\Common.php(1184): CodeIgniter\View\View->render('dashboard/activityTeacher', [], true)
 5 APPPATH\Controllers\TeacherController.php(51): view('dashboard/activityTeacher', [...])
 6 SYSTEMPATH\CodeIgniter.php(934): App\Controllers\TeacherController->activity()
 7 SYSTEMPATH\CodeIgniter.php(499): CodeIgniter\CodeIgniter->runController(Object(App\Controllers\TeacherController))
 8 SYSTEMPATH\CodeIgniter.php(368): CodeIgniter\CodeIgniter->handleRequest(null, Object(Config\Cache), false)
 9 FCPATH\index.php(67): CodeIgniter\CodeIgniter->run()
INFO - 2023-06-13 05:28:31 --> Session: Class initialized using 'CodeIgniter\Session\Handlers\FileHandler' driver.
INFO - 2023-06-13 05:28:44 --> Session: Class initialized using 'CodeIgniter\Session\Handlers\FileHandler' driver.
INFO - 2023-06-13 05:29:02 --> Session: Class initialized using 'CodeIgniter\Session\Handlers\FileHandler' driver.
CRITICAL - 2023-06-13 05:29:02 --> Undefined variable $participants
in APPPATH\Views\dashboard\activityTeacher.php on line 164.
 1 APPPATH\Views\dashboard\activityTeacher.php(164): CodeIgniter\Debug\Exceptions->errorHandler(2, 'Undefined variable $participants', 'D:\\xampp\\htdocs\\pibg_fyp\\app\\Views\\dashboard\\activityTeacher.php', 164)
 2 SYSTEMPATH\View\View.php(213): include('D:\\xampp\\htdocs\\pibg_fyp\\app\\Views\\dashboard\\activityTeacher.php')
 3 SYSTEMPATH\View\View.php(216): CodeIgniter\View\View->CodeIgniter\View\{closure}()
 4 SYSTEMPATH\Common.php(1184): CodeIgniter\View\View->render('dashboard/activityTeacher', [], true)
 5 APPPATH\Controllers\TeacherController.php(51): view('dashboard/activityTeacher', [...])
 6 SYSTEMPATH\CodeIgniter.php(934): App\Controllers\TeacherController->activity()
 7 SYSTEMPATH\CodeIgniter.php(499): CodeIgniter\CodeIgniter->runController(Object(App\Controllers\TeacherController))
 8 SYSTEMPATH\CodeIgniter.php(368): CodeIgniter\CodeIgniter->handleRequest(null, Object(Config\Cache), false)
 9 FCPATH\index.php(67): CodeIgniter\CodeIgniter->run()
INFO - 2023-06-13 05:29:14 --> Session: Class initialized using 'CodeIgniter\Session\Handlers\FileHandler' driver.
CRITICAL - 2023-06-13 05:29:14 --> Undefined array key "fld_id"
in APPPATH\Views\dashboard\activityTeacher.php on line 164.
 1 APPPATH\Views\dashboard\activityTeacher.php(164): CodeIgniter\Debug\Exceptions->errorHandler(2, 'Undefined array key "fld_id"', 'D:\\xampp\\htdocs\\pibg_fyp\\app\\Views\\dashboard\\activityTeacher.php', 164)
 2 SYSTEMPATH\View\View.php(213): include('D:\\xampp\\htdocs\\pibg_fyp\\app\\Views\\dashboard\\activityTeacher.php')
 3 SYSTEMPATH\View\View.php(216): CodeIgniter\View\View->CodeIgniter\View\{closure}()
 4 SYSTEMPATH\Common.php(1184): CodeIgniter\View\View->render('dashboard/activityTeacher', [], true)
 5 APPPATH\Controllers\TeacherController.php(51): view('dashboard/activityTeacher', [...])
 6 SYSTEMPATH\CodeIgniter.php(934): App\Controllers\TeacherController->activity()
 7 SYSTEMPATH\CodeIgniter.php(499): CodeIgniter\CodeIgniter->runController(Object(App\Controllers\TeacherController))
 8 SYSTEMPATH\CodeIgniter.php(368): CodeIgniter\CodeIgniter->handleRequest(null, Object(Config\Cache), false)
 9 FCPATH\index.php(67): CodeIgniter\CodeIgniter->run()
INFO - 2023-06-13 05:29:51 --> Session: Class initialized using 'CodeIgniter\Session\Handlers\FileHandler' driver.
INFO - 2023-06-13 05:30:01 --> Session: Class initialized using 'CodeIgniter\Session\Handlers\FileHandler' driver.
CRITICAL - 2023-06-13 05:30:01 --> Undefined array key "fld_id"
in APPPATH\Views\dashboard\activityTeacher.php on line 87.
 1 APPPATH\Views\dashboard\activityTeacher.php(87): CodeIgniter\Debug\Exceptions->errorHandler(2, 'Undefined array key "fld_id"', 'D:\\xampp\\htdocs\\pibg_fyp\\app\\Views\\dashboard\\activityTeacher.php', 87)
 2 SYSTEMPATH\View\View.php(213): include('D:\\xampp\\htdocs\\pibg_fyp\\app\\Views\\dashboard\\activityTeacher.php')
 3 SYSTEMPATH\View\View.php(216): CodeIgniter\View\View->CodeIgniter\View\{closure}()
 4 SYSTEMPATH\Common.php(1184): CodeIgniter\View\View->render('dashboard/activityTeacher', [], true)
 5 APPPATH\Controllers\TeacherController.php(51): view('dashboard/activityTeacher', [...])
 6 SYSTEMPATH\CodeIgniter.php(934): App\Controllers\TeacherController->activity()
 7 SYSTEMPATH\CodeIgniter.php(499): CodeIgniter\CodeIgniter->runController(Object(App\Controllers\TeacherController))
 8 SYSTEMPATH\CodeIgniter.php(368): CodeIgniter\CodeIgniter->handleRequest(null, Object(Config\Cache), false)
 9 FCPATH\index.php(67): CodeIgniter\CodeIgniter->run()
INFO - 2023-06-13 05:31:31 --> Session: Class initialized using 'CodeIgniter\Session\Handlers\FileHandler' driver.
INFO - 2023-06-13 05:32:05 --> Session: Class initialized using 'CodeIgniter\Session\Handlers\FileHandler' driver.
CRITICAL - 2023-06-13 05:32:05 --> Undefined array key "fld_id"
in APPPATH\Views\dashboard\activityTeacher.php on line 87.
 1 APPPATH\Views\dashboard\activityTeacher.php(87): CodeIgniter\Debug\Exceptions->errorHandler(2, 'Undefined array key "fld_id"', 'D:\\xampp\\htdocs\\pibg_fyp\\app\\Views\\dashboard\\activityTeacher.php', 87)
 2 SYSTEMPATH\View\View.php(213): include('D:\\xampp\\htdocs\\pibg_fyp\\app\\Views\\dashboard\\activityTeacher.php')
 3 SYSTEMPATH\View\View.php(216): CodeIgniter\View\View->CodeIgniter\View\{closure}()
 4 SYSTEMPATH\Common.php(1184): CodeIgniter\View\View->render('dashboard/activityTeacher', [], true)
 5 APPPATH\Controllers\TeacherController.php(51): view('dashboard/activityTeacher', [...])
 6 SYSTEMPATH\CodeIgniter.php(934): App\Controllers\TeacherController->activity()
 7 SYSTEMPATH\CodeIgniter.php(499): CodeIgniter\CodeIgniter->runController(Object(App\Controllers\TeacherController))
 8 SYSTEMPATH\CodeIgniter.php(368): CodeIgniter\CodeIgniter->handleRequest(null, Object(Config\Cache), false)
 9 FCPATH\index.php(67): CodeIgniter\CodeIgniter->run()
INFO - 2023-06-13 05:32:09 --> Session: Class initialized using 'CodeIgniter\Session\Handlers\FileHandler' driver.
INFO - 2023-06-13 05:35:43 --> Session: Class initialized using 'CodeIgniter\Session\Handlers\FileHandler' driver.
INFO - 2023-06-13 05:37:41 --> Session: Class initialized using 'CodeIgniter\Session\Handlers\FileHandler' driver.
INFO - 2023-06-13 05:38:22 --> Session: Class initialized using 'CodeIgniter\Session\Handlers\FileHandler' driver.
CRITICAL - 2023-06-13 05:38:22 --> Undefined variable $participants
in APPPATH\Views\dashboard\activityTeacher.php on line 166.
 1 APPPATH\Views\dashboard\activityTeacher.php(166): CodeIgniter\Debug\Exceptions->errorHandler(2, 'Undefined variable $participants', 'D:\\xampp\\htdocs\\pibg_fyp\\app\\Views\\dashboard\\activityTeacher.php', 166)
 2 SYSTEMPATH\View\View.php(213): include('D:\\xampp\\htdocs\\pibg_fyp\\app\\Views\\dashboard\\activityTeacher.php')
 3 SYSTEMPATH\View\View.php(216): CodeIgniter\View\View->CodeIgniter\View\{closure}()
 4 SYSTEMPATH\Common.php(1184): CodeIgniter\View\View->render('dashboard/activityTeacher', [], true)
 5 APPPATH\Controllers\TeacherController.php(51): view('dashboard/activityTeacher', [...])
 6 SYSTEMPATH\CodeIgniter.php(934): App\Controllers\TeacherController->activity()
 7 SYSTEMPATH\CodeIgniter.php(499): CodeIgniter\CodeIgniter->runController(Object(App\Controllers\TeacherController))
 8 SYSTEMPATH\CodeIgniter.php(368): CodeIgniter\CodeIgniter->handleRequest(null, Object(Config\Cache), false)
 9 FCPATH\index.php(67): CodeIgniter\CodeIgniter->run()
INFO - 2023-06-13 05:39:18 --> Session: Class initialized using 'CodeIgniter\Session\Handlers\FileHandler' driver.
INFO - 2023-06-13 07:40:26 --> Session: Class initialized using 'CodeIgniter\Session\Handlers\FileHandler' driver.
CRITICAL - 2023-06-13 07:40:26 --> Undefined array key "fld_name"
in APPPATH\Views\layout\dashboard-teacher.php on line 177.
 1 APPPATH\Views\layout\dashboard-teacher.php(177): CodeIgniter\Debug\Exceptions->errorHandler(2, 'Undefined array key "fld_name"', 'D:\\xampp\\htdocs\\pibg_fyp\\app\\Views\\layout\\dashboard-teacher.php', 177)
 2 SYSTEMPATH\View\View.php(213): include('D:\\xampp\\htdocs\\pibg_fyp\\app\\Views\\layout\\dashboard-teacher.php')
 3 SYSTEMPATH\View\View.php(216): CodeIgniter\View\View->CodeIgniter\View\{closure}()
 4 SYSTEMPATH\View\View.php(229): CodeIgniter\View\View->render('layout/dashboard-teacher', [], true)
 5 SYSTEMPATH\Common.php(1184): CodeIgniter\View\View->render('dashboard/homeTeacher', [], true)
 6 APPPATH\Controllers\TeacherController.php(20): view('dashboard/homeTeacher', [...])
 7 SYSTEMPATH\CodeIgniter.php(934): App\Controllers\TeacherController->index()
 8 SYSTEMPATH\CodeIgniter.php(499): CodeIgniter\CodeIgniter->runController(Object(App\Controllers\TeacherController))
 9 SYSTEMPATH\CodeIgniter.php(368): CodeIgniter\CodeIgniter->handleRequest(null, Object(Config\Cache), false)
10 FCPATH\index.php(67): CodeIgniter\CodeIgniter->run()
INFO - 2023-06-13 07:40:32 --> Session: Class initialized using 'CodeIgniter\Session\Handlers\FileHandler' driver.
INFO - 2023-06-13 07:40:44 --> Session: Class initialized using 'CodeIgniter\Session\Handlers\FileHandler' driver.
INFO - 2023-06-13 07:40:45 --> Session: Class initialized using 'CodeIgniter\Session\Handlers\FileHandler' driver.
INFO - 2023-06-13 07:40:49 --> Session: Class initialized using 'CodeIgniter\Session\Handlers\FileHandler' driver.
INFO - 2023-06-13 07:41:04 --> Session: Class initialized using 'CodeIgniter\Session\Handlers\FileHandler' driver.
INFO - 2023-06-13 07:41:06 --> Session: Class initialized using 'CodeIgniter\Session\Handlers\FileHandler' driver.
INFO - 2023-06-13 07:41:07 --> Session: Class initialized using 'CodeIgniter\Session\Handlers\FileHandler' driver.
CRITICAL - 2023-06-13 07:41:07 --> Invalid file: "teacher/participants.php"
in SYSTEMPATH\Exceptions\FrameworkException.php on line 33.
 1 SYSTEMPATH\View\View.php(201): CodeIgniter\Exceptions\FrameworkException::forInvalidFile('teacher/participants.php')
 2 SYSTEMPATH\Common.php(1184): CodeIgniter\View\View->render('teacher/participants', [], true)
 3 APPPATH\Controllers\TeacherController.php(227): view('teacher/participants', [...])
 4 SYSTEMPATH\CodeIgniter.php(934): App\Controllers\TeacherController->participants()
 5 SYSTEMPATH\CodeIgniter.php(499): CodeIgniter\CodeIgniter->runController(Object(App\Controllers\TeacherController))
 6 SYSTEMPATH\CodeIgniter.php(368): CodeIgniter\CodeIgniter->handleRequest(null, Object(Config\Cache), false)
 7 FCPATH\index.php(67): CodeIgniter\CodeIgniter->run()
INFO - 2023-06-13 07:43:44 --> Session: Class initialized using 'CodeIgniter\Session\Handlers\FileHandler' driver.
INFO - 2023-06-13 07:43:46 --> Session: Class initialized using 'CodeIgniter\Session\Handlers\FileHandler' driver.
INFO - 2023-06-13 07:43:47 --> Session: Class initialized using 'CodeIgniter\Session\Handlers\FileHandler' driver.
CRITICAL - 2023-06-13 07:43:47 --> Invalid file: "teacher/participants.php"
in SYSTEMPATH\Exceptions\FrameworkException.php on line 33.
 1 SYSTEMPATH\View\View.php(201): CodeIgniter\Exceptions\FrameworkException::forInvalidFile('teacher/participants.php')
 2 SYSTEMPATH\Common.php(1184): CodeIgniter\View\View->render('teacher/participants', [], true)
 3 APPPATH\Controllers\TeacherController.php(227): view('teacher/participants', [...])
 4 SYSTEMPATH\CodeIgniter.php(934): App\Controllers\TeacherController->participants()
 5 SYSTEMPATH\CodeIgniter.php(499): CodeIgniter\CodeIgniter->runController(Object(App\Controllers\TeacherController))
 6 SYSTEMPATH\CodeIgniter.php(368): CodeIgniter\CodeIgniter->handleRequest(null, Object(Config\Cache), false)
 7 FCPATH\index.php(67): CodeIgniter\CodeIgniter->run()
INFO - 2023-06-13 07:44:44 --> Session: Class initialized using 'CodeIgniter\Session\Handlers\FileHandler' driver.
INFO - 2023-06-13 07:44:47 --> Session: Class initialized using 'CodeIgniter\Session\Handlers\FileHandler' driver.
INFO - 2023-06-13 07:44:47 --> Session: Class initialized using 'CodeIgniter\Session\Handlers\FileHandler' driver.
CRITICAL - 2023-06-13 07:44:47 --> Invalid file: "teacher/participants.php"
in SYSTEMPATH\Exceptions\FrameworkException.php on line 33.
 1 SYSTEMPATH\View\View.php(201): CodeIgniter\Exceptions\FrameworkException::forInvalidFile('teacher/participants.php')
 2 SYSTEMPATH\Common.php(1184): CodeIgniter\View\View->render('teacher/participants', [], true)
 3 APPPATH\Controllers\TeacherController.php(227): view('teacher/participants', [...])
 4 SYSTEMPATH\CodeIgniter.php(934): App\Controllers\TeacherController->participants()
 5 SYSTEMPATH\CodeIgniter.php(499): CodeIgniter\CodeIgniter->runController(Object(App\Controllers\TeacherController))
 6 SYSTEMPATH\CodeIgniter.php(368): CodeIgniter\CodeIgniter->handleRequest(null, Object(Config\Cache), false)
 7 FCPATH\index.php(67): CodeIgniter\CodeIgniter->run()
INFO - 2023-06-13 07:49:05 --> Session: Class initialized using 'CodeIgniter\Session\Handlers\FileHandler' driver.
INFO - 2023-06-13 07:49:07 --> Session: Class initialized using 'CodeIgniter\Session\Handlers\FileHandler' driver.
CRITICAL - 2023-06-13 07:49:07 --> Invalid file: "teacher/participants.php"
in SYSTEMPATH\Exceptions\FrameworkException.php on line 33.
 1 SYSTEMPATH\View\View.php(201): CodeIgniter\Exceptions\FrameworkException::forInvalidFile('teacher/participants.php')
 2 SYSTEMPATH\Common.php(1184): CodeIgniter\View\View->render('teacher/participants', [], true)
 3 APPPATH\Controllers\TeacherController.php(227): view('teacher/participants', [...])
 4 SYSTEMPATH\CodeIgniter.php(934): App\Controllers\TeacherController->participants()
 5 SYSTEMPATH\CodeIgniter.php(499): CodeIgniter\CodeIgniter->runController(Object(App\Controllers\TeacherController))
 6 SYSTEMPATH\CodeIgniter.php(368): CodeIgniter\CodeIgniter->handleRequest(null, Object(Config\Cache), false)
 7 FCPATH\index.php(67): CodeIgniter\CodeIgniter->run()
INFO - 2023-06-13 07:49:41 --> Session: Class initialized using 'CodeIgniter\Session\Handlers\FileHandler' driver.
INFO - 2023-06-13 07:50:42 --> Session: Class initialized using 'CodeIgniter\Session\Handlers\FileHandler' driver.
INFO - 2023-06-13 07:50:44 --> Session: Class initialized using 'CodeIgniter\Session\Handlers\FileHandler' driver.
INFO - 2023-06-13 07:51:06 --> Session: Class initialized using 'CodeIgniter\Session\Handlers\FileHandler' driver.
INFO - 2023-06-13 07:51:09 --> Session: Class initialized using 'CodeIgniter\Session\Handlers\FileHandler' driver.
INFO - 2023-06-13 07:51:09 --> Session: Class initialized using 'CodeIgniter\Session\Handlers\FileHandler' driver.
INFO - 2023-06-13 07:51:25 --> Session: Class initialized using 'CodeIgniter\Session\Handlers\FileHandler' driver.
INFO - 2023-06-13 07:51:27 --> Session: Class initialized using 'CodeIgniter\Session\Handlers\FileHandler' driver.
INFO - 2023-06-13 07:51:29 --> Session: Class initialized using 'CodeIgniter\Session\Handlers\FileHandler' driver.
INFO - 2023-06-13 07:51:30 --> Session: Class initialized using 'CodeIgniter\Session\Handlers\FileHandler' driver.
INFO - 2023-06-13 07:52:08 --> Session: Class initialized using 'CodeIgniter\Session\Handlers\FileHandler' driver.
INFO - 2023-06-13 07:52:10 --> Session: Class initialized using 'CodeIgniter\Session\Handlers\FileHandler' driver.
INFO - 2023-06-13 07:52:12 --> Session: Class initialized using 'CodeIgniter\Session\Handlers\FileHandler' driver.
INFO - 2023-06-13 07:52:13 --> Session: Class initialized using 'CodeIgniter\Session\Handlers\FileHandler' driver.
INFO - 2023-06-13 07:52:16 --> Session: Class initialized using 'CodeIgniter\Session\Handlers\FileHandler' driver.
INFO - 2023-06-13 07:54:44 --> Session: Class initialized using 'CodeIgniter\Session\Handlers\FileHandler' driver.
INFO - 2023-06-13 07:54:45 --> Session: Class initialized using 'CodeIgniter\Session\Handlers\FileHandler' driver.
INFO - 2023-06-13 07:54:50 --> Session: Class initialized using 'CodeIgniter\Session\Handlers\FileHandler' driver.
INFO - 2023-06-13 07:54:52 --> Session: Class initialized using 'CodeIgniter\Session\Handlers\FileHandler' driver.
INFO - 2023-06-13 07:54:52 --> Session: Class initialized using 'CodeIgniter\Session\Handlers\FileHandler' driver.
INFO - 2023-06-13 08:01:05 --> Session: Class initialized using 'CodeIgniter\Session\Handlers\FileHandler' driver.
CRITICAL - 2023-06-13 08:01:05 --> Undefined variable $activity
in APPPATH\Views\dashboard\participants.php on line 7.
 1 APPPATH\Views\dashboard\participants.php(7): CodeIgniter\Debug\Exceptions->errorHandler(2, 'Undefined variable $activity', 'D:\\xampp\\htdocs\\pibg_fyp\\app\\Views\\dashboard\\participants.php', 7)
 2 SYSTEMPATH\View\View.php(213): include('D:\\xampp\\htdocs\\pibg_fyp\\app\\Views\\dashboard\\participants.php')
 3 SYSTEMPATH\View\View.php(216): CodeIgniter\View\View->CodeIgniter\View\{closure}()
 4 SYSTEMPATH\Common.php(1184): CodeIgniter\View\View->render('dashboard/participants', [], true)
 5 APPPATH\Controllers\TeacherController.php(64): view('dashboard/participants', [...])
 6 SYSTEMPATH\CodeIgniter.php(934): App\Controllers\TeacherController->participants()
 7 SYSTEMPATH\CodeIgniter.php(499): CodeIgniter\CodeIgniter->runController(Object(App\Controllers\TeacherController))
 8 SYSTEMPATH\CodeIgniter.php(368): CodeIgniter\CodeIgniter->handleRequest(null, Object(Config\Cache), false)
 9 FCPATH\index.php(67): CodeIgniter\CodeIgniter->run()
INFO - 2023-06-13 08:02:31 --> Session: Class initialized using 'CodeIgniter\Session\Handlers\FileHandler' driver.
CRITICAL - 2023-06-13 08:02:31 --> Undefined variable $activity
in APPPATH\Views\dashboard\participants.php on line 7.
 1 APPPATH\Views\dashboard\participants.php(7): CodeIgniter\Debug\Exceptions->errorHandler(2, 'Undefined variable $activity', 'D:\\xampp\\htdocs\\pibg_fyp\\app\\Views\\dashboard\\participants.php', 7)
 2 SYSTEMPATH\View\View.php(213): include('D:\\xampp\\htdocs\\pibg_fyp\\app\\Views\\dashboard\\participants.php')
 3 SYSTEMPATH\View\View.php(216): CodeIgniter\View\View->CodeIgniter\View\{closure}()
 4 SYSTEMPATH\Common.php(1184): CodeIgniter\View\View->render('dashboard/participants', [], true)
 5 APPPATH\Controllers\TeacherController.php(64): view('dashboard/participants', [...])
 6 SYSTEMPATH\CodeIgniter.php(934): App\Controllers\TeacherController->participants()
 7 SYSTEMPATH\CodeIgniter.php(499): CodeIgniter\CodeIgniter->runController(Object(App\Controllers\TeacherController))
 8 SYSTEMPATH\CodeIgniter.php(368): CodeIgniter\CodeIgniter->handleRequest(null, Object(Config\Cache), false)
 9 FCPATH\index.php(67): CodeIgniter\CodeIgniter->run()
INFO - 2023-06-13 08:02:38 --> Session: Class initialized using 'CodeIgniter\Session\Handlers\FileHandler' driver.
INFO - 2023-06-13 08:05:27 --> Session: Class initialized using 'CodeIgniter\Session\Handlers\FileHandler' driver.
INFO - 2023-06-13 08:05:29 --> Session: Class initialized using 'CodeIgniter\Session\Handlers\FileHandler' driver.
CRITICAL - 2023-06-13 08:05:29 --> Invalid file: "teacher/participants.php"
in SYSTEMPATH\Exceptions\FrameworkException.php on line 33.
 1 SYSTEMPATH\View\View.php(201): CodeIgniter\Exceptions\FrameworkException::forInvalidFile('teacher/participants.php')
 2 SYSTEMPATH\Common.php(1184): CodeIgniter\View\View->render('teacher/participants', [], true)
 3 APPPATH\Controllers\ActivityController.php(151): view('teacher/participants', [...])
 4 SYSTEMPATH\CodeIgniter.php(934): App\Controllers\ActivityController->view('1')
 5 SYSTEMPATH\CodeIgniter.php(499): CodeIgniter\CodeIgniter->runController(Object(App\Controllers\ActivityController))
 6 SYSTEMPATH\CodeIgniter.php(368): CodeIgniter\CodeIgniter->handleRequest(null, Object(Config\Cache), false)
 7 FCPATH\index.php(67): CodeIgniter\CodeIgniter->run()
INFO - 2023-06-13 08:06:05 --> Session: Class initialized using 'CodeIgniter\Session\Handlers\FileHandler' driver.
CRITICAL - 2023-06-13 08:06:05 --> Undefined variable $userInfo
in APPPATH\Views\layout\dashboard-teacher.php on line 177.
 1 APPPATH\Views\layout\dashboard-teacher.php(177): CodeIgniter\Debug\Exceptions->errorHandler(2, 'Undefined variable $userInfo', 'D:\\xampp\\htdocs\\pibg_fyp\\app\\Views\\layout\\dashboard-teacher.php', 177)
 2 SYSTEMPATH\View\View.php(213): include('D:\\xampp\\htdocs\\pibg_fyp\\app\\Views\\layout\\dashboard-teacher.php')
 3 SYSTEMPATH\View\View.php(216): CodeIgniter\View\View->CodeIgniter\View\{closure}()
 4 SYSTEMPATH\View\View.php(229): CodeIgniter\View\View->render('layout/dashboard-teacher', [], true)
 5 SYSTEMPATH\Common.php(1184): CodeIgniter\View\View->render('dashboard/participants', [], true)
 6 APPPATH\Controllers\ActivityController.php(151): view('dashboard/participants', [...])
 7 SYSTEMPATH\CodeIgniter.php(934): App\Controllers\ActivityController->view('1')
 8 SYSTEMPATH\CodeIgniter.php(499): CodeIgniter\CodeIgniter->runController(Object(App\Controllers\ActivityController))
 9 SYSTEMPATH\CodeIgniter.php(368): CodeIgniter\CodeIgniter->handleRequest(null, Object(Config\Cache), false)
10 FCPATH\index.php(67): CodeIgniter\CodeIgniter->run()
INFO - 2023-06-13 08:06:12 --> Session: Class initialized using 'CodeIgniter\Session\Handlers\FileHandler' driver.
INFO - 2023-06-13 08:06:15 --> Session: Class initialized using 'CodeIgniter\Session\Handlers\FileHandler' driver.
CRITICAL - 2023-06-13 08:06:15 --> Undefined variable $userInfo
in APPPATH\Views\layout\dashboard-teacher.php on line 177.
 1 APPPATH\Views\layout\dashboard-teacher.php(177): CodeIgniter\Debug\Exceptions->errorHandler(2, 'Undefined variable $userInfo', 'D:\\xampp\\htdocs\\pibg_fyp\\app\\Views\\layout\\dashboard-teacher.php', 177)
 2 SYSTEMPATH\View\View.php(213): include('D:\\xampp\\htdocs\\pibg_fyp\\app\\Views\\layout\\dashboard-teacher.php')
 3 SYSTEMPATH\View\View.php(216): CodeIgniter\View\View->CodeIgniter\View\{closure}()
 4 SYSTEMPATH\View\View.php(229): CodeIgniter\View\View->render('layout/dashboard-teacher', [], true)
 5 SYSTEMPATH\Common.php(1184): CodeIgniter\View\View->render('dashboard/participants', [], true)
 6 APPPATH\Controllers\ActivityController.php(151): view('dashboard/participants', [...])
 7 SYSTEMPATH\CodeIgniter.php(934): App\Controllers\ActivityController->view('1')
 8 SYSTEMPATH\CodeIgniter.php(499): CodeIgniter\CodeIgniter->runController(Object(App\Controllers\ActivityController))
 9 SYSTEMPATH\CodeIgniter.php(368): CodeIgniter\CodeIgniter->handleRequest(null, Object(Config\Cache), false)
10 FCPATH\index.php(67): CodeIgniter\CodeIgniter->run()
INFO - 2023-06-13 08:08:36 --> Session: Class initialized using 'CodeIgniter\Session\Handlers\FileHandler' driver.
CRITICAL - 2023-06-13 08:08:36 --> Undefined variable $id
in APPPATH\Controllers\ActivityController.php on line 145.
 1 APPPATH\Controllers\ActivityController.php(145): CodeIgniter\Debug\Exceptions->errorHandler(2, 'Undefined variable $id', 'D:\\xampp\\htdocs\\pibg_fyp\\app\\Controllers\\ActivityController.php', 145)
 2 SYSTEMPATH\CodeIgniter.php(934): App\Controllers\ActivityController->view('1')
 3 SYSTEMPATH\CodeIgniter.php(499): CodeIgniter\CodeIgniter->runController(Object(App\Controllers\ActivityController))
 4 SYSTEMPATH\CodeIgniter.php(368): CodeIgniter\CodeIgniter->handleRequest(null, Object(Config\Cache), false)
 5 FCPATH\index.php(67): CodeIgniter\CodeIgniter->run()
INFO - 2023-06-13 08:08:47 --> Session: Class initialized using 'CodeIgniter\Session\Handlers\FileHandler' driver.
CRITICAL - 2023-06-13 08:08:47 --> Invalid file: "teacher/participants.php"
in SYSTEMPATH\Exceptions\FrameworkException.php on line 33.
 1 SYSTEMPATH\View\View.php(201): CodeIgniter\Exceptions\FrameworkException::forInvalidFile('teacher/participants.php')
 2 SYSTEMPATH\Common.php(1184): CodeIgniter\View\View->render('teacher/participants', [], true)
 3 APPPATH\Controllers\ActivityController.php(151): view('teacher/participants', [...])
 4 SYSTEMPATH\CodeIgniter.php(934): App\Controllers\ActivityController->view('1')
 5 SYSTEMPATH\CodeIgniter.php(499): CodeIgniter\CodeIgniter->runController(Object(App\Controllers\ActivityController))
 6 SYSTEMPATH\CodeIgniter.php(368): CodeIgniter\CodeIgniter->handleRequest(null, Object(Config\Cache), false)
 7 FCPATH\index.php(67): CodeIgniter\CodeIgniter->run()
CRITICAL - 2023-06-13 08:09:12 --> Undefined variable $data
in APPPATH\Controllers\ActivityController.php on line 151.
 1 APPPATH\Controllers\ActivityController.php(151): CodeIgniter\Debug\Exceptions->errorHandler(2, 'Undefined variable $data', 'D:\\xampp\\htdocs\\pibg_fyp\\app\\Controllers\\ActivityController.php', 151)
 2 SYSTEMPATH\CodeIgniter.php(934): App\Controllers\ActivityController->view('1')
 3 SYSTEMPATH\CodeIgniter.php(499): CodeIgniter\CodeIgniter->runController(Object(App\Controllers\ActivityController))
 4 SYSTEMPATH\CodeIgniter.php(368): CodeIgniter\CodeIgniter->handleRequest(null, Object(Config\Cache), false)
 5 FCPATH\index.php(67): CodeIgniter\CodeIgniter->run()
INFO - 2023-06-13 08:09:17 --> Session: Class initialized using 'CodeIgniter\Session\Handlers\FileHandler' driver.
INFO - 2023-06-13 08:09:18 --> Session: Class initialized using 'CodeIgniter\Session\Handlers\FileHandler' driver.
CRITICAL - 2023-06-13 08:09:18 --> Undefined variable $activity
in APPPATH\Views\dashboard\participants.php on line 7.
 1 APPPATH\Views\dashboard\participants.php(7): CodeIgniter\Debug\Exceptions->errorHandler(2, 'Undefined variable $activity', 'D:\\xampp\\htdocs\\pibg_fyp\\app\\Views\\dashboard\\participants.php', 7)
 2 SYSTEMPATH\View\View.php(213): include('D:\\xampp\\htdocs\\pibg_fyp\\app\\Views\\dashboard\\participants.php')
 3 SYSTEMPATH\View\View.php(216): CodeIgniter\View\View->CodeIgniter\View\{closure}()
 4 SYSTEMPATH\Common.php(1184): CodeIgniter\View\View->render('dashboard/participants', [], true)
 5 APPPATH\Controllers\TeacherController.php(64): view('dashboard/participants', [...])
 6 SYSTEMPATH\CodeIgniter.php(934): App\Controllers\TeacherController->participants()
 7 SYSTEMPATH\CodeIgniter.php(499): CodeIgniter\CodeIgniter->runController(Object(App\Controllers\TeacherController))
 8 SYSTEMPATH\CodeIgniter.php(368): CodeIgniter\CodeIgniter->handleRequest(null, Object(Config\Cache), false)
 9 FCPATH\index.php(67): CodeIgniter\CodeIgniter->run()
INFO - 2023-06-13 08:09:19 --> Session: Class initialized using 'CodeIgniter\Session\Handlers\FileHandler' driver.
CRITICAL - 2023-06-13 08:09:21 --> Undefined variable $data
in APPPATH\Controllers\ActivityController.php on line 151.
 1 APPPATH\Controllers\ActivityController.php(151): CodeIgniter\Debug\Exceptions->errorHandler(2, 'Undefined variable $data', 'D:\\xampp\\htdocs\\pibg_fyp\\app\\Controllers\\ActivityController.php', 151)
 2 SYSTEMPATH\CodeIgniter.php(934): App\Controllers\ActivityController->view('1')
 3 SYSTEMPATH\CodeIgniter.php(499): CodeIgniter\CodeIgniter->runController(Object(App\Controllers\ActivityController))
 4 SYSTEMPATH\CodeIgniter.php(368): CodeIgniter\CodeIgniter->handleRequest(null, Object(Config\Cache), false)
 5 FCPATH\index.php(67): CodeIgniter\CodeIgniter->run()
INFO - 2023-06-13 08:09:23 --> Session: Class initialized using 'CodeIgniter\Session\Handlers\FileHandler' driver.
INFO - 2023-06-13 08:09:30 --> Session: Class initialized using 'CodeIgniter\Session\Handlers\FileHandler' driver.
CRITICAL - 2023-06-13 08:09:31 --> Invalid file: "teacher/participants.php"
in SYSTEMPATH\Exceptions\FrameworkException.php on line 33.
 1 SYSTEMPATH\View\View.php(201): CodeIgniter\Exceptions\FrameworkException::forInvalidFile('teacher/participants.php')
 2 SYSTEMPATH\Common.php(1184): CodeIgniter\View\View->render('teacher/participants', [], true)
 3 APPPATH\Controllers\ActivityController.php(151): view('teacher/participants')
 4 SYSTEMPATH\CodeIgniter.php(934): App\Controllers\ActivityController->view('1')
 5 SYSTEMPATH\CodeIgniter.php(499): CodeIgniter\CodeIgniter->runController(Object(App\Controllers\ActivityController))
 6 SYSTEMPATH\CodeIgniter.php(368): CodeIgniter\CodeIgniter->handleRequest(null, Object(Config\Cache), false)
 7 FCPATH\index.php(67): CodeIgniter\CodeIgniter->run()
INFO - 2023-06-13 08:09:46 --> Session: Class initialized using 'CodeIgniter\Session\Handlers\FileHandler' driver.
INFO - 2023-06-13 08:09:51 --> Session: Class initialized using 'CodeIgniter\Session\Handlers\FileHandler' driver.
CRITICAL - 2023-06-13 08:09:51 --> Trying to access array offset on value of type null
in APPPATH\Views\dashboard\resultTeacher.php on line 87.
 1 APPPATH\Views\dashboard\resultTeacher.php(87): CodeIgniter\Debug\Exceptions->errorHandler(2, 'Trying to access array offset on value of type null', 'D:\\xampp\\htdocs\\pibg_fyp\\app\\Views\\dashboard\\resultTeacher.php', 87)
 2 SYSTEMPATH\View\View.php(213): include('D:\\xampp\\htdocs\\pibg_fyp\\app\\Views\\dashboard\\resultTeacher.php')
 3 SYSTEMPATH\View\View.php(216): CodeIgniter\View\View->CodeIgniter\View\{closure}()
 4 SYSTEMPATH\Common.php(1184): CodeIgniter\View\View->render('dashboard/resultTeacher', [], true)
 5 APPPATH\Controllers\TeacherController.php(84): view('dashboard/resultTeacher', [...])
 6 SYSTEMPATH\CodeIgniter.php(934): App\Controllers\TeacherController->result()
 7 SYSTEMPATH\CodeIgniter.php(499): CodeIgniter\CodeIgniter->runController(Object(App\Controllers\TeacherController))
 8 SYSTEMPATH\CodeIgniter.php(368): CodeIgniter\CodeIgniter->handleRequest(null, Object(Config\Cache), false)
 9 FCPATH\index.php(67): CodeIgniter\CodeIgniter->run()
INFO - 2023-06-13 08:09:53 --> Session: Class initialized using 'CodeIgniter\Session\Handlers\FileHandler' driver.
INFO - 2023-06-13 08:09:56 --> Session: Class initialized using 'CodeIgniter\Session\Handlers\FileHandler' driver.
INFO - 2023-06-13 08:09:59 --> Session: Class initialized using 'CodeIgniter\Session\Handlers\FileHandler' driver.
CRITICAL - 2023-06-13 08:10:43 --> Invalid file: "teacher/participants.php"
in SYSTEMPATH\Exceptions\FrameworkException.php on line 33.
 1 SYSTEMPATH\View\View.php(201): CodeIgniter\Exceptions\FrameworkException::forInvalidFile('teacher/participants.php')
 2 SYSTEMPATH\Common.php(1184): CodeIgniter\View\View->render('teacher/participants', [], true)
 3 APPPATH\Controllers\ActivityController.php(151): view('teacher/participants')
 4 SYSTEMPATH\CodeIgniter.php(934): App\Controllers\ActivityController->view('1')
 5 SYSTEMPATH\CodeIgniter.php(499): CodeIgniter\CodeIgniter->runController(Object(App\Controllers\ActivityController))
 6 SYSTEMPATH\CodeIgniter.php(368): CodeIgniter\CodeIgniter->handleRequest(null, Object(Config\Cache), false)
 7 FCPATH\index.php(67): CodeIgniter\CodeIgniter->run()
INFO - 2023-06-13 08:10:45 --> Session: Class initialized using 'CodeIgniter\Session\Handlers\FileHandler' driver.
INFO - 2023-06-13 08:12:00 --> Session: Class initialized using 'CodeIgniter\Session\Handlers\FileHandler' driver.
INFO - 2023-06-13 08:12:03 --> Session: Class initialized using 'CodeIgniter\Session\Handlers\FileHandler' driver.
CRITICAL - 2023-06-13 08:12:03 --> Undefined variable $userInfo
in APPPATH\Views\layout\dashboard-teacher.php on line 177.
 1 APPPATH\Views\layout\dashboard-teacher.php(177): CodeIgniter\Debug\Exceptions->errorHandler(2, 'Undefined variable $userInfo', 'D:\\xampp\\htdocs\\pibg_fyp\\app\\Views\\layout\\dashboard-teacher.php', 177)
 2 SYSTEMPATH\View\View.php(213): include('D:\\xampp\\htdocs\\pibg_fyp\\app\\Views\\layout\\dashboard-teacher.php')
 3 SYSTEMPATH\View\View.php(216): CodeIgniter\View\View->CodeIgniter\View\{closure}()
 4 SYSTEMPATH\View\View.php(229): CodeIgniter\View\View->render('layout/dashboard-teacher', [], true)
 5 SYSTEMPATH\Common.php(1184): CodeIgniter\View\View->render('dashboard/participants', [], true)
 6 APPPATH\Controllers\ActivityController.php(151): view('dashboard/participants', [...])
 7 SYSTEMPATH\CodeIgniter.php(934): App\Controllers\ActivityController->view('1')
 8 SYSTEMPATH\CodeIgniter.php(499): CodeIgniter\CodeIgniter->runController(Object(App\Controllers\ActivityController))
 9 SYSTEMPATH\CodeIgniter.php(368): CodeIgniter\CodeIgniter->handleRequest(null, Object(Config\Cache), false)
10 FCPATH\index.php(67): CodeIgniter\CodeIgniter->run()
INFO - 2023-06-13 08:12:58 --> Session: Class initialized using 'CodeIgniter\Session\Handlers\FileHandler' driver.
INFO - 2023-06-13 08:13:00 --> Session: Class initialized using 'CodeIgniter\Session\Handlers\FileHandler' driver.
CRITICAL - 2023-06-13 08:13:00 --> Undefined variable $userInfo
in APPPATH\Views\layout\dashboard-teacher.php on line 177.
 1 APPPATH\Views\layout\dashboard-teacher.php(177): CodeIgniter\Debug\Exceptions->errorHandler(2, 'Undefined variable $userInfo', 'D:\\xampp\\htdocs\\pibg_fyp\\app\\Views\\layout\\dashboard-teacher.php', 177)
 2 SYSTEMPATH\View\View.php(213): include('D:\\xampp\\htdocs\\pibg_fyp\\app\\Views\\layout\\dashboard-teacher.php')
 3 SYSTEMPATH\View\View.php(216): CodeIgniter\View\View->CodeIgniter\View\{closure}()
 4 SYSTEMPATH\View\View.php(229): CodeIgniter\View\View->render('layout/dashboard-teacher', [], true)
 5 SYSTEMPATH\Common.php(1184): CodeIgniter\View\View->render('dashboard/participants', [], true)
 6 APPPATH\Controllers\ActivityController.php(151): view('dashboard/participants', [...])
 7 SYSTEMPATH\CodeIgniter.php(934): App\Controllers\ActivityController->view('1')
 8 SYSTEMPATH\CodeIgniter.php(499): CodeIgniter\CodeIgniter->runController(Object(App\Controllers\ActivityController))
 9 SYSTEMPATH\CodeIgniter.php(368): CodeIgniter\CodeIgniter->handleRequest(null, Object(Config\Cache), false)
10 FCPATH\index.php(67): CodeIgniter\CodeIgniter->run()
INFO - 2023-06-13 08:15:04 --> Session: Class initialized using 'CodeIgniter\Session\Handlers\FileHandler' driver.
INFO - 2023-06-13 08:15:06 --> Session: Class initialized using 'CodeIgniter\Session\Handlers\FileHandler' driver.
CRITICAL - 2023-06-13 08:15:06 --> Invalid file: "teacher/participants.php"
in SYSTEMPATH\Exceptions\FrameworkException.php on line 33.
 1 SYSTEMPATH\View\View.php(201): CodeIgniter\Exceptions\FrameworkException::forInvalidFile('teacher/participants.php')
 2 SYSTEMPATH\Common.php(1184): CodeIgniter\View\View->render('teacher/participants', [], true)
 3 APPPATH\Controllers\ActivityController.php(153): view('teacher/participants', [...])
 4 SYSTEMPATH\CodeIgniter.php(934): App\Controllers\ActivityController->view('1')
 5 SYSTEMPATH\CodeIgniter.php(499): CodeIgniter\CodeIgniter->runController(Object(App\Controllers\ActivityController))
 6 SYSTEMPATH\CodeIgniter.php(368): CodeIgniter\CodeIgniter->handleRequest(null, Object(Config\Cache), false)
 7 FCPATH\index.php(67): CodeIgniter\CodeIgniter->run()
INFO - 2023-06-13 08:15:26 --> Session: Class initialized using 'CodeIgniter\Session\Handlers\FileHandler' driver.
INFO - 2023-06-13 08:15:27 --> Session: Class initialized using 'CodeIgniter\Session\Handlers\FileHandler' driver.
CRITICAL - 2023-06-13 08:15:27 --> Undefined variable $userInfo
in APPPATH\Views\layout\dashboard-teacher.php on line 177.
 1 APPPATH\Views\layout\dashboard-teacher.php(177): CodeIgniter\Debug\Exceptions->errorHandler(2, 'Undefined variable $userInfo', 'D:\\xampp\\htdocs\\pibg_fyp\\app\\Views\\layout\\dashboard-teacher.php', 177)
 2 SYSTEMPATH\View\View.php(213): include('D:\\xampp\\htdocs\\pibg_fyp\\app\\Views\\layout\\dashboard-teacher.php')
 3 SYSTEMPATH\View\View.php(216): CodeIgniter\View\View->CodeIgniter\View\{closure}()
 4 SYSTEMPATH\View\View.php(229): CodeIgniter\View\View->render('layout/dashboard-teacher', [], true)
 5 SYSTEMPATH\Common.php(1184): CodeIgniter\View\View->render('dashboard/participants', [], true)
 6 APPPATH\Controllers\ActivityController.php(153): view('dashboard/participants', [...])
 7 SYSTEMPATH\CodeIgniter.php(934): App\Controllers\ActivityController->view('2')
 8 SYSTEMPATH\CodeIgniter.php(499): CodeIgniter\CodeIgniter->runController(Object(App\Controllers\ActivityController))
 9 SYSTEMPATH\CodeIgniter.php(368): CodeIgniter\CodeIgniter->handleRequest(null, Object(Config\Cache), false)
10 FCPATH\index.php(67): CodeIgniter\CodeIgniter->run()
INFO - 2023-06-13 08:15:31 --> Session: Class initialized using 'CodeIgniter\Session\Handlers\FileHandler' driver.
INFO - 2023-06-13 08:18:18 --> Session: Class initialized using 'CodeIgniter\Session\Handlers\FileHandler' driver.
CRITICAL - 2023-06-13 08:18:18 --> Invalid file: "teacher/participants.php"
in SYSTEMPATH\Exceptions\FrameworkException.php on line 33.
 1 SYSTEMPATH\View\View.php(201): CodeIgniter\Exceptions\FrameworkException::forInvalidFile('teacher/participants.php')
 2 SYSTEMPATH\Common.php(1184): CodeIgniter\View\View->render('teacher/participants', [], true)
 3 APPPATH\Controllers\ActivityController.php(153): view('teacher/participants', [...])
 4 SYSTEMPATH\CodeIgniter.php(934): App\Controllers\ActivityController->view('1')
 5 SYSTEMPATH\CodeIgniter.php(499): CodeIgniter\CodeIgniter->runController(Object(App\Controllers\ActivityController))
 6 SYSTEMPATH\CodeIgniter.php(368): CodeIgniter\CodeIgniter->handleRequest(null, Object(Config\Cache), false)
 7 FCPATH\index.php(67): CodeIgniter\CodeIgniter->run()
INFO - 2023-06-13 09:39:03 --> Session: Class initialized using 'CodeIgniter\Session\Handlers\FileHandler' driver.
CRITICAL - 2023-06-13 09:39:05 --> Too few arguments to function App\Controllers\ActivityController::view(), 0 passed in D:\xampp\htdocs\pibg_fyp\system\CodeIgniter.php on line 934 and exactly 1 expected
in APPPATH\Controllers\ActivityController.php on line 139.
 1 SYSTEMPATH\CodeIgniter.php(934): App\Controllers\ActivityController->view()
 2 SYSTEMPATH\CodeIgniter.php(499): CodeIgniter\CodeIgniter->runController(Object(App\Controllers\ActivityController))
 3 SYSTEMPATH\CodeIgniter.php(368): CodeIgniter\CodeIgniter->handleRequest(null, Object(Config\Cache), false)
 4 FCPATH\index.php(67): CodeIgniter\CodeIgniter->run()
INFO - 2023-06-13 09:39:25 --> Session: Class initialized using 'CodeIgniter\Session\Handlers\FileHandler' driver.
INFO - 2023-06-13 09:39:27 --> Session: Class initialized using 'CodeIgniter\Session\Handlers\FileHandler' driver.
CRITICAL - 2023-06-13 09:39:27 --> Undefined variable $id
in APPPATH\Controllers\ActivityController.php on line 146.
 1 APPPATH\Controllers\ActivityController.php(146): CodeIgniter\Debug\Exceptions->errorHandler(2, 'Undefined variable $id', 'D:\\xampp\\htdocs\\pibg_fyp\\app\\Controllers\\ActivityController.php', 146)
 2 SYSTEMPATH\CodeIgniter.php(934): App\Controllers\ActivityController->view()
 3 SYSTEMPATH\CodeIgniter.php(499): CodeIgniter\CodeIgniter->runController(Object(App\Controllers\ActivityController))
 4 SYSTEMPATH\CodeIgniter.php(368): CodeIgniter\CodeIgniter->handleRequest(null, Object(Config\Cache), false)
 5 FCPATH\index.php(67): CodeIgniter\CodeIgniter->run()
INFO - 2023-06-13 09:39:38 --> Session: Class initialized using 'CodeIgniter\Session\Handlers\FileHandler' driver.
INFO - 2023-06-13 09:39:41 --> Session: Class initialized using 'CodeIgniter\Session\Handlers\FileHandler' driver.
CRITICAL - 2023-06-13 09:39:41 --> Undefined variable $activityInfo
in APPPATH\Controllers\ActivityController.php on line 150.
 1 APPPATH\Controllers\ActivityController.php(150): CodeIgniter\Debug\Exceptions->errorHandler(2, 'Undefined variable $activityInfo', 'D:\\xampp\\htdocs\\pibg_fyp\\app\\Controllers\\ActivityController.php', 150)
 2 SYSTEMPATH\CodeIgniter.php(934): App\Controllers\ActivityController->view()
 3 SYSTEMPATH\CodeIgniter.php(499): CodeIgniter\CodeIgniter->runController(Object(App\Controllers\ActivityController))
 4 SYSTEMPATH\CodeIgniter.php(368): CodeIgniter\CodeIgniter->handleRequest(null, Object(Config\Cache), false)
 5 FCPATH\index.php(67): CodeIgniter\CodeIgniter->run()
INFO - 2023-06-13 09:39:44 --> Session: Class initialized using 'CodeIgniter\Session\Handlers\FileHandler' driver.
INFO - 2023-06-13 09:39:54 --> Session: Class initialized using 'CodeIgniter\Session\Handlers\FileHandler' driver.
CRITICAL - 2023-06-13 09:39:54 --> Undefined variable $activityInfo
in APPPATH\Controllers\ActivityController.php on line 150.
 1 APPPATH\Controllers\ActivityController.php(150): CodeIgniter\Debug\Exceptions->errorHandler(2, 'Undefined variable $activityInfo', 'D:\\xampp\\htdocs\\pibg_fyp\\app\\Controllers\\ActivityController.php', 150)
 2 SYSTEMPATH\CodeIgniter.php(934): App\Controllers\ActivityController->view()
 3 SYSTEMPATH\CodeIgniter.php(499): CodeIgniter\CodeIgniter->runController(Object(App\Controllers\ActivityController))
 4 SYSTEMPATH\CodeIgniter.php(368): CodeIgniter\CodeIgniter->handleRequest(null, Object(Config\Cache), false)
 5 FCPATH\index.php(67): CodeIgniter\CodeIgniter->run()
INFO - 2023-06-13 09:40:05 --> Session: Class initialized using 'CodeIgniter\Session\Handlers\FileHandler' driver.
INFO - 2023-06-13 09:40:07 --> Session: Class initialized using 'CodeIgniter\Session\Handlers\FileHandler' driver.
CRITICAL - 2023-06-13 09:40:07 --> Invalid file: "teacher/participants.php"
in SYSTEMPATH\Exceptions\FrameworkException.php on line 33.
 1 SYSTEMPATH\View\View.php(201): CodeIgniter\Exceptions\FrameworkException::forInvalidFile('teacher/participants.php')
 2 SYSTEMPATH\Common.php(1184): CodeIgniter\View\View->render('teacher/participants', [], true)
 3 APPPATH\Controllers\ActivityController.php(151): view('teacher/participants')
 4 SYSTEMPATH\CodeIgniter.php(934): App\Controllers\ActivityController->view()
 5 SYSTEMPATH\CodeIgniter.php(499): CodeIgniter\CodeIgniter->runController(Object(App\Controllers\ActivityController))
 6 SYSTEMPATH\CodeIgniter.php(368): CodeIgniter\CodeIgniter->handleRequest(null, Object(Config\Cache), false)
 7 FCPATH\index.php(67): CodeIgniter\CodeIgniter->run()
INFO - 2023-06-13 09:41:05 --> Session: Class initialized using 'CodeIgniter\Session\Handlers\FileHandler' driver.
INFO - 2023-06-13 09:41:08 --> Session: Class initialized using 'CodeIgniter\Session\Handlers\FileHandler' driver.
CRITICAL - 2023-06-13 09:41:08 --> Invalid file: "teacher/participants.php"
in SYSTEMPATH\Exceptions\FrameworkException.php on line 33.
 1 SYSTEMPATH\View\View.php(201): CodeIgniter\Exceptions\FrameworkException::forInvalidFile('teacher/participants.php')
 2 SYSTEMPATH\Common.php(1184): CodeIgniter\View\View->render('teacher/participants', [], true)
 3 APPPATH\Controllers\ActivityController.php(151): view('teacher/participants')
 4 SYSTEMPATH\CodeIgniter.php(934): App\Controllers\ActivityController->view()
 5 SYSTEMPATH\CodeIgniter.php(499): CodeIgniter\CodeIgniter->runController(Object(App\Controllers\ActivityController))
 6 SYSTEMPATH\CodeIgniter.php(368): CodeIgniter\CodeIgniter->handleRequest(null, Object(Config\Cache), false)
 7 FCPATH\index.php(67): CodeIgniter\CodeIgniter->run()
INFO - 2023-06-13 09:41:12 --> Session: Class initialized using 'CodeIgniter\Session\Handlers\FileHandler' driver.
INFO - 2023-06-13 09:43:31 --> Session: Class initialized using 'CodeIgniter\Session\Handlers\FileHandler' driver.
CRITICAL - 2023-06-13 09:43:31 --> Invalid file: "teacher/participants.php"
in SYSTEMPATH\Exceptions\FrameworkException.php on line 33.
 1 SYSTEMPATH\View\View.php(201): CodeIgniter\Exceptions\FrameworkException::forInvalidFile('teacher/participants.php')
 2 SYSTEMPATH\Common.php(1184): CodeIgniter\View\View->render('teacher/participants', [], true)
 3 APPPATH\Controllers\ActivityController.php(151): view('teacher/participants')
 4 SYSTEMPATH\CodeIgniter.php(934): App\Controllers\ActivityController->view()
 5 SYSTEMPATH\CodeIgniter.php(499): CodeIgniter\CodeIgniter->runController(Object(App\Controllers\ActivityController))
 6 SYSTEMPATH\CodeIgniter.php(368): CodeIgniter\CodeIgniter->handleRequest(null, Object(Config\Cache), false)
 7 FCPATH\index.php(67): CodeIgniter\CodeIgniter->run()
INFO - 2023-06-13 09:43:37 --> Session: Class initialized using 'CodeIgniter\Session\Handlers\FileHandler' driver.
INFO - 2023-06-13 09:45:18 --> Session: Class initialized using 'CodeIgniter\Session\Handlers\FileHandler' driver.
INFO - 2023-06-13 09:46:00 --> Session: Class initialized using 'CodeIgniter\Session\Handlers\FileHandler' driver.
CRITICAL - 2023-06-13 09:46:00 --> Undefined variable $activities
in APPPATH\Views\dashboard\activityTeacher.php on line 140.
 1 APPPATH\Views\dashboard\activityTeacher.php(140): CodeIgniter\Debug\Exceptions->errorHandler(2, 'Undefined variable $activities', 'D:\\xampp\\htdocs\\pibg_fyp\\app\\Views\\dashboard\\activityTeacher.php', 140)
 2 SYSTEMPATH\View\View.php(213): include('D:\\xampp\\htdocs\\pibg_fyp\\app\\Views\\dashboard\\activityTeacher.php')
 3 SYSTEMPATH\View\View.php(216): CodeIgniter\View\View->CodeIgniter\View\{closure}()
 4 SYSTEMPATH\Common.php(1184): CodeIgniter\View\View->render('dashboard/activityTeacher', [], true)
 5 APPPATH\Controllers\TeacherController.php(51): view('dashboard/activityTeacher', [...])
 6 SYSTEMPATH\CodeIgniter.php(934): App\Controllers\TeacherController->activity()
 7 SYSTEMPATH\CodeIgniter.php(499): CodeIgniter\CodeIgniter->runController(Object(App\Controllers\TeacherController))
 8 SYSTEMPATH\CodeIgniter.php(368): CodeIgniter\CodeIgniter->handleRequest(null, Object(Config\Cache), false)
 9 FCPATH\index.php(67): CodeIgniter\CodeIgniter->run()
INFO - 2023-06-13 09:47:35 --> Session: Class initialized using 'CodeIgniter\Session\Handlers\FileHandler' driver.
INFO - 2023-06-13 09:47:49 --> Session: Class initialized using 'CodeIgniter\Session\Handlers\FileHandler' driver.
CRITICAL - 2023-06-13 09:47:49 --> Invalid file: "teacher/participants.php"
in SYSTEMPATH\Exceptions\FrameworkException.php on line 33.
 1 SYSTEMPATH\View\View.php(201): CodeIgniter\Exceptions\FrameworkException::forInvalidFile('teacher/participants.php')
 2 SYSTEMPATH\Common.php(1184): CodeIgniter\View\View->render('teacher/participants', [], true)
 3 APPPATH\Controllers\ActivityController.php(151): view('teacher/participants')
 4 SYSTEMPATH\CodeIgniter.php(934): App\Controllers\ActivityController->view()
 5 SYSTEMPATH\CodeIgniter.php(499): CodeIgniter\CodeIgniter->runController(Object(App\Controllers\ActivityController))
 6 SYSTEMPATH\CodeIgniter.php(368): CodeIgniter\CodeIgniter->handleRequest(null, Object(Config\Cache), false)
 7 FCPATH\index.php(67): CodeIgniter\CodeIgniter->run()
INFO - 2023-06-13 09:47:51 --> Session: Class initialized using 'CodeIgniter\Session\Handlers\FileHandler' driver.
INFO - 2023-06-13 09:50:28 --> Session: Class initialized using 'CodeIgniter\Session\Handlers\FileHandler' driver.
INFO - 2023-06-13 09:50:53 --> Session: Class initialized using 'CodeIgniter\Session\Handlers\FileHandler' driver.
INFO - 2023-06-13 09:51:56 --> Session: Class initialized using 'CodeIgniter\Session\Handlers\FileHandler' driver.
INFO - 2023-06-13 09:55:45 --> Session: Class initialized using 'CodeIgniter\Session\Handlers\FileHandler' driver.
CRITICAL - 2023-06-13 09:55:45 --> Undefined array key "fld_id"
in APPPATH\Views\dashboard\activityTeacher.php on line 149.
 1 APPPATH\Views\dashboard\activityTeacher.php(149): CodeIgniter\Debug\Exceptions->errorHandler(2, 'Undefined array key "fld_id"', 'D:\\xampp\\htdocs\\pibg_fyp\\app\\Views\\dashboard\\activityTeacher.php', 149)
 2 SYSTEMPATH\View\View.php(213): include('D:\\xampp\\htdocs\\pibg_fyp\\app\\Views\\dashboard\\activityTeacher.php')
 3 SYSTEMPATH\View\View.php(216): CodeIgniter\View\View->CodeIgniter\View\{closure}()
 4 SYSTEMPATH\Common.php(1184): CodeIgniter\View\View->render('dashboard/activityTeacher', [], true)
 5 APPPATH\Controllers\TeacherController.php(53): view('dashboard/activityTeacher', [...])
 6 SYSTEMPATH\CodeIgniter.php(934): App\Controllers\TeacherController->activity()
 7 SYSTEMPATH\CodeIgniter.php(499): CodeIgniter\CodeIgniter->runController(Object(App\Controllers\TeacherController))
 8 SYSTEMPATH\CodeIgniter.php(368): CodeIgniter\CodeIgniter->handleRequest(null, Object(Config\Cache), false)
 9 FCPATH\index.php(67): CodeIgniter\CodeIgniter->run()
INFO - 2023-06-13 09:56:03 --> Session: Class initialized using 'CodeIgniter\Session\Handlers\FileHandler' driver.
CRITICAL - 2023-06-13 09:56:03 --> Undefined array key "fld_aid"
in APPPATH\Views\dashboard\activityTeacher.php on line 149.
 1 APPPATH\Views\dashboard\activityTeacher.php(149): CodeIgniter\Debug\Exceptions->errorHandler(2, 'Undefined array key "fld_aid"', 'D:\\xampp\\htdocs\\pibg_fyp\\app\\Views\\dashboard\\activityTeacher.php', 149)
 2 SYSTEMPATH\View\View.php(213): include('D:\\xampp\\htdocs\\pibg_fyp\\app\\Views\\dashboard\\activityTeacher.php')
 3 SYSTEMPATH\View\View.php(216): CodeIgniter\View\View->CodeIgniter\View\{closure}()
 4 SYSTEMPATH\Common.php(1184): CodeIgniter\View\View->render('dashboard/activityTeacher', [], true)
 5 APPPATH\Controllers\TeacherController.php(53): view('dashboard/activityTeacher', [...])
 6 SYSTEMPATH\CodeIgniter.php(934): App\Controllers\TeacherController->activity()
 7 SYSTEMPATH\CodeIgniter.php(499): CodeIgniter\CodeIgniter->runController(Object(App\Controllers\TeacherController))
 8 SYSTEMPATH\CodeIgniter.php(368): CodeIgniter\CodeIgniter->handleRequest(null, Object(Config\Cache), false)
 9 FCPATH\index.php(67): CodeIgniter\CodeIgniter->run()
INFO - 2023-06-13 09:56:27 --> Session: Class initialized using 'CodeIgniter\Session\Handlers\FileHandler' driver.
CRITICAL - 2023-06-13 09:56:27 --> Invalid file: "teacher/participants.php"
in SYSTEMPATH\Exceptions\FrameworkException.php on line 33.
 1 SYSTEMPATH\View\View.php(201): CodeIgniter\Exceptions\FrameworkException::forInvalidFile('teacher/participants.php')
 2 SYSTEMPATH\Common.php(1184): CodeIgniter\View\View->render('teacher/participants', [], true)
 3 APPPATH\Controllers\TeacherController.php(66): view('teacher/participants', [...])
 4 SYSTEMPATH\CodeIgniter.php(934): App\Controllers\TeacherController->participants()
 5 SYSTEMPATH\CodeIgniter.php(499): CodeIgniter\CodeIgniter->runController(Object(App\Controllers\TeacherController))
 6 SYSTEMPATH\CodeIgniter.php(368): CodeIgniter\CodeIgniter->handleRequest(null, Object(Config\Cache), false)
 7 FCPATH\index.php(67): CodeIgniter\CodeIgniter->run()
INFO - 2023-06-13 09:56:29 --> Session: Class initialized using 'CodeIgniter\Session\Handlers\FileHandler' driver.
CRITICAL - 2023-06-13 09:56:29 --> Undefined array key "fld_aid"
in APPPATH\Views\dashboard\activityTeacher.php on line 149.
 1 APPPATH\Views\dashboard\activityTeacher.php(149): CodeIgniter\Debug\Exceptions->errorHandler(2, 'Undefined array key "fld_aid"', 'D:\\xampp\\htdocs\\pibg_fyp\\app\\Views\\dashboard\\activityTeacher.php', 149)
 2 SYSTEMPATH\View\View.php(213): include('D:\\xampp\\htdocs\\pibg_fyp\\app\\Views\\dashboard\\activityTeacher.php')
 3 SYSTEMPATH\View\View.php(216): CodeIgniter\View\View->CodeIgniter\View\{closure}()
 4 SYSTEMPATH\Common.php(1184): CodeIgniter\View\View->render('dashboard/activityTeacher', [], true)
 5 APPPATH\Controllers\TeacherController.php(53): view('dashboard/activityTeacher', [...])
 6 SYSTEMPATH\CodeIgniter.php(934): App\Controllers\TeacherController->activity()
 7 SYSTEMPATH\CodeIgniter.php(499): CodeIgniter\CodeIgniter->runController(Object(App\Controllers\TeacherController))
 8 SYSTEMPATH\CodeIgniter.php(368): CodeIgniter\CodeIgniter->handleRequest(null, Object(Config\Cache), false)
 9 FCPATH\index.php(67): CodeIgniter\CodeIgniter->run()
INFO - 2023-06-13 09:56:32 --> Session: Class initialized using 'CodeIgniter\Session\Handlers\FileHandler' driver.
CRITICAL - 2023-06-13 09:56:32 --> Invalid file: "teacher/participants.php"
in SYSTEMPATH\Exceptions\FrameworkException.php on line 33.
 1 SYSTEMPATH\View\View.php(201): CodeIgniter\Exceptions\FrameworkException::forInvalidFile('teacher/participants.php')
 2 SYSTEMPATH\Common.php(1184): CodeIgniter\View\View->render('teacher/participants', [], true)
 3 APPPATH\Controllers\TeacherController.php(66): view('teacher/participants', [...])
 4 SYSTEMPATH\CodeIgniter.php(934): App\Controllers\TeacherController->participants()
 5 SYSTEMPATH\CodeIgniter.php(499): CodeIgniter\CodeIgniter->runController(Object(App\Controllers\TeacherController))
 6 SYSTEMPATH\CodeIgniter.php(368): CodeIgniter\CodeIgniter->handleRequest(null, Object(Config\Cache), false)
 7 FCPATH\index.php(67): CodeIgniter\CodeIgniter->run()
INFO - 2023-06-13 09:56:32 --> Session: Class initialized using 'CodeIgniter\Session\Handlers\FileHandler' driver.
CRITICAL - 2023-06-13 09:56:32 --> Undefined array key "fld_aid"
in APPPATH\Views\dashboard\activityTeacher.php on line 149.
 1 APPPATH\Views\dashboard\activityTeacher.php(149): CodeIgniter\Debug\Exceptions->errorHandler(2, 'Undefined array key "fld_aid"', 'D:\\xampp\\htdocs\\pibg_fyp\\app\\Views\\dashboard\\activityTeacher.php', 149)
 2 SYSTEMPATH\View\View.php(213): include('D:\\xampp\\htdocs\\pibg_fyp\\app\\Views\\dashboard\\activityTeacher.php')
 3 SYSTEMPATH\View\View.php(216): CodeIgniter\View\View->CodeIgniter\View\{closure}()
 4 SYSTEMPATH\Common.php(1184): CodeIgniter\View\View->render('dashboard/activityTeacher', [], true)
 5 APPPATH\Controllers\TeacherController.php(53): view('dashboard/activityTeacher', [...])
 6 SYSTEMPATH\CodeIgniter.php(934): App\Controllers\TeacherController->activity()
 7 SYSTEMPATH\CodeIgniter.php(499): CodeIgniter\CodeIgniter->runController(Object(App\Controllers\TeacherController))
 8 SYSTEMPATH\CodeIgniter.php(368): CodeIgniter\CodeIgniter->handleRequest(null, Object(Config\Cache), false)
 9 FCPATH\index.php(67): CodeIgniter\CodeIgniter->run()
INFO - 2023-06-13 09:56:32 --> Session: Class initialized using 'CodeIgniter\Session\Handlers\FileHandler' driver.
CRITICAL - 2023-06-13 09:56:32 --> Invalid file: "teacher/participants.php"
in SYSTEMPATH\Exceptions\FrameworkException.php on line 33.
 1 SYSTEMPATH\View\View.php(201): CodeIgniter\Exceptions\FrameworkException::forInvalidFile('teacher/participants.php')
 2 SYSTEMPATH\Common.php(1184): CodeIgniter\View\View->render('teacher/participants', [], true)
 3 APPPATH\Controllers\ActivityController.php(151): view('teacher/participants')
 4 SYSTEMPATH\CodeIgniter.php(934): App\Controllers\ActivityController->view()
 5 SYSTEMPATH\CodeIgniter.php(499): CodeIgniter\CodeIgniter->runController(Object(App\Controllers\ActivityController))
 6 SYSTEMPATH\CodeIgniter.php(368): CodeIgniter\CodeIgniter->handleRequest(null, Object(Config\Cache), false)
 7 FCPATH\index.php(67): CodeIgniter\CodeIgniter->run()
INFO - 2023-06-13 09:56:34 --> Session: Class initialized using 'CodeIgniter\Session\Handlers\FileHandler' driver.
CRITICAL - 2023-06-13 09:56:34 --> Invalid file: "teacher/participants.php"
in SYSTEMPATH\Exceptions\FrameworkException.php on line 33.
 1 SYSTEMPATH\View\View.php(201): CodeIgniter\Exceptions\FrameworkException::forInvalidFile('teacher/participants.php')
 2 SYSTEMPATH\Common.php(1184): CodeIgniter\View\View->render('teacher/participants', [], true)
 3 APPPATH\Controllers\ActivityController.php(151): view('teacher/participants')
 4 SYSTEMPATH\CodeIgniter.php(934): App\Controllers\ActivityController->view()
 5 SYSTEMPATH\CodeIgniter.php(499): CodeIgniter\CodeIgniter->runController(Object(App\Controllers\ActivityController))
 6 SYSTEMPATH\CodeIgniter.php(368): CodeIgniter\CodeIgniter->handleRequest(null, Object(Config\Cache), false)
 7 FCPATH\index.php(67): CodeIgniter\CodeIgniter->run()
INFO - 2023-06-13 09:57:18 --> Session: Class initialized using 'CodeIgniter\Session\Handlers\FileHandler' driver.
CRITICAL - 2023-06-13 09:57:18 --> Invalid file: "teacher/participants.php"
in SYSTEMPATH\Exceptions\FrameworkException.php on line 33.
 1 SYSTEMPATH\View\View.php(201): CodeIgniter\Exceptions\FrameworkException::forInvalidFile('teacher/participants.php')
 2 SYSTEMPATH\Common.php(1184): CodeIgniter\View\View->render('teacher/participants', [], true)
 3 APPPATH\Controllers\ActivityController.php(151): view('teacher/participants')
 4 SYSTEMPATH\CodeIgniter.php(934): App\Controllers\ActivityController->view()
 5 SYSTEMPATH\CodeIgniter.php(499): CodeIgniter\CodeIgniter->runController(Object(App\Controllers\ActivityController))
 6 SYSTEMPATH\CodeIgniter.php(368): CodeIgniter\CodeIgniter->handleRequest(null, Object(Config\Cache), false)
 7 FCPATH\index.php(67): CodeIgniter\CodeIgniter->run()
INFO - 2023-06-13 09:57:23 --> Session: Class initialized using 'CodeIgniter\Session\Handlers\FileHandler' driver.
CRITICAL - 2023-06-13 09:57:23 --> Undefined array key "fld_aid"
in APPPATH\Views\dashboard\activityTeacher.php on line 149.
 1 APPPATH\Views\dashboard\activityTeacher.php(149): CodeIgniter\Debug\Exceptions->errorHandler(2, 'Undefined array key "fld_aid"', 'D:\\xampp\\htdocs\\pibg_fyp\\app\\Views\\dashboard\\activityTeacher.php', 149)
 2 SYSTEMPATH\View\View.php(213): include('D:\\xampp\\htdocs\\pibg_fyp\\app\\Views\\dashboard\\activityTeacher.php')
 3 SYSTEMPATH\View\View.php(216): CodeIgniter\View\View->CodeIgniter\View\{closure}()
 4 SYSTEMPATH\Common.php(1184): CodeIgniter\View\View->render('dashboard/activityTeacher', [], true)
 5 APPPATH\Controllers\TeacherController.php(53): view('dashboard/activityTeacher', [...])
 6 SYSTEMPATH\CodeIgniter.php(934): App\Controllers\TeacherController->activity()
 7 SYSTEMPATH\CodeIgniter.php(499): CodeIgniter\CodeIgniter->runController(Object(App\Controllers\TeacherController))
 8 SYSTEMPATH\CodeIgniter.php(368): CodeIgniter\CodeIgniter->handleRequest(null, Object(Config\Cache), false)
 9 FCPATH\index.php(67): CodeIgniter\CodeIgniter->run()
INFO - 2023-06-13 09:57:27 --> Session: Class initialized using 'CodeIgniter\Session\Handlers\FileHandler' driver.
CRITICAL - 2023-06-13 09:57:27 --> Invalid file: "teacher/participants.php"
in SYSTEMPATH\Exceptions\FrameworkException.php on line 33.
 1 SYSTEMPATH\View\View.php(201): CodeIgniter\Exceptions\FrameworkException::forInvalidFile('teacher/participants.php')
 2 SYSTEMPATH\Common.php(1184): CodeIgniter\View\View->render('teacher/participants', [], true)
 3 APPPATH\Controllers\TeacherController.php(66): view('teacher/participants', [...])
 4 SYSTEMPATH\CodeIgniter.php(934): App\Controllers\TeacherController->participants()
 5 SYSTEMPATH\CodeIgniter.php(499): CodeIgniter\CodeIgniter->runController(Object(App\Controllers\TeacherController))
 6 SYSTEMPATH\CodeIgniter.php(368): CodeIgniter\CodeIgniter->handleRequest(null, Object(Config\Cache), false)
 7 FCPATH\index.php(67): CodeIgniter\CodeIgniter->run()
INFO - 2023-06-13 09:57:27 --> Session: Class initialized using 'CodeIgniter\Session\Handlers\FileHandler' driver.
CRITICAL - 2023-06-13 09:57:27 --> Undefined array key "fld_aid"
in APPPATH\Views\dashboard\activityTeacher.php on line 149.
 1 APPPATH\Views\dashboard\activityTeacher.php(149): CodeIgniter\Debug\Exceptions->errorHandler(2, 'Undefined array key "fld_aid"', 'D:\\xampp\\htdocs\\pibg_fyp\\app\\Views\\dashboard\\activityTeacher.php', 149)
 2 SYSTEMPATH\View\View.php(213): include('D:\\xampp\\htdocs\\pibg_fyp\\app\\Views\\dashboard\\activityTeacher.php')
 3 SYSTEMPATH\View\View.php(216): CodeIgniter\View\View->CodeIgniter\View\{closure}()
 4 SYSTEMPATH\Common.php(1184): CodeIgniter\View\View->render('dashboard/activityTeacher', [], true)
 5 APPPATH\Controllers\TeacherController.php(53): view('dashboard/activityTeacher', [...])
 6 SYSTEMPATH\CodeIgniter.php(934): App\Controllers\TeacherController->activity()
 7 SYSTEMPATH\CodeIgniter.php(499): CodeIgniter\CodeIgniter->runController(Object(App\Controllers\TeacherController))
 8 SYSTEMPATH\CodeIgniter.php(368): CodeIgniter\CodeIgniter->handleRequest(null, Object(Config\Cache), false)
 9 FCPATH\index.php(67): CodeIgniter\CodeIgniter->run()
INFO - 2023-06-13 09:57:27 --> Session: Class initialized using 'CodeIgniter\Session\Handlers\FileHandler' driver.
CRITICAL - 2023-06-13 09:57:27 --> Invalid file: "teacher/participants.php"
in SYSTEMPATH\Exceptions\FrameworkException.php on line 33.
 1 SYSTEMPATH\View\View.php(201): CodeIgniter\Exceptions\FrameworkException::forInvalidFile('teacher/participants.php')
 2 SYSTEMPATH\Common.php(1184): CodeIgniter\View\View->render('teacher/participants', [], true)
 3 APPPATH\Controllers\TeacherController.php(66): view('teacher/participants', [...])
 4 SYSTEMPATH\CodeIgniter.php(934): App\Controllers\TeacherController->participants()
 5 SYSTEMPATH\CodeIgniter.php(499): CodeIgniter\CodeIgniter->runController(Object(App\Controllers\TeacherController))
 6 SYSTEMPATH\CodeIgniter.php(368): CodeIgniter\CodeIgniter->handleRequest(null, Object(Config\Cache), false)
 7 FCPATH\index.php(67): CodeIgniter\CodeIgniter->run()
INFO - 2023-06-13 09:57:30 --> Session: Class initialized using 'CodeIgniter\Session\Handlers\FileHandler' driver.
CRITICAL - 2023-06-13 09:57:30 --> Undefined array key "fld_aid"
in APPPATH\Views\dashboard\activityTeacher.php on line 149.
 1 APPPATH\Views\dashboard\activityTeacher.php(149): CodeIgniter\Debug\Exceptions->errorHandler(2, 'Undefined array key "fld_aid"', 'D:\\xampp\\htdocs\\pibg_fyp\\app\\Views\\dashboard\\activityTeacher.php', 149)
 2 SYSTEMPATH\View\View.php(213): include('D:\\xampp\\htdocs\\pibg_fyp\\app\\Views\\dashboard\\activityTeacher.php')
 3 SYSTEMPATH\View\View.php(216): CodeIgniter\View\View->CodeIgniter\View\{closure}()
 4 SYSTEMPATH\Common.php(1184): CodeIgniter\View\View->render('dashboard/activityTeacher', [], true)
 5 APPPATH\Controllers\TeacherController.php(53): view('dashboard/activityTeacher', [...])
 6 SYSTEMPATH\CodeIgniter.php(934): App\Controllers\TeacherController->activity()
 7 SYSTEMPATH\CodeIgniter.php(499): CodeIgniter\CodeIgniter->runController(Object(App\Controllers\TeacherController))
 8 SYSTEMPATH\CodeIgniter.php(368): CodeIgniter\CodeIgniter->handleRequest(null, Object(Config\Cache), false)
 9 FCPATH\index.php(67): CodeIgniter\CodeIgniter->run()
INFO - 2023-06-13 09:57:34 --> Session: Class initialized using 'CodeIgniter\Session\Handlers\FileHandler' driver.
INFO - 2023-06-13 09:57:58 --> Session: Class initialized using 'CodeIgniter\Session\Handlers\FileHandler' driver.
CRITICAL - 2023-06-13 09:57:58 --> Undefined array key "fld_aid"
in APPPATH\Views\dashboard\activityTeacher.php on line 152.
 1 APPPATH\Views\dashboard\activityTeacher.php(152): CodeIgniter\Debug\Exceptions->errorHandler(2, 'Undefined array key "fld_aid"', 'D:\\xampp\\htdocs\\pibg_fyp\\app\\Views\\dashboard\\activityTeacher.php', 152)
 2 SYSTEMPATH\View\View.php(213): include('D:\\xampp\\htdocs\\pibg_fyp\\app\\Views\\dashboard\\activityTeacher.php')
 3 SYSTEMPATH\View\View.php(216): CodeIgniter\View\View->CodeIgniter\View\{closure}()
 4 SYSTEMPATH\Common.php(1184): CodeIgniter\View\View->render('dashboard/activityTeacher', [], true)
 5 APPPATH\Controllers\TeacherController.php(53): view('dashboard/activityTeacher', [...])
 6 SYSTEMPATH\CodeIgniter.php(934): App\Controllers\TeacherController->activity()
 7 SYSTEMPATH\CodeIgniter.php(499): CodeIgniter\CodeIgniter->runController(Object(App\Controllers\TeacherController))
 8 SYSTEMPATH\CodeIgniter.php(368): CodeIgniter\CodeIgniter->handleRequest(null, Object(Config\Cache), false)
 9 FCPATH\index.php(67): CodeIgniter\CodeIgniter->run()
INFO - 2023-06-13 09:58:07 --> Session: Class initialized using 'CodeIgniter\Session\Handlers\FileHandler' driver.
INFO - 2023-06-13 09:59:00 --> Session: Class initialized using 'CodeIgniter\Session\Handlers\FileHandler' driver.
CRITICAL - 2023-06-13 09:59:00 --> Undefined variable $participant
in APPPATH\Views\dashboard\activityTeacher.php on line 165.
 1 APPPATH\Views\dashboard\activityTeacher.php(165): CodeIgniter\Debug\Exceptions->errorHandler(2, 'Undefined variable $participant', 'D:\\xampp\\htdocs\\pibg_fyp\\app\\Views\\dashboard\\activityTeacher.php', 165)
 2 SYSTEMPATH\View\View.php(213): include('D:\\xampp\\htdocs\\pibg_fyp\\app\\Views\\dashboard\\activityTeacher.php')
 3 SYSTEMPATH\View\View.php(216): CodeIgniter\View\View->CodeIgniter\View\{closure}()
 4 SYSTEMPATH\Common.php(1184): CodeIgniter\View\View->render('dashboard/activityTeacher', [], true)
 5 APPPATH\Controllers\TeacherController.php(53): view('dashboard/activityTeacher', [...])
 6 SYSTEMPATH\CodeIgniter.php(934): App\Controllers\TeacherController->activity()
 7 SYSTEMPATH\CodeIgniter.php(499): CodeIgniter\CodeIgniter->runController(Object(App\Controllers\TeacherController))
 8 SYSTEMPATH\CodeIgniter.php(368): CodeIgniter\CodeIgniter->handleRequest(null, Object(Config\Cache), false)
 9 FCPATH\index.php(67): CodeIgniter\CodeIgniter->run()
INFO - 2023-06-13 09:59:12 --> Session: Class initialized using 'CodeIgniter\Session\Handlers\FileHandler' driver.
CRITICAL - 2023-06-13 09:59:12 --> Undefined array key "fld_name"
in APPPATH\Views\dashboard\activityTeacher.php on line 165.
 1 APPPATH\Views\dashboard\activityTeacher.php(165): CodeIgniter\Debug\Exceptions->errorHandler(2, 'Undefined array key "fld_name"', 'D:\\xampp\\htdocs\\pibg_fyp\\app\\Views\\dashboard\\activityTeacher.php', 165)
 2 SYSTEMPATH\View\View.php(213): include('D:\\xampp\\htdocs\\pibg_fyp\\app\\Views\\dashboard\\activityTeacher.php')
 3 SYSTEMPATH\View\View.php(216): CodeIgniter\View\View->CodeIgniter\View\{closure}()
 4 SYSTEMPATH\Common.php(1184): CodeIgniter\View\View->render('dashboard/activityTeacher', [], true)
 5 APPPATH\Controllers\TeacherController.php(53): view('dashboard/activityTeacher', [...])
 6 SYSTEMPATH\CodeIgniter.php(934): App\Controllers\TeacherController->activity()
 7 SYSTEMPATH\CodeIgniter.php(499): CodeIgniter\CodeIgniter->runController(Object(App\Controllers\TeacherController))
 8 SYSTEMPATH\CodeIgniter.php(368): CodeIgniter\CodeIgniter->handleRequest(null, Object(Config\Cache), false)
 9 FCPATH\index.php(67): CodeIgniter\CodeIgniter->run()
INFO - 2023-06-13 10:00:49 --> Session: Class initialized using 'CodeIgniter\Session\Handlers\FileHandler' driver.
CRITICAL - 2023-06-13 10:00:49 --> Invalid file: "teacher/participants.php"
in SYSTEMPATH\Exceptions\FrameworkException.php on line 33.
 1 SYSTEMPATH\View\View.php(201): CodeIgniter\Exceptions\FrameworkException::forInvalidFile('teacher/participants.php')
 2 SYSTEMPATH\Common.php(1184): CodeIgniter\View\View->render('teacher/participants', [], true)
 3 APPPATH\Controllers\TeacherController.php(66): view('teacher/participants', [...])
 4 SYSTEMPATH\CodeIgniter.php(934): App\Controllers\TeacherController->participants()
 5 SYSTEMPATH\CodeIgniter.php(499): CodeIgniter\CodeIgniter->runController(Object(App\Controllers\TeacherController))
 6 SYSTEMPATH\CodeIgniter.php(368): CodeIgniter\CodeIgniter->handleRequest(null, Object(Config\Cache), false)
 7 FCPATH\index.php(67): CodeIgniter\CodeIgniter->run()
INFO - 2023-06-13 10:00:51 --> Session: Class initialized using 'CodeIgniter\Session\Handlers\FileHandler' driver.
INFO - 2023-06-13 10:01:31 --> Session: Class initialized using 'CodeIgniter\Session\Handlers\FileHandler' driver.
CRITICAL - 2023-06-13 10:01:31 --> Undefined array key "fld_id"
in APPPATH\Views\dashboard\activityTeacher.php on line 149.
 1 APPPATH\Views\dashboard\activityTeacher.php(149): CodeIgniter\Debug\Exceptions->errorHandler(2, 'Undefined array key "fld_id"', 'D:\\xampp\\htdocs\\pibg_fyp\\app\\Views\\dashboard\\activityTeacher.php', 149)
 2 SYSTEMPATH\View\View.php(213): include('D:\\xampp\\htdocs\\pibg_fyp\\app\\Views\\dashboard\\activityTeacher.php')
 3 SYSTEMPATH\View\View.php(216): CodeIgniter\View\View->CodeIgniter\View\{closure}()
 4 SYSTEMPATH\Common.php(1184): CodeIgniter\View\View->render('dashboard/activityTeacher', [], true)
 5 APPPATH\Controllers\TeacherController.php(53): view('dashboard/activityTeacher', [...])
 6 SYSTEMPATH\CodeIgniter.php(934): App\Controllers\TeacherController->activity()
 7 SYSTEMPATH\CodeIgniter.php(499): CodeIgniter\CodeIgniter->runController(Object(App\Controllers\TeacherController))
 8 SYSTEMPATH\CodeIgniter.php(368): CodeIgniter\CodeIgniter->handleRequest(null, Object(Config\Cache), false)
 9 FCPATH\index.php(67): CodeIgniter\CodeIgniter->run()
INFO - 2023-06-13 10:01:42 --> Session: Class initialized using 'CodeIgniter\Session\Handlers\FileHandler' driver.
INFO - 2023-06-13 10:01:45 --> Session: Class initialized using 'CodeIgniter\Session\Handlers\FileHandler' driver.
INFO - 2023-06-13 10:02:13 --> Session: Class initialized using 'CodeIgniter\Session\Handlers\FileHandler' driver.
INFO - 2023-06-13 10:05:52 --> Session: Class initialized using 'CodeIgniter\Session\Handlers\FileHandler' driver.
INFO - 2023-06-13 10:07:34 --> Session: Class initialized using 'CodeIgniter\Session\Handlers\FileHandler' driver.
INFO - 2023-06-13 10:37:12 --> Session: Class initialized using 'CodeIgniter\Session\Handlers\FileHandler' driver.
INFO - 2023-06-13 10:40:15 --> Session: Class initialized using 'CodeIgniter\Session\Handlers\FileHandler' driver.
INFO - 2023-06-13 10:40:16 --> Session: Class initialized using 'CodeIgniter\Session\Handlers\FileHandler' driver.
INFO - 2023-06-13 10:40:24 --> Session: Class initialized using 'CodeIgniter\Session\Handlers\FileHandler' driver.
INFO - 2023-06-13 10:40:24 --> Session: Class initialized using 'CodeIgniter\Session\Handlers\FileHandler' driver.
INFO - 2023-06-13 10:40:30 --> Session: Class initialized using 'CodeIgniter\Session\Handlers\FileHandler' driver.
INFO - 2023-06-13 10:40:30 --> Session: Class initialized using 'CodeIgniter\Session\Handlers\FileHandler' driver.
INFO - 2023-06-13 10:40:38 --> Session: Class initialized using 'CodeIgniter\Session\Handlers\FileHandler' driver.
INFO - 2023-06-13 10:40:38 --> Session: Class initialized using 'CodeIgniter\Session\Handlers\FileHandler' driver.
INFO - 2023-06-13 10:41:18 --> Session: Class initialized using 'CodeIgniter\Session\Handlers\FileHandler' driver.
INFO - 2023-06-13 10:41:18 --> Session: Class initialized using 'CodeIgniter\Session\Handlers\FileHandler' driver.
INFO - 2023-06-13 10:41:24 --> Session: Class initialized using 'CodeIgniter\Session\Handlers\FileHandler' driver.
INFO - 2023-06-13 10:41:25 --> Session: Class initialized using 'CodeIgniter\Session\Handlers\FileHandler' driver.
INFO - 2023-06-13 10:41:33 --> Session: Class initialized using 'CodeIgniter\Session\Handlers\FileHandler' driver.
INFO - 2023-06-13 10:41:34 --> Session: Class initialized using 'CodeIgniter\Session\Handlers\FileHandler' driver.
INFO - 2023-06-13 10:41:48 --> Session: Class initialized using 'CodeIgniter\Session\Handlers\FileHandler' driver.
INFO - 2023-06-13 10:41:48 --> Session: Class initialized using 'CodeIgniter\Session\Handlers\FileHandler' driver.
INFO - 2023-06-13 10:41:55 --> Session: Class initialized using 'CodeIgniter\Session\Handlers\FileHandler' driver.
INFO - 2023-06-13 10:41:55 --> Session: Class initialized using 'CodeIgniter\Session\Handlers\FileHandler' driver.
INFO - 2023-06-13 10:43:14 --> Session: Class initialized using 'CodeIgniter\Session\Handlers\FileHandler' driver.
INFO - 2023-06-13 10:43:27 --> Session: Class initialized using 'CodeIgniter\Session\Handlers\FileHandler' driver.
INFO - 2023-06-13 10:43:28 --> Session: Class initialized using 'CodeIgniter\Session\Handlers\FileHandler' driver.
INFO - 2023-06-13 10:43:31 --> Session: Class initialized using 'CodeIgniter\Session\Handlers\FileHandler' driver.
INFO - 2023-06-13 10:43:31 --> Session: Class initialized using 'CodeIgniter\Session\Handlers\FileHandler' driver.
INFO - 2023-06-13 10:45:08 --> Session: Class initialized using 'CodeIgniter\Session\Handlers\FileHandler' driver.
INFO - 2023-06-13 10:45:25 --> Session: Class initialized using 'CodeIgniter\Session\Handlers\FileHandler' driver.
INFO - 2023-06-13 10:45:28 --> Session: Class initialized using 'CodeIgniter\Session\Handlers\FileHandler' driver.
INFO - 2023-06-13 10:45:31 --> Session: Class initialized using 'CodeIgniter\Session\Handlers\FileHandler' driver.
INFO - 2023-06-13 10:45:58 --> Session: Class initialized using 'CodeIgniter\Session\Handlers\FileHandler' driver.
INFO - 2023-06-13 10:45:59 --> Session: Class initialized using 'CodeIgniter\Session\Handlers\FileHandler' driver.
INFO - 2023-06-13 10:46:01 --> Session: Class initialized using 'CodeIgniter\Session\Handlers\FileHandler' driver.
INFO - 2023-06-13 10:46:28 --> Session: Class initialized using 'CodeIgniter\Session\Handlers\FileHandler' driver.
INFO - 2023-06-13 10:46:28 --> Session: Class initialized using 'CodeIgniter\Session\Handlers\FileHandler' driver.
INFO - 2023-06-13 10:46:34 --> Session: Class initialized using 'CodeIgniter\Session\Handlers\FileHandler' driver.
INFO - 2023-06-13 10:46:37 --> Session: Class initialized using 'CodeIgniter\Session\Handlers\FileHandler' driver.
INFO - 2023-06-13 10:46:37 --> Session: Class initialized using 'CodeIgniter\Session\Handlers\FileHandler' driver.
INFO - 2023-06-13 10:46:40 --> Session: Class initialized using 'CodeIgniter\Session\Handlers\FileHandler' driver.
INFO - 2023-06-13 10:46:40 --> Session: Class initialized using 'CodeIgniter\Session\Handlers\FileHandler' driver.
INFO - 2023-06-13 10:46:44 --> Session: Class initialized using 'CodeIgniter\Session\Handlers\FileHandler' driver.
INFO - 2023-06-13 10:46:46 --> Session: Class initialized using 'CodeIgniter\Session\Handlers\FileHandler' driver.
INFO - 2023-06-13 10:49:10 --> Session: Class initialized using 'CodeIgniter\Session\Handlers\FileHandler' driver.
INFO - 2023-06-13 10:49:11 --> Session: Class initialized using 'CodeIgniter\Session\Handlers\FileHandler' driver.
INFO - 2023-06-13 10:49:13 --> Session: Class initialized using 'CodeIgniter\Session\Handlers\FileHandler' driver.
INFO - 2023-06-13 10:50:39 --> Session: Class initialized using 'CodeIgniter\Session\Handlers\FileHandler' driver.
INFO - 2023-06-13 10:50:58 --> Session: Class initialized using 'CodeIgniter\Session\Handlers\FileHandler' driver.
INFO - 2023-06-13 10:51:22 --> Session: Class initialized using 'CodeIgniter\Session\Handlers\FileHandler' driver.
INFO - 2023-06-13 10:51:28 --> Session: Class initialized using 'CodeIgniter\Session\Handlers\FileHandler' driver.
INFO - 2023-06-13 10:51:29 --> Session: Class initialized using 'CodeIgniter\Session\Handlers\FileHandler' driver.
INFO - 2023-06-13 10:51:32 --> Session: Class initialized using 'CodeIgniter\Session\Handlers\FileHandler' driver.
INFO - 2023-06-13 10:51:35 --> Session: Class initialized using 'CodeIgniter\Session\Handlers\FileHandler' driver.
INFO - 2023-06-13 10:51:55 --> Session: Class initialized using 'CodeIgniter\Session\Handlers\FileHandler' driver.
CRITICAL - 2023-06-13 11:07:54 --> Maximum execution time of 120 seconds exceeded
in SYSTEMPATH\Database\MySQLi\Connection.php on line 296.
 1 [internal function]: CodeIgniter\Debug\Exceptions->shutdownHandler()
CRITICAL - 2023-06-13 11:07:55 --> Maximum execution time of 120 seconds exceeded
in SYSTEMPATH\Session\Handlers\FileHandler.php on line 134.
 1 [internal function]: CodeIgniter\Debug\Exceptions->shutdownHandler()
CRITICAL - 2023-06-13 11:07:55 --> Maximum execution time of 120 seconds exceeded
in SYSTEMPATH\Session\Handlers\FileHandler.php on line 134.
 1 [internal function]: CodeIgniter\Debug\Exceptions->shutdownHandler()
CRITICAL - 2023-06-13 11:07:55 --> Maximum execution time of 120 seconds exceeded
in SYSTEMPATH\Session\Handlers\FileHandler.php on line 134.
 1 [internal function]: CodeIgniter\Debug\Exceptions->shutdownHandler()
CRITICAL - 2023-06-13 11:07:55 --> Maximum execution time of 120 seconds exceeded
in SYSTEMPATH\Session\Handlers\FileHandler.php on line 134.
 1 [internal function]: CodeIgniter\Debug\Exceptions->shutdownHandler()
CRITICAL - 2023-06-13 11:07:55 --> Maximum execution time of 120 seconds exceeded
in SYSTEMPATH\Session\Handlers\FileHandler.php on line 134.
 1 [internal function]: CodeIgniter\Debug\Exceptions->shutdownHandler()
CRITICAL - 2023-06-13 11:07:55 --> Maximum execution time of 120 seconds exceeded
in SYSTEMPATH\Session\Handlers\FileHandler.php on line 134.
 1 [internal function]: CodeIgniter\Debug\Exceptions->shutdownHandler()
CRITICAL - 2023-06-13 11:07:55 --> Maximum execution time of 120 seconds exceeded
in SYSTEMPATH\Session\Handlers\FileHandler.php on line 134.
 1 [internal function]: CodeIgniter\Debug\Exceptions->shutdownHandler()
CRITICAL - 2023-06-13 11:07:55 --> Maximum execution time of 120 seconds exceeded
in SYSTEMPATH\Session\Handlers\FileHandler.php on line 134.
 1 [internal function]: CodeIgniter\Debug\Exceptions->shutdownHandler()
CRITICAL - 2023-06-13 11:07:55 --> Maximum execution time of 120 seconds exceeded
in SYSTEMPATH\Session\Handlers\FileHandler.php on line 134.
 1 [internal function]: CodeIgniter\Debug\Exceptions->shutdownHandler()
CRITICAL - 2023-06-13 11:07:55 --> Maximum execution time of 120 seconds exceeded
in SYSTEMPATH\Session\Handlers\FileHandler.php on line 134.
 1 [internal function]: CodeIgniter\Debug\Exceptions->shutdownHandler()
CRITICAL - 2023-06-13 11:07:55 --> Maximum execution time of 120 seconds exceeded
in SYSTEMPATH\Session\Handlers\FileHandler.php on line 134.
 1 [internal function]: CodeIgniter\Debug\Exceptions->shutdownHandler()
CRITICAL - 2023-06-13 11:07:56 --> Maximum execution time of 120 seconds exceeded
in SYSTEMPATH\Session\Handlers\FileHandler.php on line 134.
 1 [internal function]: CodeIgniter\Debug\Exceptions->shutdownHandler()
CRITICAL - 2023-06-13 11:07:56 --> Maximum execution time of 120 seconds exceeded
in SYSTEMPATH\Session\Handlers\FileHandler.php on line 134.
 1 [internal function]: CodeIgniter\Debug\Exceptions->shutdownHandler()
CRITICAL - 2023-06-13 11:07:56 --> Maximum execution time of 120 seconds exceeded
in SYSTEMPATH\Session\Handlers\FileHandler.php on line 134.
 1 [internal function]: CodeIgniter\Debug\Exceptions->shutdownHandler()
CRITICAL - 2023-06-13 11:07:56 --> Maximum execution time of 120 seconds exceeded
in SYSTEMPATH\Session\Handlers\FileHandler.php on line 134.
 1 [internal function]: CodeIgniter\Debug\Exceptions->shutdownHandler()
CRITICAL - 2023-06-13 11:07:56 --> Maximum execution time of 120 seconds exceeded
in SYSTEMPATH\Session\Handlers\FileHandler.php on line 134.
 1 [internal function]: CodeIgniter\Debug\Exceptions->shutdownHandler()
CRITICAL - 2023-06-13 11:07:56 --> Maximum execution time of 120 seconds exceeded
in SYSTEMPATH\Session\Handlers\FileHandler.php on line 134.
 1 [internal function]: CodeIgniter\Debug\Exceptions->shutdownHandler()
CRITICAL - 2023-06-13 11:07:56 --> Maximum execution time of 120 seconds exceeded
in SYSTEMPATH\Session\Handlers\FileHandler.php on line 134.
 1 [internal function]: CodeIgniter\Debug\Exceptions->shutdownHandler()
INFO - 2023-06-13 12:45:26 --> Session: Class initialized using 'CodeIgniter\Session\Handlers\FileHandler' driver.
INFO - 2023-06-13 12:45:47 --> Session: Class initialized using 'CodeIgniter\Session\Handlers\FileHandler' driver.
INFO - 2023-06-13 12:46:05 --> Session: Class initialized using 'CodeIgniter\Session\Handlers\FileHandler' driver.
INFO - 2023-06-13 12:46:05 --> Session: Class initialized using 'CodeIgniter\Session\Handlers\FileHandler' driver.
INFO - 2023-06-13 12:46:46 --> Session: Class initialized using 'CodeIgniter\Session\Handlers\FileHandler' driver.
INFO - 2023-06-13 12:46:46 --> Session: Class initialized using 'CodeIgniter\Session\Handlers\FileHandler' driver.
INFO - 2023-06-13 12:46:50 --> Session: Class initialized using 'CodeIgniter\Session\Handlers\FileHandler' driver.
INFO - 2023-06-13 12:46:52 --> Session: Class initialized using 'CodeIgniter\Session\Handlers\FileHandler' driver.
INFO - 2023-06-13 12:47:17 --> Session: Class initialized using 'CodeIgniter\Session\Handlers\FileHandler' driver.
INFO - 2023-06-13 12:47:17 --> Session: Class initialized using 'CodeIgniter\Session\Handlers\FileHandler' driver.
INFO - 2023-06-13 12:47:21 --> Session: Class initialized using 'CodeIgniter\Session\Handlers\FileHandler' driver.
INFO - 2023-06-13 12:47:24 --> Session: Class initialized using 'CodeIgniter\Session\Handlers\FileHandler' driver.
INFO - 2023-06-13 12:47:25 --> Session: Class initialized using 'CodeIgniter\Session\Handlers\FileHandler' driver.
INFO - 2023-06-13 12:47:27 --> Session: Class initialized using 'CodeIgniter\Session\Handlers\FileHandler' driver.
INFO - 2023-06-13 12:47:27 --> Session: Class initialized using 'CodeIgniter\Session\Handlers\FileHandler' driver.
INFO - 2023-06-13 12:47:30 --> Session: Class initialized using 'CodeIgniter\Session\Handlers\FileHandler' driver.
INFO - 2023-06-13 12:47:30 --> Session: Class initialized using 'CodeIgniter\Session\Handlers\FileHandler' driver.
INFO - 2023-06-13 12:47:32 --> Session: Class initialized using 'CodeIgniter\Session\Handlers\FileHandler' driver.
INFO - 2023-06-13 12:47:44 --> Session: Class initialized using 'CodeIgniter\Session\Handlers\FileHandler' driver.
INFO - 2023-06-13 12:48:10 --> Session: Class initialized using 'CodeIgniter\Session\Handlers\FileHandler' driver.
INFO - 2023-06-13 12:48:10 --> Session: Class initialized using 'CodeIgniter\Session\Handlers\FileHandler' driver.
INFO - 2023-06-13 12:48:14 --> Session: Class initialized using 'CodeIgniter\Session\Handlers\FileHandler' driver.
INFO - 2023-06-13 12:48:41 --> Session: Class initialized using 'CodeIgniter\Session\Handlers\FileHandler' driver.
INFO - 2023-06-13 12:49:58 --> Session: Class initialized using 'CodeIgniter\Session\Handlers\FileHandler' driver.
INFO - 2023-06-13 12:49:59 --> Session: Class initialized using 'CodeIgniter\Session\Handlers\FileHandler' driver.
INFO - 2023-06-13 12:50:03 --> Session: Class initialized using 'CodeIgniter\Session\Handlers\FileHandler' driver.
INFO - 2023-06-13 12:50:05 --> Session: Class initialized using 'CodeIgniter\Session\Handlers\FileHandler' driver.
INFO - 2023-06-13 12:50:36 --> Session: Class initialized using 'CodeIgniter\Session\Handlers\FileHandler' driver.
INFO - 2023-06-13 12:50:37 --> Session: Class initialized using 'CodeIgniter\Session\Handlers\FileHandler' driver.
INFO - 2023-06-13 12:50:39 --> Session: Class initialized using 'CodeIgniter\Session\Handlers\FileHandler' driver.
INFO - 2023-06-13 12:53:09 --> Session: Class initialized using 'CodeIgniter\Session\Handlers\FileHandler' driver.
INFO - 2023-06-13 12:53:36 --> Session: Class initialized using 'CodeIgniter\Session\Handlers\FileHandler' driver.
INFO - 2023-06-13 12:58:52 --> Session: Class initialized using 'CodeIgniter\Session\Handlers\FileHandler' driver.
INFO - 2023-06-13 12:58:54 --> Session: Class initialized using 'CodeIgniter\Session\Handlers\FileHandler' driver.
INFO - 2023-06-13 12:58:55 --> Session: Class initialized using 'CodeIgniter\Session\Handlers\FileHandler' driver.
INFO - 2023-06-13 12:58:57 --> Session: Class initialized using 'CodeIgniter\Session\Handlers\FileHandler' driver.
INFO - 2023-06-13 12:58:58 --> Session: Class initialized using 'CodeIgniter\Session\Handlers\FileHandler' driver.
INFO - 2023-06-13 12:59:11 --> Session: Class initialized using 'CodeIgniter\Session\Handlers\FileHandler' driver.
INFO - 2023-06-13 12:59:11 --> Session: Class initialized using 'CodeIgniter\Session\Handlers\FileHandler' driver.
INFO - 2023-06-13 12:59:48 --> Session: Class initialized using 'CodeIgniter\Session\Handlers\FileHandler' driver.
INFO - 2023-06-13 12:59:48 --> Session: Class initialized using 'CodeIgniter\Session\Handlers\FileHandler' driver.
INFO - 2023-06-13 12:59:50 --> Session: Class initialized using 'CodeIgniter\Session\Handlers\FileHandler' driver.
INFO - 2023-06-13 12:59:51 --> Session: Class initialized using 'CodeIgniter\Session\Handlers\FileHandler' driver.
INFO - 2023-06-13 13:00:48 --> Session: Class initialized using 'CodeIgniter\Session\Handlers\FileHandler' driver.
INFO - 2023-06-13 13:00:49 --> Session: Class initialized using 'CodeIgniter\Session\Handlers\FileHandler' driver.
INFO - 2023-06-13 13:07:26 --> Session: Class initialized using 'CodeIgniter\Session\Handlers\FileHandler' driver.
INFO - 2023-06-13 13:07:31 --> Session: Class initialized using 'CodeIgniter\Session\Handlers\FileHandler' driver.
INFO - 2023-06-13 13:07:38 --> Session: Class initialized using 'CodeIgniter\Session\Handlers\FileHandler' driver.
