INFO - 2023-05-30 03:51:26 --> Session: Class initialized using 'CodeIgniter\Session\Handlers\FileHandler' driver.
INFO - 2023-05-30 03:51:45 --> Session: Class initialized using 'CodeIgniter\Session\Handlers\FileHandler' driver.
INFO - 2023-05-30 03:51:57 --> Session: Class initialized using 'CodeIgniter\Session\Handlers\FileHandler' driver.
INFO - 2023-05-30 03:52:08 --> Session: Class initialized using 'CodeIgniter\Session\Handlers\FileHandler' driver.
INFO - 2023-05-30 03:52:09 --> Session: Class initialized using 'CodeIgniter\Session\Handlers\FileHandler' driver.
INFO - 2023-05-30 03:52:14 --> Session: Class initialized using 'CodeIgniter\Session\Handlers\FileHandler' driver.
INFO - 2023-05-30 03:52:29 --> Session: Class initialized using 'CodeIgniter\Session\Handlers\FileHandler' driver.
INFO - 2023-05-30 03:52:31 --> Session: Class initialized using 'CodeIgniter\Session\Handlers\FileHandler' driver.
INFO - 2023-05-30 03:52:32 --> Session: Class initialized using 'CodeIgniter\Session\Handlers\FileHandler' driver.
INFO - 2023-05-30 03:52:35 --> Session: Class initialized using 'CodeIgniter\Session\Handlers\FileHandler' driver.
INFO - 2023-05-30 03:53:28 --> Session: Class initialized using 'CodeIgniter\Session\Handlers\FileHandler' driver.
INFO - 2023-05-30 03:53:29 --> Session: Class initialized using 'CodeIgniter\Session\Handlers\FileHandler' driver.
INFO - 2023-05-30 03:53:33 --> Session: Class initialized using 'CodeIgniter\Session\Handlers\FileHandler' driver.
INFO - 2023-05-30 03:53:35 --> Session: Class initialized using 'CodeIgniter\Session\Handlers\FileHandler' driver.
INFO - 2023-05-30 03:53:36 --> Session: Class initialized using 'CodeIgniter\Session\Handlers\FileHandler' driver.
INFO - 2023-05-30 03:53:39 --> Session: Class initialized using 'CodeIgniter\Session\Handlers\FileHandler' driver.
INFO - 2023-05-30 03:53:40 --> Session: Class initialized using 'CodeIgniter\Session\Handlers\FileHandler' driver.
INFO - 2023-05-30 03:54:43 --> Session: Class initialized using 'CodeIgniter\Session\Handlers\FileHandler' driver.
CRITICAL - 2023-05-30 03:54:43 --> Undefined variable $activities
in APPPATH\Views\dashboard\activityTeacher.php on line 44.
 1 APPPATH\Views\dashboard\activityTeacher.php(44): CodeIgniter\Debug\Exceptions->errorHandler(2, 'Undefined variable $activities', 'D:\\xampp\\htdocs\\pibg_fyp\\app\\Views\\dashboard\\activityTeacher.php', 44)
 2 SYSTEMPATH\View\View.php(213): include('D:\\xampp\\htdocs\\pibg_fyp\\app\\Views\\dashboard\\activityTeacher.php')
 3 SYSTEMPATH\View\View.php(216): CodeIgniter\View\View->CodeIgniter\View\{closure}()
 4 SYSTEMPATH\Common.php(1184): CodeIgniter\View\View->render('dashboard/activityTeacher', [], true)
 5 APPPATH\Controllers\TeacherController.php(47): view('dashboard/activityTeacher', [...])
 6 SYSTEMPATH\CodeIgniter.php(934): App\Controllers\TeacherController->activity()
 7 SYSTEMPATH\CodeIgniter.php(499): CodeIgniter\CodeIgniter->runController(Object(App\Controllers\TeacherController))
 8 SYSTEMPATH\CodeIgniter.php(368): CodeIgniter\CodeIgniter->handleRequest(null, Object(Config\Cache), false)
 9 FCPATH\index.php(67): CodeIgniter\CodeIgniter->run()
INFO - 2023-05-30 03:54:45 --> Session: Class initialized using 'CodeIgniter\Session\Handlers\FileHandler' driver.
INFO - 2023-05-30 03:54:54 --> Session: Class initialized using 'CodeIgniter\Session\Handlers\FileHandler' driver.
INFO - 2023-05-30 03:54:56 --> Session: Class initialized using 'CodeIgniter\Session\Handlers\FileHandler' driver.
INFO - 2023-05-30 03:56:50 --> Session: Class initialized using 'CodeIgniter\Session\Handlers\FileHandler' driver.
INFO - 2023-05-30 03:56:53 --> Session: Class initialized using 'CodeIgniter\Session\Handlers\FileHandler' driver.
INFO - 2023-05-30 03:56:55 --> Session: Class initialized using 'CodeIgniter\Session\Handlers\FileHandler' driver.
INFO - 2023-05-30 03:57:06 --> Session: Class initialized using 'CodeIgniter\Session\Handlers\FileHandler' driver.
INFO - 2023-05-30 03:58:46 --> Session: Class initialized using 'CodeIgniter\Session\Handlers\FileHandler' driver.
INFO - 2023-05-30 03:59:19 --> Session: Class initialized using 'CodeIgniter\Session\Handlers\FileHandler' driver.
INFO - 2023-05-30 04:05:56 --> Session: Class initialized using 'CodeIgniter\Session\Handlers\FileHandler' driver.
CRITICAL - 2023-05-30 04:05:56 --> Trying to access array offset on value of type null
in APPPATH\Views\layout\dashboard-layout.php on line 178.
 1 APPPATH\Views\layout\dashboard-layout.php(178): CodeIgniter\Debug\Exceptions->errorHandler(2, 'Trying to access array offset on value of type null', 'D:\\xampp\\htdocs\\pibg_fyp\\app\\Views\\layout\\dashboard-layout.php', 178)
 2 SYSTEMPATH\View\View.php(213): include('D:\\xampp\\htdocs\\pibg_fyp\\app\\Views\\layout\\dashboard-layout.php')
 3 SYSTEMPATH\View\View.php(216): CodeIgniter\View\View->CodeIgniter\View\{closure}()
 4 SYSTEMPATH\View\View.php(229): CodeIgniter\View\View->render('layout/dashboard-layout', [], true)
 5 SYSTEMPATH\Common.php(1184): CodeIgniter\View\View->render('dashboard/activity', [], true)
 6 APPPATH\Controllers\UserController.php(73): view('dashboard/activity', [...])
 7 SYSTEMPATH\CodeIgniter.php(934): App\Controllers\UserController->activity()
 8 SYSTEMPATH\CodeIgniter.php(499): CodeIgniter\CodeIgniter->runController(Object(App\Controllers\UserController))
 9 SYSTEMPATH\CodeIgniter.php(368): CodeIgniter\CodeIgniter->handleRequest(null, Object(Config\Cache), false)
10 FCPATH\index.php(67): CodeIgniter\CodeIgniter->run()
INFO - 2023-05-30 04:06:01 --> Session: Class initialized using 'CodeIgniter\Session\Handlers\FileHandler' driver.
CRITICAL - 2023-05-30 04:06:01 --> Trying to access array offset on value of type null
in APPPATH\Views\dashboard\profile.php on line 22.
 1 APPPATH\Views\dashboard\profile.php(22): CodeIgniter\Debug\Exceptions->errorHandler(2, 'Trying to access array offset on value of type null', 'D:\\xampp\\htdocs\\pibg_fyp\\app\\Views\\dashboard\\profile.php', 22)
 2 SYSTEMPATH\View\View.php(213): include('D:\\xampp\\htdocs\\pibg_fyp\\app\\Views\\dashboard\\profile.php')
 3 SYSTEMPATH\View\View.php(216): CodeIgniter\View\View->CodeIgniter\View\{closure}()
 4 SYSTEMPATH\Common.php(1184): CodeIgniter\View\View->render('dashboard/profile', [], true)
 5 APPPATH\Controllers\UserController.php(56): view('dashboard/profile', [...])
 6 SYSTEMPATH\CodeIgniter.php(934): App\Controllers\UserController->profile()
 7 SYSTEMPATH\CodeIgniter.php(499): CodeIgniter\CodeIgniter->runController(Object(App\Controllers\UserController))
 8 SYSTEMPATH\CodeIgniter.php(368): CodeIgniter\CodeIgniter->handleRequest(null, Object(Config\Cache), false)
 9 FCPATH\index.php(67): CodeIgniter\CodeIgniter->run()
INFO - 2023-05-30 04:06:03 --> Session: Class initialized using 'CodeIgniter\Session\Handlers\FileHandler' driver.
CRITICAL - 2023-05-30 04:06:03 --> Trying to access array offset on value of type null
in APPPATH\Views\layout\dashboard-layout.php on line 178.
 1 APPPATH\Views\layout\dashboard-layout.php(178): CodeIgniter\Debug\Exceptions->errorHandler(2, 'Trying to access array offset on value of type null', 'D:\\xampp\\htdocs\\pibg_fyp\\app\\Views\\layout\\dashboard-layout.php', 178)
 2 SYSTEMPATH\View\View.php(213): include('D:\\xampp\\htdocs\\pibg_fyp\\app\\Views\\layout\\dashboard-layout.php')
 3 SYSTEMPATH\View\View.php(216): CodeIgniter\View\View->CodeIgniter\View\{closure}()
 4 SYSTEMPATH\View\View.php(229): CodeIgniter\View\View->render('layout/dashboard-layout', [], true)
 5 SYSTEMPATH\Common.php(1184): CodeIgniter\View\View->render('dashboard/activity', [], true)
 6 APPPATH\Controllers\UserController.php(73): view('dashboard/activity', [...])
 7 SYSTEMPATH\CodeIgniter.php(934): App\Controllers\UserController->activity()
 8 SYSTEMPATH\CodeIgniter.php(499): CodeIgniter\CodeIgniter->runController(Object(App\Controllers\UserController))
 9 SYSTEMPATH\CodeIgniter.php(368): CodeIgniter\CodeIgniter->handleRequest(null, Object(Config\Cache), false)
10 FCPATH\index.php(67): CodeIgniter\CodeIgniter->run()
INFO - 2023-05-30 06:02:54 --> Session: Class initialized using 'CodeIgniter\Session\Handlers\FileHandler' driver.
INFO - 2023-05-30 06:04:55 --> Session: Class initialized using 'CodeIgniter\Session\Handlers\FileHandler' driver.
INFO - 2023-05-30 06:06:11 --> Session: Class initialized using 'CodeIgniter\Session\Handlers\FileHandler' driver.
INFO - 2023-05-30 06:06:27 --> Session: Class initialized using 'CodeIgniter\Session\Handlers\FileHandler' driver.
INFO - 2023-05-30 06:06:36 --> Session: Class initialized using 'CodeIgniter\Session\Handlers\FileHandler' driver.
INFO - 2023-05-30 06:06:37 --> Session: Class initialized using 'CodeIgniter\Session\Handlers\FileHandler' driver.
INFO - 2023-05-30 06:06:39 --> Session: Class initialized using 'CodeIgniter\Session\Handlers\FileHandler' driver.
INFO - 2023-05-30 06:08:44 --> Session: Class initialized using 'CodeIgniter\Session\Handlers\FileHandler' driver.
INFO - 2023-05-30 06:28:36 --> Session: Class initialized using 'CodeIgniter\Session\Handlers\FileHandler' driver.
INFO - 2023-05-30 06:32:54 --> Session: Class initialized using 'CodeIgniter\Session\Handlers\FileHandler' driver.
INFO - 2023-05-30 06:34:10 --> Session: Class initialized using 'CodeIgniter\Session\Handlers\FileHandler' driver.
INFO - 2023-05-30 06:34:58 --> Session: Class initialized using 'CodeIgniter\Session\Handlers\FileHandler' driver.
INFO - 2023-05-30 06:35:15 --> Session: Class initialized using 'CodeIgniter\Session\Handlers\FileHandler' driver.
INFO - 2023-05-30 06:35:36 --> Session: Class initialized using 'CodeIgniter\Session\Handlers\FileHandler' driver.
INFO - 2023-05-30 06:36:50 --> Session: Class initialized using 'CodeIgniter\Session\Handlers\FileHandler' driver.
INFO - 2023-05-30 06:37:01 --> Session: Class initialized using 'CodeIgniter\Session\Handlers\FileHandler' driver.
INFO - 2023-05-30 06:37:04 --> Session: Class initialized using 'CodeIgniter\Session\Handlers\FileHandler' driver.
INFO - 2023-05-30 06:37:06 --> Session: Class initialized using 'CodeIgniter\Session\Handlers\FileHandler' driver.
INFO - 2023-05-30 06:38:32 --> Session: Class initialized using 'CodeIgniter\Session\Handlers\FileHandler' driver.
INFO - 2023-05-30 06:39:23 --> Session: Class initialized using 'CodeIgniter\Session\Handlers\FileHandler' driver.
INFO - 2023-05-30 06:39:36 --> Session: Class initialized using 'CodeIgniter\Session\Handlers\FileHandler' driver.
INFO - 2023-05-30 06:41:07 --> Session: Class initialized using 'CodeIgniter\Session\Handlers\FileHandler' driver.
INFO - 2023-05-30 09:06:00 --> Session: Class initialized using 'CodeIgniter\Session\Handlers\FileHandler' driver.
INFO - 2023-05-30 09:06:05 --> Session: Class initialized using 'CodeIgniter\Session\Handlers\FileHandler' driver.
INFO - 2023-05-30 09:06:09 --> Session: Class initialized using 'CodeIgniter\Session\Handlers\FileHandler' driver.
INFO - 2023-05-30 09:06:11 --> Session: Class initialized using 'CodeIgniter\Session\Handlers\FileHandler' driver.
INFO - 2023-05-30 09:08:31 --> Session: Class initialized using 'CodeIgniter\Session\Handlers\FileHandler' driver.
CRITICAL - 2023-05-30 09:08:31 --> Undefined variable $studentInfo
in APPPATH\Views\dashboard\resultTeacher.php on line 87.
 1 APPPATH\Views\dashboard\resultTeacher.php(87): CodeIgniter\Debug\Exceptions->errorHandler(2, 'Undefined variable $studentInfo', 'D:\\xampp\\htdocs\\pibg_fyp\\app\\Views\\dashboard\\resultTeacher.php', 87)
 2 SYSTEMPATH\View\View.php(213): include('D:\\xampp\\htdocs\\pibg_fyp\\app\\Views\\dashboard\\resultTeacher.php')
 3 SYSTEMPATH\View\View.php(216): CodeIgniter\View\View->CodeIgniter\View\{closure}()
 4 SYSTEMPATH\Common.php(1184): CodeIgniter\View\View->render('dashboard/resultTeacher', [], true)
 5 APPPATH\Controllers\TeacherController.php(64): view('dashboard/resultTeacher', [...])
 6 SYSTEMPATH\CodeIgniter.php(934): App\Controllers\TeacherController->result()
 7 SYSTEMPATH\CodeIgniter.php(499): CodeIgniter\CodeIgniter->runController(Object(App\Controllers\TeacherController))
 8 SYSTEMPATH\CodeIgniter.php(368): CodeIgniter\CodeIgniter->handleRequest(null, Object(Config\Cache), false)
 9 FCPATH\index.php(67): CodeIgniter\CodeIgniter->run()
INFO - 2023-05-30 09:08:32 --> Session: Class initialized using 'CodeIgniter\Session\Handlers\FileHandler' driver.
INFO - 2023-05-30 09:08:34 --> Session: Class initialized using 'CodeIgniter\Session\Handlers\FileHandler' driver.
INFO - 2023-05-30 09:08:41 --> Session: Class initialized using 'CodeIgniter\Session\Handlers\FileHandler' driver.
INFO - 2023-05-30 09:08:46 --> Session: Class initialized using 'CodeIgniter\Session\Handlers\FileHandler' driver.
INFO - 2023-05-30 09:08:47 --> Session: Class initialized using 'CodeIgniter\Session\Handlers\FileHandler' driver.
INFO - 2023-05-30 09:08:49 --> Session: Class initialized using 'CodeIgniter\Session\Handlers\FileHandler' driver.
CRITICAL - 2023-05-30 09:08:49 --> Undefined variable $studentInfo
in APPPATH\Views\dashboard\result.php on line 75.
 1 APPPATH\Views\dashboard\result.php(75): CodeIgniter\Debug\Exceptions->errorHandler(2, 'Undefined variable $studentInfo', 'D:\\xampp\\htdocs\\pibg_fyp\\app\\Views\\dashboard\\result.php', 75)
 2 SYSTEMPATH\View\View.php(213): include('D:\\xampp\\htdocs\\pibg_fyp\\app\\Views\\dashboard\\result.php')
 3 SYSTEMPATH\View\View.php(216): CodeIgniter\View\View->CodeIgniter\View\{closure}()
 4 SYSTEMPATH\Common.php(1184): CodeIgniter\View\View->render('dashboard/result', [], true)
 5 APPPATH\Controllers\UserController.php(87): view('dashboard/result', [...])
 6 SYSTEMPATH\CodeIgniter.php(934): App\Controllers\UserController->result()
 7 SYSTEMPATH\CodeIgniter.php(499): CodeIgniter\CodeIgniter->runController(Object(App\Controllers\UserController))
 8 SYSTEMPATH\CodeIgniter.php(368): CodeIgniter\CodeIgniter->handleRequest(null, Object(Config\Cache), false)
 9 FCPATH\index.php(67): CodeIgniter\CodeIgniter->run()
INFO - 2023-05-30 09:08:53 --> Session: Class initialized using 'CodeIgniter\Session\Handlers\FileHandler' driver.
INFO - 2023-05-30 09:10:20 --> Session: Class initialized using 'CodeIgniter\Session\Handlers\FileHandler' driver.
CRITICAL - 2023-05-30 09:10:20 --> Trying to access array offset on value of type null
in APPPATH\Views\dashboard\result.php on line 75.
 1 APPPATH\Views\dashboard\result.php(75): CodeIgniter\Debug\Exceptions->errorHandler(2, 'Trying to access array offset on value of type null', 'D:\\xampp\\htdocs\\pibg_fyp\\app\\Views\\dashboard\\result.php', 75)
 2 SYSTEMPATH\View\View.php(213): include('D:\\xampp\\htdocs\\pibg_fyp\\app\\Views\\dashboard\\result.php')
 3 SYSTEMPATH\View\View.php(216): CodeIgniter\View\View->CodeIgniter\View\{closure}()
 4 SYSTEMPATH\Common.php(1184): CodeIgniter\View\View->render('dashboard/result', [], true)
 5 APPPATH\Controllers\UserController.php(103): view('dashboard/result', [...])
 6 SYSTEMPATH\CodeIgniter.php(934): App\Controllers\UserController->result()
 7 SYSTEMPATH\CodeIgniter.php(499): CodeIgniter\CodeIgniter->runController(Object(App\Controllers\UserController))
 8 SYSTEMPATH\CodeIgniter.php(368): CodeIgniter\CodeIgniter->handleRequest(null, Object(Config\Cache), false)
 9 FCPATH\index.php(67): CodeIgniter\CodeIgniter->run()
INFO - 2023-05-30 09:10:27 --> Session: Class initialized using 'CodeIgniter\Session\Handlers\FileHandler' driver.
INFO - 2023-05-30 09:11:57 --> Session: Class initialized using 'CodeIgniter\Session\Handlers\FileHandler' driver.
CRITICAL - 2023-05-30 09:11:57 --> Trying to access array offset on value of type null
in APPPATH\Views\dashboard\result.php on line 75.
 1 APPPATH\Views\dashboard\result.php(75): CodeIgniter\Debug\Exceptions->errorHandler(2, 'Trying to access array offset on value of type null', 'D:\\xampp\\htdocs\\pibg_fyp\\app\\Views\\dashboard\\result.php', 75)
 2 SYSTEMPATH\View\View.php(213): include('D:\\xampp\\htdocs\\pibg_fyp\\app\\Views\\dashboard\\result.php')
 3 SYSTEMPATH\View\View.php(216): CodeIgniter\View\View->CodeIgniter\View\{closure}()
 4 SYSTEMPATH\Common.php(1184): CodeIgniter\View\View->render('dashboard/result', [], true)
 5 APPPATH\Controllers\UserController.php(103): view('dashboard/result', [...])
 6 SYSTEMPATH\CodeIgniter.php(934): App\Controllers\UserController->result()
 7 SYSTEMPATH\CodeIgniter.php(499): CodeIgniter\CodeIgniter->runController(Object(App\Controllers\UserController))
 8 SYSTEMPATH\CodeIgniter.php(368): CodeIgniter\CodeIgniter->handleRequest(null, Object(Config\Cache), false)
 9 FCPATH\index.php(67): CodeIgniter\CodeIgniter->run()
INFO - 2023-05-30 09:11:59 --> Session: Class initialized using 'CodeIgniter\Session\Handlers\FileHandler' driver.
INFO - 2023-05-30 09:13:58 --> Session: Class initialized using 'CodeIgniter\Session\Handlers\FileHandler' driver.
INFO - 2023-05-30 09:14:00 --> Session: Class initialized using 'CodeIgniter\Session\Handlers\FileHandler' driver.
INFO - 2023-05-30 09:14:02 --> Session: Class initialized using 'CodeIgniter\Session\Handlers\FileHandler' driver.
CRITICAL - 2023-05-30 09:14:02 --> Trying to access array offset on value of type null
in APPPATH\Views\dashboard\result.php on line 75.
 1 APPPATH\Views\dashboard\result.php(75): CodeIgniter\Debug\Exceptions->errorHandler(2, 'Trying to access array offset on value of type null', 'D:\\xampp\\htdocs\\pibg_fyp\\app\\Views\\dashboard\\result.php', 75)
 2 SYSTEMPATH\View\View.php(213): include('D:\\xampp\\htdocs\\pibg_fyp\\app\\Views\\dashboard\\result.php')
 3 SYSTEMPATH\View\View.php(216): CodeIgniter\View\View->CodeIgniter\View\{closure}()
 4 SYSTEMPATH\Common.php(1184): CodeIgniter\View\View->render('dashboard/result', [], true)
 5 APPPATH\Controllers\UserController.php(103): view('dashboard/result', [...])
 6 SYSTEMPATH\CodeIgniter.php(934): App\Controllers\UserController->result()
 7 SYSTEMPATH\CodeIgniter.php(499): CodeIgniter\CodeIgniter->runController(Object(App\Controllers\UserController))
 8 SYSTEMPATH\CodeIgniter.php(368): CodeIgniter\CodeIgniter->handleRequest(null, Object(Config\Cache), false)
 9 FCPATH\index.php(67): CodeIgniter\CodeIgniter->run()
INFO - 2023-05-30 09:14:25 --> Session: Class initialized using 'CodeIgniter\Session\Handlers\FileHandler' driver.
INFO - 2023-05-30 09:18:24 --> Session: Class initialized using 'CodeIgniter\Session\Handlers\FileHandler' driver.
CRITICAL - 2023-05-30 09:18:24 --> Trying to access array offset on value of type null
in APPPATH\Views\dashboard\result.php on line 75.
 1 APPPATH\Views\dashboard\result.php(75): CodeIgniter\Debug\Exceptions->errorHandler(2, 'Trying to access array offset on value of type null', 'D:\\xampp\\htdocs\\pibg_fyp\\app\\Views\\dashboard\\result.php', 75)
 2 SYSTEMPATH\View\View.php(213): include('D:\\xampp\\htdocs\\pibg_fyp\\app\\Views\\dashboard\\result.php')
 3 SYSTEMPATH\View\View.php(216): CodeIgniter\View\View->CodeIgniter\View\{closure}()
 4 SYSTEMPATH\Common.php(1184): CodeIgniter\View\View->render('dashboard/result', [], true)
 5 APPPATH\Controllers\UserController.php(103): view('dashboard/result', [...])
 6 SYSTEMPATH\CodeIgniter.php(934): App\Controllers\UserController->result()
 7 SYSTEMPATH\CodeIgniter.php(499): CodeIgniter\CodeIgniter->runController(Object(App\Controllers\UserController))
 8 SYSTEMPATH\CodeIgniter.php(368): CodeIgniter\CodeIgniter->handleRequest(null, Object(Config\Cache), false)
 9 FCPATH\index.php(67): CodeIgniter\CodeIgniter->run()
INFO - 2023-05-30 09:18:41 --> Session: Class initialized using 'CodeIgniter\Session\Handlers\FileHandler' driver.
CRITICAL - 2023-05-30 09:18:41 --> Trying to access array offset on value of type null
in APPPATH\Views\dashboard\result.php on line 74.
 1 APPPATH\Views\dashboard\result.php(74): CodeIgniter\Debug\Exceptions->errorHandler(2, 'Trying to access array offset on value of type null', 'D:\\xampp\\htdocs\\pibg_fyp\\app\\Views\\dashboard\\result.php', 74)
 2 SYSTEMPATH\View\View.php(213): include('D:\\xampp\\htdocs\\pibg_fyp\\app\\Views\\dashboard\\result.php')
 3 SYSTEMPATH\View\View.php(216): CodeIgniter\View\View->CodeIgniter\View\{closure}()
 4 SYSTEMPATH\Common.php(1184): CodeIgniter\View\View->render('dashboard/result', [], true)
 5 APPPATH\Controllers\UserController.php(103): view('dashboard/result', [...])
 6 SYSTEMPATH\CodeIgniter.php(934): App\Controllers\UserController->result()
 7 SYSTEMPATH\CodeIgniter.php(499): CodeIgniter\CodeIgniter->runController(Object(App\Controllers\UserController))
 8 SYSTEMPATH\CodeIgniter.php(368): CodeIgniter\CodeIgniter->handleRequest(null, Object(Config\Cache), false)
 9 FCPATH\index.php(67): CodeIgniter\CodeIgniter->run()
INFO - 2023-05-30 09:18:44 --> Session: Class initialized using 'CodeIgniter\Session\Handlers\FileHandler' driver.
CRITICAL - 2023-05-30 09:18:44 --> Trying to access array offset on value of type null
in APPPATH\Views\dashboard\result.php on line 74.
 1 APPPATH\Views\dashboard\result.php(74): CodeIgniter\Debug\Exceptions->errorHandler(2, 'Trying to access array offset on value of type null', 'D:\\xampp\\htdocs\\pibg_fyp\\app\\Views\\dashboard\\result.php', 74)
 2 SYSTEMPATH\View\View.php(213): include('D:\\xampp\\htdocs\\pibg_fyp\\app\\Views\\dashboard\\result.php')
 3 SYSTEMPATH\View\View.php(216): CodeIgniter\View\View->CodeIgniter\View\{closure}()
 4 SYSTEMPATH\Common.php(1184): CodeIgniter\View\View->render('dashboard/result', [], true)
 5 APPPATH\Controllers\UserController.php(103): view('dashboard/result', [...])
 6 SYSTEMPATH\CodeIgniter.php(934): App\Controllers\UserController->result()
 7 SYSTEMPATH\CodeIgniter.php(499): CodeIgniter\CodeIgniter->runController(Object(App\Controllers\UserController))
 8 SYSTEMPATH\CodeIgniter.php(368): CodeIgniter\CodeIgniter->handleRequest(null, Object(Config\Cache), false)
 9 FCPATH\index.php(67): CodeIgniter\CodeIgniter->run()
INFO - 2023-05-30 09:19:02 --> Session: Class initialized using 'CodeIgniter\Session\Handlers\FileHandler' driver.
CRITICAL - 2023-05-30 09:19:02 --> Trying to access array offset on value of type null
in APPPATH\Views\dashboard\result.php on line 74.
 1 APPPATH\Views\dashboard\result.php(74): CodeIgniter\Debug\Exceptions->errorHandler(2, 'Trying to access array offset on value of type null', 'D:\\xampp\\htdocs\\pibg_fyp\\app\\Views\\dashboard\\result.php', 74)
 2 SYSTEMPATH\View\View.php(213): include('D:\\xampp\\htdocs\\pibg_fyp\\app\\Views\\dashboard\\result.php')
 3 SYSTEMPATH\View\View.php(216): CodeIgniter\View\View->CodeIgniter\View\{closure}()
 4 SYSTEMPATH\Common.php(1184): CodeIgniter\View\View->render('dashboard/result', [], true)
 5 APPPATH\Controllers\UserController.php(103): view('dashboard/result', [...])
 6 SYSTEMPATH\CodeIgniter.php(934): App\Controllers\UserController->result()
 7 SYSTEMPATH\CodeIgniter.php(499): CodeIgniter\CodeIgniter->runController(Object(App\Controllers\UserController))
 8 SYSTEMPATH\CodeIgniter.php(368): CodeIgniter\CodeIgniter->handleRequest(null, Object(Config\Cache), false)
 9 FCPATH\index.php(67): CodeIgniter\CodeIgniter->run()
INFO - 2023-05-30 09:19:14 --> Session: Class initialized using 'CodeIgniter\Session\Handlers\FileHandler' driver.
CRITICAL - 2023-05-30 09:19:14 --> Trying to access array offset on value of type null
in APPPATH\Views\dashboard\result.php on line 74.
 1 APPPATH\Views\dashboard\result.php(74): CodeIgniter\Debug\Exceptions->errorHandler(2, 'Trying to access array offset on value of type null', 'D:\\xampp\\htdocs\\pibg_fyp\\app\\Views\\dashboard\\result.php', 74)
 2 SYSTEMPATH\View\View.php(213): include('D:\\xampp\\htdocs\\pibg_fyp\\app\\Views\\dashboard\\result.php')
 3 SYSTEMPATH\View\View.php(216): CodeIgniter\View\View->CodeIgniter\View\{closure}()
 4 SYSTEMPATH\Common.php(1184): CodeIgniter\View\View->render('dashboard/result', [], true)
 5 APPPATH\Controllers\UserController.php(103): view('dashboard/result', [...])
 6 SYSTEMPATH\CodeIgniter.php(934): App\Controllers\UserController->result()
 7 SYSTEMPATH\CodeIgniter.php(499): CodeIgniter\CodeIgniter->runController(Object(App\Controllers\UserController))
 8 SYSTEMPATH\CodeIgniter.php(368): CodeIgniter\CodeIgniter->handleRequest(null, Object(Config\Cache), false)
 9 FCPATH\index.php(67): CodeIgniter\CodeIgniter->run()
INFO - 2023-05-30 09:19:25 --> Session: Class initialized using 'CodeIgniter\Session\Handlers\FileHandler' driver.
CRITICAL - 2023-05-30 09:19:25 --> Trying to access array offset on value of type null
in APPPATH\Views\dashboard\result.php on line 75.
 1 APPPATH\Views\dashboard\result.php(75): CodeIgniter\Debug\Exceptions->errorHandler(2, 'Trying to access array offset on value of type null', 'D:\\xampp\\htdocs\\pibg_fyp\\app\\Views\\dashboard\\result.php', 75)
 2 SYSTEMPATH\View\View.php(213): include('D:\\xampp\\htdocs\\pibg_fyp\\app\\Views\\dashboard\\result.php')
 3 SYSTEMPATH\View\View.php(216): CodeIgniter\View\View->CodeIgniter\View\{closure}()
 4 SYSTEMPATH\Common.php(1184): CodeIgniter\View\View->render('dashboard/result', [], true)
 5 APPPATH\Controllers\UserController.php(103): view('dashboard/result', [...])
 6 SYSTEMPATH\CodeIgniter.php(934): App\Controllers\UserController->result()
 7 SYSTEMPATH\CodeIgniter.php(499): CodeIgniter\CodeIgniter->runController(Object(App\Controllers\UserController))
 8 SYSTEMPATH\CodeIgniter.php(368): CodeIgniter\CodeIgniter->handleRequest(null, Object(Config\Cache), false)
 9 FCPATH\index.php(67): CodeIgniter\CodeIgniter->run()
INFO - 2023-05-30 09:19:33 --> Session: Class initialized using 'CodeIgniter\Session\Handlers\FileHandler' driver.
CRITICAL - 2023-05-30 09:19:33 --> Trying to access array offset on value of type null
in APPPATH\Views\dashboard\result.php on line 75.
 1 APPPATH\Views\dashboard\result.php(75): CodeIgniter\Debug\Exceptions->errorHandler(2, 'Trying to access array offset on value of type null', 'D:\\xampp\\htdocs\\pibg_fyp\\app\\Views\\dashboard\\result.php', 75)
 2 SYSTEMPATH\View\View.php(213): include('D:\\xampp\\htdocs\\pibg_fyp\\app\\Views\\dashboard\\result.php')
 3 SYSTEMPATH\View\View.php(216): CodeIgniter\View\View->CodeIgniter\View\{closure}()
 4 SYSTEMPATH\Common.php(1184): CodeIgniter\View\View->render('dashboard/result', [], true)
 5 APPPATH\Controllers\UserController.php(103): view('dashboard/result', [...])
 6 SYSTEMPATH\CodeIgniter.php(934): App\Controllers\UserController->result()
 7 SYSTEMPATH\CodeIgniter.php(499): CodeIgniter\CodeIgniter->runController(Object(App\Controllers\UserController))
 8 SYSTEMPATH\CodeIgniter.php(368): CodeIgniter\CodeIgniter->handleRequest(null, Object(Config\Cache), false)
 9 FCPATH\index.php(67): CodeIgniter\CodeIgniter->run()
INFO - 2023-05-30 09:19:52 --> Session: Class initialized using 'CodeIgniter\Session\Handlers\FileHandler' driver.
INFO - 2023-05-30 09:21:05 --> Session: Class initialized using 'CodeIgniter\Session\Handlers\FileHandler' driver.
CRITICAL - 2023-05-30 09:21:05 --> Trying to access array offset on value of type null
in APPPATH\Views\dashboard\result.php on line 87.
 1 APPPATH\Views\dashboard\result.php(87): CodeIgniter\Debug\Exceptions->errorHandler(2, 'Trying to access array offset on value of type null', 'D:\\xampp\\htdocs\\pibg_fyp\\app\\Views\\dashboard\\result.php', 87)
 2 SYSTEMPATH\View\View.php(213): include('D:\\xampp\\htdocs\\pibg_fyp\\app\\Views\\dashboard\\result.php')
 3 SYSTEMPATH\View\View.php(216): CodeIgniter\View\View->CodeIgniter\View\{closure}()
 4 SYSTEMPATH\Common.php(1184): CodeIgniter\View\View->render('dashboard/result', [], true)
 5 APPPATH\Controllers\UserController.php(103): view('dashboard/result', [...])
 6 SYSTEMPATH\CodeIgniter.php(934): App\Controllers\UserController->result()
 7 SYSTEMPATH\CodeIgniter.php(499): CodeIgniter\CodeIgniter->runController(Object(App\Controllers\UserController))
 8 SYSTEMPATH\CodeIgniter.php(368): CodeIgniter\CodeIgniter->handleRequest(null, Object(Config\Cache), false)
 9 FCPATH\index.php(67): CodeIgniter\CodeIgniter->run()
INFO - 2023-05-30 09:21:49 --> Session: Class initialized using 'CodeIgniter\Session\Handlers\FileHandler' driver.
CRITICAL - 2023-05-30 09:21:49 --> Trying to access array offset on value of type null
in APPPATH\Views\dashboard\result.php on line 87.
 1 APPPATH\Views\dashboard\result.php(87): CodeIgniter\Debug\Exceptions->errorHandler(2, 'Trying to access array offset on value of type null', 'D:\\xampp\\htdocs\\pibg_fyp\\app\\Views\\dashboard\\result.php', 87)
 2 SYSTEMPATH\View\View.php(213): include('D:\\xampp\\htdocs\\pibg_fyp\\app\\Views\\dashboard\\result.php')
 3 SYSTEMPATH\View\View.php(216): CodeIgniter\View\View->CodeIgniter\View\{closure}()
 4 SYSTEMPATH\Common.php(1184): CodeIgniter\View\View->render('dashboard/result', [], true)
 5 APPPATH\Controllers\UserController.php(104): view('dashboard/result', [...])
 6 SYSTEMPATH\CodeIgniter.php(934): App\Controllers\UserController->result()
 7 SYSTEMPATH\CodeIgniter.php(499): CodeIgniter\CodeIgniter->runController(Object(App\Controllers\UserController))
 8 SYSTEMPATH\CodeIgniter.php(368): CodeIgniter\CodeIgniter->handleRequest(null, Object(Config\Cache), false)
 9 FCPATH\index.php(67): CodeIgniter\CodeIgniter->run()
INFO - 2023-05-30 09:21:51 --> Session: Class initialized using 'CodeIgniter\Session\Handlers\FileHandler' driver.
CRITICAL - 2023-05-30 09:21:51 --> Trying to access array offset on value of type null
in APPPATH\Views\dashboard\result.php on line 87.
 1 APPPATH\Views\dashboard\result.php(87): CodeIgniter\Debug\Exceptions->errorHandler(2, 'Trying to access array offset on value of type null', 'D:\\xampp\\htdocs\\pibg_fyp\\app\\Views\\dashboard\\result.php', 87)
 2 SYSTEMPATH\View\View.php(213): include('D:\\xampp\\htdocs\\pibg_fyp\\app\\Views\\dashboard\\result.php')
 3 SYSTEMPATH\View\View.php(216): CodeIgniter\View\View->CodeIgniter\View\{closure}()
 4 SYSTEMPATH\Common.php(1184): CodeIgniter\View\View->render('dashboard/result', [], true)
 5 APPPATH\Controllers\UserController.php(104): view('dashboard/result', [...])
 6 SYSTEMPATH\CodeIgniter.php(934): App\Controllers\UserController->result()
 7 SYSTEMPATH\CodeIgniter.php(499): CodeIgniter\CodeIgniter->runController(Object(App\Controllers\UserController))
 8 SYSTEMPATH\CodeIgniter.php(368): CodeIgniter\CodeIgniter->handleRequest(null, Object(Config\Cache), false)
 9 FCPATH\index.php(67): CodeIgniter\CodeIgniter->run()
INFO - 2023-05-30 09:21:58 --> Session: Class initialized using 'CodeIgniter\Session\Handlers\FileHandler' driver.
CRITICAL - 2023-05-30 09:21:58 --> Trying to access array offset on value of type null
in APPPATH\Views\dashboard\result.php on line 87.
 1 APPPATH\Views\dashboard\result.php(87): CodeIgniter\Debug\Exceptions->errorHandler(2, 'Trying to access array offset on value of type null', 'D:\\xampp\\htdocs\\pibg_fyp\\app\\Views\\dashboard\\result.php', 87)
 2 SYSTEMPATH\View\View.php(213): include('D:\\xampp\\htdocs\\pibg_fyp\\app\\Views\\dashboard\\result.php')
 3 SYSTEMPATH\View\View.php(216): CodeIgniter\View\View->CodeIgniter\View\{closure}()
 4 SYSTEMPATH\Common.php(1184): CodeIgniter\View\View->render('dashboard/result', [], true)
 5 APPPATH\Controllers\UserController.php(104): view('dashboard/result', [...])
 6 SYSTEMPATH\CodeIgniter.php(934): App\Controllers\UserController->result()
 7 SYSTEMPATH\CodeIgniter.php(499): CodeIgniter\CodeIgniter->runController(Object(App\Controllers\UserController))
 8 SYSTEMPATH\CodeIgniter.php(368): CodeIgniter\CodeIgniter->handleRequest(null, Object(Config\Cache), false)
 9 FCPATH\index.php(67): CodeIgniter\CodeIgniter->run()
INFO - 2023-05-30 09:22:05 --> Session: Class initialized using 'CodeIgniter\Session\Handlers\FileHandler' driver.
CRITICAL - 2023-05-30 09:22:05 --> Trying to access array offset on value of type null
in APPPATH\Views\dashboard\result.php on line 87.
 1 APPPATH\Views\dashboard\result.php(87): CodeIgniter\Debug\Exceptions->errorHandler(2, 'Trying to access array offset on value of type null', 'D:\\xampp\\htdocs\\pibg_fyp\\app\\Views\\dashboard\\result.php', 87)
 2 SYSTEMPATH\View\View.php(213): include('D:\\xampp\\htdocs\\pibg_fyp\\app\\Views\\dashboard\\result.php')
 3 SYSTEMPATH\View\View.php(216): CodeIgniter\View\View->CodeIgniter\View\{closure}()
 4 SYSTEMPATH\Common.php(1184): CodeIgniter\View\View->render('dashboard/result', [], true)
 5 APPPATH\Controllers\UserController.php(104): view('dashboard/result', [...])
 6 SYSTEMPATH\CodeIgniter.php(934): App\Controllers\UserController->result()
 7 SYSTEMPATH\CodeIgniter.php(499): CodeIgniter\CodeIgniter->runController(Object(App\Controllers\UserController))
 8 SYSTEMPATH\CodeIgniter.php(368): CodeIgniter\CodeIgniter->handleRequest(null, Object(Config\Cache), false)
 9 FCPATH\index.php(67): CodeIgniter\CodeIgniter->run()
INFO - 2023-05-30 09:41:49 --> Session: Class initialized using 'CodeIgniter\Session\Handlers\FileHandler' driver.
INFO - 2023-05-30 09:45:24 --> Session: Class initialized using 'CodeIgniter\Session\Handlers\FileHandler' driver.
INFO - 2023-05-30 09:45:40 --> Session: Class initialized using 'CodeIgniter\Session\Handlers\FileHandler' driver.
INFO - 2023-05-30 09:46:37 --> Session: Class initialized using 'CodeIgniter\Session\Handlers\FileHandler' driver.
CRITICAL - 2023-05-30 09:46:37 --> Trying to access array offset on value of type null
in APPPATH\Views\dashboard\result.php on line 181.
 1 APPPATH\Views\dashboard\result.php(181): CodeIgniter\Debug\Exceptions->errorHandler(2, 'Trying to access array offset on value of type null', 'D:\\xampp\\htdocs\\pibg_fyp\\app\\Views\\dashboard\\result.php', 181)
 2 SYSTEMPATH\View\View.php(213): include('D:\\xampp\\htdocs\\pibg_fyp\\app\\Views\\dashboard\\result.php')
 3 SYSTEMPATH\View\View.php(216): CodeIgniter\View\View->CodeIgniter\View\{closure}()
 4 SYSTEMPATH\Common.php(1184): CodeIgniter\View\View->render('dashboard/result', [], true)
 5 APPPATH\Controllers\UserController.php(84): view('dashboard/result', [...])
 6 SYSTEMPATH\CodeIgniter.php(934): App\Controllers\UserController->result()
 7 SYSTEMPATH\CodeIgniter.php(499): CodeIgniter\CodeIgniter->runController(Object(App\Controllers\UserController))
 8 SYSTEMPATH\CodeIgniter.php(368): CodeIgniter\CodeIgniter->handleRequest(null, Object(Config\Cache), false)
 9 FCPATH\index.php(67): CodeIgniter\CodeIgniter->run()
INFO - 2023-05-30 09:47:33 --> Session: Class initialized using 'CodeIgniter\Session\Handlers\FileHandler' driver.
CRITICAL - 2023-05-30 09:47:33 --> Trying to access array offset on value of type null
in APPPATH\Views\dashboard\result.php on line 87.
 1 APPPATH\Views\dashboard\result.php(87): CodeIgniter\Debug\Exceptions->errorHandler(2, 'Trying to access array offset on value of type null', 'D:\\xampp\\htdocs\\pibg_fyp\\app\\Views\\dashboard\\result.php', 87)
 2 SYSTEMPATH\View\View.php(213): include('D:\\xampp\\htdocs\\pibg_fyp\\app\\Views\\dashboard\\result.php')
 3 SYSTEMPATH\View\View.php(216): CodeIgniter\View\View->CodeIgniter\View\{closure}()
 4 SYSTEMPATH\Common.php(1184): CodeIgniter\View\View->render('dashboard/result', [], true)
 5 APPPATH\Controllers\UserController.php(84): view('dashboard/result', [...])
 6 SYSTEMPATH\CodeIgniter.php(934): App\Controllers\UserController->result()
 7 SYSTEMPATH\CodeIgniter.php(499): CodeIgniter\CodeIgniter->runController(Object(App\Controllers\UserController))
 8 SYSTEMPATH\CodeIgniter.php(368): CodeIgniter\CodeIgniter->handleRequest(null, Object(Config\Cache), false)
 9 FCPATH\index.php(67): CodeIgniter\CodeIgniter->run()
INFO - 2023-05-30 09:57:19 --> Session: Class initialized using 'CodeIgniter\Session\Handlers\FileHandler' driver.
CRITICAL - 2023-05-30 09:57:19 --> Trying to access array offset on value of type null
in APPPATH\Views\dashboard\result.php on line 75.
 1 APPPATH\Views\dashboard\result.php(75): CodeIgniter\Debug\Exceptions->errorHandler(2, 'Trying to access array offset on value of type null', 'D:\\xampp\\htdocs\\pibg_fyp\\app\\Views\\dashboard\\result.php', 75)
 2 SYSTEMPATH\View\View.php(213): include('D:\\xampp\\htdocs\\pibg_fyp\\app\\Views\\dashboard\\result.php')
 3 SYSTEMPATH\View\View.php(216): CodeIgniter\View\View->CodeIgniter\View\{closure}()
 4 SYSTEMPATH\Common.php(1184): CodeIgniter\View\View->render('dashboard/result', [], true)
 5 APPPATH\Controllers\UserController.php(84): view('dashboard/result', [...])
 6 SYSTEMPATH\CodeIgniter.php(934): App\Controllers\UserController->result()
 7 SYSTEMPATH\CodeIgniter.php(499): CodeIgniter\CodeIgniter->runController(Object(App\Controllers\UserController))
 8 SYSTEMPATH\CodeIgniter.php(368): CodeIgniter\CodeIgniter->handleRequest(null, Object(Config\Cache), false)
 9 FCPATH\index.php(67): CodeIgniter\CodeIgniter->run()
INFO - 2023-05-30 09:58:33 --> Session: Class initialized using 'CodeIgniter\Session\Handlers\FileHandler' driver.
INFO - 2023-05-30 09:58:34 --> Session: Class initialized using 'CodeIgniter\Session\Handlers\FileHandler' driver.
INFO - 2023-05-30 09:58:34 --> Session: Class initialized using 'CodeIgniter\Session\Handlers\FileHandler' driver.
INFO - 2023-05-30 09:58:35 --> Session: Class initialized using 'CodeIgniter\Session\Handlers\FileHandler' driver.
INFO - 2023-05-30 09:58:35 --> Session: Class initialized using 'CodeIgniter\Session\Handlers\FileHandler' driver.
INFO - 2023-05-30 09:58:36 --> Session: Class initialized using 'CodeIgniter\Session\Handlers\FileHandler' driver.
INFO - 2023-05-30 09:58:36 --> Session: Class initialized using 'CodeIgniter\Session\Handlers\FileHandler' driver.
INFO - 2023-05-30 09:58:37 --> Session: Class initialized using 'CodeIgniter\Session\Handlers\FileHandler' driver.
INFO - 2023-05-30 09:58:37 --> Session: Class initialized using 'CodeIgniter\Session\Handlers\FileHandler' driver.
INFO - 2023-05-30 09:58:37 --> Session: Class initialized using 'CodeIgniter\Session\Handlers\FileHandler' driver.
INFO - 2023-05-30 09:58:38 --> Session: Class initialized using 'CodeIgniter\Session\Handlers\FileHandler' driver.
INFO - 2023-05-30 09:58:39 --> Session: Class initialized using 'CodeIgniter\Session\Handlers\FileHandler' driver.
INFO - 2023-05-30 09:58:39 --> Session: Class initialized using 'CodeIgniter\Session\Handlers\FileHandler' driver.
INFO - 2023-05-30 09:58:40 --> Session: Class initialized using 'CodeIgniter\Session\Handlers\FileHandler' driver.
INFO - 2023-05-30 09:58:40 --> Session: Class initialized using 'CodeIgniter\Session\Handlers\FileHandler' driver.
INFO - 2023-05-30 09:58:40 --> Session: Class initialized using 'CodeIgniter\Session\Handlers\FileHandler' driver.
INFO - 2023-05-30 09:58:41 --> Session: Class initialized using 'CodeIgniter\Session\Handlers\FileHandler' driver.
INFO - 2023-05-30 09:58:43 --> Session: Class initialized using 'CodeIgniter\Session\Handlers\FileHandler' driver.
INFO - 2023-05-30 09:58:44 --> Session: Class initialized using 'CodeIgniter\Session\Handlers\FileHandler' driver.
INFO - 2023-05-30 09:58:48 --> Session: Class initialized using 'CodeIgniter\Session\Handlers\FileHandler' driver.
INFO - 2023-05-30 09:58:49 --> Session: Class initialized using 'CodeIgniter\Session\Handlers\FileHandler' driver.
INFO - 2023-05-30 09:58:50 --> Session: Class initialized using 'CodeIgniter\Session\Handlers\FileHandler' driver.
INFO - 2023-05-30 09:58:52 --> Session: Class initialized using 'CodeIgniter\Session\Handlers\FileHandler' driver.
INFO - 2023-05-30 09:58:53 --> Session: Class initialized using 'CodeIgniter\Session\Handlers\FileHandler' driver.
INFO - 2023-05-30 09:58:55 --> Session: Class initialized using 'CodeIgniter\Session\Handlers\FileHandler' driver.
INFO - 2023-05-30 09:58:55 --> Session: Class initialized using 'CodeIgniter\Session\Handlers\FileHandler' driver.
INFO - 2023-05-30 09:58:57 --> Session: Class initialized using 'CodeIgniter\Session\Handlers\FileHandler' driver.
INFO - 2023-05-30 09:58:59 --> Session: Class initialized using 'CodeIgniter\Session\Handlers\FileHandler' driver.
INFO - 2023-05-30 09:58:59 --> Session: Class initialized using 'CodeIgniter\Session\Handlers\FileHandler' driver.
INFO - 2023-05-30 09:59:01 --> Session: Class initialized using 'CodeIgniter\Session\Handlers\FileHandler' driver.
INFO - 2023-05-30 09:59:02 --> Session: Class initialized using 'CodeIgniter\Session\Handlers\FileHandler' driver.
INFO - 2023-05-30 10:03:30 --> Session: Class initialized using 'CodeIgniter\Session\Handlers\FileHandler' driver.
INFO - 2023-05-30 10:04:32 --> Session: Class initialized using 'CodeIgniter\Session\Handlers\FileHandler' driver.
INFO - 2023-05-30 10:04:34 --> Session: Class initialized using 'CodeIgniter\Session\Handlers\FileHandler' driver.
INFO - 2023-05-30 10:04:40 --> Session: Class initialized using 'CodeIgniter\Session\Handlers\FileHandler' driver.
INFO - 2023-05-30 10:04:43 --> Session: Class initialized using 'CodeIgniter\Session\Handlers\FileHandler' driver.
INFO - 2023-05-30 10:04:44 --> Session: Class initialized using 'CodeIgniter\Session\Handlers\FileHandler' driver.
INFO - 2023-05-30 10:04:47 --> Session: Class initialized using 'CodeIgniter\Session\Handlers\FileHandler' driver.
INFO - 2023-05-30 10:04:48 --> Session: Class initialized using 'CodeIgniter\Session\Handlers\FileHandler' driver.
INFO - 2023-05-30 10:05:24 --> Session: Class initialized using 'CodeIgniter\Session\Handlers\FileHandler' driver.
INFO - 2023-05-30 10:05:24 --> Session: Class initialized using 'CodeIgniter\Session\Handlers\FileHandler' driver.
INFO - 2023-05-30 10:05:26 --> Session: Class initialized using 'CodeIgniter\Session\Handlers\FileHandler' driver.
INFO - 2023-05-30 10:05:28 --> Session: Class initialized using 'CodeIgniter\Session\Handlers\FileHandler' driver.
INFO - 2023-05-30 10:05:28 --> Session: Class initialized using 'CodeIgniter\Session\Handlers\FileHandler' driver.
INFO - 2023-05-30 10:05:59 --> Session: Class initialized using 'CodeIgniter\Session\Handlers\FileHandler' driver.
INFO - 2023-05-30 10:05:59 --> Session: Class initialized using 'CodeIgniter\Session\Handlers\FileHandler' driver.
INFO - 2023-05-30 10:06:00 --> Session: Class initialized using 'CodeIgniter\Session\Handlers\FileHandler' driver.
INFO - 2023-05-30 10:06:02 --> Session: Class initialized using 'CodeIgniter\Session\Handlers\FileHandler' driver.
INFO - 2023-05-30 10:06:02 --> Session: Class initialized using 'CodeIgniter\Session\Handlers\FileHandler' driver.
INFO - 2023-05-30 10:06:03 --> Session: Class initialized using 'CodeIgniter\Session\Handlers\FileHandler' driver.
INFO - 2023-05-30 10:06:03 --> Session: Class initialized using 'CodeIgniter\Session\Handlers\FileHandler' driver.
INFO - 2023-05-30 10:06:04 --> Session: Class initialized using 'CodeIgniter\Session\Handlers\FileHandler' driver.
INFO - 2023-05-30 10:06:06 --> Session: Class initialized using 'CodeIgniter\Session\Handlers\FileHandler' driver.
INFO - 2023-05-30 10:06:09 --> Session: Class initialized using 'CodeIgniter\Session\Handlers\FileHandler' driver.
INFO - 2023-05-30 10:06:11 --> Session: Class initialized using 'CodeIgniter\Session\Handlers\FileHandler' driver.
INFO - 2023-05-30 10:06:12 --> Session: Class initialized using 'CodeIgniter\Session\Handlers\FileHandler' driver.
INFO - 2023-05-30 10:06:16 --> Session: Class initialized using 'CodeIgniter\Session\Handlers\FileHandler' driver.
INFO - 2023-05-30 10:06:16 --> Session: Class initialized using 'CodeIgniter\Session\Handlers\FileHandler' driver.
INFO - 2023-05-30 10:07:31 --> Session: Class initialized using 'CodeIgniter\Session\Handlers\FileHandler' driver.
INFO - 2023-05-30 10:07:31 --> Session: Class initialized using 'CodeIgniter\Session\Handlers\FileHandler' driver.
INFO - 2023-05-30 10:07:33 --> Session: Class initialized using 'CodeIgniter\Session\Handlers\FileHandler' driver.
INFO - 2023-05-30 10:07:35 --> Session: Class initialized using 'CodeIgniter\Session\Handlers\FileHandler' driver.
INFO - 2023-05-30 10:07:35 --> Session: Class initialized using 'CodeIgniter\Session\Handlers\FileHandler' driver.
INFO - 2023-05-30 10:07:37 --> Session: Class initialized using 'CodeIgniter\Session\Handlers\FileHandler' driver.
INFO - 2023-05-30 10:07:38 --> Session: Class initialized using 'CodeIgniter\Session\Handlers\FileHandler' driver.
INFO - 2023-05-30 10:08:00 --> Session: Class initialized using 'CodeIgniter\Session\Handlers\FileHandler' driver.
INFO - 2023-05-30 10:08:01 --> Session: Class initialized using 'CodeIgniter\Session\Handlers\FileHandler' driver.
INFO - 2023-05-30 10:08:02 --> Session: Class initialized using 'CodeIgniter\Session\Handlers\FileHandler' driver.
INFO - 2023-05-30 10:08:08 --> Session: Class initialized using 'CodeIgniter\Session\Handlers\FileHandler' driver.
INFO - 2023-05-30 10:08:10 --> Session: Class initialized using 'CodeIgniter\Session\Handlers\FileHandler' driver.
INFO - 2023-05-30 10:08:13 --> Session: Class initialized using 'CodeIgniter\Session\Handlers\FileHandler' driver.
INFO - 2023-05-30 10:08:13 --> Session: Class initialized using 'CodeIgniter\Session\Handlers\FileHandler' driver.
INFO - 2023-05-30 10:08:15 --> Session: Class initialized using 'CodeIgniter\Session\Handlers\FileHandler' driver.
INFO - 2023-05-30 10:08:16 --> Session: Class initialized using 'CodeIgniter\Session\Handlers\FileHandler' driver.
INFO - 2023-05-30 10:08:17 --> Session: Class initialized using 'CodeIgniter\Session\Handlers\FileHandler' driver.
INFO - 2023-05-30 10:08:18 --> Session: Class initialized using 'CodeIgniter\Session\Handlers\FileHandler' driver.
INFO - 2023-05-30 10:09:06 --> Session: Class initialized using 'CodeIgniter\Session\Handlers\FileHandler' driver.
INFO - 2023-05-30 10:09:06 --> Session: Class initialized using 'CodeIgniter\Session\Handlers\FileHandler' driver.
INFO - 2023-05-30 10:10:26 --> Session: Class initialized using 'CodeIgniter\Session\Handlers\FileHandler' driver.
INFO - 2023-05-30 10:10:28 --> Session: Class initialized using 'CodeIgniter\Session\Handlers\FileHandler' driver.
INFO - 2023-05-30 10:10:29 --> Session: Class initialized using 'CodeIgniter\Session\Handlers\FileHandler' driver.
INFO - 2023-05-30 10:10:31 --> Session: Class initialized using 'CodeIgniter\Session\Handlers\FileHandler' driver.
INFO - 2023-05-30 10:10:33 --> Session: Class initialized using 'CodeIgniter\Session\Handlers\FileHandler' driver.
INFO - 2023-05-30 10:10:33 --> Session: Class initialized using 'CodeIgniter\Session\Handlers\FileHandler' driver.
INFO - 2023-05-30 10:10:46 --> Session: Class initialized using 'CodeIgniter\Session\Handlers\FileHandler' driver.
INFO - 2023-05-30 10:10:47 --> Session: Class initialized using 'CodeIgniter\Session\Handlers\FileHandler' driver.
INFO - 2023-05-30 10:10:49 --> Session: Class initialized using 'CodeIgniter\Session\Handlers\FileHandler' driver.
INFO - 2023-05-30 10:10:50 --> Session: Class initialized using 'CodeIgniter\Session\Handlers\FileHandler' driver.
INFO - 2023-05-30 10:10:54 --> Session: Class initialized using 'CodeIgniter\Session\Handlers\FileHandler' driver.
INFO - 2023-05-30 10:10:56 --> Session: Class initialized using 'CodeIgniter\Session\Handlers\FileHandler' driver.
INFO - 2023-05-30 10:10:57 --> Session: Class initialized using 'CodeIgniter\Session\Handlers\FileHandler' driver.
INFO - 2023-05-30 10:11:05 --> Session: Class initialized using 'CodeIgniter\Session\Handlers\FileHandler' driver.
INFO - 2023-05-30 10:11:06 --> Session: Class initialized using 'CodeIgniter\Session\Handlers\FileHandler' driver.
INFO - 2023-05-30 10:11:07 --> Session: Class initialized using 'CodeIgniter\Session\Handlers\FileHandler' driver.
INFO - 2023-05-30 10:11:30 --> Session: Class initialized using 'CodeIgniter\Session\Handlers\FileHandler' driver.
INFO - 2023-05-30 10:11:36 --> Session: Class initialized using 'CodeIgniter\Session\Handlers\FileHandler' driver.
INFO - 2023-05-30 10:11:38 --> Session: Class initialized using 'CodeIgniter\Session\Handlers\FileHandler' driver.
INFO - 2023-05-30 10:11:56 --> Session: Class initialized using 'CodeIgniter\Session\Handlers\FileHandler' driver.
INFO - 2023-05-30 10:11:58 --> Session: Class initialized using 'CodeIgniter\Session\Handlers\FileHandler' driver.
INFO - 2023-05-30 10:11:59 --> Session: Class initialized using 'CodeIgniter\Session\Handlers\FileHandler' driver.
INFO - 2023-05-30 10:12:01 --> Session: Class initialized using 'CodeIgniter\Session\Handlers\FileHandler' driver.
INFO - 2023-05-30 10:13:05 --> Session: Class initialized using 'CodeIgniter\Session\Handlers\FileHandler' driver.
CRITICAL - 2023-05-30 10:13:06 --> Trying to access array offset on value of type null
in APPPATH\Views\dashboard\result.php on line 75.
 1 APPPATH\Views\dashboard\result.php(75): CodeIgniter\Debug\Exceptions->errorHandler(2, 'Trying to access array offset on value of type null', 'D:\\xampp\\htdocs\\pibg_fyp\\app\\Views\\dashboard\\result.php', 75)
 2 SYSTEMPATH\View\View.php(213): include('D:\\xampp\\htdocs\\pibg_fyp\\app\\Views\\dashboard\\result.php')
 3 SYSTEMPATH\View\View.php(216): CodeIgniter\View\View->CodeIgniter\View\{closure}()
 4 SYSTEMPATH\Common.php(1184): CodeIgniter\View\View->render('dashboard/result', [], true)
 5 APPPATH\Controllers\UserController.php(101): view('dashboard/result', [...])
 6 SYSTEMPATH\CodeIgniter.php(934): App\Controllers\UserController->result()
 7 SYSTEMPATH\CodeIgniter.php(499): CodeIgniter\CodeIgniter->runController(Object(App\Controllers\UserController))
 8 SYSTEMPATH\CodeIgniter.php(368): CodeIgniter\CodeIgniter->handleRequest(null, Object(Config\Cache), false)
 9 FCPATH\index.php(67): CodeIgniter\CodeIgniter->run()
INFO - 2023-05-30 10:13:46 --> Session: Class initialized using 'CodeIgniter\Session\Handlers\FileHandler' driver.
CRITICAL - 2023-05-30 10:13:46 --> Trying to access array offset on value of type null
in APPPATH\Views\dashboard\result.php on line 88.
 1 APPPATH\Views\dashboard\result.php(88): CodeIgniter\Debug\Exceptions->errorHandler(2, 'Trying to access array offset on value of type null', 'D:\\xampp\\htdocs\\pibg_fyp\\app\\Views\\dashboard\\result.php', 88)
 2 SYSTEMPATH\View\View.php(213): include('D:\\xampp\\htdocs\\pibg_fyp\\app\\Views\\dashboard\\result.php')
 3 SYSTEMPATH\View\View.php(216): CodeIgniter\View\View->CodeIgniter\View\{closure}()
 4 SYSTEMPATH\Common.php(1184): CodeIgniter\View\View->render('dashboard/result', [], true)
 5 APPPATH\Controllers\UserController.php(101): view('dashboard/result', [...])
 6 SYSTEMPATH\CodeIgniter.php(934): App\Controllers\UserController->result()
 7 SYSTEMPATH\CodeIgniter.php(499): CodeIgniter\CodeIgniter->runController(Object(App\Controllers\UserController))
 8 SYSTEMPATH\CodeIgniter.php(368): CodeIgniter\CodeIgniter->handleRequest(null, Object(Config\Cache), false)
 9 FCPATH\index.php(67): CodeIgniter\CodeIgniter->run()
INFO - 2023-05-30 10:13:51 --> Session: Class initialized using 'CodeIgniter\Session\Handlers\FileHandler' driver.
CRITICAL - 2023-05-30 10:13:51 --> Trying to access array offset on value of type null
in APPPATH\Views\dashboard\result.php on line 75.
 1 APPPATH\Views\dashboard\result.php(75): CodeIgniter\Debug\Exceptions->errorHandler(2, 'Trying to access array offset on value of type null', 'D:\\xampp\\htdocs\\pibg_fyp\\app\\Views\\dashboard\\result.php', 75)
 2 SYSTEMPATH\View\View.php(213): include('D:\\xampp\\htdocs\\pibg_fyp\\app\\Views\\dashboard\\result.php')
 3 SYSTEMPATH\View\View.php(216): CodeIgniter\View\View->CodeIgniter\View\{closure}()
 4 SYSTEMPATH\Common.php(1184): CodeIgniter\View\View->render('dashboard/result', [], true)
 5 APPPATH\Controllers\UserController.php(101): view('dashboard/result', [...])
 6 SYSTEMPATH\CodeIgniter.php(934): App\Controllers\UserController->result()
 7 SYSTEMPATH\CodeIgniter.php(499): CodeIgniter\CodeIgniter->runController(Object(App\Controllers\UserController))
 8 SYSTEMPATH\CodeIgniter.php(368): CodeIgniter\CodeIgniter->handleRequest(null, Object(Config\Cache), false)
 9 FCPATH\index.php(67): CodeIgniter\CodeIgniter->run()
INFO - 2023-05-30 10:15:10 --> Session: Class initialized using 'CodeIgniter\Session\Handlers\FileHandler' driver.
CRITICAL - 2023-05-30 10:15:10 --> Trying to access array offset on value of type null
in APPPATH\Views\dashboard\result.php on line 75.
 1 APPPATH\Views\dashboard\result.php(75): CodeIgniter\Debug\Exceptions->errorHandler(2, 'Trying to access array offset on value of type null', 'D:\\xampp\\htdocs\\pibg_fyp\\app\\Views\\dashboard\\result.php', 75)
 2 SYSTEMPATH\View\View.php(213): include('D:\\xampp\\htdocs\\pibg_fyp\\app\\Views\\dashboard\\result.php')
 3 SYSTEMPATH\View\View.php(216): CodeIgniter\View\View->CodeIgniter\View\{closure}()
 4 SYSTEMPATH\Common.php(1184): CodeIgniter\View\View->render('dashboard/result', [], true)
 5 APPPATH\Controllers\UserController.php(101): view('dashboard/result', [...])
 6 SYSTEMPATH\CodeIgniter.php(934): App\Controllers\UserController->result()
 7 SYSTEMPATH\CodeIgniter.php(499): CodeIgniter\CodeIgniter->runController(Object(App\Controllers\UserController))
 8 SYSTEMPATH\CodeIgniter.php(368): CodeIgniter\CodeIgniter->handleRequest(null, Object(Config\Cache), false)
 9 FCPATH\index.php(67): CodeIgniter\CodeIgniter->run()
INFO - 2023-05-30 10:17:10 --> Session: Class initialized using 'CodeIgniter\Session\Handlers\FileHandler' driver.
INFO - 2023-05-30 10:17:14 --> Session: Class initialized using 'CodeIgniter\Session\Handlers\FileHandler' driver.
INFO - 2023-05-30 10:17:24 --> Session: Class initialized using 'CodeIgniter\Session\Handlers\FileHandler' driver.
INFO - 2023-05-30 10:17:25 --> Session: Class initialized using 'CodeIgniter\Session\Handlers\FileHandler' driver.
INFO - 2023-05-30 10:17:28 --> Session: Class initialized using 'CodeIgniter\Session\Handlers\FileHandler' driver.
INFO - 2023-05-30 14:13:20 --> Session: Class initialized using 'CodeIgniter\Session\Handlers\FileHandler' driver.
CRITICAL - 2023-05-30 14:13:21 --> Undefined array key "fld_name"
in APPPATH\Views\layout\dashboard-layout.php on line 178.
 1 APPPATH\Views\layout\dashboard-layout.php(178): CodeIgniter\Debug\Exceptions->errorHandler(2, 'Undefined array key "fld_name"', 'D:\\xampp\\htdocs\\pibg_fyp\\app\\Views\\layout\\dashboard-layout.php', 178)
 2 SYSTEMPATH\View\View.php(213): include('D:\\xampp\\htdocs\\pibg_fyp\\app\\Views\\layout\\dashboard-layout.php')
 3 SYSTEMPATH\View\View.php(216): CodeIgniter\View\View->CodeIgniter\View\{closure}()
 4 SYSTEMPATH\View\View.php(229): CodeIgniter\View\View->render('layout/dashboard-layout', [], true)
 5 SYSTEMPATH\Common.php(1184): CodeIgniter\View\View->render('dashboard/activity', [], true)
 6 APPPATH\Controllers\UserController.php(54): view('dashboard/activity', [...])
 7 SYSTEMPATH\CodeIgniter.php(934): App\Controllers\UserController->activity()
 8 SYSTEMPATH\CodeIgniter.php(499): CodeIgniter\CodeIgniter->runController(Object(App\Controllers\UserController))
 9 SYSTEMPATH\CodeIgniter.php(368): CodeIgniter\CodeIgniter->handleRequest(null, Object(Config\Cache), false)
10 FCPATH\index.php(67): CodeIgniter\CodeIgniter->run()
INFO - 2023-05-30 14:13:23 --> Session: Class initialized using 'CodeIgniter\Session\Handlers\FileHandler' driver.
CRITICAL - 2023-05-30 14:13:23 --> Undefined array key "fld_name"
in APPPATH\Views\dashboard\result.php on line 74.
 1 APPPATH\Views\dashboard\result.php(74): CodeIgniter\Debug\Exceptions->errorHandler(2, 'Undefined array key "fld_name"', 'D:\\xampp\\htdocs\\pibg_fyp\\app\\Views\\dashboard\\result.php', 74)
 2 SYSTEMPATH\View\View.php(213): include('D:\\xampp\\htdocs\\pibg_fyp\\app\\Views\\dashboard\\result.php')
 3 SYSTEMPATH\View\View.php(216): CodeIgniter\View\View->CodeIgniter\View\{closure}()
 4 SYSTEMPATH\Common.php(1184): CodeIgniter\View\View->render('dashboard/result', [], true)
 5 APPPATH\Controllers\UserController.php(101): view('dashboard/result', [...])
 6 SYSTEMPATH\CodeIgniter.php(934): App\Controllers\UserController->result()
 7 SYSTEMPATH\CodeIgniter.php(499): CodeIgniter\CodeIgniter->runController(Object(App\Controllers\UserController))
 8 SYSTEMPATH\CodeIgniter.php(368): CodeIgniter\CodeIgniter->handleRequest(null, Object(Config\Cache), false)
 9 FCPATH\index.php(67): CodeIgniter\CodeIgniter->run()
INFO - 2023-05-30 14:13:25 --> Session: Class initialized using 'CodeIgniter\Session\Handlers\FileHandler' driver.
CRITICAL - 2023-05-30 14:13:25 --> Undefined array key "fld_name"
in APPPATH\Views\layout\dashboard-layout.php on line 178.
 1 APPPATH\Views\layout\dashboard-layout.php(178): CodeIgniter\Debug\Exceptions->errorHandler(2, 'Undefined array key "fld_name"', 'D:\\xampp\\htdocs\\pibg_fyp\\app\\Views\\layout\\dashboard-layout.php', 178)
 2 SYSTEMPATH\View\View.php(213): include('D:\\xampp\\htdocs\\pibg_fyp\\app\\Views\\layout\\dashboard-layout.php')
 3 SYSTEMPATH\View\View.php(216): CodeIgniter\View\View->CodeIgniter\View\{closure}()
 4 SYSTEMPATH\View\View.php(229): CodeIgniter\View\View->render('layout/dashboard-layout', [], true)
 5 SYSTEMPATH\Common.php(1184): CodeIgniter\View\View->render('dashboard/home', [], true)
 6 APPPATH\Controllers\UserController.php(23): view('dashboard/home', [...])
 7 SYSTEMPATH\CodeIgniter.php(934): App\Controllers\UserController->index()
 8 SYSTEMPATH\CodeIgniter.php(499): CodeIgniter\CodeIgniter->runController(Object(App\Controllers\UserController))
 9 SYSTEMPATH\CodeIgniter.php(368): CodeIgniter\CodeIgniter->handleRequest(null, Object(Config\Cache), false)
10 FCPATH\index.php(67): CodeIgniter\CodeIgniter->run()
INFO - 2023-05-30 14:13:26 --> Session: Class initialized using 'CodeIgniter\Session\Handlers\FileHandler' driver.
INFO - 2023-05-30 14:13:50 --> Session: Class initialized using 'CodeIgniter\Session\Handlers\FileHandler' driver.
INFO - 2023-05-30 14:13:50 --> Session: Class initialized using 'CodeIgniter\Session\Handlers\FileHandler' driver.
INFO - 2023-05-30 14:13:55 --> Session: Class initialized using 'CodeIgniter\Session\Handlers\FileHandler' driver.
INFO - 2023-05-30 14:13:57 --> Session: Class initialized using 'CodeIgniter\Session\Handlers\FileHandler' driver.
INFO - 2023-05-30 14:17:51 --> Session: Class initialized using 'CodeIgniter\Session\Handlers\FileHandler' driver.
INFO - 2023-05-30 14:17:53 --> Session: Class initialized using 'CodeIgniter\Session\Handlers\FileHandler' driver.
INFO - 2023-05-30 14:17:55 --> Session: Class initialized using 'CodeIgniter\Session\Handlers\FileHandler' driver.
INFO - 2023-05-30 14:17:57 --> Session: Class initialized using 'CodeIgniter\Session\Handlers\FileHandler' driver.
INFO - 2023-05-30 14:17:59 --> Session: Class initialized using 'CodeIgniter\Session\Handlers\FileHandler' driver.
INFO - 2023-05-30 14:18:00 --> Session: Class initialized using 'CodeIgniter\Session\Handlers\FileHandler' driver.
INFO - 2023-05-30 14:18:02 --> Session: Class initialized using 'CodeIgniter\Session\Handlers\FileHandler' driver.
INFO - 2023-05-30 14:18:19 --> Session: Class initialized using 'CodeIgniter\Session\Handlers\FileHandler' driver.
INFO - 2023-05-30 14:18:22 --> Session: Class initialized using 'CodeIgniter\Session\Handlers\FileHandler' driver.
INFO - 2023-05-30 14:18:23 --> Session: Class initialized using 'CodeIgniter\Session\Handlers\FileHandler' driver.
INFO - 2023-05-30 14:18:25 --> Session: Class initialized using 'CodeIgniter\Session\Handlers\FileHandler' driver.
INFO - 2023-05-30 14:19:10 --> Session: Class initialized using 'CodeIgniter\Session\Handlers\FileHandler' driver.
INFO - 2023-05-30 14:19:12 --> Session: Class initialized using 'CodeIgniter\Session\Handlers\FileHandler' driver.
INFO - 2023-05-30 14:20:09 --> Session: Class initialized using 'CodeIgniter\Session\Handlers\FileHandler' driver.
INFO - 2023-05-30 14:20:10 --> Session: Class initialized using 'CodeIgniter\Session\Handlers\FileHandler' driver.
INFO - 2023-05-30 14:20:14 --> Session: Class initialized using 'CodeIgniter\Session\Handlers\FileHandler' driver.
CRITICAL - 2023-05-30 14:20:14 --> Undefined variable $studentInfo
in APPPATH\Views\dashboard\resultTeacher.php on line 87.
 1 APPPATH\Views\dashboard\resultTeacher.php(87): CodeIgniter\Debug\Exceptions->errorHandler(2, 'Undefined variable $studentInfo', 'D:\\xampp\\htdocs\\pibg_fyp\\app\\Views\\dashboard\\resultTeacher.php', 87)
 2 SYSTEMPATH\View\View.php(213): include('D:\\xampp\\htdocs\\pibg_fyp\\app\\Views\\dashboard\\resultTeacher.php')
 3 SYSTEMPATH\View\View.php(216): CodeIgniter\View\View->CodeIgniter\View\{closure}()
 4 SYSTEMPATH\Common.php(1184): CodeIgniter\View\View->render('dashboard/resultTeacher', [], true)
 5 APPPATH\Controllers\TeacherController.php(64): view('dashboard/resultTeacher', [...])
 6 SYSTEMPATH\CodeIgniter.php(934): App\Controllers\TeacherController->result()
 7 SYSTEMPATH\CodeIgniter.php(499): CodeIgniter\CodeIgniter->runController(Object(App\Controllers\TeacherController))
 8 SYSTEMPATH\CodeIgniter.php(368): CodeIgniter\CodeIgniter->handleRequest(null, Object(Config\Cache), false)
 9 FCPATH\index.php(67): CodeIgniter\CodeIgniter->run()
INFO - 2023-05-30 14:20:17 --> Session: Class initialized using 'CodeIgniter\Session\Handlers\FileHandler' driver.
INFO - 2023-05-30 14:20:19 --> Session: Class initialized using 'CodeIgniter\Session\Handlers\FileHandler' driver.
INFO - 2023-05-30 14:20:21 --> Session: Class initialized using 'CodeIgniter\Session\Handlers\FileHandler' driver.
INFO - 2023-05-30 14:20:21 --> Session: Class initialized using 'CodeIgniter\Session\Handlers\FileHandler' driver.
INFO - 2023-05-30 14:20:23 --> Session: Class initialized using 'CodeIgniter\Session\Handlers\FileHandler' driver.
INFO - 2023-05-30 14:20:25 --> Session: Class initialized using 'CodeIgniter\Session\Handlers\FileHandler' driver.
INFO - 2023-05-30 14:27:36 --> Session: Class initialized using 'CodeIgniter\Session\Handlers\FileHandler' driver.
INFO - 2023-05-30 14:27:38 --> Session: Class initialized using 'CodeIgniter\Session\Handlers\FileHandler' driver.
CRITICAL - 2023-05-30 14:27:39 --> Trying to access array offset on value of type null
in APPPATH\Views\dashboard\resultTeacher.php on line 87.
 1 APPPATH\Views\dashboard\resultTeacher.php(87): CodeIgniter\Debug\Exceptions->errorHandler(2, 'Trying to access array offset on value of type null', 'D:\\xampp\\htdocs\\pibg_fyp\\app\\Views\\dashboard\\resultTeacher.php', 87)
 2 SYSTEMPATH\View\View.php(213): include('D:\\xampp\\htdocs\\pibg_fyp\\app\\Views\\dashboard\\resultTeacher.php')
 3 SYSTEMPATH\View\View.php(216): CodeIgniter\View\View->CodeIgniter\View\{closure}()
 4 SYSTEMPATH\Common.php(1184): CodeIgniter\View\View->render('dashboard/resultTeacher', [], true)
 5 APPPATH\Controllers\TeacherController.php(71): view('dashboard/resultTeacher', [...])
 6 SYSTEMPATH\CodeIgniter.php(934): App\Controllers\TeacherController->result()
 7 SYSTEMPATH\CodeIgniter.php(499): CodeIgniter\CodeIgniter->runController(Object(App\Controllers\TeacherController))
 8 SYSTEMPATH\CodeIgniter.php(368): CodeIgniter\CodeIgniter->handleRequest(null, Object(Config\Cache), false)
 9 FCPATH\index.php(67): CodeIgniter\CodeIgniter->run()
INFO - 2023-05-30 14:27:43 --> Session: Class initialized using 'CodeIgniter\Session\Handlers\FileHandler' driver.
INFO - 2023-05-30 14:29:24 --> Session: Class initialized using 'CodeIgniter\Session\Handlers\FileHandler' driver.
CRITICAL - 2023-05-30 14:29:24 --> Trying to access array offset on value of type null
in APPPATH\Views\dashboard\resultTeacher.php on line 87.
 1 APPPATH\Views\dashboard\resultTeacher.php(87): CodeIgniter\Debug\Exceptions->errorHandler(2, 'Trying to access array offset on value of type null', 'D:\\xampp\\htdocs\\pibg_fyp\\app\\Views\\dashboard\\resultTeacher.php', 87)
 2 SYSTEMPATH\View\View.php(213): include('D:\\xampp\\htdocs\\pibg_fyp\\app\\Views\\dashboard\\resultTeacher.php')
 3 SYSTEMPATH\View\View.php(216): CodeIgniter\View\View->CodeIgniter\View\{closure}()
 4 SYSTEMPATH\Common.php(1184): CodeIgniter\View\View->render('dashboard/resultTeacher', [], true)
 5 APPPATH\Controllers\TeacherController.php(71): view('dashboard/resultTeacher', [...])
 6 SYSTEMPATH\CodeIgniter.php(934): App\Controllers\TeacherController->result()
 7 SYSTEMPATH\CodeIgniter.php(499): CodeIgniter\CodeIgniter->runController(Object(App\Controllers\TeacherController))
 8 SYSTEMPATH\CodeIgniter.php(368): CodeIgniter\CodeIgniter->handleRequest(null, Object(Config\Cache), false)
 9 FCPATH\index.php(67): CodeIgniter\CodeIgniter->run()
INFO - 2023-05-30 14:30:30 --> Session: Class initialized using 'CodeIgniter\Session\Handlers\FileHandler' driver.
CRITICAL - 2023-05-30 14:30:30 --> Undefined variable $parentInfo
in APPPATH\Controllers\TeacherController.php on line 67.
 1 APPPATH\Controllers\TeacherController.php(67): CodeIgniter\Debug\Exceptions->errorHandler(2, 'Undefined variable $parentInfo', 'D:\\xampp\\htdocs\\pibg_fyp\\app\\Controllers\\TeacherController.php', 67)
 2 SYSTEMPATH\CodeIgniter.php(934): App\Controllers\TeacherController->result()
 3 SYSTEMPATH\CodeIgniter.php(499): CodeIgniter\CodeIgniter->runController(Object(App\Controllers\TeacherController))
 4 SYSTEMPATH\CodeIgniter.php(368): CodeIgniter\CodeIgniter->handleRequest(null, Object(Config\Cache), false)
 5 FCPATH\index.php(67): CodeIgniter\CodeIgniter->run()
INFO - 2023-05-30 14:30:40 --> Session: Class initialized using 'CodeIgniter\Session\Handlers\FileHandler' driver.
CRITICAL - 2023-05-30 14:30:40 --> Trying to access array offset on value of type null
in APPPATH\Views\dashboard\resultTeacher.php on line 87.
 1 APPPATH\Views\dashboard\resultTeacher.php(87): CodeIgniter\Debug\Exceptions->errorHandler(2, 'Trying to access array offset on value of type null', 'D:\\xampp\\htdocs\\pibg_fyp\\app\\Views\\dashboard\\resultTeacher.php', 87)
 2 SYSTEMPATH\View\View.php(213): include('D:\\xampp\\htdocs\\pibg_fyp\\app\\Views\\dashboard\\resultTeacher.php')
 3 SYSTEMPATH\View\View.php(216): CodeIgniter\View\View->CodeIgniter\View\{closure}()
 4 SYSTEMPATH\Common.php(1184): CodeIgniter\View\View->render('dashboard/resultTeacher', [], true)
 5 APPPATH\Controllers\TeacherController.php(71): view('dashboard/resultTeacher', [...])
 6 SYSTEMPATH\CodeIgniter.php(934): App\Controllers\TeacherController->result()
 7 SYSTEMPATH\CodeIgniter.php(499): CodeIgniter\CodeIgniter->runController(Object(App\Controllers\TeacherController))
 8 SYSTEMPATH\CodeIgniter.php(368): CodeIgniter\CodeIgniter->handleRequest(null, Object(Config\Cache), false)
 9 FCPATH\index.php(67): CodeIgniter\CodeIgniter->run()
INFO - 2023-05-30 14:32:31 --> Session: Class initialized using 'CodeIgniter\Session\Handlers\FileHandler' driver.
CRITICAL - 2023-05-30 14:32:31 --> Trying to access array offset on value of type null
in APPPATH\Views\dashboard\resultTeacher.php on line 87.
 1 APPPATH\Views\dashboard\resultTeacher.php(87): CodeIgniter\Debug\Exceptions->errorHandler(2, 'Trying to access array offset on value of type null', 'D:\\xampp\\htdocs\\pibg_fyp\\app\\Views\\dashboard\\resultTeacher.php', 87)
 2 SYSTEMPATH\View\View.php(213): include('D:\\xampp\\htdocs\\pibg_fyp\\app\\Views\\dashboard\\resultTeacher.php')
 3 SYSTEMPATH\View\View.php(216): CodeIgniter\View\View->CodeIgniter\View\{closure}()
 4 SYSTEMPATH\Common.php(1184): CodeIgniter\View\View->render('dashboard/resultTeacher', [], true)
 5 APPPATH\Controllers\TeacherController.php(71): view('dashboard/resultTeacher', [...])
 6 SYSTEMPATH\CodeIgniter.php(934): App\Controllers\TeacherController->result()
 7 SYSTEMPATH\CodeIgniter.php(499): CodeIgniter\CodeIgniter->runController(Object(App\Controllers\TeacherController))
 8 SYSTEMPATH\CodeIgniter.php(368): CodeIgniter\CodeIgniter->handleRequest(null, Object(Config\Cache), false)
 9 FCPATH\index.php(67): CodeIgniter\CodeIgniter->run()
INFO - 2023-05-30 16:37:42 --> Session: Class initialized using 'CodeIgniter\Session\Handlers\FileHandler' driver.
INFO - 2023-05-30 16:37:50 --> Session: Class initialized using 'CodeIgniter\Session\Handlers\FileHandler' driver.
INFO - 2023-05-30 16:38:00 --> Session: Class initialized using 'CodeIgniter\Session\Handlers\FileHandler' driver.
INFO - 2023-05-30 16:38:01 --> Session: Class initialized using 'CodeIgniter\Session\Handlers\FileHandler' driver.
INFO - 2023-05-30 16:38:08 --> Session: Class initialized using 'CodeIgniter\Session\Handlers\FileHandler' driver.
CRITICAL - 2023-05-30 16:38:08 --> Trying to access array offset on value of type null
in APPPATH\Views\dashboard\resultTeacher.php on line 87.
 1 APPPATH\Views\dashboard\resultTeacher.php(87): CodeIgniter\Debug\Exceptions->errorHandler(2, 'Trying to access array offset on value of type null', 'D:\\xampp\\htdocs\\pibg_fyp\\app\\Views\\dashboard\\resultTeacher.php', 87)
 2 SYSTEMPATH\View\View.php(213): include('D:\\xampp\\htdocs\\pibg_fyp\\app\\Views\\dashboard\\resultTeacher.php')
 3 SYSTEMPATH\View\View.php(216): CodeIgniter\View\View->CodeIgniter\View\{closure}()
 4 SYSTEMPATH\Common.php(1184): CodeIgniter\View\View->render('dashboard/resultTeacher', [], true)
 5 APPPATH\Controllers\TeacherController.php(71): view('dashboard/resultTeacher', [...])
 6 SYSTEMPATH\CodeIgniter.php(934): App\Controllers\TeacherController->result()
 7 SYSTEMPATH\CodeIgniter.php(499): CodeIgniter\CodeIgniter->runController(Object(App\Controllers\TeacherController))
 8 SYSTEMPATH\CodeIgniter.php(368): CodeIgniter\CodeIgniter->handleRequest(null, Object(Config\Cache), false)
 9 FCPATH\index.php(67): CodeIgniter\CodeIgniter->run()
INFO - 2023-05-30 16:38:13 --> Session: Class initialized using 'CodeIgniter\Session\Handlers\FileHandler' driver.
INFO - 2023-05-30 16:38:16 --> Session: Class initialized using 'CodeIgniter\Session\Handlers\FileHandler' driver.
INFO - 2023-05-30 16:38:24 --> Session: Class initialized using 'CodeIgniter\Session\Handlers\FileHandler' driver.
INFO - 2023-05-30 16:44:37 --> Session: Class initialized using 'CodeIgniter\Session\Handlers\FileHandler' driver.
INFO - 2023-05-30 16:44:51 --> Session: Class initialized using 'CodeIgniter\Session\Handlers\FileHandler' driver.
