INFO - 2023-07-18 03:22:16 --> Session: Class initialized using 'CodeIgniter\Session\Handlers\FileHandler' driver.
CRITICAL - 2023-07-18 03:22:16 --> Undefined array key "fld_name"
in APPPATH\Views\layout\dashboard-admin.php on line 57.
 1 APPPATH\Views\layout\dashboard-admin.php(57): CodeIgniter\Debug\Exceptions->errorHandler(2, 'Undefined array key "fld_name"', 'D:\\xampp\\htdocs\\pibg_fyp\\app\\Views\\layout\\dashboard-admin.php', 57)
 2 SYSTEMPATH\View\View.php(213): include('D:\\xampp\\htdocs\\pibg_fyp\\app\\Views\\layout\\dashboard-admin.php')
 3 SYSTEMPATH\View\View.php(216): CodeIgniter\View\View->CodeIgniter\View\{closure}()
 4 SYSTEMPATH\View\View.php(229): CodeIgniter\View\View->render('layout/dashboard-admin', [], true)
 5 SYSTEMPATH\Common.php(1184): CodeIgniter\View\View->render('dashboard/homeAdmin', [], true)
 6 APPPATH\Controllers\AdminController.php(100): view('dashboard/homeAdmin', [...])
 7 SYSTEMPATH\CodeIgniter.php(934): App\Controllers\AdminController->index()
 8 SYSTEMPATH\CodeIgniter.php(499): CodeIgniter\CodeIgniter->runController(Object(App\Controllers\AdminController))
 9 SYSTEMPATH\CodeIgniter.php(368): CodeIgniter\CodeIgniter->handleRequest(null, Object(Config\Cache), false)
10 FCPATH\index.php(67): CodeIgniter\CodeIgniter->run()
INFO - 2023-07-18 03:22:23 --> Session: Class initialized using 'CodeIgniter\Session\Handlers\FileHandler' driver.
INFO - 2023-07-18 03:22:26 --> Session: Class initialized using 'CodeIgniter\Session\Handlers\FileHandler' driver.
INFO - 2023-07-18 03:22:38 --> Session: Class initialized using 'CodeIgniter\Session\Handlers\FileHandler' driver.
INFO - 2023-07-18 03:22:39 --> Session: Class initialized using 'CodeIgniter\Session\Handlers\FileHandler' driver.
INFO - 2023-07-18 03:24:04 --> Session: Class initialized using 'CodeIgniter\Session\Handlers\FileHandler' driver.
INFO - 2023-07-18 03:24:09 --> Session: Class initialized using 'CodeIgniter\Session\Handlers\FileHandler' driver.
INFO - 2023-07-18 03:25:09 --> Session: Class initialized using 'CodeIgniter\Session\Handlers\FileHandler' driver.
INFO - 2023-07-18 03:25:35 --> Session: Class initialized using 'CodeIgniter\Session\Handlers\FileHandler' driver.
INFO - 2023-07-18 03:25:37 --> Session: Class initialized using 'CodeIgniter\Session\Handlers\FileHandler' driver.
INFO - 2023-07-18 03:26:47 --> Session: Class initialized using 'CodeIgniter\Session\Handlers\FileHandler' driver.
INFO - 2023-07-18 03:26:50 --> Session: Class initialized using 'CodeIgniter\Session\Handlers\FileHandler' driver.
INFO - 2023-07-18 03:28:19 --> Session: Class initialized using 'CodeIgniter\Session\Handlers\FileHandler' driver.
INFO - 2023-07-18 03:30:44 --> Session: Class initialized using 'CodeIgniter\Session\Handlers\FileHandler' driver.
INFO - 2023-07-18 03:33:36 --> Session: Class initialized using 'CodeIgniter\Session\Handlers\FileHandler' driver.
INFO - 2023-07-18 03:34:18 --> Session: Class initialized using 'CodeIgniter\Session\Handlers\FileHandler' driver.
INFO - 2023-07-18 03:34:22 --> Session: Class initialized using 'CodeIgniter\Session\Handlers\FileHandler' driver.
INFO - 2023-07-18 03:34:40 --> Session: Class initialized using 'CodeIgniter\Session\Handlers\FileHandler' driver.
INFO - 2023-07-18 03:34:59 --> Session: Class initialized using 'CodeIgniter\Session\Handlers\FileHandler' driver.
INFO - 2023-07-18 03:35:09 --> Session: Class initialized using 'CodeIgniter\Session\Handlers\FileHandler' driver.
INFO - 2023-07-18 03:36:27 --> Session: Class initialized using 'CodeIgniter\Session\Handlers\FileHandler' driver.
INFO - 2023-07-18 03:37:08 --> Session: Class initialized using 'CodeIgniter\Session\Handlers\FileHandler' driver.
INFO - 2023-07-18 03:37:23 --> Session: Class initialized using 'CodeIgniter\Session\Handlers\FileHandler' driver.
INFO - 2023-07-18 03:37:24 --> Session: Class initialized using 'CodeIgniter\Session\Handlers\FileHandler' driver.
INFO - 2023-07-18 03:37:41 --> Session: Class initialized using 'CodeIgniter\Session\Handlers\FileHandler' driver.
INFO - 2023-07-18 03:37:45 --> Session: Class initialized using 'CodeIgniter\Session\Handlers\FileHandler' driver.
INFO - 2023-07-18 03:37:45 --> Session: Class initialized using 'CodeIgniter\Session\Handlers\FileHandler' driver.
INFO - 2023-07-18 03:38:42 --> Session: Class initialized using 'CodeIgniter\Session\Handlers\FileHandler' driver.
INFO - 2023-07-18 03:38:50 --> Session: Class initialized using 'CodeIgniter\Session\Handlers\FileHandler' driver.
INFO - 2023-07-18 03:39:39 --> Session: Class initialized using 'CodeIgniter\Session\Handlers\FileHandler' driver.
INFO - 2023-07-18 03:41:38 --> Session: Class initialized using 'CodeIgniter\Session\Handlers\FileHandler' driver.
INFO - 2023-07-18 03:45:00 --> Session: Class initialized using 'CodeIgniter\Session\Handlers\FileHandler' driver.
INFO - 2023-07-18 03:45:05 --> Session: Class initialized using 'CodeIgniter\Session\Handlers\FileHandler' driver.
INFO - 2023-07-18 03:52:11 --> Session: Class initialized using 'CodeIgniter\Session\Handlers\FileHandler' driver.
INFO - 2023-07-18 03:52:24 --> Session: Class initialized using 'CodeIgniter\Session\Handlers\FileHandler' driver.
INFO - 2023-07-18 03:52:27 --> Session: Class initialized using 'CodeIgniter\Session\Handlers\FileHandler' driver.
INFO - 2023-07-18 03:52:31 --> Session: Class initialized using 'CodeIgniter\Session\Handlers\FileHandler' driver.
INFO - 2023-07-18 03:55:26 --> Session: Class initialized using 'CodeIgniter\Session\Handlers\FileHandler' driver.
INFO - 2023-07-18 03:55:31 --> Session: Class initialized using 'CodeIgniter\Session\Handlers\FileHandler' driver.
INFO - 2023-07-18 03:55:33 --> Session: Class initialized using 'CodeIgniter\Session\Handlers\FileHandler' driver.
INFO - 2023-07-18 03:55:37 --> Session: Class initialized using 'CodeIgniter\Session\Handlers\FileHandler' driver.
INFO - 2023-07-18 03:55:41 --> Session: Class initialized using 'CodeIgniter\Session\Handlers\FileHandler' driver.
INFO - 2023-07-18 03:55:45 --> Session: Class initialized using 'CodeIgniter\Session\Handlers\FileHandler' driver.
INFO - 2023-07-18 03:58:46 --> Session: Class initialized using 'CodeIgniter\Session\Handlers\FileHandler' driver.
INFO - 2023-07-18 04:01:31 --> Session: Class initialized using 'CodeIgniter\Session\Handlers\FileHandler' driver.
INFO - 2023-07-18 04:01:56 --> Session: Class initialized using 'CodeIgniter\Session\Handlers\FileHandler' driver.
INFO - 2023-07-18 04:03:49 --> Session: Class initialized using 'CodeIgniter\Session\Handlers\FileHandler' driver.
INFO - 2023-07-18 04:04:06 --> Session: Class initialized using 'CodeIgniter\Session\Handlers\FileHandler' driver.
INFO - 2023-07-18 04:04:10 --> Session: Class initialized using 'CodeIgniter\Session\Handlers\FileHandler' driver.
INFO - 2023-07-18 04:04:24 --> Session: Class initialized using 'CodeIgniter\Session\Handlers\FileHandler' driver.
INFO - 2023-07-18 04:04:47 --> Session: Class initialized using 'CodeIgniter\Session\Handlers\FileHandler' driver.
INFO - 2023-07-18 04:04:52 --> Session: Class initialized using 'CodeIgniter\Session\Handlers\FileHandler' driver.
INFO - 2023-07-18 04:04:59 --> Session: Class initialized using 'CodeIgniter\Session\Handlers\FileHandler' driver.
INFO - 2023-07-18 04:05:02 --> Session: Class initialized using 'CodeIgniter\Session\Handlers\FileHandler' driver.
INFO - 2023-07-18 04:05:51 --> Session: Class initialized using 'CodeIgniter\Session\Handlers\FileHandler' driver.
INFO - 2023-07-18 04:05:54 --> Session: Class initialized using 'CodeIgniter\Session\Handlers\FileHandler' driver.
INFO - 2023-07-18 04:05:59 --> Session: Class initialized using 'CodeIgniter\Session\Handlers\FileHandler' driver.
INFO - 2023-07-18 04:06:00 --> Session: Class initialized using 'CodeIgniter\Session\Handlers\FileHandler' driver.
INFO - 2023-07-18 04:06:06 --> Session: Class initialized using 'CodeIgniter\Session\Handlers\FileHandler' driver.
INFO - 2023-07-18 04:06:14 --> Session: Class initialized using 'CodeIgniter\Session\Handlers\FileHandler' driver.
INFO - 2023-07-18 04:06:24 --> Session: Class initialized using 'CodeIgniter\Session\Handlers\FileHandler' driver.
INFO - 2023-07-18 04:06:24 --> Session: Class initialized using 'CodeIgniter\Session\Handlers\FileHandler' driver.
INFO - 2023-07-18 04:10:30 --> Session: Class initialized using 'CodeIgniter\Session\Handlers\FileHandler' driver.
INFO - 2023-07-18 04:10:37 --> Session: Class initialized using 'CodeIgniter\Session\Handlers\FileHandler' driver.
INFO - 2023-07-18 04:10:38 --> Session: Class initialized using 'CodeIgniter\Session\Handlers\FileHandler' driver.
INFO - 2023-07-18 04:10:46 --> Session: Class initialized using 'CodeIgniter\Session\Handlers\FileHandler' driver.
INFO - 2023-07-18 04:10:50 --> Session: Class initialized using 'CodeIgniter\Session\Handlers\FileHandler' driver.
INFO - 2023-07-18 05:07:35 --> Session: Class initialized using 'CodeIgniter\Session\Handlers\FileHandler' driver.
INFO - 2023-07-18 05:07:42 --> Session: Class initialized using 'CodeIgniter\Session\Handlers\FileHandler' driver.
INFO - 2023-07-18 05:07:51 --> Session: Class initialized using 'CodeIgniter\Session\Handlers\FileHandler' driver.
INFO - 2023-07-18 05:07:52 --> Session: Class initialized using 'CodeIgniter\Session\Handlers\FileHandler' driver.
INFO - 2023-07-18 05:08:00 --> Session: Class initialized using 'CodeIgniter\Session\Handlers\FileHandler' driver.
INFO - 2023-07-18 05:08:06 --> Session: Class initialized using 'CodeIgniter\Session\Handlers\FileHandler' driver.
INFO - 2023-07-18 05:08:11 --> Session: Class initialized using 'CodeIgniter\Session\Handlers\FileHandler' driver.
INFO - 2023-07-18 05:08:15 --> Session: Class initialized using 'CodeIgniter\Session\Handlers\FileHandler' driver.
INFO - 2023-07-18 05:08:19 --> Session: Class initialized using 'CodeIgniter\Session\Handlers\FileHandler' driver.
INFO - 2023-07-18 05:08:23 --> Session: Class initialized using 'CodeIgniter\Session\Handlers\FileHandler' driver.
INFO - 2023-07-18 05:09:46 --> Session: Class initialized using 'CodeIgniter\Session\Handlers\FileHandler' driver.
INFO - 2023-07-18 06:06:53 --> Session: Class initialized using 'CodeIgniter\Session\Handlers\FileHandler' driver.
INFO - 2023-07-18 06:08:02 --> Session: Class initialized using 'CodeIgniter\Session\Handlers\FileHandler' driver.
INFO - 2023-07-18 06:09:09 --> Session: Class initialized using 'CodeIgniter\Session\Handlers\FileHandler' driver.
INFO - 2023-07-18 06:09:16 --> Session: Class initialized using 'CodeIgniter\Session\Handlers\FileHandler' driver.
INFO - 2023-07-18 06:09:17 --> Session: Class initialized using 'CodeIgniter\Session\Handlers\FileHandler' driver.
INFO - 2023-07-18 06:09:20 --> Session: Class initialized using 'CodeIgniter\Session\Handlers\FileHandler' driver.
INFO - 2023-07-18 06:09:36 --> Session: Class initialized using 'CodeIgniter\Session\Handlers\FileHandler' driver.
INFO - 2023-07-18 06:09:40 --> Session: Class initialized using 'CodeIgniter\Session\Handlers\FileHandler' driver.
INFO - 2023-07-18 06:09:50 --> Session: Class initialized using 'CodeIgniter\Session\Handlers\FileHandler' driver.
CRITICAL - 2023-07-18 06:09:50 --> Undefined variable $classModified
in APPPATH\Views\dashboard\classAdmin.php on line 38.
 1 APPPATH\Views\dashboard\classAdmin.php(38): CodeIgniter\Debug\Exceptions->errorHandler(2, 'Undefined variable $classModified', 'D:\\xampp\\htdocs\\pibg_fyp\\app\\Views\\dashboard\\classAdmin.php', 38)
 2 SYSTEMPATH\View\View.php(213): include('D:\\xampp\\htdocs\\pibg_fyp\\app\\Views\\dashboard\\classAdmin.php')
 3 SYSTEMPATH\View\View.php(216): CodeIgniter\View\View->CodeIgniter\View\{closure}()
 4 SYSTEMPATH\Common.php(1184): CodeIgniter\View\View->render('dashboard/classAdmin', [], true)
 5 APPPATH\Controllers\AdminController.php(324): view('dashboard/classAdmin', [...])
 6 SYSTEMPATH\CodeIgniter.php(934): App\Controllers\AdminController->class()
 7 SYSTEMPATH\CodeIgniter.php(499): CodeIgniter\CodeIgniter->runController(Object(App\Controllers\AdminController))
 8 SYSTEMPATH\CodeIgniter.php(368): CodeIgniter\CodeIgniter->handleRequest(null, Object(Config\Cache), false)
 9 FCPATH\index.php(67): CodeIgniter\CodeIgniter->run()
INFO - 2023-07-18 06:13:03 --> Session: Class initialized using 'CodeIgniter\Session\Handlers\FileHandler' driver.
INFO - 2023-07-18 06:13:07 --> Session: Class initialized using 'CodeIgniter\Session\Handlers\FileHandler' driver.
INFO - 2023-07-18 06:13:10 --> Session: Class initialized using 'CodeIgniter\Session\Handlers\FileHandler' driver.
INFO - 2023-07-18 06:13:15 --> Session: Class initialized using 'CodeIgniter\Session\Handlers\FileHandler' driver.
INFO - 2023-07-18 06:13:18 --> Session: Class initialized using 'CodeIgniter\Session\Handlers\FileHandler' driver.
INFO - 2023-07-18 06:13:23 --> Session: Class initialized using 'CodeIgniter\Session\Handlers\FileHandler' driver.
INFO - 2023-07-18 06:13:27 --> Session: Class initialized using 'CodeIgniter\Session\Handlers\FileHandler' driver.
INFO - 2023-07-18 06:13:33 --> Session: Class initialized using 'CodeIgniter\Session\Handlers\FileHandler' driver.
INFO - 2023-07-18 06:15:03 --> Session: Class initialized using 'CodeIgniter\Session\Handlers\FileHandler' driver.
INFO - 2023-07-18 06:15:06 --> Session: Class initialized using 'CodeIgniter\Session\Handlers\FileHandler' driver.
INFO - 2023-07-18 06:15:10 --> Session: Class initialized using 'CodeIgniter\Session\Handlers\FileHandler' driver.
INFO - 2023-07-18 06:15:13 --> Session: Class initialized using 'CodeIgniter\Session\Handlers\FileHandler' driver.
INFO - 2023-07-18 06:15:36 --> Session: Class initialized using 'CodeIgniter\Session\Handlers\FileHandler' driver.
INFO - 2023-07-18 06:19:49 --> Session: Class initialized using 'CodeIgniter\Session\Handlers\FileHandler' driver.
INFO - 2023-07-18 06:19:52 --> Session: Class initialized using 'CodeIgniter\Session\Handlers\FileHandler' driver.
INFO - 2023-07-18 06:19:57 --> Session: Class initialized using 'CodeIgniter\Session\Handlers\FileHandler' driver.
INFO - 2023-07-18 06:19:58 --> Session: Class initialized using 'CodeIgniter\Session\Handlers\FileHandler' driver.
INFO - 2023-07-18 06:20:03 --> Session: Class initialized using 'CodeIgniter\Session\Handlers\FileHandler' driver.
INFO - 2023-07-18 06:20:06 --> Session: Class initialized using 'CodeIgniter\Session\Handlers\FileHandler' driver.
INFO - 2023-07-18 06:20:08 --> Session: Class initialized using 'CodeIgniter\Session\Handlers\FileHandler' driver.
INFO - 2023-07-18 06:20:11 --> Session: Class initialized using 'CodeIgniter\Session\Handlers\FileHandler' driver.
INFO - 2023-07-18 06:20:50 --> Session: Class initialized using 'CodeIgniter\Session\Handlers\FileHandler' driver.
INFO - 2023-07-18 06:20:53 --> Session: Class initialized using 'CodeIgniter\Session\Handlers\FileHandler' driver.
INFO - 2023-07-18 06:20:58 --> Session: Class initialized using 'CodeIgniter\Session\Handlers\FileHandler' driver.
CRITICAL - 2023-07-18 06:20:58 --> Trying to access array offset on value of type null
in APPPATH\Views\layout\dashboard-admin.php on line 57.
 1 APPPATH\Views\layout\dashboard-admin.php(57): CodeIgniter\Debug\Exceptions->errorHandler(2, 'Trying to access array offset on value of type null', 'D:\\xampp\\htdocs\\pibg_fyp\\app\\Views\\layout\\dashboard-admin.php', 57)
 2 SYSTEMPATH\View\View.php(213): include('D:\\xampp\\htdocs\\pibg_fyp\\app\\Views\\layout\\dashboard-admin.php')
 3 SYSTEMPATH\View\View.php(216): CodeIgniter\View\View->CodeIgniter\View\{closure}()
 4 SYSTEMPATH\View\View.php(229): CodeIgniter\View\View->render('layout/dashboard-admin', [], true)
 5 SYSTEMPATH\Common.php(1184): CodeIgniter\View\View->render('dashboard/classAdmin', [], true)
 6 APPPATH\Controllers\AdminController.php(324): view('dashboard/classAdmin', [...])
 7 SYSTEMPATH\CodeIgniter.php(934): App\Controllers\AdminController->class()
 8 SYSTEMPATH\CodeIgniter.php(499): CodeIgniter\CodeIgniter->runController(Object(App\Controllers\AdminController))
 9 SYSTEMPATH\CodeIgniter.php(368): CodeIgniter\CodeIgniter->handleRequest(null, Object(Config\Cache), false)
10 FCPATH\index.php(67): CodeIgniter\CodeIgniter->run()
INFO - 2023-07-18 06:22:46 --> Session: Class initialized using 'CodeIgniter\Session\Handlers\FileHandler' driver.
INFO - 2023-07-18 06:22:58 --> Session: Class initialized using 'CodeIgniter\Session\Handlers\FileHandler' driver.
INFO - 2023-07-18 06:23:01 --> Session: Class initialized using 'CodeIgniter\Session\Handlers\FileHandler' driver.
INFO - 2023-07-18 06:23:04 --> Session: Class initialized using 'CodeIgniter\Session\Handlers\FileHandler' driver.
INFO - 2023-07-18 06:23:08 --> Session: Class initialized using 'CodeIgniter\Session\Handlers\FileHandler' driver.
INFO - 2023-07-18 06:24:31 --> Session: Class initialized using 'CodeIgniter\Session\Handlers\FileHandler' driver.
INFO - 2023-07-18 06:24:34 --> Session: Class initialized using 'CodeIgniter\Session\Handlers\FileHandler' driver.
INFO - 2023-07-18 06:24:40 --> Session: Class initialized using 'CodeIgniter\Session\Handlers\FileHandler' driver.
INFO - 2023-07-18 06:24:55 --> Session: Class initialized using 'CodeIgniter\Session\Handlers\FileHandler' driver.
INFO - 2023-07-18 06:24:55 --> Session: Class initialized using 'CodeIgniter\Session\Handlers\FileHandler' driver.
INFO - 2023-07-18 06:25:02 --> Session: Class initialized using 'CodeIgniter\Session\Handlers\FileHandler' driver.
INFO - 2023-07-18 06:25:04 --> Session: Class initialized using 'CodeIgniter\Session\Handlers\FileHandler' driver.
INFO - 2023-07-18 06:25:11 --> Session: Class initialized using 'CodeIgniter\Session\Handlers\FileHandler' driver.
INFO - 2023-07-18 06:25:16 --> Session: Class initialized using 'CodeIgniter\Session\Handlers\FileHandler' driver.
INFO - 2023-07-18 06:25:18 --> Session: Class initialized using 'CodeIgniter\Session\Handlers\FileHandler' driver.
INFO - 2023-07-18 06:25:55 --> Session: Class initialized using 'CodeIgniter\Session\Handlers\FileHandler' driver.
INFO - 2023-07-18 06:26:02 --> Session: Class initialized using 'CodeIgniter\Session\Handlers\FileHandler' driver.
INFO - 2023-07-18 06:26:03 --> Session: Class initialized using 'CodeIgniter\Session\Handlers\FileHandler' driver.
INFO - 2023-07-18 06:26:40 --> Session: Class initialized using 'CodeIgniter\Session\Handlers\FileHandler' driver.
INFO - 2023-07-18 06:26:43 --> Session: Class initialized using 'CodeIgniter\Session\Handlers\FileHandler' driver.
INFO - 2023-07-18 06:26:53 --> Session: Class initialized using 'CodeIgniter\Session\Handlers\FileHandler' driver.
INFO - 2023-07-18 06:26:58 --> Session: Class initialized using 'CodeIgniter\Session\Handlers\FileHandler' driver.
INFO - 2023-07-18 06:27:03 --> Session: Class initialized using 'CodeIgniter\Session\Handlers\FileHandler' driver.
INFO - 2023-07-18 06:27:06 --> Session: Class initialized using 'CodeIgniter\Session\Handlers\FileHandler' driver.
INFO - 2023-07-18 06:27:09 --> Session: Class initialized using 'CodeIgniter\Session\Handlers\FileHandler' driver.
INFO - 2023-07-18 06:27:14 --> Session: Class initialized using 'CodeIgniter\Session\Handlers\FileHandler' driver.
INFO - 2023-07-18 06:27:15 --> Session: Class initialized using 'CodeIgniter\Session\Handlers\FileHandler' driver.
INFO - 2023-07-18 06:27:21 --> Session: Class initialized using 'CodeIgniter\Session\Handlers\FileHandler' driver.
INFO - 2023-07-18 06:27:22 --> Session: Class initialized using 'CodeIgniter\Session\Handlers\FileHandler' driver.
INFO - 2023-07-18 06:27:29 --> Session: Class initialized using 'CodeIgniter\Session\Handlers\FileHandler' driver.
INFO - 2023-07-18 06:30:17 --> Session: Class initialized using 'CodeIgniter\Session\Handlers\FileHandler' driver.
INFO - 2023-07-18 06:30:30 --> Session: Class initialized using 'CodeIgniter\Session\Handlers\FileHandler' driver.
WARNING - 2023-07-18 06:30:31 --> [DEPRECATED] Optional parameter $handlers declared before required parameter $method is implicitly treated as a required parameter in APPPATH\ThirdParty\paypal\vendor\paypal\rest-api-sdk-php\lib\PayPal\Transport\PayPalRestCall.php on line 53.
 1 VENDORPATH\composer\ClassLoader.php(582): include('D:\\xampp\\htdocs\\pibg_fyp\\system\\Debug\\Exceptions.php')
 2 VENDORPATH\composer\ClassLoader.php(433): Composer\Autoload\{closure}('D:\\xampp\\htdocs\\pibg_fyp\\app\\ThirdParty\\paypal\\vendor\\composer/../paypal/rest-api-sdk-php/lib\\PayPal\\Transport\\PayPalRestCall.php')
 3 APPPATH\ThirdParty\paypal\vendor\paypal\rest-api-sdk-php\lib\PayPal\Common\PayPalResourceModel.php(101): Composer\Autoload\ClassLoader->loadClass('PayPal\\Transport\\PayPalRestCall')
 4 APPPATH\ThirdParty\paypal\vendor\paypal\rest-api-sdk-php\lib\PayPal\Api\Payment.php(571): PayPal\Common\PayPalResourceModel::executeCall('/v1/payments/payment', 'POST', '{"intent":"sale","payer":{"payment_method":"paypal"},"redirect_urls":{"return_url":"http://localhost/donation/success?amount=200","cancel_url":"http://localhost/donation/cancel"},"transactions":[{"amount":{"currency":"MYR","total":"200"},"description":"Payment description","invoice_number":"64b63186f08d1"}]}', null, Object(PayPal\Rest\ApiContext), null)
 5 APPPATH\Controllers\CrowdfundingController.php(91): PayPal\Api\Payment->create(Object(PayPal\Rest\ApiContext))
 6 SYSTEMPATH\CodeIgniter.php(934): App\Controllers\CrowdfundingController->donate()
 7 SYSTEMPATH\CodeIgniter.php(499): CodeIgniter\CodeIgniter->runController(Object(App\Controllers\CrowdfundingController))
 8 SYSTEMPATH\CodeIgniter.php(368): CodeIgniter\CodeIgniter->handleRequest(null, Object(Config\Cache), false)
 9 FCPATH\index.php(67): CodeIgniter\CodeIgniter->run()
WARNING - 2023-07-18 06:30:32 --> [DEPRECATED] Optional parameter $configs declared before required parameter $prefix is implicitly treated as a required parameter in APPPATH\ThirdParty\paypal\vendor\paypal\rest-api-sdk-php\lib\PayPal\Core\PayPalHttpConfig.php on line 286.
 1 VENDORPATH\composer\ClassLoader.php(582): include('D:\\xampp\\htdocs\\pibg_fyp\\system\\Debug\\Exceptions.php')
 2 VENDORPATH\composer\ClassLoader.php(433): Composer\Autoload\{closure}('D:\\xampp\\htdocs\\pibg_fyp\\app\\ThirdParty\\paypal\\vendor\\composer/../paypal/rest-api-sdk-php/lib\\PayPal\\Core\\PayPalHttpConfig.php')
 3 APPPATH\ThirdParty\paypal\vendor\paypal\rest-api-sdk-php\lib\PayPal\Transport\PayPalRestCall.php(56): Composer\Autoload\ClassLoader->loadClass('PayPal\\Core\\PayPalHttpConfig')
 4 APPPATH\ThirdParty\paypal\vendor\paypal\rest-api-sdk-php\lib\PayPal\Common\PayPalResourceModel.php(104): PayPal\Transport\PayPalRestCall->execute([...], '/v1/payments/payment', 'POST', '{"intent":"sale","payer":{"payment_method":"paypal"},"redirect_urls":{"return_url":"http://localhost/donation/success?amount=200","cancel_url":"http://localhost/donation/cancel"},"transactions":[{"amount":{"currency":"MYR","total":"200"},"description":"Payment description","invoice_number":"64b63186f08d1"}]}', null)
 5 APPPATH\ThirdParty\paypal\vendor\paypal\rest-api-sdk-php\lib\PayPal\Api\Payment.php(571): PayPal\Common\PayPalResourceModel::executeCall('/v1/payments/payment', 'POST', '{"intent":"sale","payer":{"payment_method":"paypal"},"redirect_urls":{"return_url":"http://localhost/donation/success?amount=200","cancel_url":"http://localhost/donation/cancel"},"transactions":[{"amount":{"currency":"MYR","total":"200"},"description":"Payment description","invoice_number":"64b63186f08d1"}]}', null, Object(PayPal\Rest\ApiContext), Object(PayPal\Transport\PayPalRestCall))
 6 APPPATH\Controllers\CrowdfundingController.php(91): PayPal\Api\Payment->create(Object(PayPal\Rest\ApiContext))
 7 SYSTEMPATH\CodeIgniter.php(934): App\Controllers\CrowdfundingController->donate()
 8 SYSTEMPATH\CodeIgniter.php(499): CodeIgniter\CodeIgniter->runController(Object(App\Controllers\CrowdfundingController))
 9 SYSTEMPATH\CodeIgniter.php(368): CodeIgniter\CodeIgniter->handleRequest(null, Object(Config\Cache), false)
10 FCPATH\index.php(67): CodeIgniter\CodeIgniter->run()
WARNING - 2023-07-18 06:30:32 --> [DEPRECATED] Optional parameter $config declared before required parameter $tokenExpiresIn is implicitly treated as a required parameter in APPPATH\ThirdParty\paypal\vendor\paypal\rest-api-sdk-php\lib\PayPal\Cache\AuthorizationCache.php on line 56.
 1 VENDORPATH\composer\ClassLoader.php(582): include('D:\\xampp\\htdocs\\pibg_fyp\\system\\Debug\\Exceptions.php')
 2 VENDORPATH\composer\ClassLoader.php(433): Composer\Autoload\{closure}('D:\\xampp\\htdocs\\pibg_fyp\\app\\ThirdParty\\paypal\\vendor\\composer/../paypal/rest-api-sdk-php/lib\\PayPal\\Cache\\AuthorizationCache.php')
 3 APPPATH\ThirdParty\paypal\vendor\paypal\rest-api-sdk-php\lib\PayPal\Auth\OAuthTokenCredential.php(131): Composer\Autoload\ClassLoader->loadClass('PayPal\\Cache\\AuthorizationCache')
 4 APPPATH\ThirdParty\paypal\vendor\paypal\rest-api-sdk-php\lib\PayPal\Handler\RestHandler.php(82): PayPal\Auth\OAuthTokenCredential->getAccessToken([])
 5 APPPATH\ThirdParty\paypal\vendor\paypal\rest-api-sdk-php\lib\PayPal\Transport\PayPalRestCall.php(75): PayPal\Handler\RestHandler->handle(Object(PayPal\Core\PayPalHttpConfig), '{"intent":"sale","payer":{"payment_method":"paypal"},"redirect_urls":{"return_url":"http://localhost/donation/success?amount=200","cancel_url":"http://localhost/donation/cancel"},"transactions":[{"amount":{"currency":"MYR","total":"200"},"description":"Payment description","invoice_number":"64b63186f08d1"}]}', [...])
 6 APPPATH\ThirdParty\paypal\vendor\paypal\rest-api-sdk-php\lib\PayPal\Common\PayPalResourceModel.php(104): PayPal\Transport\PayPalRestCall->execute([...], '/v1/payments/payment', 'POST', '{"intent":"sale","payer":{"payment_method":"paypal"},"redirect_urls":{"return_url":"http://localhost/donation/success?amount=200","cancel_url":"http://localhost/donation/cancel"},"transactions":[{"amount":{"currency":"MYR","total":"200"},"description":"Payment description","invoice_number":"64b63186f08d1"}]}', [])
 7 APPPATH\ThirdParty\paypal\vendor\paypal\rest-api-sdk-php\lib\PayPal\Api\Payment.php(571): PayPal\Common\PayPalResourceModel::executeCall('/v1/payments/payment', 'POST', '{"intent":"sale","payer":{"payment_method":"paypal"},"redirect_urls":{"return_url":"http://localhost/donation/success?amount=200","cancel_url":"http://localhost/donation/cancel"},"transactions":[{"amount":{"currency":"MYR","total":"200"},"description":"Payment description","invoice_number":"64b63186f08d1"}]}', null, Object(PayPal\Rest\ApiContext), Object(PayPal\Transport\PayPalRestCall))
 8 APPPATH\Controllers\CrowdfundingController.php(91): PayPal\Api\Payment->create(Object(PayPal\Rest\ApiContext))
 9 SYSTEMPATH\CodeIgniter.php(934): App\Controllers\CrowdfundingController->donate()
10 SYSTEMPATH\CodeIgniter.php(499): CodeIgniter\CodeIgniter->runController(Object(App\Controllers\CrowdfundingController))
11 SYSTEMPATH\CodeIgniter.php(368): CodeIgniter\CodeIgniter->handleRequest(null, Object(Config\Cache), false)
12 FCPATH\index.php(67): CodeIgniter\CodeIgniter->run()
WARNING - 2023-07-18 06:31:26 --> [DEPRECATED] Optional parameter $handlers declared before required parameter $method is implicitly treated as a required parameter in APPPATH\ThirdParty\paypal\vendor\paypal\rest-api-sdk-php\lib\PayPal\Transport\PayPalRestCall.php on line 53.
 1 VENDORPATH\composer\ClassLoader.php(582): include('D:\\xampp\\htdocs\\pibg_fyp\\system\\Debug\\Exceptions.php')
 2 VENDORPATH\composer\ClassLoader.php(433): Composer\Autoload\{closure}('D:\\xampp\\htdocs\\pibg_fyp\\app\\ThirdParty\\paypal\\vendor\\composer/../paypal/rest-api-sdk-php/lib\\PayPal\\Transport\\PayPalRestCall.php')
 3 APPPATH\ThirdParty\paypal\vendor\paypal\rest-api-sdk-php\lib\PayPal\Common\PayPalResourceModel.php(101): Composer\Autoload\ClassLoader->loadClass('PayPal\\Transport\\PayPalRestCall')
 4 APPPATH\ThirdParty\paypal\vendor\paypal\rest-api-sdk-php\lib\PayPal\Api\Payment.php(595): PayPal\Common\PayPalResourceModel::executeCall('/v1/payments/payment/PAYID-MS3DDDI4R219991C17120437', 'GET', '', null, Object(PayPal\Rest\ApiContext), null)
 5 APPPATH\Controllers\CrowdfundingController.php(109): PayPal\Api\Payment::get('PAYID-MS3DDDI4R219991C17120437', Object(PayPal\Rest\ApiContext))
 6 SYSTEMPATH\CodeIgniter.php(934): App\Controllers\CrowdfundingController->donationSuccess()
 7 SYSTEMPATH\CodeIgniter.php(499): CodeIgniter\CodeIgniter->runController(Object(App\Controllers\CrowdfundingController))
 8 SYSTEMPATH\CodeIgniter.php(368): CodeIgniter\CodeIgniter->handleRequest(null, Object(Config\Cache), false)
 9 FCPATH\index.php(67): CodeIgniter\CodeIgniter->run()
WARNING - 2023-07-18 06:31:26 --> [DEPRECATED] Optional parameter $handlers declared before required parameter $method is implicitly treated as a required parameter in APPPATH\ThirdParty\paypal\vendor\paypal\rest-api-sdk-php\lib\PayPal\Transport\PayPalRestCall.php on line 53.
 1 VENDORPATH\composer\ClassLoader.php(582): include('D:\\xampp\\htdocs\\pibg_fyp\\system\\Debug\\Exceptions.php')
 2 VENDORPATH\composer\ClassLoader.php(433): Composer\Autoload\{closure}('D:\\xampp\\htdocs\\pibg_fyp\\app\\ThirdParty\\paypal\\vendor\\composer/../paypal/rest-api-sdk-php/lib\\PayPal\\Transport\\PayPalRestCall.php')
 3 APPPATH\ThirdParty\paypal\vendor\paypal\rest-api-sdk-php\lib\PayPal\Common\PayPalResourceModel.php(101): Composer\Autoload\ClassLoader->loadClass('PayPal\\Transport\\PayPalRestCall')
 4 APPPATH\ThirdParty\paypal\vendor\paypal\rest-api-sdk-php\lib\PayPal\Api\Payment.php(595): PayPal\Common\PayPalResourceModel::executeCall('/v1/payments/payment/PAYID-MS3DDDI4R219991C17120437', 'GET', '', null, Object(PayPal\Rest\ApiContext), null)
 5 APPPATH\Controllers\CrowdfundingController.php(109): PayPal\Api\Payment::get('PAYID-MS3DDDI4R219991C17120437', Object(PayPal\Rest\ApiContext))
 6 SYSTEMPATH\CodeIgniter.php(934): App\Controllers\CrowdfundingController->donationSuccess()
 7 SYSTEMPATH\CodeIgniter.php(499): CodeIgniter\CodeIgniter->runController(Object(App\Controllers\CrowdfundingController))
 8 SYSTEMPATH\CodeIgniter.php(368): CodeIgniter\CodeIgniter->handleRequest(null, Object(Config\Cache), false)
 9 FCPATH\index.php(67): CodeIgniter\CodeIgniter->run()
WARNING - 2023-07-18 06:31:26 --> [DEPRECATED] Optional parameter $configs declared before required parameter $prefix is implicitly treated as a required parameter in APPPATH\ThirdParty\paypal\vendor\paypal\rest-api-sdk-php\lib\PayPal\Core\PayPalHttpConfig.php on line 286.
 1 VENDORPATH\composer\ClassLoader.php(582): include('D:\\xampp\\htdocs\\pibg_fyp\\system\\Debug\\Exceptions.php')
 2 VENDORPATH\composer\ClassLoader.php(433): Composer\Autoload\{closure}('D:\\xampp\\htdocs\\pibg_fyp\\app\\ThirdParty\\paypal\\vendor\\composer/../paypal/rest-api-sdk-php/lib\\PayPal\\Core\\PayPalHttpConfig.php')
 3 APPPATH\ThirdParty\paypal\vendor\paypal\rest-api-sdk-php\lib\PayPal\Transport\PayPalRestCall.php(56): Composer\Autoload\ClassLoader->loadClass('PayPal\\Core\\PayPalHttpConfig')
 4 APPPATH\ThirdParty\paypal\vendor\paypal\rest-api-sdk-php\lib\PayPal\Common\PayPalResourceModel.php(104): PayPal\Transport\PayPalRestCall->execute([...], '/v1/payments/payment/PAYID-MS3DDDI4R219991C17120437', 'GET', '', null)
 5 APPPATH\ThirdParty\paypal\vendor\paypal\rest-api-sdk-php\lib\PayPal\Api\Payment.php(595): PayPal\Common\PayPalResourceModel::executeCall('/v1/payments/payment/PAYID-MS3DDDI4R219991C17120437', 'GET', '', null, Object(PayPal\Rest\ApiContext), Object(PayPal\Transport\PayPalRestCall))
 6 APPPATH\Controllers\CrowdfundingController.php(109): PayPal\Api\Payment::get('PAYID-MS3DDDI4R219991C17120437', Object(PayPal\Rest\ApiContext))
 7 SYSTEMPATH\CodeIgniter.php(934): App\Controllers\CrowdfundingController->donationSuccess()
 8 SYSTEMPATH\CodeIgniter.php(499): CodeIgniter\CodeIgniter->runController(Object(App\Controllers\CrowdfundingController))
 9 SYSTEMPATH\CodeIgniter.php(368): CodeIgniter\CodeIgniter->handleRequest(null, Object(Config\Cache), false)
10 FCPATH\index.php(67): CodeIgniter\CodeIgniter->run()
WARNING - 2023-07-18 06:31:26 --> [DEPRECATED] Optional parameter $configs declared before required parameter $prefix is implicitly treated as a required parameter in APPPATH\ThirdParty\paypal\vendor\paypal\rest-api-sdk-php\lib\PayPal\Core\PayPalHttpConfig.php on line 286.
 1 VENDORPATH\composer\ClassLoader.php(582): include('D:\\xampp\\htdocs\\pibg_fyp\\system\\Debug\\Exceptions.php')
 2 VENDORPATH\composer\ClassLoader.php(433): Composer\Autoload\{closure}('D:\\xampp\\htdocs\\pibg_fyp\\app\\ThirdParty\\paypal\\vendor\\composer/../paypal/rest-api-sdk-php/lib\\PayPal\\Core\\PayPalHttpConfig.php')
 3 APPPATH\ThirdParty\paypal\vendor\paypal\rest-api-sdk-php\lib\PayPal\Transport\PayPalRestCall.php(56): Composer\Autoload\ClassLoader->loadClass('PayPal\\Core\\PayPalHttpConfig')
 4 APPPATH\ThirdParty\paypal\vendor\paypal\rest-api-sdk-php\lib\PayPal\Common\PayPalResourceModel.php(104): PayPal\Transport\PayPalRestCall->execute([...], '/v1/payments/payment/PAYID-MS3DDDI4R219991C17120437', 'GET', '', null)
 5 APPPATH\ThirdParty\paypal\vendor\paypal\rest-api-sdk-php\lib\PayPal\Api\Payment.php(595): PayPal\Common\PayPalResourceModel::executeCall('/v1/payments/payment/PAYID-MS3DDDI4R219991C17120437', 'GET', '', null, Object(PayPal\Rest\ApiContext), Object(PayPal\Transport\PayPalRestCall))
 6 APPPATH\Controllers\CrowdfundingController.php(109): PayPal\Api\Payment::get('PAYID-MS3DDDI4R219991C17120437', Object(PayPal\Rest\ApiContext))
 7 SYSTEMPATH\CodeIgniter.php(934): App\Controllers\CrowdfundingController->donationSuccess()
 8 SYSTEMPATH\CodeIgniter.php(499): CodeIgniter\CodeIgniter->runController(Object(App\Controllers\CrowdfundingController))
 9 SYSTEMPATH\CodeIgniter.php(368): CodeIgniter\CodeIgniter->handleRequest(null, Object(Config\Cache), false)
10 FCPATH\index.php(67): CodeIgniter\CodeIgniter->run()
WARNING - 2023-07-18 06:31:26 --> [DEPRECATED] Optional parameter $config declared before required parameter $tokenExpiresIn is implicitly treated as a required parameter in APPPATH\ThirdParty\paypal\vendor\paypal\rest-api-sdk-php\lib\PayPal\Cache\AuthorizationCache.php on line 56.
 1 VENDORPATH\composer\ClassLoader.php(582): include('D:\\xampp\\htdocs\\pibg_fyp\\system\\Debug\\Exceptions.php')
 2 VENDORPATH\composer\ClassLoader.php(433): Composer\Autoload\{closure}('D:\\xampp\\htdocs\\pibg_fyp\\app\\ThirdParty\\paypal\\vendor\\composer/../paypal/rest-api-sdk-php/lib\\PayPal\\Cache\\AuthorizationCache.php')
 3 APPPATH\ThirdParty\paypal\vendor\paypal\rest-api-sdk-php\lib\PayPal\Auth\OAuthTokenCredential.php(131): Composer\Autoload\ClassLoader->loadClass('PayPal\\Cache\\AuthorizationCache')
 4 APPPATH\ThirdParty\paypal\vendor\paypal\rest-api-sdk-php\lib\PayPal\Handler\RestHandler.php(82): PayPal\Auth\OAuthTokenCredential->getAccessToken([])
 5 APPPATH\ThirdParty\paypal\vendor\paypal\rest-api-sdk-php\lib\PayPal\Transport\PayPalRestCall.php(75): PayPal\Handler\RestHandler->handle(Object(PayPal\Core\PayPalHttpConfig), '', [...])
 6 APPPATH\ThirdParty\paypal\vendor\paypal\rest-api-sdk-php\lib\PayPal\Common\PayPalResourceModel.php(104): PayPal\Transport\PayPalRestCall->execute([...], '/v1/payments/payment/PAYID-MS3DDDI4R219991C17120437', 'GET', '', [])
 7 APPPATH\ThirdParty\paypal\vendor\paypal\rest-api-sdk-php\lib\PayPal\Api\Payment.php(595): PayPal\Common\PayPalResourceModel::executeCall('/v1/payments/payment/PAYID-MS3DDDI4R219991C17120437', 'GET', '', null, Object(PayPal\Rest\ApiContext), Object(PayPal\Transport\PayPalRestCall))
 8 APPPATH\Controllers\CrowdfundingController.php(109): PayPal\Api\Payment::get('PAYID-MS3DDDI4R219991C17120437', Object(PayPal\Rest\ApiContext))
 9 SYSTEMPATH\CodeIgniter.php(934): App\Controllers\CrowdfundingController->donationSuccess()
10 SYSTEMPATH\CodeIgniter.php(499): CodeIgniter\CodeIgniter->runController(Object(App\Controllers\CrowdfundingController))
11 SYSTEMPATH\CodeIgniter.php(368): CodeIgniter\CodeIgniter->handleRequest(null, Object(Config\Cache), false)
12 FCPATH\index.php(67): CodeIgniter\CodeIgniter->run()
WARNING - 2023-07-18 06:31:26 --> [DEPRECATED] Optional parameter $config declared before required parameter $tokenExpiresIn is implicitly treated as a required parameter in APPPATH\ThirdParty\paypal\vendor\paypal\rest-api-sdk-php\lib\PayPal\Cache\AuthorizationCache.php on line 56.
 1 VENDORPATH\composer\ClassLoader.php(582): include('D:\\xampp\\htdocs\\pibg_fyp\\system\\Debug\\Exceptions.php')
 2 VENDORPATH\composer\ClassLoader.php(433): Composer\Autoload\{closure}('D:\\xampp\\htdocs\\pibg_fyp\\app\\ThirdParty\\paypal\\vendor\\composer/../paypal/rest-api-sdk-php/lib\\PayPal\\Cache\\AuthorizationCache.php')
 3 APPPATH\ThirdParty\paypal\vendor\paypal\rest-api-sdk-php\lib\PayPal\Auth\OAuthTokenCredential.php(131): Composer\Autoload\ClassLoader->loadClass('PayPal\\Cache\\AuthorizationCache')
 4 APPPATH\ThirdParty\paypal\vendor\paypal\rest-api-sdk-php\lib\PayPal\Handler\RestHandler.php(82): PayPal\Auth\OAuthTokenCredential->getAccessToken([])
 5 APPPATH\ThirdParty\paypal\vendor\paypal\rest-api-sdk-php\lib\PayPal\Transport\PayPalRestCall.php(75): PayPal\Handler\RestHandler->handle(Object(PayPal\Core\PayPalHttpConfig), '', [...])
 6 APPPATH\ThirdParty\paypal\vendor\paypal\rest-api-sdk-php\lib\PayPal\Common\PayPalResourceModel.php(104): PayPal\Transport\PayPalRestCall->execute([...], '/v1/payments/payment/PAYID-MS3DDDI4R219991C17120437', 'GET', '', [])
 7 APPPATH\ThirdParty\paypal\vendor\paypal\rest-api-sdk-php\lib\PayPal\Api\Payment.php(595): PayPal\Common\PayPalResourceModel::executeCall('/v1/payments/payment/PAYID-MS3DDDI4R219991C17120437', 'GET', '', null, Object(PayPal\Rest\ApiContext), Object(PayPal\Transport\PayPalRestCall))
 8 APPPATH\Controllers\CrowdfundingController.php(109): PayPal\Api\Payment::get('PAYID-MS3DDDI4R219991C17120437', Object(PayPal\Rest\ApiContext))
 9 SYSTEMPATH\CodeIgniter.php(934): App\Controllers\CrowdfundingController->donationSuccess()
10 SYSTEMPATH\CodeIgniter.php(499): CodeIgniter\CodeIgniter->runController(Object(App\Controllers\CrowdfundingController))
11 SYSTEMPATH\CodeIgniter.php(368): CodeIgniter\CodeIgniter->handleRequest(null, Object(Config\Cache), false)
12 FCPATH\index.php(67): CodeIgniter\CodeIgniter->run()
INFO - 2023-07-18 06:31:33 --> Session: Class initialized using 'CodeIgniter\Session\Handlers\FileHandler' driver.
INFO - 2023-07-18 06:31:33 --> Session: Class initialized using 'CodeIgniter\Session\Handlers\FileHandler' driver.
INFO - 2023-07-18 06:31:33 --> Session: Class initialized using 'CodeIgniter\Session\Handlers\FileHandler' driver.
INFO - 2023-07-18 06:33:28 --> Session: Class initialized using 'CodeIgniter\Session\Handlers\FileHandler' driver.
INFO - 2023-07-18 06:33:46 --> Session: Class initialized using 'CodeIgniter\Session\Handlers\FileHandler' driver.
INFO - 2023-07-18 06:33:51 --> Session: Class initialized using 'CodeIgniter\Session\Handlers\FileHandler' driver.
INFO - 2023-07-18 06:34:08 --> Session: Class initialized using 'CodeIgniter\Session\Handlers\FileHandler' driver.
INFO - 2023-07-18 06:34:09 --> Session: Class initialized using 'CodeIgniter\Session\Handlers\FileHandler' driver.
INFO - 2023-07-18 06:34:54 --> Session: Class initialized using 'CodeIgniter\Session\Handlers\FileHandler' driver.
INFO - 2023-07-18 06:34:59 --> Session: Class initialized using 'CodeIgniter\Session\Handlers\FileHandler' driver.
INFO - 2023-07-18 06:35:04 --> Session: Class initialized using 'CodeIgniter\Session\Handlers\FileHandler' driver.
INFO - 2023-07-18 06:36:26 --> Session: Class initialized using 'CodeIgniter\Session\Handlers\FileHandler' driver.
INFO - 2023-07-18 06:36:35 --> Session: Class initialized using 'CodeIgniter\Session\Handlers\FileHandler' driver.
INFO - 2023-07-18 06:36:40 --> Session: Class initialized using 'CodeIgniter\Session\Handlers\FileHandler' driver.
INFO - 2023-07-18 06:36:43 --> Session: Class initialized using 'CodeIgniter\Session\Handlers\FileHandler' driver.
INFO - 2023-07-18 06:37:11 --> Session: Class initialized using 'CodeIgniter\Session\Handlers\FileHandler' driver.
INFO - 2023-07-18 06:37:27 --> Session: Class initialized using 'CodeIgniter\Session\Handlers\FileHandler' driver.
INFO - 2023-07-18 06:37:28 --> Session: Class initialized using 'CodeIgniter\Session\Handlers\FileHandler' driver.
INFO - 2023-07-18 06:39:31 --> Session: Class initialized using 'CodeIgniter\Session\Handlers\FileHandler' driver.
INFO - 2023-07-18 06:39:33 --> Session: Class initialized using 'CodeIgniter\Session\Handlers\FileHandler' driver.
INFO - 2023-07-18 06:39:57 --> Session: Class initialized using 'CodeIgniter\Session\Handlers\FileHandler' driver.
INFO - 2023-07-18 06:40:00 --> Session: Class initialized using 'CodeIgniter\Session\Handlers\FileHandler' driver.
INFO - 2023-07-18 06:40:09 --> Session: Class initialized using 'CodeIgniter\Session\Handlers\FileHandler' driver.
INFO - 2023-07-18 06:40:10 --> Session: Class initialized using 'CodeIgniter\Session\Handlers\FileHandler' driver.
INFO - 2023-07-18 06:40:18 --> Session: Class initialized using 'CodeIgniter\Session\Handlers\FileHandler' driver.
INFO - 2023-07-18 06:40:32 --> Session: Class initialized using 'CodeIgniter\Session\Handlers\FileHandler' driver.
INFO - 2023-07-18 06:41:05 --> Session: Class initialized using 'CodeIgniter\Session\Handlers\FileHandler' driver.
INFO - 2023-07-18 06:41:10 --> Session: Class initialized using 'CodeIgniter\Session\Handlers\FileHandler' driver.
INFO - 2023-07-18 06:41:18 --> Session: Class initialized using 'CodeIgniter\Session\Handlers\FileHandler' driver.
INFO - 2023-07-18 06:41:29 --> Session: Class initialized using 'CodeIgniter\Session\Handlers\FileHandler' driver.
INFO - 2023-07-18 06:41:35 --> Session: Class initialized using 'CodeIgniter\Session\Handlers\FileHandler' driver.
INFO - 2023-07-18 06:41:48 --> Session: Class initialized using 'CodeIgniter\Session\Handlers\FileHandler' driver.
INFO - 2023-07-18 06:41:53 --> Session: Class initialized using 'CodeIgniter\Session\Handlers\FileHandler' driver.
INFO - 2023-07-18 06:44:10 --> Session: Class initialized using 'CodeIgniter\Session\Handlers\FileHandler' driver.
INFO - 2023-07-18 06:45:06 --> Session: Class initialized using 'CodeIgniter\Session\Handlers\FileHandler' driver.
INFO - 2023-07-18 06:45:07 --> Session: Class initialized using 'CodeIgniter\Session\Handlers\FileHandler' driver.
INFO - 2023-07-18 07:06:37 --> Session: Class initialized using 'CodeIgniter\Session\Handlers\FileHandler' driver.
INFO - 2023-07-18 10:06:21 --> Session: Class initialized using 'CodeIgniter\Session\Handlers\FileHandler' driver.
CRITICAL - 2023-07-18 10:06:22 --> Undefined array key "fld_name"
in APPPATH\Views\layout\dashboard-teacher.php on line 56.
 1 APPPATH\Views\layout\dashboard-teacher.php(56): CodeIgniter\Debug\Exceptions->errorHandler(2, 'Undefined array key "fld_name"', 'D:\\xampp\\htdocs\\pibg_fyp\\app\\Views\\layout\\dashboard-teacher.php', 56)
 2 SYSTEMPATH\View\View.php(213): include('D:\\xampp\\htdocs\\pibg_fyp\\app\\Views\\layout\\dashboard-teacher.php')
 3 SYSTEMPATH\View\View.php(216): CodeIgniter\View\View->CodeIgniter\View\{closure}()
 4 SYSTEMPATH\View\View.php(229): CodeIgniter\View\View->render('layout/dashboard-teacher', [], true)
 5 SYSTEMPATH\Common.php(1184): CodeIgniter\View\View->render('dashboard/crowdfundingTeacher', [], true)
 6 APPPATH\Controllers\TeacherController.php(285): view('dashboard/crowdfundingTeacher', [...])
 7 SYSTEMPATH\CodeIgniter.php(934): App\Controllers\TeacherController->crowdfunding()
 8 SYSTEMPATH\CodeIgniter.php(499): CodeIgniter\CodeIgniter->runController(Object(App\Controllers\TeacherController))
 9 SYSTEMPATH\CodeIgniter.php(368): CodeIgniter\CodeIgniter->handleRequest(null, Object(Config\Cache), false)
10 FCPATH\index.php(67): CodeIgniter\CodeIgniter->run()
INFO - 2023-07-18 10:09:35 --> Session: Class initialized using 'CodeIgniter\Session\Handlers\FileHandler' driver.
INFO - 2023-07-18 10:10:02 --> Session: Class initialized using 'CodeIgniter\Session\Handlers\FileHandler' driver.
INFO - 2023-07-18 10:10:03 --> Session: Class initialized using 'CodeIgniter\Session\Handlers\FileHandler' driver.
INFO - 2023-07-18 10:10:10 --> Session: Class initialized using 'CodeIgniter\Session\Handlers\FileHandler' driver.
INFO - 2023-07-18 10:10:11 --> Session: Class initialized using 'CodeIgniter\Session\Handlers\FileHandler' driver.
INFO - 2023-07-18 10:10:14 --> Session: Class initialized using 'CodeIgniter\Session\Handlers\FileHandler' driver.
INFO - 2023-07-18 10:10:18 --> Session: Class initialized using 'CodeIgniter\Session\Handlers\FileHandler' driver.
INFO - 2023-07-18 10:10:21 --> Session: Class initialized using 'CodeIgniter\Session\Handlers\FileHandler' driver.
INFO - 2023-07-18 10:10:24 --> Session: Class initialized using 'CodeIgniter\Session\Handlers\FileHandler' driver.
INFO - 2023-07-18 10:10:27 --> Session: Class initialized using 'CodeIgniter\Session\Handlers\FileHandler' driver.
INFO - 2023-07-18 10:10:29 --> Session: Class initialized using 'CodeIgniter\Session\Handlers\FileHandler' driver.
INFO - 2023-07-18 10:10:54 --> Session: Class initialized using 'CodeIgniter\Session\Handlers\FileHandler' driver.
INFO - 2023-07-18 10:10:55 --> Session: Class initialized using 'CodeIgniter\Session\Handlers\FileHandler' driver.
INFO - 2023-07-18 10:11:02 --> Session: Class initialized using 'CodeIgniter\Session\Handlers\FileHandler' driver.
INFO - 2023-07-18 10:11:08 --> Session: Class initialized using 'CodeIgniter\Session\Handlers\FileHandler' driver.
INFO - 2023-07-18 10:11:11 --> Session: Class initialized using 'CodeIgniter\Session\Handlers\FileHandler' driver.
INFO - 2023-07-18 10:11:14 --> Session: Class initialized using 'CodeIgniter\Session\Handlers\FileHandler' driver.
INFO - 2023-07-18 10:11:16 --> Session: Class initialized using 'CodeIgniter\Session\Handlers\FileHandler' driver.
INFO - 2023-07-18 10:11:19 --> Session: Class initialized using 'CodeIgniter\Session\Handlers\FileHandler' driver.
INFO - 2023-07-18 10:11:21 --> Session: Class initialized using 'CodeIgniter\Session\Handlers\FileHandler' driver.
INFO - 2023-07-18 10:11:24 --> Session: Class initialized using 'CodeIgniter\Session\Handlers\FileHandler' driver.
INFO - 2023-07-18 10:16:00 --> Session: Class initialized using 'CodeIgniter\Session\Handlers\FileHandler' driver.
INFO - 2023-07-18 10:45:50 --> Session: Class initialized using 'CodeIgniter\Session\Handlers\FileHandler' driver.
INFO - 2023-07-18 10:46:02 --> Session: Class initialized using 'CodeIgniter\Session\Handlers\FileHandler' driver.
INFO - 2023-07-18 10:46:05 --> Session: Class initialized using 'CodeIgniter\Session\Handlers\FileHandler' driver.
INFO - 2023-07-18 10:50:49 --> Session: Class initialized using 'CodeIgniter\Session\Handlers\FileHandler' driver.
INFO - 2023-07-18 10:50:56 --> Session: Class initialized using 'CodeIgniter\Session\Handlers\FileHandler' driver.
INFO - 2023-07-18 10:52:22 --> Session: Class initialized using 'CodeIgniter\Session\Handlers\FileHandler' driver.
INFO - 2023-07-18 10:52:26 --> Session: Class initialized using 'CodeIgniter\Session\Handlers\FileHandler' driver.
INFO - 2023-07-18 10:52:32 --> Session: Class initialized using 'CodeIgniter\Session\Handlers\FileHandler' driver.
INFO - 2023-07-18 10:52:43 --> Session: Class initialized using 'CodeIgniter\Session\Handlers\FileHandler' driver.
INFO - 2023-07-18 10:52:48 --> Session: Class initialized using 'CodeIgniter\Session\Handlers\FileHandler' driver.
INFO - 2023-07-18 10:54:31 --> Session: Class initialized using 'CodeIgniter\Session\Handlers\FileHandler' driver.
INFO - 2023-07-18 10:56:28 --> Session: Class initialized using 'CodeIgniter\Session\Handlers\FileHandler' driver.
INFO - 2023-07-18 10:56:30 --> Session: Class initialized using 'CodeIgniter\Session\Handlers\FileHandler' driver.
INFO - 2023-07-18 10:56:35 --> Session: Class initialized using 'CodeIgniter\Session\Handlers\FileHandler' driver.
INFO - 2023-07-18 10:56:46 --> Session: Class initialized using 'CodeIgniter\Session\Handlers\FileHandler' driver.
INFO - 2023-07-18 10:56:50 --> Session: Class initialized using 'CodeIgniter\Session\Handlers\FileHandler' driver.
INFO - 2023-07-18 10:57:40 --> Session: Class initialized using 'CodeIgniter\Session\Handlers\FileHandler' driver.
INFO - 2023-07-18 10:57:42 --> Session: Class initialized using 'CodeIgniter\Session\Handlers\FileHandler' driver.
INFO - 2023-07-18 10:58:09 --> Session: Class initialized using 'CodeIgniter\Session\Handlers\FileHandler' driver.
INFO - 2023-07-18 11:00:53 --> Session: Class initialized using 'CodeIgniter\Session\Handlers\FileHandler' driver.
CRITICAL - 2023-07-18 11:00:53 --> Undefined variable $participantsInfo
in APPPATH\Views\dashboard\activity.php on line 100.
 1 APPPATH\Views\dashboard\activity.php(100): CodeIgniter\Debug\Exceptions->errorHandler(2, 'Undefined variable $participantsInfo', 'D:\\xampp\\htdocs\\pibg_fyp\\app\\Views\\dashboard\\activity.php', 100)
 2 SYSTEMPATH\View\View.php(213): include('D:\\xampp\\htdocs\\pibg_fyp\\app\\Views\\dashboard\\activity.php')
 3 SYSTEMPATH\View\View.php(216): CodeIgniter\View\View->CodeIgniter\View\{closure}()
 4 SYSTEMPATH\Common.php(1184): CodeIgniter\View\View->render('dashboard/activity', [], true)
 5 APPPATH\Controllers\UserController.php(103): view('dashboard/activity', [...])
 6 SYSTEMPATH\CodeIgniter.php(934): App\Controllers\UserController->activity()
 7 SYSTEMPATH\CodeIgniter.php(499): CodeIgniter\CodeIgniter->runController(Object(App\Controllers\UserController))
 8 SYSTEMPATH\CodeIgniter.php(368): CodeIgniter\CodeIgniter->handleRequest(null, Object(Config\Cache), false)
 9 FCPATH\index.php(67): CodeIgniter\CodeIgniter->run()
INFO - 2023-07-18 11:02:15 --> Session: Class initialized using 'CodeIgniter\Session\Handlers\FileHandler' driver.
CRITICAL - 2023-07-18 11:02:15 --> Undefined variable $participantInfo
in APPPATH\Views\dashboard\activity.php on line 100.
 1 APPPATH\Views\dashboard\activity.php(100): CodeIgniter\Debug\Exceptions->errorHandler(2, 'Undefined variable $participantInfo', 'D:\\xampp\\htdocs\\pibg_fyp\\app\\Views\\dashboard\\activity.php', 100)
 2 SYSTEMPATH\View\View.php(213): include('D:\\xampp\\htdocs\\pibg_fyp\\app\\Views\\dashboard\\activity.php')
 3 SYSTEMPATH\View\View.php(216): CodeIgniter\View\View->CodeIgniter\View\{closure}()
 4 SYSTEMPATH\Common.php(1184): CodeIgniter\View\View->render('dashboard/activity', [], true)
 5 APPPATH\Controllers\UserController.php(104): view('dashboard/activity', [...])
 6 SYSTEMPATH\CodeIgniter.php(934): App\Controllers\UserController->activity()
 7 SYSTEMPATH\CodeIgniter.php(499): CodeIgniter\CodeIgniter->runController(Object(App\Controllers\UserController))
 8 SYSTEMPATH\CodeIgniter.php(368): CodeIgniter\CodeIgniter->handleRequest(null, Object(Config\Cache), false)
 9 FCPATH\index.php(67): CodeIgniter\CodeIgniter->run()
INFO - 2023-07-18 11:02:39 --> Session: Class initialized using 'CodeIgniter\Session\Handlers\FileHandler' driver.
INFO - 2023-07-18 11:05:01 --> Session: Class initialized using 'CodeIgniter\Session\Handlers\FileHandler' driver.
CRITICAL - 2023-07-18 11:05:01 --> Undefined variable $participantsInfo
in APPPATH\Views\dashboard\activity.php on line 100.
 1 APPPATH\Views\dashboard\activity.php(100): CodeIgniter\Debug\Exceptions->errorHandler(2, 'Undefined variable $participantsInfo', 'D:\\xampp\\htdocs\\pibg_fyp\\app\\Views\\dashboard\\activity.php', 100)
 2 SYSTEMPATH\View\View.php(213): include('D:\\xampp\\htdocs\\pibg_fyp\\app\\Views\\dashboard\\activity.php')
 3 SYSTEMPATH\View\View.php(216): CodeIgniter\View\View->CodeIgniter\View\{closure}()
 4 SYSTEMPATH\Common.php(1184): CodeIgniter\View\View->render('dashboard/activity', [], true)
 5 APPPATH\Controllers\UserController.php(104): view('dashboard/activity', [...])
 6 SYSTEMPATH\CodeIgniter.php(934): App\Controllers\UserController->activity()
 7 SYSTEMPATH\CodeIgniter.php(499): CodeIgniter\CodeIgniter->runController(Object(App\Controllers\UserController))
 8 SYSTEMPATH\CodeIgniter.php(368): CodeIgniter\CodeIgniter->handleRequest(null, Object(Config\Cache), false)
 9 FCPATH\index.php(67): CodeIgniter\CodeIgniter->run()
INFO - 2023-07-18 11:05:13 --> Session: Class initialized using 'CodeIgniter\Session\Handlers\FileHandler' driver.
CRITICAL - 2023-07-18 11:05:13 --> Undefined array key "activity_id"
in APPPATH\Views\dashboard\activity.php on line 101.
 1 APPPATH\Views\dashboard\activity.php(101): CodeIgniter\Debug\Exceptions->errorHandler(2, 'Undefined array key "activity_id"', 'D:\\xampp\\htdocs\\pibg_fyp\\app\\Views\\dashboard\\activity.php', 101)
 2 SYSTEMPATH\View\View.php(213): include('D:\\xampp\\htdocs\\pibg_fyp\\app\\Views\\dashboard\\activity.php')
 3 SYSTEMPATH\View\View.php(216): CodeIgniter\View\View->CodeIgniter\View\{closure}()
 4 SYSTEMPATH\Common.php(1184): CodeIgniter\View\View->render('dashboard/activity', [], true)
 5 APPPATH\Controllers\UserController.php(104): view('dashboard/activity', [...])
 6 SYSTEMPATH\CodeIgniter.php(934): App\Controllers\UserController->activity()
 7 SYSTEMPATH\CodeIgniter.php(499): CodeIgniter\CodeIgniter->runController(Object(App\Controllers\UserController))
 8 SYSTEMPATH\CodeIgniter.php(368): CodeIgniter\CodeIgniter->handleRequest(null, Object(Config\Cache), false)
 9 FCPATH\index.php(67): CodeIgniter\CodeIgniter->run()
INFO - 2023-07-18 11:05:25 --> Session: Class initialized using 'CodeIgniter\Session\Handlers\FileHandler' driver.
CRITICAL - 2023-07-18 11:05:26 --> Undefined array key "fld_aid"
in APPPATH\Views\dashboard\activity.php on line 98.
 1 APPPATH\Views\dashboard\activity.php(98): CodeIgniter\Debug\Exceptions->errorHandler(2, 'Undefined array key "fld_aid"', 'D:\\xampp\\htdocs\\pibg_fyp\\app\\Views\\dashboard\\activity.php', 98)
 2 SYSTEMPATH\View\View.php(213): include('D:\\xampp\\htdocs\\pibg_fyp\\app\\Views\\dashboard\\activity.php')
 3 SYSTEMPATH\View\View.php(216): CodeIgniter\View\View->CodeIgniter\View\{closure}()
 4 SYSTEMPATH\Common.php(1184): CodeIgniter\View\View->render('dashboard/activity', [], true)
 5 APPPATH\Controllers\UserController.php(104): view('dashboard/activity', [...])
 6 SYSTEMPATH\CodeIgniter.php(934): App\Controllers\UserController->activity()
 7 SYSTEMPATH\CodeIgniter.php(499): CodeIgniter\CodeIgniter->runController(Object(App\Controllers\UserController))
 8 SYSTEMPATH\CodeIgniter.php(368): CodeIgniter\CodeIgniter->handleRequest(null, Object(Config\Cache), false)
 9 FCPATH\index.php(67): CodeIgniter\CodeIgniter->run()
INFO - 2023-07-18 11:05:34 --> Session: Class initialized using 'CodeIgniter\Session\Handlers\FileHandler' driver.
CRITICAL - 2023-07-18 11:05:34 --> Undefined property: CodeIgniter\View\View::$session
in APPPATH\Views\dashboard\activity.php on line 125.
 1 APPPATH\Views\dashboard\activity.php(125): CodeIgniter\Debug\Exceptions->errorHandler(2, 'Undefined property: CodeIgniter\\View\\View::$session', 'D:\\xampp\\htdocs\\pibg_fyp\\app\\Views\\dashboard\\activity.php', 125)
 2 SYSTEMPATH\View\View.php(213): include('D:\\xampp\\htdocs\\pibg_fyp\\app\\Views\\dashboard\\activity.php')
 3 SYSTEMPATH\View\View.php(216): CodeIgniter\View\View->CodeIgniter\View\{closure}()
 4 SYSTEMPATH\Common.php(1184): CodeIgniter\View\View->render('dashboard/activity', [], true)
 5 APPPATH\Controllers\UserController.php(104): view('dashboard/activity', [...])
 6 SYSTEMPATH\CodeIgniter.php(934): App\Controllers\UserController->activity()
 7 SYSTEMPATH\CodeIgniter.php(499): CodeIgniter\CodeIgniter->runController(Object(App\Controllers\UserController))
 8 SYSTEMPATH\CodeIgniter.php(368): CodeIgniter\CodeIgniter->handleRequest(null, Object(Config\Cache), false)
 9 FCPATH\index.php(67): CodeIgniter\CodeIgniter->run()
INFO - 2023-07-18 11:08:10 --> Session: Class initialized using 'CodeIgniter\Session\Handlers\FileHandler' driver.
CRITICAL - 2023-07-18 11:08:10 --> Undefined property: CodeIgniter\View\View::$session
in APPPATH\Views\dashboard\activity.php on line 125.
 1 APPPATH\Views\dashboard\activity.php(125): CodeIgniter\Debug\Exceptions->errorHandler(2, 'Undefined property: CodeIgniter\\View\\View::$session', 'D:\\xampp\\htdocs\\pibg_fyp\\app\\Views\\dashboard\\activity.php', 125)
 2 SYSTEMPATH\View\View.php(213): include('D:\\xampp\\htdocs\\pibg_fyp\\app\\Views\\dashboard\\activity.php')
 3 SYSTEMPATH\View\View.php(216): CodeIgniter\View\View->CodeIgniter\View\{closure}()
 4 SYSTEMPATH\Common.php(1184): CodeIgniter\View\View->render('dashboard/activity', [], true)
 5 APPPATH\Controllers\UserController.php(104): view('dashboard/activity', [...])
 6 SYSTEMPATH\CodeIgniter.php(934): App\Controllers\UserController->activity()
 7 SYSTEMPATH\CodeIgniter.php(499): CodeIgniter\CodeIgniter->runController(Object(App\Controllers\UserController))
 8 SYSTEMPATH\CodeIgniter.php(368): CodeIgniter\CodeIgniter->handleRequest(null, Object(Config\Cache), false)
 9 FCPATH\index.php(67): CodeIgniter\CodeIgniter->run()
INFO - 2023-07-18 11:09:48 --> Session: Class initialized using 'CodeIgniter\Session\Handlers\FileHandler' driver.
INFO - 2023-07-18 11:10:22 --> Session: Class initialized using 'CodeIgniter\Session\Handlers\FileHandler' driver.
INFO - 2023-07-18 11:10:58 --> Session: Class initialized using 'CodeIgniter\Session\Handlers\FileHandler' driver.
INFO - 2023-07-18 11:10:59 --> Session: Class initialized using 'CodeIgniter\Session\Handlers\FileHandler' driver.
INFO - 2023-07-18 11:11:06 --> Session: Class initialized using 'CodeIgniter\Session\Handlers\FileHandler' driver.
INFO - 2023-07-18 11:11:07 --> Session: Class initialized using 'CodeIgniter\Session\Handlers\FileHandler' driver.
INFO - 2023-07-18 11:11:15 --> Session: Class initialized using 'CodeIgniter\Session\Handlers\FileHandler' driver.
INFO - 2023-07-18 11:11:16 --> Session: Class initialized using 'CodeIgniter\Session\Handlers\FileHandler' driver.
INFO - 2023-07-18 11:12:26 --> Session: Class initialized using 'CodeIgniter\Session\Handlers\FileHandler' driver.
INFO - 2023-07-18 11:12:30 --> Session: Class initialized using 'CodeIgniter\Session\Handlers\FileHandler' driver.
INFO - 2023-07-18 11:12:46 --> Session: Class initialized using 'CodeIgniter\Session\Handlers\FileHandler' driver.
INFO - 2023-07-18 11:12:49 --> Session: Class initialized using 'CodeIgniter\Session\Handlers\FileHandler' driver.
INFO - 2023-07-18 11:12:52 --> Session: Class initialized using 'CodeIgniter\Session\Handlers\FileHandler' driver.
INFO - 2023-07-18 11:12:55 --> Session: Class initialized using 'CodeIgniter\Session\Handlers\FileHandler' driver.
INFO - 2023-07-18 11:21:17 --> Session: Class initialized using 'CodeIgniter\Session\Handlers\FileHandler' driver.
CRITICAL - 2023-07-18 11:21:17 --> Undefined array key "fld_activity"
in APPPATH\Views\dashboard\crowdfunding.php on line 94.
 1 APPPATH\Views\dashboard\crowdfunding.php(94): CodeIgniter\Debug\Exceptions->errorHandler(2, 'Undefined array key "fld_activity"', 'D:\\xampp\\htdocs\\pibg_fyp\\app\\Views\\dashboard\\crowdfunding.php', 94)
 2 SYSTEMPATH\View\View.php(213): include('D:\\xampp\\htdocs\\pibg_fyp\\app\\Views\\dashboard\\crowdfunding.php')
 3 SYSTEMPATH\View\View.php(216): CodeIgniter\View\View->CodeIgniter\View\{closure}()
 4 SYSTEMPATH\Common.php(1184): CodeIgniter\View\View->render('dashboard/crowdfunding', [], true)
 5 APPPATH\Controllers\UserController.php(208): view('dashboard/crowdfunding', [...])
 6 SYSTEMPATH\CodeIgniter.php(934): App\Controllers\UserController->crowdfunding()
 7 SYSTEMPATH\CodeIgniter.php(499): CodeIgniter\CodeIgniter->runController(Object(App\Controllers\UserController))
 8 SYSTEMPATH\CodeIgniter.php(368): CodeIgniter\CodeIgniter->handleRequest(null, Object(Config\Cache), false)
 9 FCPATH\index.php(67): CodeIgniter\CodeIgniter->run()
INFO - 2023-07-18 11:22:43 --> Session: Class initialized using 'CodeIgniter\Session\Handlers\FileHandler' driver.
INFO - 2023-07-18 11:23:54 --> Session: Class initialized using 'CodeIgniter\Session\Handlers\FileHandler' driver.
CRITICAL - 2023-07-18 11:23:54 --> Cannot access offset of type string on string
in APPPATH\Views\dashboard\crowdfunding.php on line 152.
 1 SYSTEMPATH\View\View.php(213): include()
 2 SYSTEMPATH\View\View.php(216): CodeIgniter\View\View->CodeIgniter\View\{closure}()
 3 SYSTEMPATH\Common.php(1184): CodeIgniter\View\View->render('dashboard/crowdfunding', [], true)
 4 APPPATH\Controllers\UserController.php(208): view('dashboard/crowdfunding', [...])
 5 SYSTEMPATH\CodeIgniter.php(934): App\Controllers\UserController->crowdfunding()
 6 SYSTEMPATH\CodeIgniter.php(499): CodeIgniter\CodeIgniter->runController(Object(App\Controllers\UserController))
 7 SYSTEMPATH\CodeIgniter.php(368): CodeIgniter\CodeIgniter->handleRequest(null, Object(Config\Cache), false)
 8 FCPATH\index.php(67): CodeIgniter\CodeIgniter->run()
INFO - 2023-07-18 11:26:03 --> Session: Class initialized using 'CodeIgniter\Session\Handlers\FileHandler' driver.
INFO - 2023-07-18 11:26:32 --> Session: Class initialized using 'CodeIgniter\Session\Handlers\FileHandler' driver.
INFO - 2023-07-18 11:26:33 --> Session: Class initialized using 'CodeIgniter\Session\Handlers\FileHandler' driver.
INFO - 2023-07-18 11:26:39 --> Session: Class initialized using 'CodeIgniter\Session\Handlers\FileHandler' driver.
INFO - 2023-07-18 11:26:42 --> Session: Class initialized using 'CodeIgniter\Session\Handlers\FileHandler' driver.
INFO - 2023-07-18 11:26:50 --> Session: Class initialized using 'CodeIgniter\Session\Handlers\FileHandler' driver.
INFO - 2023-07-18 11:26:52 --> Session: Class initialized using 'CodeIgniter\Session\Handlers\FileHandler' driver.
INFO - 2023-07-18 11:26:56 --> Session: Class initialized using 'CodeIgniter\Session\Handlers\FileHandler' driver.
INFO - 2023-07-18 11:27:01 --> Session: Class initialized using 'CodeIgniter\Session\Handlers\FileHandler' driver.
INFO - 2023-07-18 11:27:05 --> Session: Class initialized using 'CodeIgniter\Session\Handlers\FileHandler' driver.
INFO - 2023-07-18 11:27:11 --> Session: Class initialized using 'CodeIgniter\Session\Handlers\FileHandler' driver.
INFO - 2023-07-18 11:27:13 --> Session: Class initialized using 'CodeIgniter\Session\Handlers\FileHandler' driver.
INFO - 2023-07-18 11:27:51 --> Session: Class initialized using 'CodeIgniter\Session\Handlers\FileHandler' driver.
INFO - 2023-07-18 11:28:03 --> Session: Class initialized using 'CodeIgniter\Session\Handlers\FileHandler' driver.
INFO - 2023-07-18 11:29:52 --> Session: Class initialized using 'CodeIgniter\Session\Handlers\FileHandler' driver.
INFO - 2023-07-18 11:30:44 --> Session: Class initialized using 'CodeIgniter\Session\Handlers\FileHandler' driver.
INFO - 2023-07-18 11:30:59 --> Session: Class initialized using 'CodeIgniter\Session\Handlers\FileHandler' driver.
INFO - 2023-07-18 11:31:02 --> Session: Class initialized using 'CodeIgniter\Session\Handlers\FileHandler' driver.
INFO - 2023-07-18 11:31:06 --> Session: Class initialized using 'CodeIgniter\Session\Handlers\FileHandler' driver.
INFO - 2023-07-18 11:31:18 --> Session: Class initialized using 'CodeIgniter\Session\Handlers\FileHandler' driver.
INFO - 2023-07-18 11:34:51 --> Session: Class initialized using 'CodeIgniter\Session\Handlers\FileHandler' driver.
INFO - 2023-07-18 12:02:03 --> Session: Class initialized using 'CodeIgniter\Session\Handlers\FileHandler' driver.
INFO - 2023-07-18 12:02:30 --> Session: Class initialized using 'CodeIgniter\Session\Handlers\FileHandler' driver.
INFO - 2023-07-18 12:03:00 --> Session: Class initialized using 'CodeIgniter\Session\Handlers\FileHandler' driver.
INFO - 2023-07-18 12:03:01 --> Session: Class initialized using 'CodeIgniter\Session\Handlers\FileHandler' driver.
INFO - 2023-07-18 12:03:16 --> Session: Class initialized using 'CodeIgniter\Session\Handlers\FileHandler' driver.
INFO - 2023-07-18 12:03:17 --> Session: Class initialized using 'CodeIgniter\Session\Handlers\FileHandler' driver.
INFO - 2023-07-18 12:03:18 --> Session: Class initialized using 'CodeIgniter\Session\Handlers\FileHandler' driver.
INFO - 2023-07-18 12:03:19 --> Session: Class initialized using 'CodeIgniter\Session\Handlers\FileHandler' driver.
INFO - 2023-07-18 12:03:30 --> Session: Class initialized using 'CodeIgniter\Session\Handlers\FileHandler' driver.
INFO - 2023-07-18 12:03:31 --> Session: Class initialized using 'CodeIgniter\Session\Handlers\FileHandler' driver.
INFO - 2023-07-18 12:05:34 --> Session: Class initialized using 'CodeIgniter\Session\Handlers\FileHandler' driver.
INFO - 2023-07-18 12:05:44 --> Session: Class initialized using 'CodeIgniter\Session\Handlers\FileHandler' driver.
INFO - 2023-07-18 12:05:45 --> Session: Class initialized using 'CodeIgniter\Session\Handlers\FileHandler' driver.
INFO - 2023-07-18 12:06:23 --> Session: Class initialized using 'CodeIgniter\Session\Handlers\FileHandler' driver.
INFO - 2023-07-18 12:06:24 --> Session: Class initialized using 'CodeIgniter\Session\Handlers\FileHandler' driver.
INFO - 2023-07-18 12:06:48 --> Session: Class initialized using 'CodeIgniter\Session\Handlers\FileHandler' driver.
INFO - 2023-07-18 12:06:51 --> Session: Class initialized using 'CodeIgniter\Session\Handlers\FileHandler' driver.
INFO - 2023-07-18 12:06:53 --> Session: Class initialized using 'CodeIgniter\Session\Handlers\FileHandler' driver.
INFO - 2023-07-18 12:07:08 --> Session: Class initialized using 'CodeIgniter\Session\Handlers\FileHandler' driver.
INFO - 2023-07-18 12:07:12 --> Session: Class initialized using 'CodeIgniter\Session\Handlers\FileHandler' driver.
INFO - 2023-07-18 12:07:13 --> Session: Class initialized using 'CodeIgniter\Session\Handlers\FileHandler' driver.
INFO - 2023-07-18 12:07:17 --> Session: Class initialized using 'CodeIgniter\Session\Handlers\FileHandler' driver.
INFO - 2023-07-18 12:07:18 --> Session: Class initialized using 'CodeIgniter\Session\Handlers\FileHandler' driver.
INFO - 2023-07-18 12:07:22 --> Session: Class initialized using 'CodeIgniter\Session\Handlers\FileHandler' driver.
INFO - 2023-07-18 12:07:23 --> Session: Class initialized using 'CodeIgniter\Session\Handlers\FileHandler' driver.
INFO - 2023-07-18 12:07:26 --> Session: Class initialized using 'CodeIgniter\Session\Handlers\FileHandler' driver.
INFO - 2023-07-18 12:12:52 --> Session: Class initialized using 'CodeIgniter\Session\Handlers\FileHandler' driver.
INFO - 2023-07-18 12:13:10 --> Session: Class initialized using 'CodeIgniter\Session\Handlers\FileHandler' driver.
INFO - 2023-07-18 12:13:20 --> Session: Class initialized using 'CodeIgniter\Session\Handlers\FileHandler' driver.
INFO - 2023-07-18 12:13:23 --> Session: Class initialized using 'CodeIgniter\Session\Handlers\FileHandler' driver.
INFO - 2023-07-18 12:15:13 --> Session: Class initialized using 'CodeIgniter\Session\Handlers\FileHandler' driver.
INFO - 2023-07-18 12:15:29 --> Session: Class initialized using 'CodeIgniter\Session\Handlers\FileHandler' driver.
INFO - 2023-07-18 12:17:04 --> Session: Class initialized using 'CodeIgniter\Session\Handlers\FileHandler' driver.
INFO - 2023-07-18 12:20:24 --> Session: Class initialized using 'CodeIgniter\Session\Handlers\FileHandler' driver.
INFO - 2023-07-18 12:22:26 --> Session: Class initialized using 'CodeIgniter\Session\Handlers\FileHandler' driver.
INFO - 2023-07-18 12:22:35 --> Session: Class initialized using 'CodeIgniter\Session\Handlers\FileHandler' driver.
INFO - 2023-07-18 12:24:39 --> Session: Class initialized using 'CodeIgniter\Session\Handlers\FileHandler' driver.
INFO - 2023-07-18 12:24:42 --> Session: Class initialized using 'CodeIgniter\Session\Handlers\FileHandler' driver.
INFO - 2023-07-18 12:25:25 --> Session: Class initialized using 'CodeIgniter\Session\Handlers\FileHandler' driver.
INFO - 2023-07-18 12:25:27 --> Session: Class initialized using 'CodeIgniter\Session\Handlers\FileHandler' driver.
INFO - 2023-07-18 12:25:31 --> Session: Class initialized using 'CodeIgniter\Session\Handlers\FileHandler' driver.
INFO - 2023-07-18 12:25:34 --> Session: Class initialized using 'CodeIgniter\Session\Handlers\FileHandler' driver.
INFO - 2023-07-18 12:27:17 --> Session: Class initialized using 'CodeIgniter\Session\Handlers\FileHandler' driver.
INFO - 2023-07-18 12:30:40 --> Session: Class initialized using 'CodeIgniter\Session\Handlers\FileHandler' driver.
INFO - 2023-07-18 12:30:41 --> Session: Class initialized using 'CodeIgniter\Session\Handlers\FileHandler' driver.
INFO - 2023-07-18 12:31:33 --> Session: Class initialized using 'CodeIgniter\Session\Handlers\FileHandler' driver.
INFO - 2023-07-18 12:31:34 --> Session: Class initialized using 'CodeIgniter\Session\Handlers\FileHandler' driver.
INFO - 2023-07-18 12:31:55 --> Session: Class initialized using 'CodeIgniter\Session\Handlers\FileHandler' driver.
INFO - 2023-07-18 12:31:59 --> Session: Class initialized using 'CodeIgniter\Session\Handlers\FileHandler' driver.
INFO - 2023-07-18 12:32:04 --> Session: Class initialized using 'CodeIgniter\Session\Handlers\FileHandler' driver.
INFO - 2023-07-18 12:32:09 --> Session: Class initialized using 'CodeIgniter\Session\Handlers\FileHandler' driver.
INFO - 2023-07-18 12:35:08 --> Session: Class initialized using 'CodeIgniter\Session\Handlers\FileHandler' driver.
INFO - 2023-07-18 12:35:11 --> Session: Class initialized using 'CodeIgniter\Session\Handlers\FileHandler' driver.
INFO - 2023-07-18 12:35:30 --> Session: Class initialized using 'CodeIgniter\Session\Handlers\FileHandler' driver.
INFO - 2023-07-18 12:35:34 --> Session: Class initialized using 'CodeIgniter\Session\Handlers\FileHandler' driver.
INFO - 2023-07-18 12:35:52 --> Session: Class initialized using 'CodeIgniter\Session\Handlers\FileHandler' driver.
INFO - 2023-07-18 12:35:53 --> Session: Class initialized using 'CodeIgniter\Session\Handlers\FileHandler' driver.
INFO - 2023-07-18 12:35:56 --> Session: Class initialized using 'CodeIgniter\Session\Handlers\FileHandler' driver.
INFO - 2023-07-18 12:36:02 --> Session: Class initialized using 'CodeIgniter\Session\Handlers\FileHandler' driver.
INFO - 2023-07-18 12:36:08 --> Session: Class initialized using 'CodeIgniter\Session\Handlers\FileHandler' driver.
INFO - 2023-07-18 12:36:19 --> Session: Class initialized using 'CodeIgniter\Session\Handlers\FileHandler' driver.
INFO - 2023-07-18 12:36:22 --> Session: Class initialized using 'CodeIgniter\Session\Handlers\FileHandler' driver.
INFO - 2023-07-18 12:36:28 --> Session: Class initialized using 'CodeIgniter\Session\Handlers\FileHandler' driver.
INFO - 2023-07-18 12:36:37 --> Session: Class initialized using 'CodeIgniter\Session\Handlers\FileHandler' driver.
INFO - 2023-07-18 12:36:40 --> Session: Class initialized using 'CodeIgniter\Session\Handlers\FileHandler' driver.
INFO - 2023-07-18 12:36:47 --> Session: Class initialized using 'CodeIgniter\Session\Handlers\FileHandler' driver.
INFO - 2023-07-18 12:36:50 --> Session: Class initialized using 'CodeIgniter\Session\Handlers\FileHandler' driver.
INFO - 2023-07-18 12:36:57 --> Session: Class initialized using 'CodeIgniter\Session\Handlers\FileHandler' driver.
INFO - 2023-07-18 12:36:58 --> Session: Class initialized using 'CodeIgniter\Session\Handlers\FileHandler' driver.
INFO - 2023-07-18 12:37:02 --> Session: Class initialized using 'CodeIgniter\Session\Handlers\FileHandler' driver.
INFO - 2023-07-18 12:37:09 --> Session: Class initialized using 'CodeIgniter\Session\Handlers\FileHandler' driver.
INFO - 2023-07-18 12:37:10 --> Session: Class initialized using 'CodeIgniter\Session\Handlers\FileHandler' driver.
INFO - 2023-07-18 12:37:17 --> Session: Class initialized using 'CodeIgniter\Session\Handlers\FileHandler' driver.
INFO - 2023-07-18 12:37:24 --> Session: Class initialized using 'CodeIgniter\Session\Handlers\FileHandler' driver.
INFO - 2023-07-18 12:37:25 --> Session: Class initialized using 'CodeIgniter\Session\Handlers\FileHandler' driver.
INFO - 2023-07-18 12:37:30 --> Session: Class initialized using 'CodeIgniter\Session\Handlers\FileHandler' driver.
INFO - 2023-07-18 12:37:37 --> Session: Class initialized using 'CodeIgniter\Session\Handlers\FileHandler' driver.
INFO - 2023-07-18 12:37:38 --> Session: Class initialized using 'CodeIgniter\Session\Handlers\FileHandler' driver.
INFO - 2023-07-18 12:40:20 --> Session: Class initialized using 'CodeIgniter\Session\Handlers\FileHandler' driver.
INFO - 2023-07-18 12:40:27 --> Session: Class initialized using 'CodeIgniter\Session\Handlers\FileHandler' driver.
INFO - 2023-07-18 12:40:39 --> Session: Class initialized using 'CodeIgniter\Session\Handlers\FileHandler' driver.
INFO - 2023-07-18 12:40:43 --> Session: Class initialized using 'CodeIgniter\Session\Handlers\FileHandler' driver.
INFO - 2023-07-18 12:40:46 --> Session: Class initialized using 'CodeIgniter\Session\Handlers\FileHandler' driver.
INFO - 2023-07-18 12:42:29 --> Session: Class initialized using 'CodeIgniter\Session\Handlers\FileHandler' driver.
INFO - 2023-07-18 12:42:33 --> Session: Class initialized using 'CodeIgniter\Session\Handlers\FileHandler' driver.
INFO - 2023-07-18 12:42:36 --> Session: Class initialized using 'CodeIgniter\Session\Handlers\FileHandler' driver.
INFO - 2023-07-18 12:42:46 --> Session: Class initialized using 'CodeIgniter\Session\Handlers\FileHandler' driver.
INFO - 2023-07-18 12:42:47 --> Session: Class initialized using 'CodeIgniter\Session\Handlers\FileHandler' driver.
INFO - 2023-07-18 12:43:10 --> Session: Class initialized using 'CodeIgniter\Session\Handlers\FileHandler' driver.
INFO - 2023-07-18 12:43:11 --> Session: Class initialized using 'CodeIgniter\Session\Handlers\FileHandler' driver.
INFO - 2023-07-18 12:43:15 --> Session: Class initialized using 'CodeIgniter\Session\Handlers\FileHandler' driver.
INFO - 2023-07-18 12:43:16 --> Session: Class initialized using 'CodeIgniter\Session\Handlers\FileHandler' driver.
INFO - 2023-07-18 12:43:19 --> Session: Class initialized using 'CodeIgniter\Session\Handlers\FileHandler' driver.
INFO - 2023-07-18 12:44:23 --> Session: Class initialized using 'CodeIgniter\Session\Handlers\FileHandler' driver.
INFO - 2023-07-18 12:44:39 --> Session: Class initialized using 'CodeIgniter\Session\Handlers\FileHandler' driver.
INFO - 2023-07-18 12:44:40 --> Session: Class initialized using 'CodeIgniter\Session\Handlers\FileHandler' driver.
INFO - 2023-07-18 12:44:45 --> Session: Class initialized using 'CodeIgniter\Session\Handlers\FileHandler' driver.
INFO - 2023-07-18 12:44:46 --> Session: Class initialized using 'CodeIgniter\Session\Handlers\FileHandler' driver.
INFO - 2023-07-18 12:44:57 --> Session: Class initialized using 'CodeIgniter\Session\Handlers\FileHandler' driver.
INFO - 2023-07-18 12:44:58 --> Session: Class initialized using 'CodeIgniter\Session\Handlers\FileHandler' driver.
INFO - 2023-07-18 12:46:57 --> Session: Class initialized using 'CodeIgniter\Session\Handlers\FileHandler' driver.
INFO - 2023-07-18 12:47:14 --> Session: Class initialized using 'CodeIgniter\Session\Handlers\FileHandler' driver.
INFO - 2023-07-18 12:47:15 --> Session: Class initialized using 'CodeIgniter\Session\Handlers\FileHandler' driver.
INFO - 2023-07-18 12:47:23 --> Session: Class initialized using 'CodeIgniter\Session\Handlers\FileHandler' driver.
INFO - 2023-07-18 12:47:57 --> Session: Class initialized using 'CodeIgniter\Session\Handlers\FileHandler' driver.
WARNING - 2023-07-18 12:47:59 --> [DEPRECATED] Optional parameter $handlers declared before required parameter $method is implicitly treated as a required parameter in APPPATH\ThirdParty\paypal\vendor\paypal\rest-api-sdk-php\lib\PayPal\Transport\PayPalRestCall.php on line 53.
 1 VENDORPATH\composer\ClassLoader.php(582): include('D:\\xampp\\htdocs\\pibg_fyp\\system\\Debug\\Exceptions.php')
 2 VENDORPATH\composer\ClassLoader.php(433): Composer\Autoload\{closure}('D:\\xampp\\htdocs\\pibg_fyp\\app\\ThirdParty\\paypal\\vendor\\composer/../paypal/rest-api-sdk-php/lib\\PayPal\\Transport\\PayPalRestCall.php')
 3 APPPATH\ThirdParty\paypal\vendor\paypal\rest-api-sdk-php\lib\PayPal\Common\PayPalResourceModel.php(101): Composer\Autoload\ClassLoader->loadClass('PayPal\\Transport\\PayPalRestCall')
 4 APPPATH\ThirdParty\paypal\vendor\paypal\rest-api-sdk-php\lib\PayPal\Api\Payment.php(571): PayPal\Common\PayPalResourceModel::executeCall('/v1/payments/payment', 'POST', '{"intent":"sale","payer":{"payment_method":"paypal"},"redirect_urls":{"return_url":"http://localhost/donation/success?amount=200","cancel_url":"http://localhost/donation/cancel"},"transactions":[{"amount":{"currency":"MYR","total":"200"},"description":"Payment description","invoice_number":"64b689fea7851"}]}', null, Object(PayPal\Rest\ApiContext), null)
 5 APPPATH\Controllers\CrowdfundingController.php(91): PayPal\Api\Payment->create(Object(PayPal\Rest\ApiContext))
 6 SYSTEMPATH\CodeIgniter.php(934): App\Controllers\CrowdfundingController->donate()
 7 SYSTEMPATH\CodeIgniter.php(499): CodeIgniter\CodeIgniter->runController(Object(App\Controllers\CrowdfundingController))
 8 SYSTEMPATH\CodeIgniter.php(368): CodeIgniter\CodeIgniter->handleRequest(null, Object(Config\Cache), false)
 9 FCPATH\index.php(67): CodeIgniter\CodeIgniter->run()
WARNING - 2023-07-18 12:48:00 --> [DEPRECATED] Optional parameter $configs declared before required parameter $prefix is implicitly treated as a required parameter in APPPATH\ThirdParty\paypal\vendor\paypal\rest-api-sdk-php\lib\PayPal\Core\PayPalHttpConfig.php on line 286.
 1 VENDORPATH\composer\ClassLoader.php(582): include('D:\\xampp\\htdocs\\pibg_fyp\\system\\Debug\\Exceptions.php')
 2 VENDORPATH\composer\ClassLoader.php(433): Composer\Autoload\{closure}('D:\\xampp\\htdocs\\pibg_fyp\\app\\ThirdParty\\paypal\\vendor\\composer/../paypal/rest-api-sdk-php/lib\\PayPal\\Core\\PayPalHttpConfig.php')
 3 APPPATH\ThirdParty\paypal\vendor\paypal\rest-api-sdk-php\lib\PayPal\Transport\PayPalRestCall.php(56): Composer\Autoload\ClassLoader->loadClass('PayPal\\Core\\PayPalHttpConfig')
 4 APPPATH\ThirdParty\paypal\vendor\paypal\rest-api-sdk-php\lib\PayPal\Common\PayPalResourceModel.php(104): PayPal\Transport\PayPalRestCall->execute([...], '/v1/payments/payment', 'POST', '{"intent":"sale","payer":{"payment_method":"paypal"},"redirect_urls":{"return_url":"http://localhost/donation/success?amount=200","cancel_url":"http://localhost/donation/cancel"},"transactions":[{"amount":{"currency":"MYR","total":"200"},"description":"Payment description","invoice_number":"64b689fea7851"}]}', null)
 5 APPPATH\ThirdParty\paypal\vendor\paypal\rest-api-sdk-php\lib\PayPal\Api\Payment.php(571): PayPal\Common\PayPalResourceModel::executeCall('/v1/payments/payment', 'POST', '{"intent":"sale","payer":{"payment_method":"paypal"},"redirect_urls":{"return_url":"http://localhost/donation/success?amount=200","cancel_url":"http://localhost/donation/cancel"},"transactions":[{"amount":{"currency":"MYR","total":"200"},"description":"Payment description","invoice_number":"64b689fea7851"}]}', null, Object(PayPal\Rest\ApiContext), Object(PayPal\Transport\PayPalRestCall))
 6 APPPATH\Controllers\CrowdfundingController.php(91): PayPal\Api\Payment->create(Object(PayPal\Rest\ApiContext))
 7 SYSTEMPATH\CodeIgniter.php(934): App\Controllers\CrowdfundingController->donate()
 8 SYSTEMPATH\CodeIgniter.php(499): CodeIgniter\CodeIgniter->runController(Object(App\Controllers\CrowdfundingController))
 9 SYSTEMPATH\CodeIgniter.php(368): CodeIgniter\CodeIgniter->handleRequest(null, Object(Config\Cache), false)
10 FCPATH\index.php(67): CodeIgniter\CodeIgniter->run()
WARNING - 2023-07-18 12:48:00 --> [DEPRECATED] Optional parameter $config declared before required parameter $tokenExpiresIn is implicitly treated as a required parameter in APPPATH\ThirdParty\paypal\vendor\paypal\rest-api-sdk-php\lib\PayPal\Cache\AuthorizationCache.php on line 56.
 1 VENDORPATH\composer\ClassLoader.php(582): include('D:\\xampp\\htdocs\\pibg_fyp\\system\\Debug\\Exceptions.php')
 2 VENDORPATH\composer\ClassLoader.php(433): Composer\Autoload\{closure}('D:\\xampp\\htdocs\\pibg_fyp\\app\\ThirdParty\\paypal\\vendor\\composer/../paypal/rest-api-sdk-php/lib\\PayPal\\Cache\\AuthorizationCache.php')
 3 APPPATH\ThirdParty\paypal\vendor\paypal\rest-api-sdk-php\lib\PayPal\Auth\OAuthTokenCredential.php(131): Composer\Autoload\ClassLoader->loadClass('PayPal\\Cache\\AuthorizationCache')
 4 APPPATH\ThirdParty\paypal\vendor\paypal\rest-api-sdk-php\lib\PayPal\Handler\RestHandler.php(82): PayPal\Auth\OAuthTokenCredential->getAccessToken([])
 5 APPPATH\ThirdParty\paypal\vendor\paypal\rest-api-sdk-php\lib\PayPal\Transport\PayPalRestCall.php(75): PayPal\Handler\RestHandler->handle(Object(PayPal\Core\PayPalHttpConfig), '{"intent":"sale","payer":{"payment_method":"paypal"},"redirect_urls":{"return_url":"http://localhost/donation/success?amount=200","cancel_url":"http://localhost/donation/cancel"},"transactions":[{"amount":{"currency":"MYR","total":"200"},"description":"Payment description","invoice_number":"64b689fea7851"}]}', [...])
 6 APPPATH\ThirdParty\paypal\vendor\paypal\rest-api-sdk-php\lib\PayPal\Common\PayPalResourceModel.php(104): PayPal\Transport\PayPalRestCall->execute([...], '/v1/payments/payment', 'POST', '{"intent":"sale","payer":{"payment_method":"paypal"},"redirect_urls":{"return_url":"http://localhost/donation/success?amount=200","cancel_url":"http://localhost/donation/cancel"},"transactions":[{"amount":{"currency":"MYR","total":"200"},"description":"Payment description","invoice_number":"64b689fea7851"}]}', [])
 7 APPPATH\ThirdParty\paypal\vendor\paypal\rest-api-sdk-php\lib\PayPal\Api\Payment.php(571): PayPal\Common\PayPalResourceModel::executeCall('/v1/payments/payment', 'POST', '{"intent":"sale","payer":{"payment_method":"paypal"},"redirect_urls":{"return_url":"http://localhost/donation/success?amount=200","cancel_url":"http://localhost/donation/cancel"},"transactions":[{"amount":{"currency":"MYR","total":"200"},"description":"Payment description","invoice_number":"64b689fea7851"}]}', null, Object(PayPal\Rest\ApiContext), Object(PayPal\Transport\PayPalRestCall))
 8 APPPATH\Controllers\CrowdfundingController.php(91): PayPal\Api\Payment->create(Object(PayPal\Rest\ApiContext))
 9 SYSTEMPATH\CodeIgniter.php(934): App\Controllers\CrowdfundingController->donate()
10 SYSTEMPATH\CodeIgniter.php(499): CodeIgniter\CodeIgniter->runController(Object(App\Controllers\CrowdfundingController))
11 SYSTEMPATH\CodeIgniter.php(368): CodeIgniter\CodeIgniter->handleRequest(null, Object(Config\Cache), false)
12 FCPATH\index.php(67): CodeIgniter\CodeIgniter->run()
WARNING - 2023-07-18 12:49:28 --> [DEPRECATED] Optional parameter $handlers declared before required parameter $method is implicitly treated as a required parameter in APPPATH\ThirdParty\paypal\vendor\paypal\rest-api-sdk-php\lib\PayPal\Transport\PayPalRestCall.php on line 53.
 1 VENDORPATH\composer\ClassLoader.php(582): include('D:\\xampp\\htdocs\\pibg_fyp\\system\\Debug\\Exceptions.php')
 2 VENDORPATH\composer\ClassLoader.php(433): Composer\Autoload\{closure}('D:\\xampp\\htdocs\\pibg_fyp\\app\\ThirdParty\\paypal\\vendor\\composer/../paypal/rest-api-sdk-php/lib\\PayPal\\Transport\\PayPalRestCall.php')
 3 APPPATH\ThirdParty\paypal\vendor\paypal\rest-api-sdk-php\lib\PayPal\Common\PayPalResourceModel.php(101): Composer\Autoload\ClassLoader->loadClass('PayPal\\Transport\\PayPalRestCall')
 4 APPPATH\ThirdParty\paypal\vendor\paypal\rest-api-sdk-php\lib\PayPal\Api\Payment.php(595): PayPal\Common\PayPalResourceModel::executeCall('/v1/payments/payment/PAYID-MS3IUBA454322638J387591R', 'GET', '', null, Object(PayPal\Rest\ApiContext), null)
 5 APPPATH\Controllers\CrowdfundingController.php(109): PayPal\Api\Payment::get('PAYID-MS3IUBA454322638J387591R', Object(PayPal\Rest\ApiContext))
 6 SYSTEMPATH\CodeIgniter.php(934): App\Controllers\CrowdfundingController->donationSuccess()
 7 SYSTEMPATH\CodeIgniter.php(499): CodeIgniter\CodeIgniter->runController(Object(App\Controllers\CrowdfundingController))
 8 SYSTEMPATH\CodeIgniter.php(368): CodeIgniter\CodeIgniter->handleRequest(null, Object(Config\Cache), false)
 9 FCPATH\index.php(67): CodeIgniter\CodeIgniter->run()
WARNING - 2023-07-18 12:49:28 --> [DEPRECATED] Optional parameter $configs declared before required parameter $prefix is implicitly treated as a required parameter in APPPATH\ThirdParty\paypal\vendor\paypal\rest-api-sdk-php\lib\PayPal\Core\PayPalHttpConfig.php on line 286.
 1 VENDORPATH\composer\ClassLoader.php(582): include('D:\\xampp\\htdocs\\pibg_fyp\\system\\Debug\\Exceptions.php')
 2 VENDORPATH\composer\ClassLoader.php(433): Composer\Autoload\{closure}('D:\\xampp\\htdocs\\pibg_fyp\\app\\ThirdParty\\paypal\\vendor\\composer/../paypal/rest-api-sdk-php/lib\\PayPal\\Core\\PayPalHttpConfig.php')
 3 APPPATH\ThirdParty\paypal\vendor\paypal\rest-api-sdk-php\lib\PayPal\Transport\PayPalRestCall.php(56): Composer\Autoload\ClassLoader->loadClass('PayPal\\Core\\PayPalHttpConfig')
 4 APPPATH\ThirdParty\paypal\vendor\paypal\rest-api-sdk-php\lib\PayPal\Common\PayPalResourceModel.php(104): PayPal\Transport\PayPalRestCall->execute([...], '/v1/payments/payment/PAYID-MS3IUBA454322638J387591R', 'GET', '', null)
 5 APPPATH\ThirdParty\paypal\vendor\paypal\rest-api-sdk-php\lib\PayPal\Api\Payment.php(595): PayPal\Common\PayPalResourceModel::executeCall('/v1/payments/payment/PAYID-MS3IUBA454322638J387591R', 'GET', '', null, Object(PayPal\Rest\ApiContext), Object(PayPal\Transport\PayPalRestCall))
 6 APPPATH\Controllers\CrowdfundingController.php(109): PayPal\Api\Payment::get('PAYID-MS3IUBA454322638J387591R', Object(PayPal\Rest\ApiContext))
 7 SYSTEMPATH\CodeIgniter.php(934): App\Controllers\CrowdfundingController->donationSuccess()
 8 SYSTEMPATH\CodeIgniter.php(499): CodeIgniter\CodeIgniter->runController(Object(App\Controllers\CrowdfundingController))
 9 SYSTEMPATH\CodeIgniter.php(368): CodeIgniter\CodeIgniter->handleRequest(null, Object(Config\Cache), false)
10 FCPATH\index.php(67): CodeIgniter\CodeIgniter->run()
WARNING - 2023-07-18 12:49:28 --> [DEPRECATED] Optional parameter $config declared before required parameter $tokenExpiresIn is implicitly treated as a required parameter in APPPATH\ThirdParty\paypal\vendor\paypal\rest-api-sdk-php\lib\PayPal\Cache\AuthorizationCache.php on line 56.
 1 VENDORPATH\composer\ClassLoader.php(582): include('D:\\xampp\\htdocs\\pibg_fyp\\system\\Debug\\Exceptions.php')
 2 VENDORPATH\composer\ClassLoader.php(433): Composer\Autoload\{closure}('D:\\xampp\\htdocs\\pibg_fyp\\app\\ThirdParty\\paypal\\vendor\\composer/../paypal/rest-api-sdk-php/lib\\PayPal\\Cache\\AuthorizationCache.php')
 3 APPPATH\ThirdParty\paypal\vendor\paypal\rest-api-sdk-php\lib\PayPal\Auth\OAuthTokenCredential.php(131): Composer\Autoload\ClassLoader->loadClass('PayPal\\Cache\\AuthorizationCache')
 4 APPPATH\ThirdParty\paypal\vendor\paypal\rest-api-sdk-php\lib\PayPal\Handler\RestHandler.php(82): PayPal\Auth\OAuthTokenCredential->getAccessToken([])
 5 APPPATH\ThirdParty\paypal\vendor\paypal\rest-api-sdk-php\lib\PayPal\Transport\PayPalRestCall.php(75): PayPal\Handler\RestHandler->handle(Object(PayPal\Core\PayPalHttpConfig), '', [...])
 6 APPPATH\ThirdParty\paypal\vendor\paypal\rest-api-sdk-php\lib\PayPal\Common\PayPalResourceModel.php(104): PayPal\Transport\PayPalRestCall->execute([...], '/v1/payments/payment/PAYID-MS3IUBA454322638J387591R', 'GET', '', [])
 7 APPPATH\ThirdParty\paypal\vendor\paypal\rest-api-sdk-php\lib\PayPal\Api\Payment.php(595): PayPal\Common\PayPalResourceModel::executeCall('/v1/payments/payment/PAYID-MS3IUBA454322638J387591R', 'GET', '', null, Object(PayPal\Rest\ApiContext), Object(PayPal\Transport\PayPalRestCall))
 8 APPPATH\Controllers\CrowdfundingController.php(109): PayPal\Api\Payment::get('PAYID-MS3IUBA454322638J387591R', Object(PayPal\Rest\ApiContext))
 9 SYSTEMPATH\CodeIgniter.php(934): App\Controllers\CrowdfundingController->donationSuccess()
10 SYSTEMPATH\CodeIgniter.php(499): CodeIgniter\CodeIgniter->runController(Object(App\Controllers\CrowdfundingController))
11 SYSTEMPATH\CodeIgniter.php(368): CodeIgniter\CodeIgniter->handleRequest(null, Object(Config\Cache), false)
12 FCPATH\index.php(67): CodeIgniter\CodeIgniter->run()
INFO - 2023-07-18 12:49:35 --> Session: Class initialized using 'CodeIgniter\Session\Handlers\FileHandler' driver.
INFO - 2023-07-18 12:49:36 --> Session: Class initialized using 'CodeIgniter\Session\Handlers\FileHandler' driver.
INFO - 2023-07-18 12:49:52 --> Session: Class initialized using 'CodeIgniter\Session\Handlers\FileHandler' driver.
INFO - 2023-07-18 12:49:56 --> Session: Class initialized using 'CodeIgniter\Session\Handlers\FileHandler' driver.
INFO - 2023-07-18 12:50:03 --> Session: Class initialized using 'CodeIgniter\Session\Handlers\FileHandler' driver.
INFO - 2023-07-18 12:53:04 --> Session: Class initialized using 'CodeIgniter\Session\Handlers\FileHandler' driver.
INFO - 2023-07-18 12:53:08 --> Session: Class initialized using 'CodeIgniter\Session\Handlers\FileHandler' driver.
INFO - 2023-07-18 12:53:16 --> Session: Class initialized using 'CodeIgniter\Session\Handlers\FileHandler' driver.
INFO - 2023-07-18 12:53:18 --> Session: Class initialized using 'CodeIgniter\Session\Handlers\FileHandler' driver.
INFO - 2023-07-18 12:53:22 --> Session: Class initialized using 'CodeIgniter\Session\Handlers\FileHandler' driver.
INFO - 2023-07-18 13:04:33 --> Session: Class initialized using 'CodeIgniter\Session\Handlers\FileHandler' driver.
INFO - 2023-07-18 13:04:44 --> Session: Class initialized using 'CodeIgniter\Session\Handlers\FileHandler' driver.
INFO - 2023-07-18 13:08:30 --> Session: Class initialized using 'CodeIgniter\Session\Handlers\FileHandler' driver.
INFO - 2023-07-18 13:08:47 --> Session: Class initialized using 'CodeIgniter\Session\Handlers\FileHandler' driver.
INFO - 2023-07-18 13:08:47 --> Session: Class initialized using 'CodeIgniter\Session\Handlers\FileHandler' driver.
INFO - 2023-07-18 13:08:54 --> Session: Class initialized using 'CodeIgniter\Session\Handlers\FileHandler' driver.
INFO - 2023-07-18 13:08:57 --> Session: Class initialized using 'CodeIgniter\Session\Handlers\FileHandler' driver.
